-201222 1441
-201303 1281
-201303 1281
-201593 1263
-201593 1263
-201751 1376
-201751 1376
-202027 1365
-202027 1365
-202179 1143
-202179 1143
-202171 886
-202171 886
-202191 637
-202191 637
-202100 424
-202100 424
-201931 207
-201931 207
-201857 14
-201857 14
-201756 -138
-201756 -138
-201731 -350
-201731 -350
-201691 -511
-201691 -511
-201680 -790
-201680 -790
-201790 -1016
-201790 -1016
-201732 -1183
-201732 -1183
-201752 -1449
-201752 -1449
-201927 -1559
-201927 -1559
-202005 -1796
-221612 -14567
-221401 -14391
-212795 -13945
-213030 -13997
-222563 -13181
-222798 -13190
-213338 -12165
-213487 -12216
-218226 -6689
-218046 -6899
-218782 -2815
-218715 -3031
-197245 -1882
-196966 -2144
-221401 -14391
-221337 -14329
-213030 -13997
-213163 -14110
-222798 -13190
-223059 -12995
-213487 -12216
-213681 -12403
-218046 -6899
-217772 -6909
-196966 -2144
-196831 -2248
-221337 -14329
-221116 -14066
-223059 -12995
-223318 -12858
-213681 -12403
-213830 -12590
-217772 -6909
-217632 -6970
-196831 -2248
-196886 -2503
-221116 -14066
-221021 -13860
-223318 -12858
-223299 -12587
-213830 -12590
-213995 -12589
-217632 -6970
-217599 -7017
-196886 -2503
-196867 -2643
-221021 -13860
-221082 -13762
-213995 -12589
-214178 -12588
-223299 -12587
-223449 -12357
-217599 -7017
-217571 -7017
-196867 -2643
-196730 -2841
-221082 -13762
-221167 -13550
-214178 -12588
-214358 -12740
-223449 -12357
-223513 -12206
-217571 -7017
-217286 -7035
-196730 -2841
-196615 -3120
-221167 -13550
-221323 -13264
-214358 -12740
-214578 -12678
-223513 -12206
-223475 -11952
-196615 -3120
-196556 -3226
-214578 -12678
-214840 -12492
-223475 -11952
-223515 -11800
-223515 -11800
-223669 -11843
-196556 -3226
-196510 -3394
-214840 -12492
-214974 -12456
-223669 -11843
-223898 -12069
-196510 -3394
-196480 -3600
-214974 -12456
-215188 -12468
-223898 -12069
-224171 -12151
-212021 -38
-211838 -238
-224171 -12151
-224199 -12246
-211838 -238
-211643 -247
-224199 -12246
-224250 -12437
-211643 -247
-211470 -192
-224250 -12437
-224458 -12382
-211470 -192
-211360 -290
-224458 -12382
-224654 -12386
-211360 -290
-211328 -535
-224654 -12386
-224782 -12339
-211328 -535
-211193 -633
-224782 -12339
-224832 -12105
-211193 -633
-211027 -865
-224832 -12105
-224831 -11966
-213242 -11675
-213024 -11790
-211027 -865
-210822 -977
-224831 -11966
-224879 -11746
-213024 -11790
-212937 -11826
-210822 -977
-210683 -1031
-212937 -11826
-212684 -11761
-224879 -11746
-224916 -11654
-210683 -1031
-210455 -1006
-212684 -11761
-212513 -11693
-224916 -11654
-225077 -11390
-210455 -1006
-210452 -1155
-212513 -11693
-212246 -11843
-225077 -11390
-225297 -11183
-210452 -1155
-210646 -1356
-212246 -11843
-212107 -12023
-210646 -1356
-210677 -1559
-212107 -12023
-212021 -12141
-210677 -1559
-210405 -1581
-212021 -12141
-211844 -12254
-210405 -1581
-210271 -1668
-215270 -11051
-215038 -11020
-218518 -8132
-218525 -8277
-222846 -4992
-222871 -4854
-212150 -741
-212184 -908
-215038 -11020
-214919 -11018
-218525 -8277
-218501 -8445
-222871 -4854
-223002 -4696
-212184 -908
-212068 -1122
-214919 -11018
-214654 -11108
-218501 -8445
-218702 -8720
-223002 -4696
-223031 -4597
-212068 -1122
-212192 -1277
-214654 -11108
-214441 -11205
-218702 -8720
-218813 -8858
-223031 -4597
-223155 -4379
-212192 -1277
-212215 -1426
-214441 -11205
-214362 -11236
-218813 -8858
-218857 -9000
-223155 -4379
-223261 -4109
-212215 -1426
-212104 -1612
-214362 -11236
-214125 -11262
-218857 -9000
-218865 -9088
-217286 -7035
-217055 -6989
-223261 -4109
-223400 -3975
-212104 -1612
-211851 -1733
-214125 -11262
-213975 -11325
-218865 -9088
-218888 -9140
-217055 -6989
-216960 -7150
-223400 -3975
-223650 -3733
-211851 -1733
-211806 -1970
-213975 -11325
-213806 -11386
-218888 -9140
-218721 -10157
-216960 -7150
-216735 -7213
-223650 -3733
-223780 -3665
-211806 -1970
-211683 -2189
-213806 -11386
-213690 -11350
-216735 -7213
-216551 -7318
-223780 -3665
-224017 -3503
-211683 -2189
-211540 -2365
-216551 -7318
-216299 -7474
-213765 -4131
-213498 -4161
-224017 -3503
-224178 -3426
-211540 -2365
-211496 -2539
-216299 -7474
-216147 -7552
-213498 -4161
-213251 -4290
-224178 -3426
-224337 -3321
-211496 -2539
-211476 -2753
-216147 -7552
-216000 -7632
-213251 -4290
-213143 -4458
-224337 -3321
-224530 -3092
-211476 -2753
-211379 -2995
-213143 -4458
-212870 -4625
-224530 -3092
-224792 -2886
-211379 -2995
-211219 -3231
-196480 -3600
-196483 -3823
-212870 -4625
-212651 -4732
-211219 -3231
-210969 -3425
-224792 -2886
-225011 -2711
-196483 -3823
-196438 -3964
-212651 -4732
-212462 -4752
-210969 -3425
-210746 -3600
-225011 -2711
-224950 -2452
-196438 -3964
-196524 -4248
-212462 -4752
-212297 -4973
-210746 -3600
-210671 -3819
-224950 -2452
-224772 -2488
-213091 950
-212022 950
-196524 -4248
-196517 -4490
-212297 -4973
-212103 -5208
-210671 -3819
-210652 -4078
-224772 -2488
-224612 -2589
-212022 950
-212022 4421
-196517 -4490
-196652 -4611
-213395 -8927
-213446 -8761
-212103 -5208
-211884 -5342
-210652 -4078
-210365 -4267
-224612 -2589
-224472 -2436
-196652 -4611
-196689 -4807
-213446 -8761
-213682 -8531
-211884 -5342
-211745 -5402
-210365 -4267
-210112 -4418
-224472 -2436
-224241 -2266
-196689 -4807
-196735 -5056
-213682 -8531
-213880 -8521
-211745 -5402
-211461 -5425
-210112 -4418
-210098 -4593
-224241 -2266
-224324 -2012
-196735 -5056
-196689 -5340
-213880 -8521
-214020 -8363
-211461 -5425
-211348 -5605
-210098 -4593
-210029 -4744
-224324 -2012
-224311 -1850
-196689 -5340
-196615 -5546
-214020 -8363
-214221 -8235
-211348 -5605
-211142 -5604
-210029 -4744
-209863 -4910
-224311 -1850
-224222 -1718
-196615 -5546
-196537 -5776
-224479 -14723
-224225 -14673
-214221 -8235
-214379 -8007
-211142 -5604
-210949 -5866
-209863 -4910
-209862 -5088
-224222 -1718
-223964 -1469
-196537 -5776
-196462 -5929
-224225 -14673
-224003 -14761
-214379 -8007
-214561 -7828
-210949 -5866
-210847 -6071
-209862 -5088
-209786 -5320
-223964 -1469
-223932 -1325
-196462 -5929
-196381 -6056
-224003 -14761
-223739 -14735
-211844 -12254
-211662 -12197
-209786 -5320
-209615 -5603
-210271 -1668
-210029 -1737
-223932 -1325
-223964 -1138
-223739 -14735
-223625 -14734
-211662 -12197
-211711 -12430
-209615 -5603
-209366 -5753
-210029 -1737
-209972 -1927
-223964 -1138
-224056 -909
-223625 -14734
-223349 -14694
-211711 -12430
-211840 -12409
-209366 -5753
-209158 -5850
-209972 -1927
-209998 -2070
-224056 -909
-224110 -790
-223349 -14694
-223146 -14737
-211840 -12409
-211919 -12492
-209158 -5850
-208989 -6030
-209998 -2070
-209949 -2202
-224110 -790
-224129 -594
-223146 -14737
-223003 -14850
-211919 -12492
-212109 -12757
-208989 -6030
-208859 -6186
-209949 -2202
-209827 -2340
-224129 -594
-224343 -303
-218890 -15027
-218625 -15111
-223003 -14850
-222833 -14885
-208859 -6186
-208781 -6465
-209827 -2340
-209702 -2512
-224343 -303
-224373 -112
-218625 -15111
-218440 -15164
-222833 -14885
-222706 -14814
-208781 -6465
-208726 -6710
-209702 -2512
-209629 -2605
-224373 -112
-224446 108
-218440 -15164
-218239 -15045
-222706 -14814
-222514 -14811
-208726 -6710
-208654 -6923
-209629 -2605
-209617 -2806
-224446 108
-224735 401
-218239 -15045
-217978 -14993
-222514 -14811
-222629 -14731
-208654 -6923
-208623 -7144
-209617 -2806
-209490 -2864
-224735 401
-224725 553
-217978 -14993
-217731 -14882
-222629 -14731
-222825 -14751
-208623 -7144
-208648 -7228
-209490 -2864
-209303 -2862
-224725 553
-224828 748
-217731 -14882
-217508 -15030
-222825 -14751
-222884 -14539
-208648 -7228
-208556 -7314
-209303 -2862
-209066 -2891
-224828 748
-224878 966
-209066 -2891
-208931 -2850
-224878 966
-224849 1130
-217508 -15030
-217231 -15075
-222884 -14539
-222725 -14544
-208556 -7314
-208346 -7376
-208931 -2850
-208691 -3031
-224849 1130
-224858 1271
-217231 -15075
-217031 -14991
-222725 -14544
-222649 -14372
-208346 -7376
-208161 -7619
-208691 -3031
-208410 -3150
-224858 1271
-224840 1414
-222649 -14372
-222692 -14126
-208161 -7619
-208062 -7804
-208410 -3150
-208135 -3318
-222692 -14126
-222627 -14057
-208062 -7804
-207909 -7954
-208135 -3318
-207909 -3570
-222627 -14057
-222576 -14023
-207909 -7954
-207769 -8007
-207909 -3570
-207762 -3600
-222576 -14023
-222562 -13998
-207769 -8007
-207569 -8085
-222562 -13998
-222563 -13181
-207569 -8085
-207443 -8194
-200354 -14725
-200171 -14478
-207443 -8194
-207254 -8237
-200171 -14478
-200047 -14380
-207254 -8237
-206986 -8444
-200047 -14380
-200014 -14538
-206986 -8444
-206832 -8387
-200014 -14538
-200027 -14745
-206832 -8387
-206663 -8567
-200027 -14745
-200032 -14908
-200032 -14908
-199800 -14915
-214561 -7828
-214723 -7659
-210847 -6071
-210881 -6305
-196381 -6056
-196276 -6338
-214723 -7659
-214842 -7448
-210881 -6305
-210725 -6448
-196276 -6338
-196275 -6559
-214842 -7448
-214964 -7443
-210725 -6448
-210538 -6472
-196275 -6559
-196236 -6745
-214964 -7443
-214931 -7676
-210538 -6472
-210430 -6580
-196236 -6745
-196183 -6892
-214931 -7676
-215023 -7905
-210430 -6580
-210217 -6861
-196183 -6892
-196164 -6996
-215023 -7905
-215224 -7864
-210217 -6861
-210085 -6908
-196164 -6996
-196170 -7186
-215224 -7864
-215467 -7709
-210085 -6908
-209881 -6945
-196170 -7186
-196315 -7423
-209436 -10926
-209330 -10751
-215467 -7709
-215714 -7666
-209881 -6945
-209707 -7060
-196315 -7423
-196262 -7592
-209330 -10751
-209277 -10522
-215714 -7666
-216000 -7632
-209707 -7060
-209503 -7219
-209277 -10522
-209196 -10292
-213395 -8927
-213116 -8651
-209503 -7219
-209378 -7483
-213116 -8651
-212961 -8516
-209378 -7483
-209478 -7602
-212961 -8516
-212866 -8397
-209478 -7602
-209278 -7639
-212866 -8397
-212695 -8192
-209278 -7639
-209222 -7932
-206976 -10079
-206845 -9884
-209222 -7932
-209212 -7990
-206845 -9884
-206761 -9722
-209212 -7990
-208922 -8009
-206761 -9722
-206813 -9588
-208922 -8009
-208917 -8047
-206813 -9588
-206743 -9322
-208917 -8047
-208777 -8190
-208777 -8190
-208723 -8334
-208723 -8334
-208740 -8496
-208740 -8496
-208751 -8561
-208751 -8561
-208736 -8660
-208736 -8660
-208412 -8661
-208412 -8661
-208297 -8853
-208297 -8853
-208178 -9071
-199800 -14915
-199140 -14678
-199140 -14678
-199143 -14665
-199143 -14665
-199110 -14670
-205040 -13170
-204889 -12823
-199110 -14670
-199081 -14651
-199081 -14651
-199147 -14533
-199147 -14533
-199097 -14336
-199097 -14336
-199151 -14157
-200236 -7769
-200385 -7963
-199151 -14157
-198878 -14006
-200385 -7963
-200589 -8198
-198878 -14006
-198739 -13984
-200589 -8198
-200828 -8330
-198739 -13984
-198662 -13956
-200828 -8330
-200905 -8383
-198662 -13956
-198642 -13962
-200905 -8383
-200935 -8455
-197429 -15876
-197215 -16045
-198642 -13962
-198628 -13965
-200935 -8455
-200945 -8521
-200354 -16263
-200358 -16008
-200358 -16008
-200253 -15883
-198628 -13965
-198613 -13950
-200945 -8521
-200947 -8554
-197215 -16045
-197077 -15937
-200253 -15883
-200237 -15689
-198613 -13950
-198335 -13952
-200947 -8554
-202839 -11752
-197077 -15937
-197099 -15778
-200237 -15689
-200506 -15409
-197099 -15778
-196865 -15660
-222186 1473
-222224 1316
-200506 -15409
-200738 -15381
-203400 -14921
-203490 -15206
-216809 -429
-216617 -306
-222224 1316
-222290 1197
-196865 -15660
-196673 -15578
-203490 -15206
-203716 -15484
-200738 -15381
-200978 -15331
-216617 -306
-216349 -221
-222290 1197
-222351 1002
-196673 -15578
-196493 -15815
-203716 -15484
-203905 -15402
-200978 -15331
-201061 -15167
-216349 -221
-216083 -154
-222351 1002
-222378 844
-196493 -15815
-196288 -15752
-203905 -15402
-204011 -15248
-201061 -15167
-201056 -15125
-216083 -154
-215829 -178
-222378 844
-222398 568
-196288 -15752
-196243 -15589
-206532 -12649
-206765 -12600
-202839 -11752
-199349 -11649
-204011 -15248
-204171 -15188
-201056 -15125
-200838 -14984
-215829 -178
-215792 58
-222398 568
-222370 352
-196243 -15589
-196210 -15356
-206765 -12600
-206954 -12395
-199349 -11649
-199335 -11645
-204171 -15188
-204230 -14939
-200838 -14984
-200724 -14919
-215792 58
-215563 -85
-222370 352
-222451 77
-196210 -15356
-195972 -15360
-206954 -12395
-207022 -12159
-199335 -11645
-199247 -11597
-204230 -14939
-204220 -14732
-200724 -14919
-200590 -14839
-215563 -85
-215525 -279
-222451 77
-222527 -196
-195972 -15360
-195807 -15462
-207022 -12159
-207062 -11997
-199247 -11597
-199164 -11619
-204220 -14732
-204273 -14567
-200590 -14839
-200354 -14725
-215525 -279
-215639 -400
-222527 -196
-222442 -363
-201953 -7296
-202044 -7472
-195807 -15462
-195589 -15412
-207062 -11997
-207242 -11956
-215639 -400
-215572 -581
-204273 -14567
-204552 -14448
-222442 -363
-222508 -582
-199164 -11619
-199080 -11644
-210057 -12897
-210110 -13050
-202044 -7472
-202209 -7723
-195589 -15412
-195460 -15542
-208178 -9071
-207980 -9155
-207980 -9155
-208124 -9307
-208124 -9307
-208374 -9379
-197471 1489
-197510 1369
-208500 -9928
-208584 -9849
-208584 -9849
-208550 -9632
-208550 -9632
-208663 -9596
-208663 -9596
-208374 -9379
-206383 -8838
-207000 -8847
-207000 -8847
-207332 -8845
-207332 -8845
-207350 -8870
-216665 0
-216756 -248
-216756 -248
-216809 -429
-210110 -13050
-210182 -13237
-222508 -582
-222544 -722
-215572 -581
-215316 -827
-199080 -11644
-199064 -11662
-207242 -11956
-207438 -11901
-204552 -14448
-204611 -14191
-195460 -15542
-195278 -15441
-210182 -13237
-210451 -13380
-213242 -11675
-213402 -11619
-215316 -827
-215438 -1024
-222544 -722
-222602 -883
-199064 -11662
-198592 -11677
-207438 -11901
-207451 -11724
-204611 -14191
-204769 -13976
-195278 -15441
-195121 -15151
-210451 -13380
-210654 -13463
-213402 -11619
-213556 -11557
-215438 -1024
-215468 -1268
-222602 -883
-222609 -1029
-207451 -11724
-207497 -11562
-198592 -11677
-198560 -11682
-204769 -13976
-204829 -13720
-195121 -15151
-194993 -15105
-210654 -13463
-210739 -13301
-213556 -11557
-213690 -11350
-215468 -1268
-215393 -1433
-222609 -1029
-222604 -1214
-207497 -11562
-207458 -11408
-198560 -11682
-198509 -11692
-204829 -13720
-204834 -13454
-194993 -15105
-194759 -15234
-207458 -11408
-207417 -11280
-210739 -13301
-210877 -13134
-215393 -1433
-215531 -1688
-222604 -1214
-222639 -1398
-204834 -13454
-205040 -13170
-198509 -11692
-198241 -11641
-203001 -8202
-203106 -8481
-210877 -13134
-211082 -13038
-215531 -1688
-215744 -1790
-222639 -1398
-222498 -1587
-198241 -11641
-198169 -11640
-207417 -11280
-208064 -11280
-203106 -8481
-203274 -8722
-222498 -1587
-222546 -1814
-211082 -13038
-211246 -13188
-208064 -11280
-208054 -11355
-215744 -1790
-215835 -1951
-198169 -11640
-198213 -11929
-203274 -8722
-203173 -8784
-222546 -1814
-222568 -1912
-211246 -13188
-211501 -12928
-208054 -11355
-208099 -11482
-215835 -1951
-216030 -2061
-198213 -11929
-198291 -12078
-203173 -8784
-203045 -8842
-222568 -1912
-222511 -2141
-211501 -12928
-211676 -13007
-208099 -11482
-208171 -11682
-216030 -2061
-216079 -2221
-198291 -12078
-198445 -12361
-203045 -8842
-203131 -9000
-211676 -13007
-211859 -12951
-208171 -11682
-208327 -11835
-216079 -2221
-216167 -2452
-222511 -2141
-222610 -2390
-198445 -12361
-198384 -12546
-203131 -9000
-203400 -9577
-211859 -12951
-212109 -12757
-208327 -11835
-208487 -11886
-216167 -2452
-216123 -2693
-222610 -2390
-222714 -2654
-198384 -12546
-198355 -12671
-203400 -9577
-203793 -10426
-208487 -11886
-208622 -12038
-216123 -2693
-216004 -2872
-222714 -2654
-222663 -2842
-203793 -10426
-203961 -10800
-198355 -12671
-198419 -12839
-208622 -12038
-208831 -12031
-216004 -2872
-215858 -3038
-222663 -2842
-222663 -3001
-198419 -12839
-198501 -12994
-203961 -10800
-204362 -11673
-208831 -12031
-209052 -11902
-215858 -3038
-215672 -3127
-222663 -3001
-222748 -3096
-198501 -12994
-198619 -13143
-206743 -9322
-206241 -8959
-215672 -3127
-215524 -3243
-222748 -3096
-222731 -3330
-198619 -13143
-198626 -13307
-206976 -10079
-206895 -10287
-206241 -8959
-206268 -8927
-222731 -3330
-222796 -3618
-215524 -3243
-215400 -3528
-206895 -10287
-206935 -10336
-198626 -13307
-198453 -13510
-206268 -8927
-206383 -8838
-198453 -13510
-198542 -13720
-212960 -9062
-212747 -9201
-222796 -3618
-222690 -3805
-215400 -3528
-215132 -3800
-206935 -10336
-206881 -10615
-212747 -9201
-212583 -9312
-222690 -3805
-222771 -4055
-215132 -3800
-214870 -3925
-198542 -13720
-198335 -13952
-206881 -10615
-206820 -10607
-222771 -4055
-222707 -4190
-214870 -3925
-214665 -3907
-206820 -10607
-206677 -10587
-222707 -4190
-222642 -4379
-214665 -3907
-214577 -3993
-206677 -10587
-206460 -10513
-222642 -4379
-222622 -4554
-214577 -3993
-213769 -3983
-206460 -10513
-206524 -10637
-222622 -4554
-222735 -4822
-213769 -3983
-213750 -4081
-206524 -10637
-206674 -10854
-222735 -4822
-222622 -5043
-213750 -4081
-213765 -4131
-206674 -10854
-206777 -10830
-206777 -10830
-206849 -10877
-207350 -8870
-207420 -9047
-202209 -7723
-202358 -7874
-207420 -9047
-207517 -9226
-202358 -7874
-202460 -7940
-207517 -9226
-207713 -9501
-202460 -7940
-202548 -7995
-207713 -9501
-207845 -9648
-202548 -7995
-202799 -8106
-207845 -9648
-208092 -9865
-202799 -8106
-203001 -8202
-208092 -9865
-208273 -9909
-212695 -8192
-212952 -8093
-208273 -9909
-208500 -9928
-212952 -8093
-213045 -7865
-213045 -7865
-212916 -7818
-212916 -7818
-212861 -7561
-212861 -7561
-212812 -7316
-212812 -7316
-212957 -7080
-195356 -8694
-195402 -8673
-212957 -7080
-213132 -6933
-195402 -8673
-195460 -8658
-213132 -6933
-213202 -6777
-195460 -8658
-195700 -8657
-213202 -6777
-213171 -6505
-195700 -8657
-195885 -8698
-213171 -6505
-213134 -6267
-195885 -8698
-196069 -8778
-213134 -6267
-213045 -6036
-196069 -8778
-196297 -8831
-213045 -6036
-212895 -5865
-196297 -8831
-196412 -8831
-212583 -9312
-212505 -9565
-212895 -5865
-212890 -5704
-196412 -8831
-196513 -8547
-212505 -9565
-212387 -9693
-212890 -5704
-212962 -5562
-196513 -8547
-196342 -8396
-212387 -9693
-212346 -9859
-212962 -5562
-212991 -5375
-196342 -8396
-196313 -8211
-212346 -9859
-212270 -9957
-212991 -5375
-213227 -5175
-196313 -8211
-196358 -7995
-212270 -9957
-212039 -10148
-213227 -5175
-213465 -5233
-196358 -7995
-196338 -7914
-212039 -10148
-211898 -10282
-213465 -5233
-213587 -5334
-196338 -7914
-196254 -7695
-211898 -10282
-211886 -10501
-213587 -5334
-213730 -5227
-196254 -7695
-196262 -7592
-221064 -13051
-220899 -12968
-220899 -12968
-220644 -12981
-220644 -12981
-220642 -12810
-220642 -12810
-220685 -12600
-222622 -5043
-222846 -4992
-206849 -10877
-206853 -10913
-206383 -8838
-206663 -8567
-206853 -10913
-206841 -11758
-206841 -11758
-206610 -11964
-206610 -11964
-206520 -12255
-206520 -12255
-206490 -12378
-201920 -7121
-201953 -7296
-206490 -12378
-206532 -12649
-197510 1369
-197368 1281
-197368 1281
-197255 1179
-197255 1179
-197017 1036
-197017 1036
-196862 883
-196862 883
-196779 691
-196779 691
-196596 496
-196596 496
-196397 373
-196397 373
-196122 306
-196122 306
-195991 184
-204295 -5946
-204207 -6225
-195991 184
-195792 -99
-204207 -6225
-204020 -6373
-195792 -99
-195951 -378
-204020 -6373
-203981 -6616
-195951 -378
-195933 -511
-203981 -6616
-203769 -6821
-195933 -511
-195724 -746
-203769 -6821
-203785 -7040
-195724 -746
-195799 -935
-203785 -7040
-203972 -7203
-195799 -935
-195656 -1102
-195656 -1102
-195579 -1186
-211886 -10501
-211734 -10562
-213730 -5227
-213947 -5188
-211734 -10562
-211533 -10706
-213947 -5188
-214119 -5212
-211533 -10706
-211312 -10830
-214119 -5212
-214268 -5157
-212022 950
-212021 -38
-211312 -10830
-211022 -10936
-214268 -5157
-214176 -4958
-211022 -10936
-210737 -10819
-214176 -4958
-213991 -4748
-210737 -10819
-210566 -10742
-213991 -4748
-213751 -4556
-210566 -10742
-210500 -10717
-213751 -4556
-213743 -4451
-210500 -10717
-210261 -10800
-213743 -4451
-213751 -4263
-210261 -10800
-210197 -10847
-213751 -4263
-213765 -4131
-210197 -10847
-210187 -10987
-210187 -10987
-210187 -11147
-210187 -11147
-210065 -11254
-210065 -11254
-209942 -11190
-209942 -11190
-209739 -11123
-209739 -11123
-209545 -11006
-209545 -11006
-209436 -10926
-223515 -11800
-223368 -11980
-223368 -11980
-223152 -12079
-223152 -12079
-222931 -11839
-222931 -11839
-222865 -11821
-222865 -11821
-222614 -11816
-222614 -11816
-222558 -11841
-215663 -11295
-215951 -11580
-222558 -11841
-222374 -12054
-215951 -11580
-216168 -11390
-222374 -12054
-222211 -12174
-216168 -11390
-216308 -11359
-222211 -12174
-221993 -12335
-216308 -11359
-216518 -11270
-221993 -12335
-221851 -12181
-216518 -11270
-216682 -11175
-221851 -12181
-221631 -12240
-216682 -11175
-216943 -11096
-221631 -12240
-221437 -12312
-216943 -11096
-217093 -11086
-221437 -12312
-221332 -12388
-217093 -11086
-217319 -11135
-221332 -12388
-221290 -12433
-217319 -11135
-217433 -11139
-221290 -12433
-220757 -12432
-217433 -11139
-217613 -11100
-220757 -12432
-220689 -12388
-217613 -11100
-217867 -11092
-220689 -12388
-220685 -12600
-217867 -11092
-217959 -10925
-217959 -10925
-218158 -10736
-221339 -10031
-221148 -10320
-221148 -10320
-221014 -10607
-218158 -10736
-218419 -10464
-195579 -1186
-195575 -1436
-213163 -14110
-214200 -14108
-215188 -12468
-215232 -12600
-195575 -1436
-195550 -1694
-214200 -14108
-214304 -14161
-215232 -12600
-215318 -13303
-195550 -1694
-195259 -1719
-214304 -14161
-214319 -14262
-215318 -13303
-215361 -13385
-195259 -1719
-195168 -1865
-214319 -14262
-214442 -14537
-215361 -13385
-215395 -13549
-212021 -38
-211994 -182
-195168 -1865
-195041 -1967
-214442 -14537
-214501 -14755
-215395 -13549
-215398 -13750
-211994 -182
-211912 -374
-195041 -1967
-194981 -2115
-214501 -14755
-214575 -15025
-215398 -13750
-215423 -13847
-211912 -374
-211914 -607
-194981 -2115
-194781 -2202
-214575 -15025
-214857 -15103
-215423 -13847
-215522 -13994
-211914 -607
-211970 -706
-230636 -7862
-230439 -7781
-214857 -15103
-214898 -15163
-215522 -13994
-215627 -14136
-216815 -12119
-216915 -12060
-211970 -706
-211937 -939
-230439 -7781
-230385 -7944
-214898 -15163
-215736 -15166
-215627 -14136
-215690 -14345
-216915 -12060
-217009 -11990
-211937 -939
-211947 -1092
-230385 -7944
-230409 -8103
-215736 -15166
-215804 -15227
-215690 -14345
-215856 -14268
-217009 -11990
-217275 -11897
-211947 -1092
-211919 -1255
-230409 -8103
-230424 -8292
-215804 -15227
-215802 -15310
-215856 -14268
-216056 -14255
-216657 -12066
-216815 -12119
-211919 -1255
-211672 -1397
-230424 -8292
-230334 -8511
-215802 -15310
-215888 -15504
-216056 -14255
-216242 -14283
-211672 -1397
-211501 -1487
-230334 -8511
-230245 -8800
-215888 -15504
-215845 -15666
-216242 -14283
-216379 -14414
-211501 -1487
-211416 -1618
-207306 -18001
-205200 -13532
-215845 -15666
-215857 -15811
-216379 -14414
-216428 -14620
-211416 -1618
-211378 -1825
-205200 -13532
-205040 -13170
-215857 -15811
-216128 -15914
-216428 -14620
-216359 -14857
-211378 -1825
-211396 -2012
-216128 -15914
-216323 -15868
-216359 -14857
-216622 -14893
-211396 -2012
-211417 -2159
-202839 -11752
-203400 -11904
-216323 -15868
-216527 -15628
-216622 -14893
-216822 -14962
-211417 -2159
-211310 -2451
-203400 -11904
-204127 -12086
-216527 -15628
-216728 -15437
-216822 -14962
-217031 -14991
-211310 -2451
-211162 -2577
-204127 -12086
-204158 -12070
-216728 -15437
-216847 -15348
-211162 -2577
-210987 -2737
-204158 -12070
-204231 -12012
-216847 -15348
-216995 -15227
-210987 -2737
-210769 -2921
-204231 -12012
-204280 -11868
-216995 -15227
-217031 -14991
-210769 -2921
-210554 -3094
-204280 -11868
-204362 -11673
-216657 -12066
-216508 -12053
-210554 -3094
-210413 -3264
-216508 -12053
-216427 -12020
-210413 -3264
-210291 -3480
-216665 0
-217411 581
-217411 581
-217410 565
-217410 565
-217436 513
-217436 513
-217507 417
-217507 417
-217694 331
-217694 331
-217922 481
-217922 481
-218088 666
-218088 666
-218325 781
-218325 781
-218386 908
-218386 908
-218400 1100
-218400 1100
-218359 1317
-218359 1317
-218264 1415
-213091 950
-216135 950
-216135 950
-216167 837
-216167 837
-216211 588
-216211 588
-216495 371
-218237 -6511
-218226 -6689
-216495 371
-216504 172
-216504 172
-216665 0
-221014 -10607
-220884 -10845
-218419 -10464
-218530 -10329
-220884 -10845
-220872 -11096
-218530 -10329
-218721 -10157
-220872 -11096
-220854 -11217
-220854 -11217
-220746 -11510
-220746 -11510
-220591 -11547
-220591 -11547
-220468 -11620
-220468 -11620
-220279 -11678
-220279 -11678
-220054 -11705
-220054 -11705
-219975 -11869
-219975 -11869
-219988 -12021
-219988 -12021
-219866 -12202
-219866 -12202
-220087 -12274
-209036 -11573
-209093 -11476
-220087 -12274
-220285 -12376
-209093 -11476
-209492 -11475
-220285 -12376
-220330 -12471
-209492 -11475
-209457 -11354
-220330 -12471
-220352 -12552
-209457 -11354
-209424 -11246
-220352 -12552
-220360 -12580
-209424 -11246
-209407 -10992
-220360 -12580
-220685 -12600
-209407 -10992
-209436 -10926
-206976 -10079
-207165 -10174
-207165 -10174
-207364 -10402
-207364 -10402
-207600 -10594
-207600 -10594
-207836 -10631
-230061 -8781
-230245 -8800
-207836 -10631
-208014 -10781
-208014 -10781
-208207 -10668
-208207 -10668
-208299 -10669
-216427 -12020
-216194 -11921
-216194 -11921
-216061 -11875
-216061 -11875
-215834 -11832
-215834 -11832
-215741 -11796
-215741 -11796
-215621 -11606
-215621 -11606
-215620 -11421
-215620 -11421
-215663 -11295
-198335 -13952
-198084 -14212
-198084 -14212
-198029 -13943
-198029 -13943
-197929 -13851
-197929 -13851
-197774 -13656
-197774 -13656
-197658 -13412
-218715 -3031
-218510 -3129
-197658 -13412
-197421 -13517
-218510 -3129
-218288 -3153
-197421 -13517
-197233 -13586
-218288 -3153
-218065 -3090
-197233 -13586
-197056 -13574
-218065 -3090
-217837 -3078
-197056 -13574
-196990 -13793
-217837 -3078
-217791 -2841
-196990 -13793
-197087 -13991
-217791 -2841
-217507 -2750
-197087 -13991
-197127 -14170
-217507 -2750
-217378 -2734
-197127 -14170
-196957 -14455
-217378 -2734
-217140 -2601
-198340 -7800
-198250 -8037
-196957 -14455
-197201 -14635
-217140 -2601
-217131 -2375
-198250 -8037
-198371 -8123
-197201 -14635
-197251 -14876
-212065 -585
-212150 -741
-217131 -2375
-217313 -2148
-197251 -14876
-197345 -15040
-198371 -8123
-198580 -8121
-217313 -2148
-217431 -1964
-197345 -15040
-197275 -15214
-198580 -8121
-198667 -8044
-217431 -1964
-217406 -1810
-197275 -15214
-197481 -15499
-198667 -8044
-198844 -7980
-210291 -3480
-210327 -3658
-210327 -3658
-210079 -3948
-210079 -3948
-209972 -4064
-209972 -4064
-209765 -4074
-209765 -4074
-209573 -4195
-209573 -4195
-209360 -4412
-195356 -8694
-195213 -8933
-209360 -4412
-209176 -4180
-195213 -8933
-195264 -9089
-209176 -4180
-208916 -3964
-195264 -9089
-195296 -9322
-208916 -3964
-208825 -4123
-195296 -9322
-195065 -9546
-208825 -4123
-208674 -4341
-195065 -9546
-194977 -9777
-208674 -4341
-208728 -4511
-194977 -9777
-194782 -9931
-208728 -4511
-208802 -4787
-208802 -4787
-208716 -4949
-208716 -4949
-208476 -5076
-219543 -10389
-219720 -10230
-208476 -5076
-208302 -5132
-219720 -10230
-219819 -10128
-208302 -5132
-208124 -5227
-219819 -10128
-220067 -10122
-208124 -5227
-207880 -5404
-220067 -10122
-220331 -9970
-220331 -9970
-220487 -9906
-207880 -5404
-207756 -5498
-220487 -9906
-220727 -9861
-207756 -5498
-207642 -5739
-220727 -9861
-220982 -9868
-207642 -5739
-207468 -5699
-220982 -9868
-221086 -9956
-207468 -5699
-207343 -5721
-218644 -7854
-218518 -8132
-221086 -9956
-221339 -10031
-212960 -9062
-213201 -8906
-207343 -5721
-207140 -5844
-214199 -10698
-214314 -10623
-218721 -10157
-219014 -10219
-213201 -8906
-213395 -8927
-207140 -5844
-206976 -5964
-214314 -10623
-214484 -10657
-219014 -10219
-219200 -10137
-206976 -5964
-206836 -6013
-194935 -11466
-195164 -11627
-200354 -14725
-200544 -14601
-195164 -11627
-195308 -11765
-200544 -14601
-200666 -14452
-195308 -11765
-195320 -12038
-200666 -14452
-200793 -14434
-195320 -12038
-195439 -12160
-200793 -14434
-201016 -14452
-195439 -12160
-195463 -12362
-201016 -14452
-201071 -14163
-195463 -12362
-195391 -12479
-201071 -14163
-201242 -14162
-195391 -12479
-195358 -12678
-201242 -14162
-201324 -14026
-206743 -9322
-206470 -9494
-195358 -12678
-195299 -12919
-201324 -14026
-201579 -13916
-206470 -9494
-206285 -9482
-195299 -12919
-195213 -13121
-201579 -13916
-201782 -14090
-206285 -9482
-206142 -9636
-195213 -13121
-195286 -13319
-201782 -14090
-202007 -14263
-206142 -9636
-205934 -9657
-195286 -13319
-195126 -13470
-202007 -14263
-202109 -14380
-205934 -9657
-205853 -9785
-195126 -13470
-194959 -13677
-202109 -14380
-202282 -14562
-205853 -9785
-205677 -9785
-194959 -13677
-194799 -13756
-202282 -14562
-202331 -14780
-205677 -9785
-205481 -9795
-202331 -14780
-202469 -14966
-205481 -9795
-205312 -9744
-202469 -14966
-202718 -15020
-205312 -9744
-205135 -9653
-202718 -15020
-202963 -14887
-205135 -9653
-204919 -9726
-197481 -15499
-197517 -15686
-208299 -10669
-208359 -10669
-214484 -10657
-214632 -10671
-207762 -3600
-207640 -3892
-217406 -1810
-217355 -1668
-198844 -7980
-199020 -7976
-206836 -6013
-206682 -6022
-214632 -10671
-214784 -10599
-208359 -10669
-208406 -10628
-217355 -1668
-217214 -1413
-197517 -15686
-197429 -15876
-199020 -7976
-199190 -7882
-206682 -6022
-206437 -6202
-207640 -3892
-207472 -3914
-208406 -10628
-208773 -11281
-214784 -10599
-214975 -10371
-217214 -1413
-217114 -1181
-199190 -7882
-199333 -7694
-206437 -6202
-206285 -6190
-207472 -3914
-207320 -3980
-208773 -11281
-209036 -11573
-214975 -10371
-215106 -10176
-217114 -1181
-217096 -952
-199333 -7694
-199445 -7668
-206285 -6190
-206131 -6144
-207320 -3980
-207177 -4064
-215106 -10176
-215347 -10091
-217096 -952
-216950 -681
-199445 -7668
-199686 -7673
-206131 -6144
-205874 -6198
-207177 -4064
-207095 -4292
-215347 -10091
-215397 -9901
-216950 -681
-216809 -429
-199686 -7673
-199800 -7698
-205874 -6198
-205615 -6449
-207095 -4292
-206917 -4554
-215397 -9901
-215504 -9797
-199800 -7698
-199931 -7777
-205615 -6449
-205452 -6488
-206917 -4554
-206845 -4730
-215504 -9797
-215572 -9641
-199931 -7777
-200112 -7805
-205452 -6488
-205400 -6712
-206845 -4730
-206622 -4830
-215572 -9641
-215678 -9479
-200112 -7805
-200236 -7769
-205400 -6712
-205332 -6880
-206622 -4830
-206477 -4795
-215678 -9479
-215834 -9251
-205332 -6880
-205097 -6943
-206477 -4795
-206300 -4923
-215834 -9251
-216088 -9178
-205097 -6943
-204958 -7067
-206300 -4923
-206096 -5130
-216088 -9178
-216133 -9057
-204958 -7067
-204735 -7200
-206096 -5130
-205818 -5126
-209052 -11902
-209243 -12035
-216133 -9057
-216127 -9000
-205818 -5126
-205756 -5306
-209243 -12035
-209431 -12321
-216127 -9000
-216086 -8813
-205756 -5306
-205686 -5419
-209431 -12321
-209451 -12431
-216086 -8813
-216145 -8543
-201920 -7121
-201736 -6978
-205686 -5419
-205426 -5463
-209451 -12431
-209450 -12486
-216145 -8543
-216166 -8381
-201736 -6978
-201537 -7047
-205426 -5463
-205191 -5629
-209450 -12486
-209453 -12523
-216166 -8381
-216141 -8151
-201537 -7047
-201248 -7194
-205191 -5629
-205053 -5722
-209453 -12523
-209452 -12587
-216141 -8151
-216099 -8071
-200417 -6426
-200708 -6600
-205053 -5722
-204983 -5856
-209452 -12587
-210132 -12600
-216099 -8071
-215995 -7714
-200708 -6600
-200667 -6785
-204983 -5856
-204711 -5933
-210132 -12600
-210187 -12790
-215995 -7714
-216000 -7632
-200667 -6785
-200950 -6895
-204711 -5933
-204490 -5769
-219994 -16200
-219632 -15923
-219632 -15923
-219600 -15891
-210187 -12790
-210057 -12897
-214199 -10698
-213951 -10538
-200950 -6895
-201048 -7072
-204490 -5769
-204295 -5946
-219600 -15891
-219055 -15415
-213951 -10538
-213728 -10335
-201048 -7072
-201248 -7194
-219055 -15415
-218971 -15239
-213728 -10335
-213683 -10184
-218971 -15239
-218890 -15027
-213683 -10184
-213433 -9895
-219200 -10137
-219390 -10230
-219390 -10230
-219543 -10389
-203001 -8202
-203253 -8171
-203253 -8171
-203400 -8093
-203400 -8093
-203512 -8206
-203512 -8206
-203790 -8347
-203790 -8347
-204031 -8527
-212583 -9312
-212441 -9267
-204031 -8527
-204234 -8565
-212441 -9267
-212209 -9233
-204234 -8565
-204370 -8678
-212209 -9233
-212023 -9284
-204370 -8678
-204597 -8664
-212023 -9284
-211765 -9346
-204597 -8664
-204674 -8718
-211765 -9346
-211557 -9347
-204674 -8718
-204755 -8705
-211557 -9347
-211332 -9521
-204755 -8705
-204944 -8682
-211332 -9521
-211072 -9625
-204944 -8682
-205091 -8571
-211072 -9625
-210916 -9645
-205091 -8571
-205240 -8551
-210916 -9645
-210761 -9683
-205240 -8551
-205388 -8495
-210761 -9683
-210571 -9643
-205388 -8495
-205597 -8396
-210571 -9643
-210335 -9564
-205597 -8396
-205849 -8424
-210335 -9564
-210168 -9439
-205849 -8424
-205951 -8569
-210168 -9439
-209894 -9400
-205951 -8569
-206055 -8570
-209894 -9400
-209668 -9505
-206055 -8570
-206125 -8471
-209668 -9505
-209464 -9683
-206125 -8471
-206152 -8459
-209464 -9683
-209403 -9917
-206152 -8459
-206663 -8567
-209403 -9917
-209355 -10026
-195356 -8694
-195183 -8611
-209355 -10026
-209196 -10292
-195183 -8611
-194992 -8524
-204919 -9726
-204816 -9990
-204816 -9990
-204553 -10112
-204553 -10112
-204599 -10356
-204599 -10356
-204747 -10463
-204747 -10463
-204901 -10418
-204901 -10418
-205084 -10461
-205084 -10461
-205259 -10590
-205259 -10590
-205298 -10800
-205298 -10800
-205199 -10987
-205199 -10987
-205272 -11233
-205272 -11233
-205368 -11467
-205368 -11467
-205097 -11537
-205097 -11537
-204983 -11692
-204983 -11692
-204812 -11877
-204812 -11877
-204648 -11903
-209228 -15734
-209358 -15263
-204648 -11903
-204514 -11999
-209358 -15263
-209425 -15191
-204362 -11673
-204514 -11999
-209425 -15191
-209538 -15179
-209538 -15179
-209727 -15157
-209727 -15157
-209879 -14961
-209879 -14961
-209942 -14785
-209942 -14785
-210051 -14603
-210051 -14603
-210305 -14396
-210305 -14396
-210392 -14263
-209196 -10292
-209052 -10154
-213433 -9895
-213296 -9783
-194992 -8524
-194832 -8421
-209052 -10154
-208801 -10094
-213296 -9783
-213228 -9723
-208801 -10094
-208648 -10067
-213228 -9723
-213156 -9478
-208648 -10067
-208500 -9928
-213156 -9478
-213120 -9260
-201920 -7121
-202158 -7041
-202005 -1796
-202232 -1871
-221064 -13051
-220795 -13305
-213120 -9260
-212960 -9062
-202158 -7041
-202304 -7015
-202232 -1871
-202351 -2028
-220795 -13305
-220140 -13322
-202304 -7015
-202589 -6894
-202351 -2028
-202348 -2197
-220140 -13322
-220128 -13426
-202589 -6894
-202735 -6863
-202348 -2197
-202367 -2390
-220128 -13426
-220126 -13599
-202735 -6863
-202892 -6806
-202367 -2390
-202481 -2516
-220126 -13599
-219994 -13665
-202892 -6806
-203178 -6619
-202481 -2516
-202577 -2721
-219994 -13665
-219759 -13756
-204735 -7200
-204628 -7277
-203178 -6619
-203400 -6475
-202577 -2721
-202507 -2802
-217275 -11897
-217363 -11894
-230245 -8800
-230311 -8981
-204628 -7277
-204454 -7274
-203400 -6475
-203565 -6225
-202507 -2802
-202447 -3028
-217363 -11894
-217424 -11900
-230311 -8981
-230359 -9149
-204454 -7274
-204326 -7232
-203565 -6225
-203651 -6032
-202447 -3028
-202168 -3057
-217424 -11900
-217800 -12124
-230359 -9149
-230079 -9223
-204326 -7232
-204196 -7376
-203651 -6032
-203890 -5948
-202168 -3057
-202105 -3190
-224479 -14723
-224221 -14973
-217800 -12124
-218302 -12412
-230079 -9223
-229883 -9226
-204196 -7376
-204216 -7492
-203890 -5948
-204054 -5913
-202105 -3190
-201952 -3367
-224221 -14973
-224135 -15189
-218302 -12412
-218273 -12469
-229883 -9226
-229708 -9169
-204216 -7492
-204368 -7705
-204054 -5913
-204295 -5946
-201952 -3367
-201890 -3566
-224135 -15189
-224145 -15266
-218273 -12469
-218291 -12631
-221307 -5683
-221147 -5818
-229708 -9169
-229561 -9334
-204368 -7705
-204128 -7925
-201890 -3566
-201813 -3777
-224145 -15266
-224304 -15292
-218291 -12631
-218260 -12768
-221147 -5818
-221100 -6003
-229561 -9334
-229499 -9538
-204128 -7925
-203886 -7932
-201813 -3777
-201748 -3964
-224304 -15292
-224510 -15311
-218260 -12768
-218389 -12992
-221100 -6003
-221086 -6169
-229499 -9538
-229424 -9696
-203886 -7932
-203750 -7829
-201748 -3964
-201799 -4049
-224510 -15311
-224728 -15225
-218389 -12992
-218456 -13202
-221086 -6169
-221120 -6411
-229424 -9696
-229370 -9975
-201799 -4049
-201859 -4294
-224728 -15225
-224856 -15372
-218456 -13202
-218518 -13360
-221120 -6411
-221036 -6586
-229370 -9975
-229407 -10167
-203750 -7829
-203545 -7753
-201859 -4294
-201745 -4463
-224856 -15372
-224932 -15506
-218518 -13360
-218702 -13406
-221036 -6586
-220973 -6786
-212663 -13795
-212795 -13945
-229407 -10167
-229288 -10203
-203545 -7753
-203319 -7812
-201745 -4463
-201592 -4632
-230543 1458
-230498 1296
-224932 -15506
-225116 -15717
-218702 -13406
-218902 -13451
-220973 -6786
-221211 -6941
-229288 -10203
-229037 -10079
-230498 1296
-230494 1156
-203319 -7812
-203146 -7790
-201592 -4632
-201339 -4673
-225116 -15717
-225374 -15474
-218902 -13451
-219174 -13490
-221211 -6941
-221320 -7029
-229037 -10079
-228865 -9973
-230494 1156
-230439 1032
-203146 -7790
-202923 -7692
-201339 -4673
-201134 -4672
-219174 -13490
-219280 -13577
-225374 -15474
-225552 -15540
-221320 -7029
-221547 -6795
-228865 -9973
-228637 -9879
-230439 1032
-230357 842
-202923 -7692
-202721 -7672
-201134 -4672
-200952 -4622
-212695 -8192
-212580 -8097
-212580 -8097
-212437 -8120
-212437 -8120
-212265 -8157
-212265 -8157
-212093 -8157
-212093 -8157
-211970 -8029
-211970 -8029
-211798 -8096
-211798 -8096
-211624 -8148
-211624 -8148
-211489 -8229
-211489 -8229
-211427 -8448
-211427 -8448
-211243 -8394
-211243 -8394
-211027 -8270
-211027 -8270
-210879 -8329
-210879 -8329
-210656 -8319
-210656 -8319
-210453 -8289
-210453 -8289
-210254 -8347
-210254 -8347
-210110 -8425
-210110 -8425
-210020 -8657
-210020 -8657
-209776 -8735
-210392 -14263
-210391 -14082
-219280 -13577
-219500 -13559
-202963 -14887
-203228 -14913
-210391 -14082
-210184 -14009
-219500 -13559
-219759 -13756
-203228 -14913
-203400 -14921
-210184 -14009
-209987 -13926
-209987 -13926
-209840 -13645
-209840 -13645
-209888 -13391
-219759 -13756
-219835 -14013
-209888 -13391
-209839 -13286
-219835 -14013
-220091 -14250
-209839 -13286
-209575 -13303
-230656 -13333
-230380 -13334
-220091 -14250
-220187 -14308
-209575 -13303
-209630 -13093
-209052 -11902
-209055 -11816
-230380 -13334
-230328 -13420
-220187 -14308
-220190 -14400
-209630 -13093
-209795 -12962
-209055 -11816
-209036 -11573
-230328 -13420
-230289 -13608
-220190 -14400
-220188 -14905
-209795 -12962
-210057 -12897
-230289 -13608
-230190 -13725
-220188 -14905
-219982 -14883
-219543 -10389
-219530 -10625
-230190 -13725
-229917 -13719
-219982 -14883
-219698 -14697
-219530 -10625
-219539 -10819
-229917 -13719
-229628 -13677
-219698 -14697
-219476 -14811
-219539 -10819
-219270 -10975
-229628 -13677
-229561 -13628
-219476 -14811
-219297 -14930
-219270 -10975
-219096 -10977
-229561 -13628
-229727 -13617
-219297 -14930
-219108 -14969
-219096 -10977
-218967 -11074
-229727 -13617
-229858 -13679
-219108 -14969
-218890 -15027
-218967 -11074
-218776 -11135
-229858 -13679
-230122 -13486
-218890 -15027
-218570 -14782
-218776 -11135
-218558 -11191
-230122 -13486
-230104 -13317
-218570 -14782
-218176 -14490
-218558 -11191
-218406 -11314
-230104 -13317
-230087 -13218
-197745 -16174
-197708 -16045
-218176 -14490
-218158 -14310
-218406 -11314
-218209 -11268
-230087 -13218
-230217 -13023
-197708 -16045
-197429 -15876
-218158 -14310
-218128 -14044
-218209 -11268
-218079 -11220
-230217 -13023
-230438 -13077
-218128 -14044
-218030 -13770
-218079 -11220
-217994 -11231
-230438 -13077
-230656 -12875
-218030 -13770
-217885 -13681
-217994 -11231
-217971 -11245
-217885 -13681
-217752 -13598
-217971 -11245
-217919 -11218
-204889 -12823
-204795 -12600
-217752 -13598
-217554 -13371
-217919 -11218
-217651 -11221
-204795 -12600
-204514 -11999
-225552 -15540
-225824 -15514
-209776 -8735
-209686 -9001
-221547 -6795
-221742 -6608
-228637 -9879
-228465 -9731
-230357 842
-230380 720
-202721 -7672
-202497 -7494
-200952 -4622
-200766 -4717
-225824 -15514
-226082 -15550
-209686 -9001
-209415 -9280
-221742 -6608
-221924 -6672
-228465 -9731
-228195 -9733
-230380 720
-230269 496
-202497 -7494
-202297 -7375
-200766 -4717
-200509 -4844
-226082 -15550
-226128 -15618
-209415 -9280
-209275 -9355
-221924 -6672
-222209 -6812
-228195 -9733
-228044 -9734
-230269 496
-230372 206
-202297 -7375
-202185 -7350
-200509 -4844
-200633 -5068
-226128 -15618
-226257 -15872
-209275 -9355
-209027 -9498
-222209 -6812
-222448 -6976
-228044 -9734
-227896 -9719
-230372 206
-230358 62
-202185 -7350
-201953 -7296
-200633 -5068
-200612 -5262
-230358 62
-230419 -98
-226257 -15872
-226461 -16147
-209027 -9498
-208796 -9532
-222448 -6976
-222641 -6919
-227896 -9719
-227755 -9871
-203972 -7203
-203918 -7308
-200612 -5262
-200515 -5373
-230419 -98
-230524 -364
-226461 -16147
-226566 -16231
-208796 -9532
-208711 -9374
-222641 -6919
-222772 -6933
-227755 -9871
-227585 -10150
-203918 -7308
-203829 -7506
-200515 -5373
-200496 -5432
-208711 -9374
-208592 -9389
-222772 -6933
-222964 -7022
-227585 -10150
-227322 -10196
-230524 -364
-230811 -493
-203829 -7506
-203863 -7778
-200496 -5432
-200496 -5498
-208592 -9389
-208374 -9379
-222964 -7022
-223158 -7163
-227322 -10196
-227178 -10201
-203863 -7778
-203750 -7829
-200496 -5498
-200488 -5509
-223158 -7163
-223302 -7173
-227178 -10201
-227005 -10129
-200488 -5509
-200463 -5509
-223302 -7173
-223478 -7317
-227005 -10129
-226833 -10226
-200463 -5509
-200417 -6426
-199598 3602
-199600 0
-209228 -15734
-209395 -15700
-223478 -7317
-223593 -7489
-222622 -5043
-222471 -4969
-226833 -10226
-226651 -10241
-199600 0
-199606 -1802
-199606 -1802
-199607 -4997
-209395 -15700
-209572 -15690
-224479 -14723
-224711 -14691
-222563 -13181
-222344 -13076
-226651 -10241
-226503 -10333
-223593 -7489
-223822 -7654
-222471 -4969
-222265 -5010
-199607 -4997
-199079 -5435
-209572 -15690
-209857 -15906
-224711 -14691
-224944 -14562
-222344 -13076
-222199 -13117
-213690 -11350
-213516 -11337
-226503 -10333
-226493 -10604
-223822 -7654
-224092 -7683
-222265 -5010
-222145 -5086
-209857 -15906
-210065 -16021
-224944 -14562
-225172 -14427
-222199 -13117
-222041 -13161
-213516 -11337
-213352 -11352
-226493 -10604
-226542 -10828
-224092 -7683
-224308 -7750
-222145 -5086
-221967 -5147
-199079 -5435
-198802 -6471
-224308 -7750
-224472 -7896
-210065 -16021
-210193 -16115
-225172 -14427
-225314 -14294
-222041 -13161
-221806 -13168
-213352 -11352
-213195 -11432
-226542 -10828
-226331 -10812
-221967 -5147
-221776 -5212
-198802 -6471
-198711 -6690
-210193 -16115
-210438 -16209
-225314 -14294
-225486 -14163
-221806 -13168
-221626 -13214
-213195 -11432
-212974 -11405
-226331 -10812
-226064 -10867
-224472 -7896
-224650 -7956
-221776 -5212
-221605 -5411
-198711 -6690
-198615 -6914
-225486 -14163
-225559 -14099
-221626 -13214
-221598 -13261
-212974 -11405
-213074 -11370
-226064 -10867
-225793 -11100
-224650 -7956
-224843 -8006
-221605 -5411
-221421 -5618
-198615 -6914
-198575 -6989
-225559 -14099
-225578 -13811
-221598 -13261
-221323 -13264
-213074 -11370
-213287 -11287
-225793 -11100
-225518 -11127
-224843 -8006
-224977 -8086
-221421 -5618
-221307 -5683
-198575 -6989
-198591 -7073
-210574 -16162
-210864 -16114
-210864 -16114
-211098 -15891
-225578 -13811
-226850 -12840
-221323 -13264
-221064 -13051
-213287 -11287
-213466 -11276
-225518 -11127
-225297 -11183
-224977 -8086
-225150 -8193
-221307 -5683
-221302 -5499
-198591 -7073
-198624 -7084
-211098 -15891
-211138 -15671
-213466 -11276
-213628 -11183
-221339 -10031
-221506 -10168
-225150 -8193
-225355 -8222
-221302 -5499
-221492 -5331
-226850 -12840
-226883 -12836
-198624 -7084
-198593 -7370
-211138 -15671
-211014 -15429
-213628 -11183
-213744 -11057
-221506 -10168
-221787 -10203
-225355 -8222
-225544 -8241
-221492 -5331
-221571 -5145
-226883 -12836
-227039 -12905
-198593 -7370
-198752 -7575
-211014 -15429
-211154 -15344
-213744 -11057
-213996 -10932
-221787 -10203
-221982 -10299
-225544 -8241
-225780 -8223
-221571 -5145
-221827 -5020
-227039 -12905
-227242 -13010
-198752 -7575
-198662 -7699
-211154 -15344
-211219 -15205
-213996 -10932
-214199 -10698
-221982 -10299
-222227 -10191
-225780 -8223
-226030 -8368
-221827 -5020
-221749 -4775
-227242 -13010
-227514 -12957
-198662 -7699
-198636 -7758
-211219 -15205
-211276 -15046
-222227 -10191
-222116 -9905
-226030 -8368
-226203 -8414
-221749 -4775
-221781 -4550
-227514 -12957
-227668 -12752
-198636 -7758
-198561 -7783
-209228 -15734
-209388 -16019
-209388 -16019
-209517 -16204
-217554 -13371
-217562 -13254
-217651 -11221
-217331 -11278
-221781 -4550
-221696 -4281
-227668 -12752
-227918 -12643
-206532 -12649
-206424 -12853
-217562 -13254
-217634 -13068
-217331 -11278
-217354 -11323
-221696 -4281
-221654 -4032
-227918 -12643
-228197 -12516
-206424 -12853
-206201 -12984
-217634 -13068
-217548 -12961
-217354 -11323
-217333 -11408
-221654 -4032
-221674 -3884
-228197 -12516
-228490 -12239
-206201 -12984
-206082 -13225
-217548 -12961
-217496 -12940
-217333 -11408
-217235 -11531
-221674 -3884
-221571 -3682
-228490 -12239
-228729 -12149
-206082 -13225
-205919 -13235
-217496 -12940
-217472 -12925
-217235 -11531
-217175 -11647
-221571 -3682
-221699 -3505
-228729 -12149
-228949 -12093
-205919 -13235
-205755 -13184
-217472 -12925
-217177 -13166
-217175 -11647
-217275 -11897
-221699 -3505
-221664 -3251
-228949 -12093
-229210 -11940
-205755 -13184
-205610 -12942
-217177 -13166
-217130 -13137
-215188 -12468
-214995 -12358
-221664 -3251
-221555 -3035
-229210 -11940
-229356 -11784
-205610 -12942
-205360 -12942
-217130 -13137
-217125 -12951
-214995 -12358
-214861 -12275
-221555 -3035
-221550 -2748
-229356 -11784
-229493 -11641
-205360 -12942
-205106 -12900
-197510 1369
-197656 1183
-217125 -12951
-217064 -12823
-214861 -12275
-215044 -12050
-221550 -2748
-221365 -2612
-229493 -11641
-229624 -11479
-205106 -12900
-204889 -12823
-197656 1183
-197659 1095
-217064 -12823
-217052 -12679
-215044 -12050
-215233 -12035
-221365 -2612
-221165 -2369
-229624 -11479
-229795 -11295
-197659 1095
-197641 1022
-217052 -12679
-217028 -12502
-215233 -12035
-215380 -12068
-221165 -2369
-220918 -2184
-229795 -11295
-229888 -11048
-197641 1022
-197659 787
-217028 -12502
-216984 -12332
-215380 -12068
-215545 -11849
-220918 -2184
-220713 -2105
-229888 -11048
-229916 -10834
-197659 787
-197679 585
-223997 -16174
-223829 -16062
-223829 -16062
-223647 -15884
-216984 -12332
-216815 -12119
-215545 -11849
-215708 -11878
-220713 -2105
-220471 -2037
-229916 -10834
-230010 -10660
-197679 585
-197706 429
-223647 -15884
-223393 -15627
-215708 -11878
-215735 -11883
-220471 -2037
-220401 -1819
-230010 -10660
-230150 -10435
-197706 429
-197623 236
-223393 -15627
-223215 -15434
-215735 -11883
-216001 -12087
-220401 -1819
-220223 -1828
-230150 -10435
-230211 -10180
-197623 236
-197501 106
-223215 -15434
-223067 -15423
-216001 -12087
-216122 -12100
-220223 -1828
-220029 -1798
-230211 -10180
-230256 -9950
-197501 106
-197493 -11
-223067 -15423
-222818 -15300
-216122 -12100
-216672 -12101
-220029 -1798
-219857 -1824
-230256 -9950
-230246 -9709
-197493 -11
-197593 -287
-222818 -15300
-222596 -15388
-216672 -12101
-216657 -12066
-219857 -1824
-219663 -1977
-230246 -9709
-230427 -9609
-197593 -287
-197693 -499
-222596 -15388
-222444 -15358
-219663 -1977
-219406 -2013
-230427 -9609
-230560 -9399
-197693 -499
-197717 -649
-222444 -15358
-222277 -15265
-219406 -2013
-219296 -2122
-230560 -9399
-230687 -9188
-197717 -649
-197723 -872
-222277 -15265
-222072 -15297
-219296 -2122
-219205 -2314
-197723 -872
-197599 -1114
-222072 -15297
-221843 -15018
-213242 -11675
-213239 -12060
-219205 -2314
-219065 -2428
-197599 -1114
-197429 -1317
-221843 -15018
-221717 -14825
-213239 -12060
-213250 -12090
-219065 -2428
-218810 -2694
-197429 -1317
-197390 -1601
-221717 -14825
-221612 -14567
-213250 -12090
-213338 -12165
-218810 -2694
-218782 -2815
-197390 -1601
-197245 -1882
-211276 -15046
-211289 -14838
-222116 -9905
-222184 -9814
-226203 -8414
-226375 -8631
-198561 -7783
-198340 -7800
-211289 -14838
-211396 -14758
-222184 -9814
-222311 -9566
-226375 -8631
-226521 -8726
-218715 -3031
-218792 -3181
-198340 -7800
-198091 -7783
-211396 -14758
-211593 -14634
-222311 -9566
-222515 -9395
-226521 -8726
-226791 -8788
-218792 -3181
-218798 -3343
-198091 -7783
-198000 -7779
-211593 -14634
-211753 -14400
-222515 -9395
-222665 -9438
-218798 -3343
-218839 -3545
-226791 -8788
-226936 -8885
-198000 -7779
-197781 -7675
-211753 -14400
-211625 -14108
-222665 -9438
-222886 -9395
-218839 -3545
-218764 -3814
-226936 -8885
-227104 -8917
-197781 -7675
-197669 -7658
-211625 -14108
-211842 -13947
-222886 -9395
-223068 -9488
-218764 -3814
-218966 -3995
-227104 -8917
-227338 -8974
-197669 -7658
-197403 -7708
-211842 -13947
-211952 -13872
-223068 -9488
-223271 -9510
-218966 -3995
-219045 -4213
-227338 -8974
-227435 -8973
-197403 -7708
-197322 -7647
-211952 -13872
-212190 -14018
-223271 -9510
-223533 -9762
-219045 -4213
-219064 -4504
-227435 -8973
-227641 -8938
-197322 -7647
-197151 -7585
-212190 -14018
-212459 -14161
-223533 -9762
-223741 -9817
-219064 -4504
-219201 -4552
-227641 -8938
-227835 -8746
-197151 -7585
-197019 -7477
-212459 -14161
-212716 -14331
-223741 -9817
-223997 -9922
-219201 -4552
-219359 -4606
-227835 -8746
-227995 -8865
-197019 -7477
-196923 -7496
-212716 -14331
-212978 -14294
-223997 -9922
-224167 -9971
-219359 -4606
-219258 -4703
-227995 -8865
-228162 -8965
-196923 -7496
-196616 -7480
-212978 -14294
-213163 -14110
-224167 -9971
-224332 -9959
-219258 -4703
-219143 -4827
-228162 -8965
-228387 -8811
-196616 -7480
-196484 -7500
-224332 -9959
-224562 -10077
-219143 -4827
-219011 -5066
-228387 -8811
-228513 -8574
-196484 -7500
-196262 -7592
-224562 -10077
-224688 -10124
-219011 -5066
-219010 -5312
-228513 -8574
-228668 -8609
-201248 -7194
-201067 -7212
-224688 -10124
-224905 -10290
-219010 -5312
-218901 -5210
-213091 950
-212855 761
-228668 -8609
-228808 -8522
-201067 -7212
-200952 -7225
-224905 -10290
-224952 -10410
-218901 -5210
-218656 -5248
-212855 761
-212795 567
-228808 -8522
-228962 -8493
-200952 -7225
-200766 -7208
-224952 -10410
-224961 -10594
-217286 -7035
-217484 -7158
-218656 -5248
-218418 -5360
-212795 567
-212679 478
-228962 -8493
-229166 -8610
-200766 -7208
-200681 -7180
-224961 -10594
-224994 -10770
-217484 -7158
-217727 -7257
-218418 -5360
-218306 -5448
-212679 478
-212567 256
-229166 -8610
-229400 -8687
-200681 -7180
-200570 -7319
-229400 -8687
-229615 -8773
-212109 -12757
-212400 -12983
-224994 -10770
-225111 -11032
-217727 -7257
-217922 -7220
-218306 -5448
-218096 -5688
-212567 256
-212312 35
-200570 -7319
-200449 -7424
-229615 -8773
-229793 -8747
-212400 -12983
-212647 -13170
-225111 -11032
-225297 -11183
-217922 -7220
-218211 -7316
-218096 -5688
-218213 -5965
-212312 35
-212036 -134
-200449 -7424
-200274 -7516
-212647 -13170
-212764 -13361
-218211 -7316
-218421 -7550
-218213 -5965
-218226 -6193
-212036 -134
-212016 -310
-229793 -8747
-229919 -8802
-200274 -7516
-200236 -7769
-212764 -13361
-212593 -13604
-218421 -7550
-218441 -7739
-218226 -6193
-218250 -6288
-212016 -310
-211989 -465
-229919 -8802
-229950 -8801
-229950 -8801
-230061 -8781
-212593 -13604
-212663 -13795
-215663 -11295
-215526 -11172
-218441 -7739
-218644 -7854
-218250 -6288
-218237 -6511
-211989 -465
-212065 -585
-215526 -11172
-215270 -11051
