-239755 3600
-240683 4430
-249040 6242
-249783 6228
-242862 7918
-243077 7814
-252080 1958
-252125 2022
-233706 4399
-233590 4436
-230886 5678
-231072 5588
-230906 12506
-230755 12525
-230656 10577
-230848 10731
-249783 6228
-249813 6208
-243077 7814
-243198 7636
-252125 2022
-252154 2013
-240683 4430
-241515 4202
-233590 4436
-233369 4664
-231072 5588
-231289 5431
-230848 10731
-230977 10919
-230755 12525
-230508 12433
-249813 6208
-249885 6289
-243198 7636
-243309 7509
-252154 2013
-252165 247
-241515 4202
-241512 4435
-231289 5431
-231525 5244
-230977 10919
-231084 11057
-249885 6289
-250105 6369
-243309 7509
-243429 7286
-241512 4435
-241507 4523
-231525 5244
-231613 5011
-231084 11057
-231245 11213
-250105 6369
-250244 6389
-243429 7286
-243707 7285
-241507 4523
-241518 4771
-231613 5011
-231785 5003
-231245 11213
-231202 11331
-250244 6389
-250494 6375
-243707 7285
-243966 7343
-241518 4771
-241498 4904
-231785 5003
-231797 5174
-231202 11331
-231158 11533
-250494 6375
-250721 6278
-243966 7343
-244143 7082
-241498 4904
-241458 5195
-231797 5174
-231663 5467
-231158 11533
-231166 11638
-244143 7082
-244263 6950
-250721 6278
-250979 6279
-241458 5195
-241461 5304
-231663 5467
-231877 5423
-231166 11638
-231258 11893
-244263 6950
-244446 6836
-250979 6279
-251223 6174
-241461 5304
-241479 5561
-231877 5423
-232114 5286
-231258 11893
-231242 12184
-244446 6836
-244548 6607
-251223 6174
-251430 6196
-241479 5561
-241483 5715
-232114 5286
-232308 5135
-231242 12184
-231313 12314
-238745 2720
-239755 3600
-244548 6607
-244702 6599
-251430 6196
-251441 5400
-241483 5715
-241491 5899
-232308 5135
-232494 4894
-231313 12314
-231071 12600
-244702 6599
-244954 6840
-251441 5400
-251437 3909
-241491 5899
-241563 6144
-232494 4894
-232719 4699
-244954 6840
-245239 7078
-251437 3909
-251404 3883
-238745 2720
-238365 2812
-241563 6144
-241614 6364
-232719 4699
-232953 4571
-245239 7078
-245456 7125
-251404 3883
-251284 3866
-238365 2812
-238326 2814
-241614 6364
-241701 6577
-232953 4571
-233148 4432
-231071 12600
-231067 12816
-230400 8931
-230600 8993
-245456 7125
-245645 6978
-251284 3866
-250996 4032
-238326 2814
-238256 2763
-241701 6577
-241941 6692
-233148 4432
-233258 4608
-230670 5951
-230886 5678
-231067 12816
-231287 13061
-230600 8993
-230558 9213
-241941 6692
-242136 6717
-245645 6978
-245747 6700
-250996 4032
-250862 3877
-238256 2763
-238107 2695
-233258 4608
-233369 4664
-231287 13061
-231415 13237
-245747 6700
-245758 6580
-242136 6717
-242240 6840
-250862 3877
-250582 3980
-238107 2695
-237871 2835
-231415 13237
-231590 13404
-245758 6580
-245649 6382
-242240 6840
-242278 6937
-250582 3980
-250313 3888
-237871 2835
-237735 2925
-231590 13404
-231871 13558
-250313 3888
-250173 3918
-245649 6382
-245408 6376
-242278 6937
-242338 7206
-237735 2925
-237538 2904
-231871 13558
-232121 13621
-250173 3918
-250010 3903
-245408 6376
-245372 6302
-242338 7206
-242386 7483
-237538 2904
-237358 3106
-232121 13621
-232286 13832
-250010 3903
-249820 3871
-245372 6302
-245364 6272
-242386 7483
-242419 7749
-237358 3106
-237172 3247
-232286 13832
-232407 13928
-249820 3871
-249590 3948
-245364 6272
-245362 6235
-242419 7749
-242510 8030
-237172 3247
-236937 3429
-232407 13928
-232548 14180
-230510 10179
-230606 10263
-249590 3948
-249397 3842
-245362 6235
-248400 6237
-242510 8030
-242777 8041
-236937 3429
-236752 3504
-232548 14180
-232681 14312
-230606 10263
-230639 10368
-242777 8041
-242862 7918
-248400 6237
-249040 6242
-249397 3842
-249138 3637
-236752 3504
-236477 3600
-232681 14312
-232849 14460
-230639 10368
-230656 10577
-249138 3637
-249022 3457
-236477 3600
-236294 3603
-232849 14460
-232972 14704
-249022 3457
-249062 3297
-236294 3603
-236126 3610
-233369 4664
-233436 4512
-232972 14704
-233219 14951
-249062 3297
-248886 3159
-236126 3610
-235949 3513
-233436 4512
-233497 4278
-233219 14951
-233357 15205
-248886 3159
-248973 2944
-235949 3513
-235848 3225
-233497 4278
-233207 4029
-233357 15205
-233277 15424
-248973 2944
-248977 2738
-235848 3225
-235850 3015
-233277 15424
-233028 15346
-233207 4029
-233083 3903
-248977 2738
-248951 2558
-235850 3015
-235973 2790
-233083 3903
-232888 3731
-233028 15346
-232863 15263
-231071 12600
-230906 12506
-248951 2558
-249102 2296
-235973 2790
-236104 2574
-232888 3731
-232625 3652
-232863 15263
-232706 14996
-249102 2296
-249276 2193
-236104 2574
-235919 2374
-232625 3652
-232530 3552
-232706 14996
-232533 14812
-249276 2193
-249456 2201
-235919 2374
-235698 2459
-232530 3552
-232417 3352
-232533 14812
-232274 14820
-249456 2201
-249568 2279
-235698 2459
-235495 2693
-232417 3352
-232253 3231
-232274 14820
-232046 14838
-249568 2279
-249838 2359
-235495 2693
-235437 2872
-232253 3231
-232060 3097
-232046 14838
-231789 14895
-238675 1361
-238710 1631
-238710 1631
-238480 1842
-249838 2359
-249972 2556
-235437 2872
-235355 3059
-232060 3097
-231837 2830
-231789 14895
-231532 14874
-249972 2556
-250218 2597
-238480 1842
-238290 1920
-235355 3059
-235234 3218
-231837 2830
-231593 2652
-231532 14874
-231476 14885
-250218 2597
-250320 2462
-238290 1920
-238090 2055
-235234 3218
-234970 3397
-231593 2652
-231455 2625
-231476 14885
-231301 14868
-250320 2462
-250538 2301
-238090 2055
-238124 2256
-234970 3397
-234812 3340
-233889 4383
-233706 4399
-231455 2625
-231289 2551
-231301 14868
-231165 14815
-250538 2301
-250730 2380
-238124 2256
-238331 2404
-234812 3340
-234589 3493
-231289 2551
-231018 2401
-231165 14815
-231003 14862
-250730 2380
-250916 2352
-238331 2404
-238582 2568
-234589 3493
-234600 3698
-231018 2401
-230769 2164
-231003 14862
-230790 14709
-250916 2352
-251098 2241
-238582 2568
-238745 2720
-234600 3698
-234549 3888
-230769 2164
-230666 1926
-230790 14709
-230739 14555
-230519 6999
-230629 6836
-251098 2241
-251324 2099
-234549 3888
-234543 4021
-230666 1926
-230588 1681
-230739 14555
-230671 14400
-230629 6836
-230633 6642
-251324 2099
-251530 2089
-234543 4021
-234316 4127
-230671 14400
-230400 14129
-230633 6642
-230607 6528
-230588 1681
-230543 1458
-251530 2089
-251661 2094
-234316 4127
-234078 4015
-230607 6528
-230633 6265
-251661 2094
-251838 2006
-234078 4015
-233891 4224
-230633 6265
-230639 6150
-251838 2006
-251980 1973
-233891 4224
-233889 4383
-230639 6150
-230670 5951
-251980 1973
-252080 1958
