-190069 -116186
-189943 -115916
-184443 -113228
-184224 -113370
-185941 -109440
-185530 -109440
-183016 -106980
-182889 -106840
-180147 -106132
-180120 -105922
-182950 -104541
-183240 -104656
-189943 -115916
-189770 -115814
-182987 -112243
-183263 -112517
-185530 -109440
-185529 -109482
-182889 -106840
-182899 -106619
-183240 -104656
-183215 -104819
-193655 -106319
-193475 -106199
-183263 -112517
-183360 -112597
-182254 -109448
-182281 -109412
-181136 -106844
-180990 -106930
-190096 -104559
-190047 -104819
-193475 -106199
-193273 -106079
-194205 -115039
-194048 -115125
-183360 -112597
-183479 -112688
-182281 -109412
-182541 -109281
-180990 -106930
-180805 -107009
-187900 -104818
-187963 -104740
-194048 -115125
-193893 -115184
-183479 -112688
-183686 -112853
-182541 -109281
-182609 -109308
-188281 -106822
-188126 -106919
-187900 -104818
-187745 -104703
-193893 -115184
-193799 -115361
-183686 -112853
-183930 -113077
-188126 -106919
-187924 -106810
-184932 -104647
-184894 -104746
-193799 -115361
-193583 -115464
-183930 -113077
-184090 -113235
-187924 -106810
-187632 -107004
-186541 -106304
-186496 -106267
-184894 -104746
-184607 -104812
-193583 -115464
-193423 -115685
-184090 -113235
-184224 -113370
-183604 -109416
-183762 -109228
-181665 -106832
-181376 -106989
-186496 -106267
-186336 -106259
-184607 -104812
-184629 -104772
-193423 -115685
-193351 -115875
-184248 -112041
-184199 -112260
-183762 -109228
-183680 -109020
-181376 -106989
-181285 -106971
-186336 -106259
-186085 -106222
-184629 -104772
-184635 -104764
-193351 -115875
-193234 -116048
-184199 -112260
-184179 -112363
-183680 -109020
-183826 -108931
-181285 -106971
-181136 -106844
-185024 -106288
-185287 -106202
-184635 -104764
-184322 -104747
-193234 -116048
-193136 -115858
-184179 -112363
-184173 -112613
-186038 -109039
-185934 -109221
-190933 -106767
-190817 -106914
-185060 -105953
-185037 -106184
-184322 -104747
-184322 -104727
-193136 -115858
-192890 -115751
-184173 -112613
-184245 -112903
-185934 -109221
-186048 -109381
-190817 -106914
-190544 -106981
-185037 -106184
-185024 -106288
-184322 -104727
-183995 -104707
-192890 -115751
-192659 -115832
-184245 -112903
-184302 -113030
-189085 -108999
-189017 -109130
-190544 -106981
-190580 -106742
-181266 -106186
-181060 -105993
-183995 -104707
-183996 -104548
-192659 -115832
-192642 -115875
-184302 -113030
-184443 -113228
-189017 -109130
-188968 -109330
-190580 -106742
-190661 -106566
-181060 -105993
-181060 -106163
-187745 -104703
-187570 -104758
-192642 -115875
-192611 -115882
-188968 -109330
-188697 -109321
-190661 -106566
-190725 -106403
-181060 -106163
-180920 -106188
-187570 -104758
-187363 -104606
-192611 -115882
-192589 -115881
-188697 -109321
-188634 -109359
-183911 -106715
-183912 -106849
-180920 -106188
-180662 -106178
-186166 -104722
-186087 -104747
-192589 -115881
-192058 -115866
-188634 -109359
-188434 -109292
-183912 -106849
-183870 -106869
-186087 -104747
-186056 -104729
-192058 -115866
-192030 -115901
-192569 -106265
-192316 -106228
-191241 -115197
-191534 -115425
-189566 -108754
-189426 -108996
-183870 -106869
-183621 -106945
-187963 -104740
-187991 -104514
-192316 -106228
-192178 -106181
-189426 -108996
-189367 -109235
-183621 -106945
-183585 -106940
-178248 -104731
-178646 -104460
-191534 -115425
-191671 -115670
-192569 -106265
-192676 -106101
-189367 -109235
-189221 -109295
-183274 -106256
-183271 -106201
-177436 -103967
-177588 -104090
-191671 -115670
-191834 -115847
-189221 -109295
-189165 -109175
-182571 -106243
-182478 -106139
-177588 -104090
-177751 -104233
-191834 -115847
-192030 -115901
-187480 -115723
-187521 -115826
-189165 -109175
-189085 -108999
-184239 -106174
-183997 -106227
-177751 -104233
-177933 -104409
-187521 -115826
-187575 -115670
-186038 -109039
-186228 -109163
-183818 -106088
-183997 -106227
-177933 -104409
-178170 -104652
-187575 -115670
-187560 -115531
-186228 -109163
-186403 -109210
-186002 -106080
-186085 -106222
-178170 -104652
-178248 -104731
-187560 -115531
-187433 -115378
-184544 -105453
-184327 -105524
-187433 -115378
-187543 -115192
-187036 -106956
-187090 -106680
-184327 -105524
-184242 -105568
-187543 -115192
-187602 -115000
-187036 -106956
-186932 -106898
-186609 -105631
-186399 -105474
-193199 -111030
-193470 -110788
-187602 -115000
-187721 -114897
-186932 -106898
-186739 -106750
-184242 -105568
-184080 -105594
-193470 -110788
-193751 -110701
-187721 -114897
-188004 -114738
-186739 -106750
-186475 -106611
-184080 -105594
-183941 -105503
-193965 -109776
-194225 -110023
-188004 -114738
-188017 -114811
-183941 -105503
-183716 -105458
-192731 -106937
-192931 -106846
-194225 -110023
-194346 -110217
-188017 -114811
-188016 -114650
-183716 -105458
-183547 -105553
-192931 -106846
-193027 -106737
-194346 -110217
-194453 -110408
-188016 -114650
-187990 -114438
-188260 -105431
-188095 -105527
-193027 -106737
-193047 -106507
-194453 -110408
-194679 -110500
-189770 -115814
-189661 -115787
-182457 -106832
-182278 -106867
-188095 -105527
-187846 -105595
-194679 -110500
-194920 -110629
-189661 -115787
-189438 -115710
-182278 -106867
-182178 -106920
-187846 -105595
-187796 -105522
-194920 -110629
-194941 -110763
-187480 -115723
-187381 -115475
-182178 -106920
-181889 -106807
-187796 -105522
-187942 -105241
-187381 -115475
-187350 -115276
-186108 -110483
-185884 -110699
-181889 -106807
-181665 -106832
-187942 -105241
-188094 -105110
-187350 -115276
-187392 -115127
-183788 -106615
-183623 -106746
-193751 -110701
-193668 -110464
-192380 -105620
-192404 -105386
-187392 -115127
-187267 -114941
-183623 -106746
-183585 -106940
-193668 -110464
-193654 -110264
-192404 -105386
-192477 -105293
-187267 -114941
-187464 -114761
-183585 -106940
-183405 -106895
-193654 -110264
-193545 -110114
-192477 -105293
-192396 -105101
-187464 -114761
-187519 -114586
-190884 -105617
-190912 -105378
-193545 -110114
-193475 -109844
-192731 -106937
-192707 -106928
-187519 -114586
-187371 -114529
-190912 -105378
-190850 -105336
-192707 -106928
-192736 -106699
-187371 -114529
-187124 -114589
-190850 -105336
-190605 -105332
-192736 -106699
-192520 -106604
-187124 -114589
-186980 -114676
-190605 -105332
-190632 -105291
-192707 -106928
-192322 -106747
-186980 -114676
-186695 -114730
-190632 -105291
-190501 -105068
-192322 -106747
-192308 -106726
-186695 -114730
-186660 -114500
-189116 -105592
-189083 -105418
-192308 -106726
-192233 -106664
-186660 -114500
-186692 -114480
-189083 -105418
-189042 -105268
-192233 -106664
-192180 -106673
-186692 -114480
-186648 -114474
-185868 -110681
-185884 -110699
-187266 -105547
-187110 -105499
-186648 -114474
-186487 -114433
-187110 -105499
-186924 -105438
-191566 -109624
-191602 -109776
-186403 -109210
-186642 -109024
-182714 -107989
-182608 -107932
-192401 -104709
-192633 -104514
-186056 -104729
-185861 -104474
-193552 -112720
-193273 -112811
-194235 -108745
-194486 -108947
-193928 -107978
-194177 -107948
-186330 -104387
-186212 -104541
-193273 -112811
-193095 -112867
-194486 -108947
-194267 -109220
-194177 -107948
-194391 -107947
-188400 -108591
-188214 -108547
-186212 -104541
-186166 -104722
-192598 -112158
-192673 -112371
-194391 -107947
-194598 -107677
-188214 -108547
-188208 -108799
-192673 -112371
-192809 -112488
-191382 -104114
-191344 -104401
-194598 -107677
-194874 -107716
-188208 -108799
-188031 -108941
-192809 -112488
-192970 -112635
-191344 -104401
-191568 -104292
-194874 -107716
-195142 -107708
-188031 -108941
-187786 -109157
-192970 -112635
-193095 -112867
-191568 -104292
-191701 -104190
-188081 -111543
-188203 -111750
-184541 -106206
-184572 -106190
-193501 -109156
-193662 -108900
-191701 -104190
-191974 -104438
-188203 -111750
-188313 -111941
-187770 -108684
-187795 -108916
-185715 -107790
-185462 -107746
-184541 -106206
-184491 -106184
-191974 -104438
-192114 -104312
-188313 -111941
-188531 -112069
-187795 -108916
-187786 -109157
-185462 -107746
-185252 -107853
-184491 -106184
-184239 -106174
-192114 -104312
-192296 -104536
-188531 -112069
-188680 -112178
-184780 -108813
-184588 -108893
-185252 -107853
-185049 -107954
-185287 -106202
-185314 -105973
-192296 -104536
-192401 -104709
-188680 -112178
-188789 -112461
-184588 -108893
-184500 -109126
-185049 -107954
-184854 -107868
-189980 -105999
-189779 -105989
-185313 -104464
-185557 -104530
-188789 -112461
-188781 -112640
-181388 -108339
-181443 -108515
-184854 -107868
-184701 -107830
-189779 -105989
-189644 -106201
-185557 -104530
-185771 -104583
-188781 -112640
-188720 -112806
-181443 -108515
-181315 -108693
-180550 -107951
-180544 -107693
-183271 -106201
-183343 -105969
-185771 -104583
-185861 -104474
-181315 -108693
-181229 -108730
-180544 -107693
-180269 -107580
-183343 -105969
-183600 -105877
-181229 -108730
-180968 -108797
-180550 -107951
-180428 -107911
-182904 -105967
-183083 -106120
-180968 -108797
-180965 -108830
-182608 -107932
-182469 -107724
-183083 -106120
-183271 -106201
-180965 -108830
-180959 -108911
-182469 -107724
-182444 -107568
-190077 -106200
-189980 -105999
-180959 -108911
-180906 -109100
-182444 -107568
-182485 -107412
-184747 -106188
-184572 -106190
-180609 -108356
-180694 -108566
-182485 -107412
-182516 -107257
-184572 -106190
-184388 -105959
-180694 -108566
-180800 -108837
-180269 -107580
-180390 -107832
-184388 -105959
-184309 -105870
-180800 -108837
-180906 -109100
-180390 -107832
-180428 -107911
-184747 -106188
-184787 -105937
-183908 -107893
-183865 -107877
-187102 -106183
-187371 -106089
-179844 -104642
-180000 -104648
-185544 -112004
-185689 -112061
-191248 -107887
-191139 -107779
-187102 -106183
-187042 -105916
-190641 -104616
-190443 -104577
-186487 -114433
-186352 -114427
-178962 -105569
-179249 -105426
-190443 -104577
-190326 -104546
-186352 -114427
-186151 -114421
-184876 -105581
-184875 -105458
-190326 -104546
-190096 -104559
-186151 -114421
-185873 -114270
-184428 -106614
-184297 -106847
-184875 -105458
-185358 -105456
-187363 -104644
-187121 -104620
-185873 -114270
-185778 -114190
-183405 -106895
-183339 -106827
-185358 -105456
-185357 -105394
-187121 -104620
-186933 -104669
-185778 -114190
-185597 -113976
-184297 -106847
-184183 -106818
-184566 -105522
-184694 -105559
-186933 -104669
-186918 -104439
-185597 -113976
-185527 -113864
-181266 -106186
-181268 -106377
-184694 -105559
-184876 -105581
-180000 -104648
-179814 -104377
-185527 -113864
-185368 -113649
-181268 -106377
-181218 -106589
-179814 -104377
-179822 -104119
-185368 -113649
-185272 -113560
-181218 -106589
-181136 -106844
-185070 -104602
-184932 -104647
-185272 -113560
-185106 -113302
-181557 -106333
-181721 -106531
-184932 -104647
-184888 -104612
-185106 -113302
-184887 -113502
-181721 -106531
-181723 -106647
-187363 -104606
-187363 -104644
-184887 -113502
-184664 -113386
-181723 -106647
-181665 -106832
-184888 -104612
-184685 -104561
-184664 -113386
-184443 -113228
-182457 -106832
-182300 -106608
-184685 -104561
-184535 -104532
-187480 -115723
-187227 -115461
-186052 -108658
-186024 -108879
-182300 -106608
-182258 -106416
-190160 -105565
-190431 -105534
-184535 -104532
-184493 -104557
-187227 -115461
-187018 -115253
-186024 -108879
-186038 -109039
-183260 -106672
-183339 -106827
-190431 -105534
-190376 -105295
-184493 -104557
-184590 -104509
-187018 -115253
-186730 -115003
-186642 -109024
-186579 -108865
-188764 -105762
-188473 -105935
-190376 -105295
-190380 -105141
-184590 -104509
-184562 -104263
-186730 -115003
-186560 -114885
-186579 -108865
-186658 -108734
-188473 -105935
-188484 -106087
-178962 -105569
-178753 -105298
-190641 -104616
-190571 -104484
-186560 -114885
-186348 -114759
-186658 -108734
-186536 -108470
-188484 -106087
-188391 -106307
-190571 -104484
-190736 -104416
-186348 -114759
-186053 -114609
-186536 -108470
-186532 -108387
-188391 -106307
-188367 -106442
-190736 -104416
-190918 -104279
-186053 -114609
-185995 -114584
-186532 -108387
-186517 -108343
-188367 -106442
-188321 -106486
-185070 -104602
-185313 -104464
-185995 -114584
-185839 -114511
-186517 -108343
-186427 -108270
-188321 -106486
-188272 -106739
-184824 -104268
-184982 -104421
-185839 -114511
-185687 -114435
-186427 -108270
-186245 -108217
-188272 -106739
-188281 -106822
-184982 -104421
-184888 -104612
-185687 -114435
-185428 -114290
-186245 -108217
-186051 -108036
-184183 -106818
-184092 -106698
-187525 -104328
-187363 -104606
-185428 -114290
-185148 -114117
-190096 -104559
-189885 -104481
-185148 -114117
-185008 -114016
-189085 -108999
-189127 -108851
-189885 -104481
-189772 -104413
-185689 -112061
-185887 -112224
-191139 -107779
-191149 -107739
-191602 -109776
-191623 -109958
-192178 -106181
-192001 -106182
-185887 -112224
-185912 -112404
-191149 -107739
-191192 -107466
-191623 -109958
-191630 -110207
-192001 -106182
-191876 -106171
-185912 -112404
-185845 -112561
-183416 -107876
-183539 -107875
-180662 -106178
-180731 -106038
-191630 -110207
-191518 -110439
-185845 -112561
-186091 -112560
-183539 -107875
-183729 -107880
-180731 -106038
-180874 -105909
-191518 -110439
-191576 -110698
-186091 -112560
-186312 -112602
-185367 -109807
-185428 -109939
-183729 -107880
-183865 -107877
-180874 -105909
-180773 -105814
-186312 -112602
-186519 -112626
-185428 -109939
-185541 -110180
-184054 -107833
-184191 -107876
-180773 -105814
-180901 -105598
-186438 -112042
-186443 -112236
-185541 -110180
-185624 -110359
-184191 -107876
-184440 -107775
-191752 -106014
-191617 -106076
-186443 -112236
-186400 -112420
-185624 -110359
-185703 -110557
-183908 -107893
-184054 -107833
-191617 -106076
-191532 -106084
-186400 -112420
-186519 -112626
-185703 -110557
-185868 -110681
-191712 -107850
-191574 -107867
-191532 -106084
-191287 -106178
-191138 -105732
-191098 -106005
-191574 -107867
-191412 -107866
-191098 -106005
-191124 -106053
-191412 -107866
-191248 -107887
-183865 -107877
-183833 -107640
-191124 -106053
-191160 -106075
-183833 -107640
-183958 -107524
-191160 -106075
-191287 -106178
-186415 -107851
-186213 -107807
-184239 -106174
-184199 -105967
-194189 -111523
-194207 -111694
-187304 -107841
-187152 -107758
-191876 -106171
-191752 -106014
-194207 -111694
-194473 -111856
-187152 -107758
-187001 -107720
-187371 -106089
-187426 -106121
-194473 -111856
-194679 -111932
-187001 -107720
-186829 -107805
-187426 -106121
-187713 -106139
-194679 -111932
-194793 -112038
-186829 -107805
-186686 -107851
-187756 -106121
-187713 -106139
-194793 -112038
-195015 -112063
-186686 -107851
-186415 -107851
-182478 -106139
-182447 -105895
-185732 -106111
-186002 -106080
-192777 -107517
-192540 -107573
-192540 -107573
-192363 -107665
-194757 -106056
-195003 -106110
-188434 -109292
-188451 -109449
-192363 -107665
-192201 -107767
-188451 -109449
-188499 -109587
-187989 -106036
-187756 -106121
-191397 -111683
-191524 -111833
-192201 -107767
-191979 -107792
-188499 -109587
-188474 -109848
-185716 -106113
-185732 -106111
-191524 -111833
-191598 -111998
-191979 -107792
-191712 -107850
-189127 -108851
-189187 -108678
-185904 -105900
-185732 -106111
-189772 -104413
-189726 -104391
-191598 -111998
-191767 -112085
-189187 -108678
-189160 -108529
-183818 -106088
-183710 -105996
-189726 -104391
-189729 -104388
-191767 -112085
-191905 -112193
-189160 -108529
-189081 -108377
-189729 -104388
-189757 -103640
-191905 -112193
-192048 -112272
-192676 -106101
-192717 -105832
-189081 -108377
-188916 -108381
-185137 -106753
-185005 -106749
-192048 -112272
-192053 -112501
-192717 -105832
-192585 -105693
-190315 -111318
-190410 -111576
-188916 -108381
-188775 -108325
-191007 -106445
-190991 -106623
-192585 -105693
-192380 -105620
-190410 -111576
-190593 -111838
-188775 -108325
-188576 -108344
-190991 -106623
-190933 -106767
-187929 -105928
-187684 -105938
-184265 -104191
-184037 -104338
-190593 -111838
-190549 -111966
-188576 -108344
-188400 -108591
-184595 -106766
-184863 -106706
-187684 -105938
-187555 -105951
-184037 -104338
-183996 -104548
-190549 -111966
-190532 -112164
-185545 -108990
-185368 -108931
-184863 -106706
-185005 -106749
-187555 -105951
-187371 -106089
-184041 -103953
-183842 -104036
-190532 -112164
-190492 -112298
-185368 -108931
-185151 -108918
-184604 -106498
-184595 -106766
-186002 -106080
-186086 -105964
-183842 -104036
-183671 -104147
-190492 -112298
-190513 -112498
-185151 -108918
-184981 -108824
-185261 -106440
-185223 -106661
-183671 -104147
-183478 -104199
-193501 -105740
-193391 -105835
-182987 -112243
-183363 -112128
-184981 -108824
-184780 -108813
-185223 -106661
-185137 -106753
-183478 -104199
-183372 -104384
-193391 -105835
-193273 -106079
-183363 -112128
-183392 -112175
-185545 -108990
-185697 -108762
-185005 -106749
-184988 -106499
-183372 -104384
-183431 -104452
-194757 -106056
-194487 -105857
-183392 -112175
-183403 -112187
-184575 -108137
-184432 -108206
-180662 -106178
-180615 -106299
-183431 -104452
-183622 -104493
-183403 -112187
-183693 -112253
-184432 -108206
-184537 -108381
-180615 -106299
-180609 -106537
-183622 -104493
-183764 -104516
-183693 -112253
-183802 -112159
-184537 -108381
-184432 -108585
-180609 -106537
-180600 -106645
-183764 -104516
-183996 -104548
-183802 -112159
-183875 -112128
-184432 -108585
-184238 -108789
-180600 -106645
-180518 -106680
-188336 -105811
-188200 -105907
-183875 -112128
-184034 -112121
-184238 -108789
-184147 -108892
-180518 -106680
-180479 -106709
-188200 -105907
-187989 -106036
-184034 -112121
-184248 -112041
-184147 -108892
-183988 -108900
-180479 -106709
-180427 -106733
-187929 -105928
-187989 -106036
-188081 -111543
-187821 -111600
-183906 -108166
-183946 -108378
-180427 -106733
-180175 -106748
-183710 -105996
-183921 -106017
-187821 -111600
-187618 -111594
-183946 -108378
-183952 -108459
-179764 -106646
-180042 -106662
-183921 -106017
-184057 -105833
-187618 -111594
-187723 -111776
-183952 -108459
-183824 -108651
-180042 -106662
-180175 -106748
-184057 -105833
-184199 -105967
-188983 -104528
-189003 -104258
-187723 -111776
-187648 -111948
-183824 -108651
-183826 -108931
-185967 -106717
-186097 -106600
-189003 -104258
-188884 -104060
-187648 -111948
-187401 -112175
-183988 -108900
-183826 -108931
-186097 -106600
-186302 -106663
-188884 -104060
-188611 -103998
-187401 -112175
-187268 -112171
-186302 -106663
-186475 -106611
-188611 -103998
-188432 -103972
-185008 -114016
-184983 -113996
-188474 -109848
-188418 -110031
-187573 -107801
-187304 -107841
-184983 -113996
-184858 -113908
-188418 -110031
-188426 -110216
-183547 -105553
-183408 -105455
-184858 -113908
-184500 -113641
-188426 -110216
-188407 -110488
-183408 -105455
-183203 -105435
-184500 -113641
-184224 -113370
-186822 -110064
-186606 -110288
-187266 -105547
-187313 -105341
-188708 -115257
-188774 -115420
-186606 -110288
-186508 -110266
-184566 -105522
-184544 -105453
-188774 -115420
-189000 -115378
-186508 -110266
-186299 -110429
-189755 -105499
-189625 -105238
-189000 -115378
-189163 -115557
-186299 -110429
-186108 -110483
-186399 -105474
-186319 -105198
-189163 -115557
-189438 -115710
-185971 -109865
-185957 -110035
-184041 -107517
-184007 -107696
-186319 -105198
-186291 -105144
-191241 -115197
-190840 -115200
-185957 -110035
-185967 -110177
-184007 -107696
-184054 -107833
-180533 -105208
-180766 -105343
-190840 -115200
-190845 -115209
-185967 -110177
-185986 -110310
-184701 -107830
-184574 -107752
-180766 -105343
-180962 -105444
-190845 -115209
-190845 -115255
-185986 -110310
-186108 -110483
-186213 -107807
-186173 -107816
-180962 -105444
-181136 -105342
-190845 -115255
-190809 -115297
-186173 -107816
-185907 -107809
-181136 -105342
-181284 -105079
-191566 -109624
-191482 -109783
-190809 -115297
-190706 -115302
-185907 -107809
-185715 -107790
-181284 -105079
-181285 -104819
-191482 -109783
-191457 -109901
-190706 -115302
-190458 -115322
-186213 -107807
-186314 -107634
-186840 -105460
-186924 -105438
-191457 -109901
-191311 -110056
-190458 -115322
-190329 -115359
-191311 -110056
-191175 -110213
-186314 -107634
-186179 -107496
-186840 -105460
-186664 -105215
-190329 -115359
-190095 -115456
-191175 -110213
-191072 -110300
-187885 -107394
-187899 -107665
-186664 -105215
-186789 -105013
-190095 -115456
-190058 -115575
-191072 -110300
-191010 -110348
-187899 -107665
-187840 -107758
-184544 -105453
-184548 -105264
-190058 -115575
-190029 -115576
-191010 -110348
-191005 -110402
-187840 -107758
-187573 -107801
-184548 -105264
-184592 -105111
-190029 -115576
-190024 -115489
-191005 -110402
-190712 -110173
-184574 -107752
-184440 -107775
-184592 -105111
-184571 -104976
-190024 -115489
-190013 -115473
-187768 -109590
-187722 -109800
-184440 -107775
-184432 -107502
-184571 -104976
-184607 -104812
-190013 -115473
-190011 -115428
-187722 -109800
-187713 -109940
-184574 -107752
-184789 -107664
-179252 -105428
-179455 -105289
-190011 -115428
-189582 -114840
-187713 -109940
-187475 -110059
-184789 -107664
-184918 -107411
-179455 -105289
-179598 -105187
-189582 -114840
-189369 -114972
-187475 -110059
-187294 -110251
-179598 -105187
-179840 -105116
-189369 -114972
-189194 -115010
-187294 -110251
-187097 -110289
-187069 -105278
-186924 -105438
-187268 -112171
-187229 -111972
-183203 -105435
-183094 -105293
-188432 -103972
-188279 -103949
-187229 -111972
-186957 -111992
-188771 -105163
-188496 -105343
-178913 -104475
-179159 -104519
-181199 -109800
-181325 -110000
-189865 -107660
-190111 -107708
-188496 -105343
-188260 -105431
-191752 -106014
-191628 -105862
-192633 -104514
-192834 -104268
-181325 -110000
-181443 -110154
-190111 -107708
-190199 -107684
-189980 -105999
-189915 -105709
-179249 -105426
-179252 -105428
-192633 -104514
-192498 -104294
-181443 -110154
-181620 -110378
-190199 -107684
-190289 -107630
-179444 -105944
-179289 -105996
-179249 -105426
-179249 -105426
-192498 -104294
-192402 -104045
-181620 -110378
-181766 -110591
-190289 -107630
-190436 -107435
-179289 -105996
-179150 -105825
-179249 -105426
-178966 -105144
-192402 -104045
-192196 -103955
-181766 -110591
-182006 -110941
-190436 -107435
-190529 -107195
-179150 -105825
-179032 -105688
-185357 -105394
-185360 -105108
-192196 -103955
-192046 -103928
-182006 -110941
-182132 -111109
-190529 -107195
-190544 -106981
-179032 -105688
-178962 -105569
-187313 -105341
-187358 -105307
-182132 -111109
-182280 -111294
-189865 -107660
-189907 -107547
-183710 -105996
-183600 -105877
-187358 -105307
-187607 -105311
-182280 -111294
-182476 -111564
-189907 -107547
-189857 -107355
-182447 -105895
-182687 -105881
-187607 -105311
-187701 -105148
-182476 -111564
-182576 -111722
-189857 -107355
-189637 -107274
-182687 -105881
-182779 -105892
-187701 -105148
-187773 -105169
-187991 -104514
-188019 -104292
-182576 -111722
-182721 -111939
-189637 -107274
-189455 -107255
-182779 -105892
-182904 -105967
-187313 -105341
-187069 -105278
-179526 -103968
-179354 -104012
-182721 -111939
-182885 -112135
-189455 -107255
-189295 -107236
-180120 -105922
-179926 -105988
-179354 -104012
-179195 -104100
-182885 -112135
-182987 -112243
-179926 -105988
-179743 -105900
-179195 -104100
-179152 -104204
-193146 -107614
-192946 -107546
-194158 -105300
-194109 -105192
-179743 -105900
-179626 -105796
-179152 -104204
-178913 -104475
-192394 -111468
-192531 -111722
-192946 -107546
-192777 -107517
-180269 -107580
-180224 -107488
-185185 -105954
-185060 -105953
-178646 -104460
-178913 -104475
-192531 -111722
-192551 -111916
-188917 -107372
-189026 -107459
-185314 -105973
-185185 -105954
-186059 -104133
-185833 -104290
-192551 -111916
-192598 -112158
-186957 -111992
-186856 -111753
-189026 -107459
-189295 -107236
-185833 -104290
-185861 -104474
-186856 -111753
-186720 -111815
-188424 -107216
-188330 -107393
-186918 -104439
-186730 -104443
-186720 -111815
-186620 -111951
-188330 -107393
-188307 -107524
-185699 -105865
-185526 -105951
-186730 -104443
-186505 -104429
-186620 -111951
-186438 -112042
-188307 -107524
-188120 -107466
-185526 -105951
-185314 -105973
-185313 -104464
-185228 -104300
-193662 -108900
-193830 -108850
-187554 -111268
-187319 -111296
-188120 -107466
-187885 -107394
-185228 -104300
-185288 -104108
-193830 -108850
-194034 -108807
-192380 -105620
-192117 -105679
-187319 -111296
-187084 -111348
-184041 -107517
-183964 -107522
-178646 -104460
-178571 -104263
-192117 -105679
-192046 -105785
-194034 -108807
-194235 -108745
-187084 -111348
-187019 -111379
-183958 -107524
-183964 -107522
-178571 -104263
-178522 -104164
-192046 -105785
-192005 -105882
-189194 -115010
-189024 -115070
-186924 -110124
-187097 -110289
-189024 -115070
-188972 -115177
-188972 -115177
-188708 -115257
-188539 -114478
-188603 -114666
-188603 -114666
-188628 -114783
-188628 -114783
-188655 -115057
-190391 -109798
-190457 -110029
-188655 -115057
-188708 -115257
-190457 -110029
-190712 -110173
-183911 -106715
-183788 -106615
-190503 -114794
-190669 -114854
-185910 -106687
-185967 -106717
-190669 -114854
-190836 -114871
-184072 -106699
-183911 -106715
-190836 -114871
-191057 -114979
-186924 -110124
-186877 -109430
-184092 -106698
-184072 -106699
-191057 -114979
-191241 -115197
-186877 -109430
-186868 -109421
-184023 -106383
-184080 -106586
-186868 -109421
-186862 -109399
-184080 -106586
-184072 -106699
-194401 -114897
-194205 -115039
-186862 -109399
-186806 -109399
-184092 -106698
-184297 -106616
-194087 -114675
-194215 -114907
-186806 -109399
-186652 -109284
-192180 -106673
-192100 -106695
-194215 -114907
-194205 -115039
-186652 -109284
-186642 -109024
-191876 -106171
-191967 -106380
-186822 -110064
-186924 -110124
-191967 -106380
-191904 -106516
-186822 -110064
-186327 -109767
-191904 -106516
-192100 -106695
-186327 -109767
-186323 -109777
-185986 -106523
-185910 -106687
-186323 -109777
-186330 -109807
-183083 -106495
-183260 -106672
-185971 -109865
-185761 -109901
-187090 -106680
-187312 -106594
-185761 -109901
-185487 -109834
-187312 -106594
-187561 -106380
-187090 -106680
-187039 -106589
-183260 -106672
-183407 -106385
-192180 -106673
-192219 -106647
-187019 -111379
-186763 -111317
-183889 -107385
-183958 -107524
-178966 -105144
-178753 -105298
-178522 -104164
-178326 -104098
-192005 -105882
-191971 -105936
-186763 -111317
-186723 -111406
-183964 -107522
-184250 -107384
-178753 -105298
-178551 -105063
-186918 -104439
-186887 -104209
-192707 -120959
-192699 -121211
-191971 -105936
-191934 -105970
-186723 -111406
-186583 -111667
-184432 -107502
-184236 -107518
-178551 -105063
-178379 -104871
-186505 -104429
-186330 -104387
-192714 -121275
-192715 -121280
-191934 -105970
-191924 -105972
-186583 -111667
-186536 -111749
-184236 -107518
-184116 -107513
-178379 -104871
-178248 -104731
-192715 -121280
-192386 -121295
-191924 -105972
-191920 -105971
-186536 -111749
-186473 -111952
-184116 -107513
-184041 -107517
-192386 -121295
-192388 -121301
-192746 -106471
-192520 -106604
-191920 -105971
-191628 -105862
-194793 -105296
-194654 -105130
-186473 -111952
-186438 -112042
-184199 -105967
-184309 -105870
-192388 -121301
-192384 -121313
-192777 -107517
-192823 -107358
-192520 -106604
-192366 -106555
-194654 -105130
-194519 -104857
-182469 -109800
-182461 -109893
-183203 -105435
-183039 -105696
-192384 -121313
-192301 -121493
-192823 -107358
-192773 -107226
-192366 -106555
-192219 -106647
-194519 -104857
-194282 -104951
-182461 -109893
-182462 -109950
-186330 -109807
-186176 -109898
-183039 -105696
-182904 -105967
-192301 -121493
-192148 -121477
-192773 -107226
-192731 -106937
-192178 -106181
-192137 -106455
-194282 -104951
-194109 -105192
-182462 -109950
-182444 -110191
-186176 -109898
-185971 -109865
-186179 -107496
-186369 -107497
-186086 -105964
-186083 -105803
-183215 -104819
-183023 -105012
-186413 -104165
-186330 -104387
-192148 -121477
-192048 -121413
-192137 -106455
-192152 -106517
-182444 -110191
-182470 -110448
-186369 -107497
-186517 -107491
-186086 -105964
-185904 -105900
-183023 -105012
-183094 -105293
-192048 -121413
-191763 -121226
-192152 -106517
-192219 -106647
-182470 -110448
-182483 -110542
-186517 -107491
-186781 -107298
-179710 -106565
-179764 -106646
-184787 -105937
-184608 -105865
-189042 -105268
-188771 -105163
-191763 -121226
-191670 -121159
-182483 -110542
-182517 -110637
-186781 -107298
-186992 -107130
-185185 -105954
-185339 -105840
-187069 -105278
-187212 -105000
-191670 -121159
-191447 -120996
-182517 -110637
-182609 -110816
-184250 -107384
-184432 -107502
-185339 -105840
-185504 -105881
-189625 -105238
-189388 -105209
-191447 -120996
-191203 -120792
-191203 -120792
-190918 -120568
-182609 -110816
-182845 -110982
-185967 -106717
-186105 -106825
-184297 -106616
-184428 -106614
-185504 -105881
-185699 -105865
-189388 -105209
-189263 -105209
-190918 -120568
-190908 -120556
-182845 -110982
-182958 -111057
-186105 -106825
-186198 -107083
-182899 -106619
-183083 -106495
-185060 -105953
-185081 -105876
-189263 -105209
-189042 -105268
-190908 -120556
-190888 -120545
-182958 -111057
-183141 -111164
-186198 -107083
-186322 -107313
-182571 -106243
-182493 -106513
-180533 -105208
-180339 -105117
-190888 -120545
-190604 -120319
-183141 -111164
-183245 -111247
-186322 -107313
-186179 -107496
-182493 -106513
-182638 -106521
-190604 -120319
-190396 -120151
-183245 -111247
-183481 -111224
-180224 -107488
-180395 -107237
-182638 -106521
-182899 -106619
-190396 -120151
-190139 -119948
-183481 -111224
-183436 -111412
-180062 -107178
-180162 -107364
-184297 -106616
-184345 -106410
-189900 -104917
-189669 -105072
-188021 -104286
-187829 -104208
-190139 -119948
-189858 -119696
-183436 -111412
-183428 -111529
-180162 -107364
-180224 -107488
-183788 -106615
-183756 -106394
-179626 -105796
-179444 -105944
-189669 -105072
-189625 -105238
-187829 -104208
-187768 -104299
-189858 -119696
-189723 -119547
-183428 -111529
-183528 -111743
-184428 -106614
-184477 -106499
-184796 -105873
-184787 -105937
-187768 -104299
-187525 -104328
-189723 -119547
-189495 -119258
-183528 -111743
-183682 -111787
-185376 -106451
-185526 -106536
-187525 -104328
-187439 -104097
-189495 -119258
-189396 -119104
-183682 -111787
-183842 -111868
-185526 -106536
-185678 -106604
-187439 -104097
-187476 -103986
-189396 -119104
-189345 -119010
-183842 -111868
-183975 -111955
-186475 -106611
-186468 -106453
-188094 -105110
-187918 -105125
-188279 -103949
-188144 -104176
-194961 -114748
-194914 -114777
-194914 -114777
-194877 -114832
-194877 -114832
-194706 -114965
-194706 -114965
-194547 -114846
-194547 -114846
-194401 -114897
-189848 -114265
-189845 -114479
-189845 -114479
-189770 -114577
-189770 -114577
-189582 -114840
-190454 -114014
-190397 -114274
-190397 -114274
-190358 -114486
-190358 -114486
-190251 -114721
-190251 -114721
-190503 -114794
-184697 -108191
-184727 -108467
-184727 -108467
-184715 -108632
-191763 -114709
-191662 -114776
-184715 -108632
-184780 -108813
-191662 -114776
-191452 -114769
-191452 -114769
-191320 -114764
-191320 -114764
-191128 -114777
-191128 -114777
-190867 -114730
-190867 -114730
-190702 -114755
-190702 -114755
-190503 -114794
-193569 -114071
-193380 -114028
-193380 -114028
-193264 -114057
-192699 -121211
-192714 -121275
-189345 -119010
-189241 -118801
-186468 -106453
-186541 -106304
-187918 -105125
-187796 -105215
-188144 -104176
-188019 -104292
-193264 -114057
-193131 -114174
-185986 -106523
-185859 -106534
-187796 -105215
-187773 -105169
-188019 -104292
-188021 -104286
-192364 -120600
-192555 -120808
-193131 -114174
-192943 -114314
-185859 -106534
-185678 -106604
-188021 -104286
-187797 -104025
-192555 -120808
-192631 -120699
-192943 -114314
-192755 -114457
-194109 -105192
-194018 -105003
-191192 -107466
-191393 -107276
-185716 -106113
-185657 -106382
-187797 -104025
-187599 -103980
-192631 -120699
-192646 -120921
-192755 -114457
-192638 -114538
-194018 -105003
-193817 -104922
-187770 -108684
-187528 -108717
-185657 -106382
-185678 -106604
-187599 -103980
-187476 -103986
-192646 -120921
-192707 -120959
-192638 -114538
-192487 -114605
-191393 -107276
-191427 -107172
-193817 -104922
-193727 -104940
-187528 -108717
-187407 -108738
-190933 -106767
-190996 -106918
-190918 -104279
-191097 -104166
-191426 -117563
-191056 -117867
-192487 -114605
-192246 -114625
-193727 -104940
-193444 -104933
-191056 -117867
-191073 -117900
-187407 -108738
-187235 -108722
-190996 -106918
-191041 -107061
-191097 -104166
-191382 -104114
-192246 -114625
-191993 -114624
-193819 -109738
-193741 -109890
-193444 -104933
-193255 -104794
-194949 -105536
-194793 -105296
-191073 -117900
-191114 -118006
-187235 -108722
-187209 -108723
-191041 -107061
-191032 -107200
-187018 -105897
-186949 -105899
-190918 -104279
-190832 -104108
-191993 -114624
-191763 -114709
-193741 -109890
-193475 -109844
-193255 -104794
-193190 -104715
-191114 -118006
-191225 -118020
-187209 -108723
-187260 -108500
-191032 -107200
-191192 -107466
-186949 -105899
-186956 -105931
-190832 -104108
-190619 -104137
-191700 -113614
-191771 -113732
-193475 -109844
-193374 -109741
-193190 -104715
-193087 -104501
-191225 -118020
-191364 -118122
-185367 -109807
-185487 -109834
-187260 -108500
-187122 -108234
-185910 -106687
-185635 -107050
-186956 -105931
-186630 -105925
-190619 -104137
-190656 -103900
-191771 -113732
-191933 -113962
-193087 -104501
-192834 -104268
-185487 -109834
-185485 -109635
-187122 -108234
-187217 -108044
-185635 -107050
-185657 -107055
-188277 -105672
-188008 -105681
-186291 -105144
-186240 -105155
-185288 -104108
-184874 -104110
-191364 -118122
-191466 -118256
-191933 -113962
-191993 -114201
-185485 -109635
-185529 -109482
-187217 -108044
-187304 -107841
-185657 -107055
-185673 -107085
-188008 -105681
-187921 -105688
-186240 -105155
-185982 -105107
-184874 -104110
-184882 -104146
-191466 -118256
-191823 -118418
-191993 -114201
-191920 -114406
-184535 -109692
-184591 -109692
-186052 -108658
-185864 -108634
-185673 -107085
-185729 -107132
-187921 -105688
-187877 -105741
-187773 -105169
-187847 -104985
-184882 -104146
-184875 -104189
-191823 -118418
-191821 -118431
-191920 -114406
-191861 -114547
-184591 -109692
-185020 -109779
-185864 -108634
-185697 -108762
-185729 -107132
-185615 -107222
-187877 -105741
-187822 -105862
-187847 -104985
-187900 -104818
-184875 -104189
-184824 -104268
-191821 -118431
-191788 -118499
-191861 -114547
-191763 -114709
-194392 -106448
-194100 -106558
-185020 -109779
-185039 -109751
-184697 -108191
-184958 -108350
-185615 -107222
-185359 -107366
-187822 -105862
-187929 -105928
-188771 -105163
-188738 -104947
-184824 -104268
-184562 -104263
-191788 -118499
-191844 -118428
-193569 -114071
-193601 -114298
-194100 -106558
-193868 -106505
-185039 -109751
-185146 -109760
-184958 -108350
-185156 -108324
-185359 -107366
-185170 -107438
-186328 -105062
-186291 -105144
-191844 -118428
-191700 -118582
-193601 -114298
-193740 -114499
-193868 -106505
-193655 -106319
-193502 -103921
-193280 -104046
-185146 -109760
-185367 -109807
-185156 -108324
-185286 -108427
-185170 -107438
-184918 -107411
-187039 -106589
-187135 -106391
-179393 -104836
-179147 -105008
-191700 -118582
-191910 -118823
-193740 -114499
-193916 -114616
-193280 -104046
-193131 -104162
-186048 -109381
-186173 -109661
-185286 -108427
-185507 -108541
-187135 -106391
-187102 -106183
-179147 -105008
-178966 -105144
-191910 -118823
-192087 -118813
-192100 -106695
-191858 -106827
-193131 -104162
-192964 -104195
-193916 -114616
-194087 -114675
-186173 -109661
-186330 -109807
-185507 -108541
-185697 -108762
-186742 -106355
-186814 -106451
-186630 -105925
-186493 -105799
-179159 -104519
-178949 -104679
-192087 -118813
-192409 -118996
-191858 -106827
-191712 -107033
-192964 -104195
-192834 -104268
-194202 -114300
-194059 -114509
-189566 -108754
-189618 -108579
-186814 -106451
-187039 -106589
-187042 -105916
-187214 -105865
-178949 -104679
-178865 -104846
-184562 -104263
-184355 -104182
-192409 -118996
-192600 -119239
-191712 -107033
-191789 -107279
-194059 -114509
-194087 -114675
-187990 -114438
-188111 -114407
-189618 -108579
-189610 -108446
-180012 -106329
-179950 -106566
-187214 -105865
-187424 -105684
-178865 -104846
-178762 -104917
-184355 -104182
-184265 -104191
-192600 -119239
-192676 -119361
-191789 -107279
-191552 -107398
-188111 -114407
-188297 -114386
-189610 -108446
-189634 -108310
-179444 -105944
-179530 -106006
-180111 -105636
-180120 -105922
-178762 -104917
-178966 -105144
-192676 -119361
-192681 -119699
-191552 -107398
-191427 -107172
-188297 -114386
-188539 -114478
-189634 -108310
-189612 -108123
-184918 -107411
-184911 -107233
-179530 -106006
-179950 -106566
-190501 -105068
-190380 -105141
-192681 -119699
-192675 -119758
-194487 -105857
-194209 -105849
-189284 -114051
-189083 -114134
-189612 -108123
-189672 -107992
-179950 -106566
-179710 -106565
-190047 -104819
-190185 -104879
-192675 -119758
-192618 -120062
-194209 -105849
-193988 -105815
-183975 -111955
-184248 -112041
-185219 -111141
-185400 -111330
-185400 -111330
-185400 -111383
-185400 -111383
-185382 -111582
-185382 -111582
-185305 -111782
-185305 -111782
-185253 -111945
-185253 -111945
-185544 -112004
-185884 -110699
-186090 -110923
-186090 -110923
-186278 -111056
-186278 -111056
-186210 -111154
-186210 -111154
-186056 -111205
-186056 -111205
-185791 -111394
-185791 -111394
-185756 -111479
-185756 -111479
-185770 -111748
-185770 -111748
-185544 -112004
-191397 -111683
-191254 -111594
-189083 -114134
-188895 -114182
-191254 -111594
-191037 -111499
-189672 -107992
-189751 -107797
-179289 -105996
-179453 -106212
-190185 -104879
-190380 -105141
-193988 -105815
-193856 -105720
-188895 -114182
-188717 -114262
-191037 -111499
-190871 -111314
-182609 -109308
-182563 -109441
-189751 -107797
-189865 -107660
-179453 -106212
-179624 -106441
-187233 -103955
-187043 -104098
-193856 -105720
-193685 -105689
-188717 -114262
-188539 -114478
-182563 -109441
-182511 -109568
-179624 -106441
-179710 -106565
-187043 -104098
-186887 -104209
-192303 -111470
-192050 -111557
-193685 -105689
-193501 -105740
-193928 -107978
-194064 -108181
-187236 -113398
-187251 -113677
-182511 -109568
-182469 -109800
-186085 -106222
-186001 -106203
-186887 -104209
-186695 -104136
-192050 -111557
-191809 -111569
-194064 -108181
-194204 -108428
-187251 -113677
-187246 -113745
-181199 -109800
-182469 -109800
-187632 -107004
-187881 -107198
-186001 -106203
-186013 -106503
-186695 -104136
-186413 -104165
-191809 -111569
-191673 -111608
-194204 -108428
-194300 -108613
-187246 -113745
-187246 -113827
-180906 -109100
-181000 -109340
-187881 -107198
-187885 -107394
-186013 -106503
-185986 -106523
-184265 -104191
-184175 -103942
-191673 -111608
-191397 -111683
-191825 -105100
-191754 -105084
-194300 -108613
-194235 -108745
-187246 -113827
-187300 -114053
-181000 -109340
-181023 -109421
-183413 -107202
-183869 -107386
-184477 -106499
-184604 -106498
-179840 -105116
-179582 -105026
-187300 -114053
-187357 -113961
-181023 -109421
-181045 -109490
-183869 -107386
-183889 -107385
-179582 -105026
-179436 -104989
-193047 -106507
-193327 -106213
-187357 -113961
-187389 -113714
-181045 -109490
-181088 -109589
-183855 -107319
-183889 -107385
-179436 -104989
-179393 -104836
-193327 -106213
-193286 -106164
-187389 -113714
-187482 -113581
-181088 -109589
-181199 -109800
-184250 -107384
-184292 -107291
-188094 -105110
-188258 -104972
-193286 -106164
-193273 -106079
-187482 -113581
-187403 -113845
-189566 -108754
-189617 -108900
-189289 -106475
-189222 -106584
-180339 -105117
-180104 -105015
-193047 -106507
-192901 -106473
-195113 -104037
-194856 -103987
-187403 -113845
-187493 -113996
-189617 -108900
-189684 -109095
-189222 -106584
-188964 -106724
-184541 -106206
-184707 -106343
-187042 -105916
-187018 -105897
-180104 -105015
-179961 -104877
-194856 -103987
-194642 -104068
-187493 -113996
-187684 -114094
-189684 -109095
-189804 -109300
-188964 -106724
-188885 -106887
-184707 -106343
-184604 -106498
-179961 -104877
-179844 -104642
-194642 -104068
-194501 -104134
-187684 -114094
-187749 -114117
-189804 -109300
-190063 -109100
-188885 -106887
-188843 -107041
-184477 -106499
-184403 -106366
-185360 -105108
-185982 -105107
-194501 -104134
-194399 -104051
-187749 -114117
-188007 -114297
-190063 -109100
-190228 -109241
-188843 -107041
-188928 -107191
-185252 -106432
-184988 -106499
-185360 -105108
-185003 -105107
-188007 -114297
-187990 -114438
-190228 -109241
-190374 -109374
-182347 -108147
-182281 -108239
-188928 -107191
-188917 -107372
-184988 -106499
-184937 -106353
-185081 -105876
-184796 -105873
-185003 -105107
-185123 -104971
-190374 -109374
-190411 -109571
-182281 -108239
-182265 -108294
-188917 -107372
-188863 -107238
-183083 -106495
-183222 -106392
-184608 -105865
-184412 -105803
-185123 -104971
-185059 -104716
-194269 -113400
-194351 -113583
-190411 -109571
-190391 -109798
-182265 -108294
-182240 -108428
-188863 -107238
-188715 -107184
-187018 -105897
-186872 -105664
-185059 -104716
-185070 -104602
-192901 -106473
-192746 -106471
-194351 -113583
-194250 -113788
-182240 -108428
-182212 -108716
-188715 -107184
-188424 -107216
-188764 -105762
-188822 -105922
-183094 -105293
-182881 -105388
-185982 -105107
-185995 -105069
-186421 -104131
-186413 -104165
-194250 -113788
-194268 -114059
-194267 -109220
-194216 -109353
-187573 -107801
-187734 -108005
-180395 -107237
-180592 -107256
-188822 -105922
-188771 -106079
-182881 -105388
-182588 -105589
-180900 -104144
-180649 -104089
-192396 -105101
-192218 -105058
-194268 -114059
-194202 -114300
-194216 -109353
-194225 -109548
-189753 -113799
-189734 -114006
-187734 -108005
-187777 -108225
-180592 -107256
-180805 -107009
-188771 -106079
-188800 -106254
-182588 -105589
-182424 -105730
-180649 -104089
-180696 -103822
-192218 -105058
-192085 -105073
-194225 -109548
-194249 -109668
-189734 -114006
-189848 -114265
-187777 -108225
-187810 -108446
-184276 -107199
-184192 -107275
-188800 -106254
-188779 -106318
-182424 -105730
-182447 -105895
-192085 -105073
-191825 -105100
-194249 -109668
-193978 -109784
-189284 -114051
-189376 -114171
-187810 -108446
-187770 -108684
-184192 -107275
-184042 -107287
-188779 -106318
-188821 -106365
-185904 -105900
-185699 -105865
-191754 -105084
-191738 -104916
-193978 -109784
-193965 -109776
-189376 -114171
-189431 -114218
-185831 -108219
-186104 -108419
-184042 -107287
-183855 -107319
-188821 -106365
-188895 -106432
-183600 -105877
-183475 -105659
-186056 -104729
-185833 -104797
-193965 -109776
-193819 -109738
-192618 -120062
-192636 -120453
-192636 -120453
-192662 -120599
-192662 -120599
-192683 -120695
-192683 -120695
-192707 -120959
-191939 -119031
-192179 -119285
-192179 -119285
-192320 -119300
-192320 -119300
-192294 -119205
-192294 -119205
-192359 -119395
-192359 -119395
-192473 -119667
-192473 -119667
-192484 -119784
-192484 -119784
-192420 -120046
-192420 -120046
-192378 -120202
-192378 -120202
-192340 -120450
-192340 -120450
-192364 -120600
-189441 -117528
-189566 -117737
-189566 -117737
-189650 -117895
-189650 -117895
-189748 -118070
-189748 -118070
-189828 -118194
-189828 -118194
-189963 -118374
-189963 -118374
-190118 -118468
-190118 -118468
-190302 -118469
-190302 -118469
-190525 -118315
-190525 -118315
-190744 -118140
-190744 -118140
-190756 -117922
-185833 -104797
-185995 -105069
-186087 -104747
-186024 -104966
-186024 -104966
-185995 -105069
-186328 -105062
-186252 -104886
-190501 -105068
-190652 -104982
-190652 -104982
-190795 -104900
-186789 -105013
-186587 -104904
-186587 -104904
-186524 -105049
-186524 -105049
-186328 -105062
-190795 -104900
-191008 -105006
-191008 -105006
-191146 -104897
-191146 -104897
-191405 -104879
-191405 -104879
-191499 -104889
-191499 -104889
-191738 -104916
-187212 -105000
-187414 -104987
-187414 -104987
-187660 -104903
-187660 -104903
-187745 -104703
-186789 -105013
-186871 -104836
-186871 -104836
-186933 -104669
-187363 -104644
-187218 -104806
-187218 -104806
-187212 -105000
-188738 -104947
-188541 -104900
-188541 -104900
-188258 -104972
-188258 -104972
-188242 -104847
-190756 -117922
-190892 -118037
-189431 -114218
-189525 -114229
-182212 -108716
-181996 -108904
-186104 -108419
-186052 -108658
-183855 -107319
-183906 -107119
-188895 -106432
-189081 -106426
-183475 -105659
-183547 -105553
-190892 -118037
-191084 -118197
-189525 -114229
-189542 -114232
-181996 -108904
-181972 -109178
-183906 -107119
-183992 -107021
-189081 -106426
-189289 -106475
-191084 -118197
-191323 -118123
-189542 -114232
-189606 -114257
-181972 -109178
-182031 -109434
-183992 -107021
-184183 -106818
-189428 -106474
-189289 -106475
-186421 -104131
-186059 -104133
-191323 -118123
-191374 -118326
-189606 -114257
-189848 -114265
-182031 -109434
-182066 -109667
-184705 -107191
-184452 -107208
-189644 -106201
-189428 -106474
-186059 -104133
-185828 -103992
-182066 -109667
-182302 -109667
-184452 -107208
-184292 -107291
-179822 -104119
-179821 -103999
-191374 -118326
-191379 -118452
-193302 -113833
-193569 -114071
-192676 -106101
-192845 -106099
-189405 -113400
-189224 -113667
-182302 -109667
-182254 -109448
-184292 -107291
-184276 -107199
-185041 -105659
-185081 -105876
-186421 -104131
-186445 -103978
-191379 -118452
-191360 -118636
-192845 -106099
-192964 -106065
-195142 -111405
-194936 -111490
-189224 -113667
-189293 -113751
-182516 -107257
-182561 -107131
-186493 -105799
-186230 -105858
-179526 -103968
-179660 -104032
-191360 -118636
-191457 -118826
-193374 -109741
-193393 -109540
-192964 -106065
-193111 -106173
-194936 -111490
-194720 -111455
-189293 -113751
-189249 -113969
-182561 -107131
-182503 -106967
-186230 -105858
-186176 -105844
-179660 -104032
-179822 -104119
-191457 -118826
-191565 -118969
-193393 -109540
-193293 -109516
-193111 -106173
-193055 -106401
-194720 -111455
-194616 -111469
-189249 -113969
-189284 -114051
-182503 -106967
-182457 -106832
-186176 -105844
-186083 -105803
-191565 -118969
-191721 -119171
-193293 -109516
-193058 -109392
-193055 -106401
-192901 -106473
-194616 -111469
-194437 -111510
-190513 -112498
-190474 -112687
-182922 -107186
-183025 -107201
-184796 -105873
-184877 -105657
-191721 -119171
-191939 -119031
-193058 -109392
-192780 -109373
-192569 -106265
-192746 -106471
-194437 -111510
-194189 -111523
-189241 -118801
-189151 -118629
-190474 -112687
-190495 -112958
-188097 -111182
-188129 -111378
-183025 -107201
-183084 -107248
-185716 -106113
-185509 -106185
-184309 -105870
-184412 -105803
-192780 -109373
-192572 -109293
-189151 -118629
-189062 -118486
-190495 -112958
-190640 -113238
-188129 -111378
-188081 -111543
-183084 -107248
-183100 -107254
-185509 -106185
-185376 -106451
-184608 -105865
-184535 -105660
-192572 -109293
-192497 -109057
-189062 -118486
-189024 -118410
-190640 -113238
-190730 -113345
-183100 -107254
-183103 -107240
-185261 -106440
-185376 -106451
-184535 -105660
-184566 -105522
-193199 -111030
-193444 -111107
-192497 -109057
-192310 -108827
-191890 -108497
-191709 -108325
-189024 -118410
-188917 -118158
-190730 -113345
-190761 -113571
-183103 -107240
-183107 -107238
-193444 -111107
-193613 -111219
-192310 -108827
-192104 -108665
-191709 -108325
-191548 -108184
-191628 -105862
-191627 -105660
-194392 -106448
-194584 -106284
-188917 -118158
-188835 -117928
-190761 -113571
-190548 -113786
-183107 -107238
-183413 -107202
-193613 -111219
-193769 -111254
-192104 -108665
-191890 -108497
-191548 -108184
-191424 -108024
-194584 -106284
-194757 -106056
-194487 -105857
-194404 -105634
-188835 -117928
-188797 -117763
-190548 -113786
-190454 -114014
-182922 -107186
-182684 -107178
-191007 -106445
-190900 -106384
-193769 -111254
-194001 -111350
-193819 -109738
-193697 -109513
-191424 -108024
-191248 -107887
-194404 -105634
-194337 -105454
-188797 -117763
-188794 -117738
-190454 -114014
-190319 -113778
-182684 -107178
-182516 -107257
-185261 -106440
-185252 -106432
-193697 -109513
-193535 -109389
-191382 -104114
-191263 -103870
-194001 -111350
-194189 -111523
-194337 -105454
-194158 -105300
-188794 -117738
-188724 -117459
-190319 -113778
-190175 -113629
-180395 -107237
-180196 -107140
-185287 -106202
-185252 -106432
-190884 -105617
-190687 -105759
-185288 -104108
-185292 -104021
-193199 -111030
-192944 -111226
-193535 -109389
-193501 -109156
-190689 -116996
-190734 -117196
-190175 -113629
-189986 -113634
-184500 -109126
-184288 -109358
-189295 -107236
-189355 -107054
-187561 -106380
-187805 -106273
-190687 -105759
-190659 -105813
-192944 -111226
-192751 -111338
-178844 -103902
-178606 -104060
-190734 -117196
-190977 -117415
-189986 -113634
-189753 -113799
-184288 -109358
-184040 -109296
-184911 -107233
-185160 -107010
-187805 -106273
-187756 -106121
-190659 -105813
-190619 -105829
-178606 -104060
-178326 -104098
-192751 -111338
-192636 -111395
-190977 -117415
-191079 -117563
-184040 -109296
-184004 -109387
-181640 -108183
-181388 -108339
-185160 -107010
-185137 -106753
-190619 -105829
-190575 -105820
-178326 -104098
-178264 -103889
-192911 -113401
-192917 -113680
-192636 -111395
-192394 -111468
-191079 -117563
-191251 -117495
-184004 -109387
-184137 -109508
-181252 -108188
-181039 -108195
-184911 -107233
-184705 -107191
-190575 -105820
-190258 -105785
-192917 -113680
-193125 -113768
-192394 -111468
-192303 -111470
-178264 -103889
-178092 -104053
-191251 -117495
-191426 -117563
-184137 -109508
-184424 -109524
-181039 -108195
-180857 -108197
-188424 -107216
-188392 -106985
-190258 -105785
-190265 -105772
-178092 -104053
-177835 -103799
-193125 -113768
-193302 -113833
-191576 -110698
-191690 -110751
-184424 -109524
-184535 -109692
-180857 -108197
-180761 -108145
-188392 -106985
-188281 -106822
-190265 -105772
-190160 -105565
-193234 -116048
-193128 -116326
-193767 -113400
-193794 -113529
-191690 -110751
-191909 -110803
-188738 -104947
-188918 -104706
-182478 -106139
-182342 -106207
-188918 -104706
-188983 -104528
-182342 -106207
-182258 -106416
-181285 -104819
-181142 -104819
-181557 -106333
-181916 -106330
-181142 -104819
-180916 -104915
-181916 -106330
-181918 -106360
-180916 -104915
-180726 -104771
-181918 -106360
-182008 -106347
-180726 -104771
-180675 -104619
-182008 -106347
-182084 -106390
-180675 -104619
-180908 -104474
-182084 -106390
-182258 -106416
-180908 -104474
-180925 -104378
-184345 -106410
-184403 -106366
-180925 -104378
-180900 -104144
-184345 -106410
-184256 -106363
-191738 -104916
-191845 -104855
-184256 -106363
-184016 -106341
-191845 -104855
-192054 -104800
-190900 -106384
-190725 -106403
-192054 -104800
-192242 -104822
-190725 -106403
-190622 -106269
-192242 -104822
-192401 -104709
-190622 -106269
-190425 -106251
-190047 -104819
-189900 -104917
-190425 -106251
-190338 -106243
-189900 -104917
-189772 -104649
-190338 -106243
-190077 -106200
-189772 -104649
-189648 -104449
-183756 -106394
-184023 -106383
-189648 -104449
-189463 -104253
-183407 -106385
-183534 -106362
-189463 -104253
-189342 -104287
-183534 -106362
-183756 -106394
-189342 -104287
-189184 -104343
-183407 -106385
-183222 -106392
-189184 -104343
-188983 -104528
-183222 -106392
-183274 -106256
-190795 -104900
-190641 -104616
-191287 -106178
-191135 -106301
-186252 -104886
-186166 -104722
-191135 -106301
-190900 -106384
-186505 -104429
-186519 -104666
-183818 -106088
-183714 -106176
-186519 -104666
-186268 -104825
-180761 -108145
-180609 -108356
-183405 -106895
-183373 -107105
-193128 -116326
-193043 -116606
-193794 -113529
-193692 -113728
-191909 -110803
-192086 -110797
-191890 -108497
-191987 -108771
-180428 -107911
-180456 -108001
-183373 -107105
-183413 -107202
-193043 -116606
-192913 -116768
-193692 -113728
-193537 -113772
-192086 -110797
-192274 -110958
-191987 -108771
-192047 -108952
-180456 -108001
-180515 -108125
-184276 -107199
-184355 -107055
-192913 -116768
-192760 -116917
-193537 -113772
-193302 -113833
-192274 -110958
-192356 -111183
-192047 -108952
-191773 -109240
-189405 -113400
-189559 -113651
-180515 -108125
-180609 -108356
-184355 -107055
-184297 -106847
-192760 -116917
-192525 -116942
-192356 -111183
-192303 -111470
-191773 -109240
-191547 -109065
-194399 -104051
-194180 -103951
-189559 -113651
-189617 -113694
-190315 -111318
-190064 -111261
-184595 -106766
-184619 -106970
-192525 -116942
-192386 -117149
-191547 -109065
-191411 -109264
-193146 -107614
-193111 -107816
-194180 -103951
-194059 -103720
-189617 -113694
-189670 -113727
-190064 -111261
-189864 -111227
-184619 -106970
-184705 -107191
-185292 -104021
-185521 -103985
-192386 -117149
-192128 -117252
-191411 -109264
-191517 -109452
-193111 -107816
-193086 -107960
-189670 -113727
-189753 -113799
-189864 -111227
-189737 -111256
-180062 -107178
-180196 -107140
-185521 -103985
-185600 -104006
-192128 -117252
-191992 -117308
-191517 -109452
-191566 -109624
-193086 -107960
-193213 -108138
-189737 -111256
-189510 -111446
-187768 -109590
-187483 -109347
-180062 -107178
-179984 -107032
-188861 -105744
-188621 -105706
-185600 -104006
-185828 -103992
-191992 -117308
-191815 -117435
-192053 -112501
-192158 -112778
-193213 -108138
-193112 -108274
-189510 -111446
-189363 -111432
-187483 -109347
-187331 -109428
-179984 -107032
-179969 -107003
-188621 -105706
-188336 -105811
-191815 -117435
-191673 -117442
-192158 -112778
-192130 -112959
-193112 -108274
-192934 -108355
-189363 -111432
-189195 -111355
-187331 -109428
-187102 -109609
-179969 -107003
-179912 -106894
-188336 -105811
-188277 -105672
-191673 -117442
-191426 -117563
-192130 -112959
-191935 -113089
-192934 -108355
-192771 -108281
-188724 -117459
-189338 -117539
-189195 -111355
-189044 -111338
-187102 -109609
-187146 -109552
-179912 -106894
-179764 -106646
-191935 -113089
-191839 -113214
-192771 -108281
-192565 -108218
-180220 -103815
-180037 -103977
-189338 -117539
-189378 -117539
-189044 -111338
-188897 -111274
-187146 -109552
-187246 -109456
-180037 -103977
-179821 -103999
-191839 -113214
-191719 -113394
-192565 -108218
-192288 -108127
-191427 -107172
-191585 -107014
-189378 -117539
-189441 -117528
-188897 -111274
-188738 -111288
-187246 -109456
-187319 -109277
-185292 -104021
-185261 -103879
-191719 -113394
-191515 -113475
-192288 -108127
-192062 -108043
-191585 -107014
-191561 -106819
-189438 -115710
-189540 -115904
-190871 -111314
-190810 -111313
-187319 -109277
-187232 -109044
-191515 -113475
-191528 -113568
-192062 -108043
-191902 -107936
-191561 -106819
-191315 -106612
-189540 -115904
-189607 -116066
-190810 -111313
-190549 -111337
-187232 -109044
-187107 -108888
-191315 -106612
-191131 -106403
-184412 -105803
-184242 -105568
-191528 -113568
-191700 -113614
-191902 -107936
-191712 -107850
-189607 -116066
-189698 -116344
-188720 -112806
-188601 -112875
-190549 -111337
-190315 -111318
-187107 -108888
-186941 -108820
-181388 -108339
-181252 -108188
-191131 -106403
-191007 -106445
-186083 -105803
-186084 -105729
-189698 -116344
-189587 -116520
-188601 -112875
-188362 -112903
-186941 -108820
-186823 -108709
-186051 -108036
-185831 -108219
-186493 -105799
-186609 -105631
-189587 -116520
-189447 -116726
-188362 -112903
-188209 -112995
-186823 -108709
-186647 -108622
-186992 -107130
-187249 -106952
-180111 -105636
-179949 -105481
-179840 -103889
-179821 -103999
-189447 -116726
-189378 -116862
-188209 -112995
-188046 -112999
-186647 -108622
-186677 -108461
-187249 -106952
-187390 -107004
-179949 -105481
-179788 -105373
-185828 -103992
-186009 -103781
-189378 -116862
-189309 -117080
-188046 -112999
-187802 -113080
-186677 -108461
-186642 -108443
-187390 -107004
-187632 -107004
-179788 -105373
-179588 -105328
-187476 -103986
-187233 -103955
-189309 -117080
-189343 -117211
-187802 -113080
-187615 -113211
-186642 -108443
-186599 -108408
-180196 -107140
-180078 -106883
-179588 -105328
-179580 -105572
-186445 -103978
-186177 -103780
-189343 -117211
-189398 -117409
-187615 -113211
-187447 -113379
-188097 -111182
-187832 -111283
-186599 -108408
-186949 -108237
-180078 -106883
-180175 -106748
-179580 -105572
-179626 -105636
-186445 -103978
-186705 -103786
-189398 -117409
-189441 -117528
-187447 -113379
-187236 -113398
-187832 -111283
-187554 -111268
-186949 -108237
-186916 -108226
-185831 -108219
-185732 -108036
-186992 -107130
-187036 -106956
-179626 -105636
-179626 -105796
-188724 -117459
-188704 -117392
-188738 -111288
-188538 -111272
-186916 -108226
-186852 -108144
-185732 -108036
-185715 -107790
-188861 -105744
-188764 -105762
-184175 -103942
-184041 -103953
-193095 -112867
-192819 -113052
-183714 -106176
-183656 -106259
-183656 -106259
-183407 -106385
-179356 -103907
-179401 -103939
-184575 -108137
-184697 -108191
-184016 -106341
-184023 -106383
-179401 -103939
-179526 -103968
-181252 -108188
-181139 -108112
-180347 -105620
-180619 -105768
-177760 -103831
-177436 -103967
-181139 -108112
-180905 -107957
-180619 -105768
-180454 -106016
-177436 -103967
-177180 -103766
-180905 -107957
-180822 -107884
-180454 -106016
-180317 -106291
-180822 -107884
-180550 -107951
-180317 -106291
-180264 -106362
-181640 -108183
-182347 -108147
-180264 -106362
-180012 -106329
-187233 -103955
-187261 -103830
-180805 -107009
-180837 -107100
-187713 -106139
-187561 -106380
-184041 -103953
-183780 -103904
-180837 -107100
-180938 -107336
-184403 -106366
-184239 -106174
-180938 -107336
-180988 -107425
-186742 -106355
-186720 -106247
-180988 -107425
-181062 -107466
-186720 -106247
-186657 -106080
-188279 -103949
-188377 -103727
-181062 -107466
-181247 -107493
-186657 -106080
-186630 -105925
-181247 -107493
-181423 -107538
-186541 -106304
-186742 -106355
-181423 -107538
-181436 -107540
-184937 -106353
-185024 -106288
-181436 -107540
-181436 -107896
-184747 -106188
-184937 -106353
-181436 -107896
-181460 -107917
-182571 -106243
-182806 -106293
-181460 -107917
-181566 -107992
-182806 -106293
-182827 -106294
-181566 -107992
-181640 -108183
-182827 -106294
-183107 -106276
-184175 -103942
-184234 -103883
-183906 -108166
-183715 -108080
-183107 -106276
-183163 -106247
-183715 -108080
-183600 -108000
-183163 -106247
-183274 -106256
-183600 -108000
-183416 -107876
-183997 -106227
-184016 -106341
-183906 -108166
-183908 -107893
-181557 -106333
-181266 -106186
-182608 -107932
-182347 -108147
-180012 -106329
-180147 -106132
-188704 -117392
-188615 -117155
-188538 -111272
-188359 -111217
-186852 -108144
-186651 -107997
-189154 -105750
-189306 -105717
-186268 -104825
-186252 -104886
-192819 -113052
-192967 -113307
-188615 -117155
-188501 -116898
-188359 -111217
-188097 -111182
-188434 -109292
-188269 -109231
-189306 -105717
-189452 -105649
-192967 -113307
-192911 -113401
-182175 -103713
-182016 -103939
-188501 -116898
-188380 -116652
-190712 -110173
-190709 -110378
-188269 -109231
-188149 -109383
-189452 -105649
-189591 -105552
-182016 -103939
-181770 -104131
-193552 -112720
-193682 -112946
-188380 -116652
-188352 -116601
-190709 -110378
-190751 -110471
-188149 -109383
-188010 -109575
-189591 -105552
-189755 -105499
-181770 -104131
-181665 -104285
-193682 -112946
-193634 -113131
-188352 -116601
-188251 -116429
-190751 -110471
-190660 -110755
-188010 -109575
-187768 -109590
-189116 -105592
-189154 -105750
-181665 -104285
-181635 -104523
-193634 -113131
-193767 -113400
-188251 -116429
-188144 -116276
-190660 -110755
-190634 -111029
-182212 -108716
-182398 -108937
-190077 -106200
-189887 -106238
-189116 -105592
-188861 -105744
-181635 -104523
-181599 -104810
-193552 -112720
-193519 -112436
-188144 -116276
-187988 -116080
-190634 -111029
-190871 -111314
-182398 -108937
-182616 -109072
-189887 -106238
-189892 -106435
-181599 -104810
-181531 -104875
-193519 -112436
-193775 -112469
-191627 -105660
-191372 -105640
-187988 -116080
-187824 -115931
-188738 -111288
-188718 -111053
-182616 -109072
-182827 -109022
-189892 -106435
-189951 -106569
-181531 -104875
-181285 -104819
-193775 -112469
-193970 -112416
-191372 -105640
-191308 -105705
-187824 -115931
-187648 -115808
-188718 -111053
-188777 -110972
-182827 -109022
-182831 -109207
-189951 -106569
-189846 -106754
-191308 -105705
-191138 -105732
-187963 -104740
-188242 -104847
-193970 -112416
-194244 -112499
-187648 -115808
-187521 -115826
-188777 -110972
-188783 -110690
-182831 -109207
-183001 -109166
-189846 -106754
-189771 -106876
-191138 -105732
-190884 -105617
-187991 -104514
-188104 -104501
-194244 -112499
-194431 -112696
-188783 -110690
-188761 -110544
-183001 -109166
-183209 -109155
-189771 -106876
-189512 -106993
-186084 -105729
-185924 -105730
-188104 -104501
-188335 -104438
-192030 -115901
-191841 -116133
-194431 -112696
-194389 -112957
-188761 -110544
-188698 -110331
-183209 -109155
-183365 -109279
-189512 -106993
-189355 -107054
-185924 -105730
-185876 -105593
-188335 -104438
-188414 -104552
-191841 -116133
-191680 -116419
-194389 -112957
-194115 -113237
-188698 -110331
-188407 -110488
-183365 -109279
-183312 -109566
-189355 -107054
-189388 -106871
-185876 -105593
-185876 -105455
-188414 -104552
-188331 -104698
-191680 -116419
-191479 -116529
-194115 -113237
-194269 -113400
-189405 -113400
-189006 -112779
-187554 -111268
-187633 -111179
-183312 -109566
-183255 -109594
-189388 -106871
-189435 -106797
-185876 -105455
-185563 -105449
-188331 -104698
-188242 -104847
-191479 -116529
-191198 -116550
-191198 -116550
-191004 -116599
-189006 -112779
-188974 -112774
-188407 -110488
-188337 -110610
-183255 -109594
-183342 -109568
-189435 -106797
-189438 -106756
-185563 -105449
-185357 -105394
-179844 -104642
-179704 -104761
-191004 -116599
-190874 -116736
-188974 -112774
-188954 -112772
-188337 -110610
-188188 -110828
-183342 -109568
-183604 -109416
-189438 -106756
-189428 -106474
-185041 -105659
-185471 -105664
-179704 -104761
-179544 -104741
-190874 -116736
-190689 -116996
-188954 -112772
-188917 -112772
-188188 -110828
-188072 -110734
-187768 -109590
-187846 -109394
-185471 -105664
-185471 -105667
-179544 -104741
-179393 -104836
-190689 -116996
-190520 -116895
-188917 -112772
-188720 -112806
-188072 -110734
-187857 -110898
-187846 -109394
-187786 -109157
-185471 -105667
-185529 -105680
-179393 -104836
-179385 -104725
-190520 -116895
-190425 -116870
-186519 -112626
-186737 -112673
-187857 -110898
-187633 -111179
-185529 -109482
-185350 -109436
-185529 -105680
-185727 -105664
-179385 -104725
-179159 -104519
-195040 -106889
-194874 -106869
-190425 -116870
-190221 -116850
-186737 -112673
-186879 -112716
-187097 -110289
-187197 -110412
-185350 -109436
-185232 -109387
-185727 -105664
-185924 -105730
-194874 -106869
-194741 -106733
-183058 -103796
-182876 -103989
-190221 -116850
-190001 -116777
-186879 -112716
-187024 -112949
-187197 -110412
-187160 -110639
-185232 -109387
-185265 -109251
-186084 -105729
-186161 -105494
-182876 -103989
-182915 -104147
-194741 -106733
-194479 -106681
-190001 -116777
-189907 -116503
-187024 -112949
-187167 -113069
-187160 -110639
-187362 -110680
-185265 -109251
-185450 -109163
-186161 -105494
-186399 -105474
-182915 -104147
-182943 -104285
-194479 -106681
-194392 -106448
-189907 -116503
-190061 -116469
-187167 -113069
-187203 -113186
-187362 -110680
-187464 -110770
-185450 -109163
-185545 -108990
-183339 -106827
-183136 -106894
-189915 -105709
-189755 -105499
-182943 -104285
-182841 -104443
-190061 -116469
-190069 -116186
-187203 -113186
-187236 -113398
-187464 -110770
-187563 -110998
-186048 -109381
-185941 -109440
-183136 -106894
-183016 -106980
-180901 -105598
-180703 -105705
-182841 -104443
-182950 -104541
-187563 -110998
-187633 -111179
-184575 -108137
-184540 -108030
-180703 -105705
-180484 -105601
-185219 -111141
-185481 -110999
-184540 -108030
-184701 -107830
-180484 -105601
-180347 -105620
-185481 -110999
-185641 -110812
-189915 -105709
-190160 -105565
-185641 -110812
-185868 -110681
-180347 -105620
-180133 -105663
-184535 -109692
-184640 -109920
-187424 -105684
-187518 -105491
-184640 -109920
-184692 -110109
-187518 -105491
-187796 -105215
-184692 -110109
-184684 -110309
-187424 -105684
-187266 -105547
-184684 -110309
-184657 -110599
-188277 -105672
-188260 -105431
-184657 -110599
-184648 -110744
-183416 -107876
-183376 -107945
-186872 -105664
-186840 -105460
-184648 -110744
-184619 -110919
-183376 -107945
-183312 -107998
-186609 -105631
-186872 -105664
-184619 -110919
-184658 -110921
-183312 -107998
-183105 -108055
-180133 -105663
-180303 -105562
-184658 -110921
-184662 -110775
-183105 -108055
-182953 -107994
-180303 -105562
-180470 -105455
-184662 -110775
-184688 -110597
-186051 -108036
-185907 -107809
-180470 -105455
-180533 -105208
-184688 -110597
-184732 -110477
-180124 -105656
-180133 -105663
-193928 -107978
-193741 -107990
-184732 -110477
-184801 -110280
-193741 -107990
-193504 -107936
-191627 -105660
-191684 -105465
-184801 -110280
-185037 -110560
-193504 -107936
-193348 -107770
-191684 -105465
-191551 -105366
-185037 -110560
-185057 -110800
-193348 -107770
-193146 -107614
-191551 -105366
-191754 -105084
-185057 -110800
-185028 -110923
-186651 -107997
-186415 -107851
-185041 -105659
-184877 -105657
-185028 -110923
-184961 -111113
-182953 -107994
-183023 -107849
-184877 -105657
-184876 -105581
-184961 -111113
-185219 -111141
-183023 -107849
-183037 -107695
-180124 -105656
-180330 -105469
-183037 -107695
-183042 -107577
-180330 -105469
-180344 -105307
-183042 -107577
-183068 -107406
-180344 -105307
-180120 -105236
-183068 -107406
-182922 -107186
-180120 -105236
-179840 -105116
-182953 -107994
-182714 -107989
-180124 -105656
-180111 -105636
