-155701 -82224
-155836 -82109
-157142 -77401
-157159 -77327
-151480 -77659
-151615 -77775
-147487 -76935
-147448 -76685
-154164 -78660
-154375 -78595
-152679 -77766
-152965 -77633
-149537 -80038
-149683 -80093
-153971 -78300
-153961 -78514
-149683 -80093
-149701 -80103
-153961 -78514
-154164 -78660
-149701 -80103
-149861 -80168
-152679 -77766
-152470 -77730
-149861 -80168
-150031 -80249
-150031 -80249
-150300 -80441
-156433 -76304
-156303 -76170
-150739 -77616
-150976 -77749
-154188 -76997
-154420 -76943
-149050 -77285
-148954 -77400
-153043 -77400
-152829 -77181
-150274 -77270
-150057 -77460
-150057 -77460
-149857 -77744
-147853 -77399
-147715 -77230
-148070 -79527
-148206 -79615
-157061 -75954
-157351 -75673
-147715 -77230
-147612 -77081
-149587 -77145
-149692 -77259
-150299 -76982
-150409 -77038
-148206 -79615
-148332 -79674
-154471 -79164
-154516 -79058
-149692 -77259
-149760 -77320
-153076 -76996
-153087 -77041
-148332 -79674
-148499 -79736
-154471 -79164
-154264 -79016
-149760 -77320
-149826 -77296
-154264 -79016
-153999 -78928
-149826 -77296
-149959 -77324
-151321 -76834
-151158 -76742
-153999 -78928
-153920 -78892
-149959 -77324
-149857 -77744
-151158 -76742
-150913 -76667
-148092 -73036
-147939 -73198
-155701 -82109
-155466 -82200
-157183 -78641
-157093 -78464
-153920 -78892
-153863 -78870
-150913 -76667
-150759 -76675
-147939 -73198
-147845 -73396
-155466 -82200
-155396 -81996
-157093 -78464
-157204 -78302
-158488 -80266
-158659 -80347
-157845 -73392
-157595 -73121
-153863 -78870
-153607 -78747
-150759 -76675
-150674 -76681
-153931 -75476
-153962 -75716
-155396 -81996
-155478 -82059
-155237 -79153
-155185 -78946
-158659 -80347
-158930 -80391
-157595 -73121
-157309 -72900
-150674 -76681
-150631 -76643
-153962 -75716
-154047 -75946
-155478 -82059
-155701 -82109
-155185 -78946
-155285 -78781
-152470 -77730
-152445 -77697
-150631 -76643
-150619 -76635
-152797 -78637
-152857 -78426
-150619 -76635
-150400 -76994
-150400 -76994
-150409 -77038
-150110 -73387
-150119 -73359
-158718 -81153
-158923 -81088
-152814 -82163
-152594 -82407
-153095 -81738
-153110 -81776
-149549 -79387
-149701 -79382
-149868 -73638
-149792 -73715
-153305 -71647
-153493 -71740
-151785 -70615
-151760 -70827
-150304 -70542
-150194 -70491
-156112 -82709
-155869 -82857
-156133 -80825
-156007 -80668
-158923 -81088
-158944 -80828
-152594 -82407
-152521 -82568
-153110 -81776
-153051 -81790
-153886 -81670
-153699 -81901
-149701 -79382
-149780 -79375
-153493 -71740
-153552 -71951
-151760 -70827
-151619 -71031
-150194 -70491
-150007 -70379
-155869 -82857
-155666 -82803
-156007 -80668
-155819 -80509
-158944 -80828
-158876 -80742
-153699 -81901
-153655 -81971
-153051 -81790
-152788 -81832
-149780 -79375
-149968 -79407
-151789 -71964
-151921 -72023
-151619 -71031
-151487 -70965
-150007 -70379
-149952 -70228
-155666 -82803
-155472 -82756
-158876 -80742
-158756 -80684
-153655 -81971
-153581 -82076
-154465 -81558
-154617 -81754
-151921 -72023
-151933 -72093
-151487 -70965
-151269 -70946
-149952 -70228
-149989 -70038
-158132 -82800
-158132 -82800
-158756 -80684
-158746 -80667
-153581 -82076
-153527 -82277
-154617 -81754
-154899 -81809
-153002 -80764
-152838 -80781
-151933 -72093
-151958 -72321
-151269 -70946
-151128 -70829
-145774 -68801
-146021 -68909
-158746 -80667
-158722 -80662
-151644 -82466
-151562 -82531
-152814 -82163
-153030 -82173
-152838 -80781
-152723 -80740
-151128 -70829
-151204 -70628
-146021 -68909
-146099 -69047
-158722 -80662
-158416 -80664
-151562 -82531
-151328 -82562
-153030 -82173
-153190 -82130
-152723 -80740
-152537 -80730
-155582 -71236
-155496 -71528
-150390 -74878
-150269 -75141
-146099 -69047
-146214 -69230
-158509 -80988
-158527 -81111
-151328 -82562
-151149 -82303
-153190 -82130
-153398 -82159
-155250 -73617
-155315 -73680
-152537 -80730
-152389 -80734
-151957 -75074
-151875 -75129
-146214 -69230
-146393 -69227
-158527 -81111
-158539 -81150
-153398 -82159
-153527 -82277
-152389 -80734
-152204 -80646
-151875 -75129
-151612 -75086
-146369 -73654
-146224 -73638
-158539 -81150
-158558 -81185
-157561 -73799
-157366 -74000
-151612 -75086
-151554 -74906
-145812 -71289
-145731 -71519
-158558 -81185
-158566 -81190
-157366 -74000
-157517 -73981
-147613 -75129
-147679 -75000
-158566 -81190
-158593 -81187
-157517 -73981
-157679 -73937
-147528 -75128
-147613 -75129
-158593 -81187
-158709 -81511
-147528 -75128
-147535 -74989
-156932 -79400
-156908 -79197
-155299 -74023
-155367 -73844
-147535 -74989
-147567 -74798
-159194 -80807
-159143 -80635
-158198 -74433
-158125 -74371
-158623 -71906
-158480 -71725
-147567 -74798
-147471 -74626
-159143 -80635
-158930 -80391
-158480 -71725
-158466 -71531
-147471 -74626
-147346 -74442
-159544 -82241
-159279 -82324
-158466 -71531
-158461 -71393
-151874 -73559
-151691 -73686
-159279 -82324
-159095 -82541
-155575 -81817
-155577 -81685
-155007 -70483
-155195 -70413
-148482 -75124
-148597 -75076
-155174 -82265
-155174 -82265
-155577 -81685
-155571 -81533
-158511 -82800
-158511 -82800
-158178 -82393
-158341 -82321
-157293 -72267
-157446 -72001
-155195 -70413
-155428 -70293
-158674 -71882
-158623 -71906
-148597 -75076
-148813 -75107
-154333 -74017
-154209 -73836
-155571 -81533
-155502 -81464
-158341 -82321
-158629 -82368
-156143 -75121
-156332 -74965
-155428 -70293
-155537 -70145
-158426 -70999
-158239 -70817
-147346 -74442
-147383 -74174
-154209 -73836
-153929 -73640
-147488 -71913
-147396 -71651
-155502 -81464
-155610 -81228
-158629 -82368
-158854 -82351
-155537 -70145
-155521 -69922
-152924 -74733
-152959 -74935
-147383 -74174
-147459 -74022
-147396 -71651
-147416 -71498
-154958 -81666
-155181 -81681
-158228 -82834
-158228 -82834
-158854 -82351
-159095 -82541
-154967 -70428
-155007 -70483
-152959 -74935
-153053 -75119
-147459 -74022
-147453 -73792
-151691 -73686
-151646 -73546
-149933 -71903
-149796 -71732
-147416 -71498
-147572 -71292
-158584 -78715
-158400 -78689
-148500 -77602
-148262 -77732
-147333 -76287
-147371 -76269
-151384 -75359
-151202 -75336
-154507 -72676
-154646 -72734
-148262 -77732
-148294 -78011
-147333 -76287
-147306 -76242
-151202 -75336
-151082 -75238
-151908 -73054
-151966 -73019
-147312 -72731
-147073 -72663
-157500 -76228
-157228 -76222
-148294 -78011
-148277 -78072
-151082 -75238
-150946 -75040
-146096 -73051
-146142 -72882
-147073 -72663
-146882 -72590
-157228 -76222
-156985 -76066
-157729 -77376
-157850 -77294
-148277 -78072
-148236 -78188
-146882 -72590
-146714 -72632
-158729 -78469
-158753 -78578
-151794 -75504
-151802 -75332
-158753 -78578
-158715 -78786
-151802 -75332
-151875 -75129
-151651 -76279
-151903 -76175
-154573 -75314
-154330 -75490
-152334 -72726
-152320 -72512
-154330 -75490
-154119 -75370
-154119 -75370
-153931 -75476
-150745 -72714
-150795 -72610
-158274 -72934
-158192 -73116
-157619 -72104
-157858 -72357
-158192 -73116
-158151 -73377
-157858 -72357
-157877 -72506
-157877 -72506
-157875 -72713
-147371 -76269
-147413 -76158
-145069 -73377
-145069 -73377
-157178 -72426
-157385 -72524
-147413 -76158
-147434 -75923
-144766 -72859
-145015 -72990
-157385 -72524
-157579 -72538
-147434 -75923
-147600 -75830
-153946 -72968
-153729 -73028
-155848 -75439
-155662 -75488
-156792 -74803
-156824 -74715
-157579 -72538
-157665 -72640
-153729 -73028
-153597 -72962
-155422 -75330
-155662 -75488
-157665 -72640
-157875 -72713
-152178 -78134
-152161 -78170
-152502 -74799
-152690 -74754
-152055 -78112
-152161 -78170
-152690 -74754
-152895 -74698
-148167 -73015
-148092 -73036
-152320 -72512
-152531 -72476
-157243 -78163
-157476 -78008
-149920 -76114
-149732 -76136
-152089 -74654
-152282 -74622
-148092 -73036
-148067 -72992
-152531 -72476
-152707 -72542
-157476 -78008
-157643 -78169
-149732 -76136
-149610 -76221
-152282 -74622
-152502 -74799
-152707 -72542
-152987 -72699
-150639 -74799
-150721 -74753
-152987 -72699
-153087 -72424
-157243 -78163
-157223 -78000
-150572 -74673
-150639 -74799
-153087 -72424
-153067 -72222
-157223 -78000
-157195 -77778
-152924 -74733
-153080 -74766
-153067 -72222
-153019 -72000
-155181 -81681
-155250 -81767
-158401 -79280
-158288 -79442
-152635 -76683
-152867 -76573
-156491 -82226
-156209 -82130
-155250 -81767
-155399 -81762
-158288 -79442
-158322 -79727
-151258 -78301
-151449 -78477
-147464 -76682
-147599 -76569
-155179 -82254
-155179 -82254
-155399 -81762
-155575 -81817
-158322 -79727
-158116 -79652
-151449 -78477
-151618 -78622
-147599 -76569
-147766 -76500
-151841 -68830
-151615 -69079
-155169 -82252
-155169 -82252
-158116 -79652
-157886 -79541
-157620 -76622
-157500 -76618
-151615 -69079
-151475 -68993
-154899 -81809
-154958 -81666
-157886 -79541
-157724 -79500
-151475 -68993
-151317 -68820
-157724 -79500
-157575 -79443
-151079 -68908
-151004 -69130
-157575 -79443
-157401 -79500
-151203 -78596
-151311 -78750
-159209 -75870
-159136 -75818
-151004 -69130
-150793 -69183
-157401 -79500
-157206 -79508
-151311 -78750
-151475 -78966
-159136 -75818
-158915 -75866
-150793 -69183
-150542 -69197
-157098 -81791
-156973 -81690
-155867 -80911
-156072 -81081
-151475 -78966
-151567 -79128
-150542 -69197
-150402 -69244
-156973 -81690
-156802 -81641
-156072 -81081
-156254 -81125
-155969 -76668
-156141 -76626
-150402 -69244
-150135 -69382
-155969 -76668
-155769 -76603
-158986 -77693
-158989 -77723
-150135 -69382
-150057 -69135
-157098 -81791
-157211 -81549
-158989 -77723
-158709 -77557
-150057 -69135
-149885 -69034
-159081 -80065
-158998 -80181
-156628 -69008
-156448 -68904
-158998 -80181
-158930 -80391
-156448 -68904
-156280 -68899
-154659 -78240
-154646 -78500
-156280 -68899
-156133 -68910
-149658 -75445
-149419 -75633
-154646 -78500
-154422 -78524
-156133 -68910
-155994 -68784
-149419 -75633
-149440 -75922
-155994 -68784
-155782 -69019
-148555 -68789
-148717 -68961
-149885 -69034
-150031 -68986
-148717 -68961
-148874 -69052
-151093 -78490
-151203 -78596
-148874 -69052
-148891 -69232
-150031 -68986
-150134 -68740
-155189 -82226
-155189 -82226
-154375 -78595
-154422 -78524
-155372 -77010
-155461 -76866
-148891 -69232
-148857 -69379
-156491 -82226
-156279 -82050
-155676 -75902
-155662 -75916
-159325 -79112
-159273 -79052
-156310 -77512
-156139 -77639
-149885 -69034
-149823 -68811
-158318 -79047
-158072 -79089
-159119 -77004
-159340 -76933
-156139 -77639
-155980 -77643
-158072 -79089
-157925 -79064
-157293 -72267
-157233 -72097
-155124 -71491
-155236 -71344
-153080 -74766
-153340 -74764
-147453 -73792
-147557 -73573
-151646 -73546
-151570 -73325
-153098 -73529
-153032 -73784
-149796 -71732
-149670 -71458
-155048 -75474
-155171 -75442
-157233 -72097
-157097 -71877
-155236 -71344
-155503 -71238
-146731 -75111
-146523 -75003
-153340 -74764
-153542 -74730
-154547 -74381
-154678 -74440
-153032 -73784
-152950 -74005
-151570 -73325
-151601 -73130
-149670 -71458
-149729 -71305
-155299 -74023
-155096 -74103
-157028 -72695
-157178 -72426
-153931 -75476
-153794 -75223
-151601 -73130
-151750 -73044
-147412 -72267
-147485 -72135
-154052 -69868
-153871 -69678
-154934 -75345
-155048 -75474
-155096 -74103
-154845 -74222
-158426 -69601
-158363 -69856
-151750 -73044
-151908 -73054
-144688 -72200
-144648 -72474
-147485 -72135
-147488 -71913
-154845 -74222
-154678 -74440
-148026 -75463
-148140 -75216
-150610 -73473
-150780 -73558
-144648 -72474
-144684 -72694
-147412 -72267
-147148 -72098
-152064 -71021
-151888 -70909
-157661 -82502
-157837 -82542
-155388 -72638
-155203 -72644
-148140 -75216
-148321 -75168
-150780 -73558
-150925 -73686
-147148 -72098
-147080 -71970
-151888 -70909
-152000 -70714
-146951 -69687
-147082 -69872
-157837 -82542
-157984 -82518
-155203 -72644
-155017 -72682
-148321 -75168
-148482 -75124
-147080 -71970
-146829 -71862
-152531 -71470
-152503 -71190
-152000 -70714
-152227 -70741
-147082 -69872
-147153 -70077
-154468 -82829
-154468 -82829
-155496 -69795
-155325 -69835
-148026 -75463
-147856 -75307
-153940 -72441
-153805 -72686
-152503 -71190
-152630 -70966
-152227 -70741
-152064 -71021
-147153 -70077
-147066 -70223
-155017 -72682
-154745 -72441
-155007 -70483
-155007 -70638
-155325 -69835
-155170 -69772
-147856 -75307
-147613 -75129
-148813 -75107
-148836 -74935
-152351 -73967
-152154 -73854
-152630 -70966
-152807 -70962
-147066 -70223
-146997 -70442
-154745 -72441
-154663 -72264
-155007 -70638
-155102 -70790
-152136 -75031
-152380 -75035
-152154 -73854
-152014 -73702
-152807 -70962
-152940 -71015
-155170 -82188
-155170 -82188
-157134 -75435
-156893 -75420
-155102 -70790
-155199 -71017
-152380 -75035
-152502 -74799
-154016 -74421
-153971 -74403
-152014 -73702
-151874 -73559
-154663 -72264
-154541 -72127
-153053 -75119
-152789 -75222
-149859 -75102
-149820 -74897
-150309 -74296
-150082 -74411
-153086 -70404
-152992 -70678
-155702 -82185
-155702 -82185
-157903 -71377
-157752 -71401
-152789 -75222
-152719 -75365
-149820 -74897
-149825 -74717
-150082 -74411
-149972 -74295
-152992 -70678
-152992 -70826
-159266 -83114
-159266 -83114
-157752 -71401
-157601 -71445
-152719 -75365
-152453 -75448
-149825 -74717
-149783 -74546
-152992 -70826
-152940 -71015
-151197 -82765
-151197 -82765
-157601 -71445
-157676 -71249
-157574 -71013
-157585 -70910
-155677 -69570
-155496 -69795
-152453 -75448
-152309 -75257
-149783 -74546
-149759 -74391
-157914 -82531
-157914 -82531
-157585 -70910
-157535 -70710
-157676 -71249
-157574 -71013
-152309 -75257
-152136 -75031
-153971 -74403
-153712 -74365
-153635 -69775
-153665 -69727
-157535 -70710
-157616 -70601
-158461 -71393
-158687 -71428
-153635 -69775
-153421 -69609
-158873 -83475
-159081 -83462
-158687 -71428
-158883 -71276
-158426 -70999
-158416 -70756
-153828 -75099
-153755 -75019
-151201 -73982
-151430 -73853
-153421 -69609
-153199 -69465
-158233 -82813
-158233 -82813
-159081 -83462
-159301 -83536
-158983 -71429
-158968 -71604
-156253 -73969
-156000 -73891
-155170 -69772
-155305 -69603
-149658 -75445
-149691 -75280
-145817 -74406
-145817 -74406
-150281 -72222
-150521 -72154
-151942 -80525
-151782 -80724
-159264 -83105
-159264 -83105
-158968 -71604
-158871 -71734
-155848 -75439
-155806 -75299
-156000 -73891
-155850 -73786
-155838 -72194
-155688 -72199
-158883 -71276
-158983 -71429
-153971 -74403
-154085 -74180
-154429 -69949
-154611 -70007
-151782 -80724
-151533 -80780
-159245 -83103
-159245 -83103
-148617 -69739
-148410 -69743
-158871 -71734
-158674 -71882
-155806 -75299
-155863 -75071
-155688 -72199
-155494 -72188
-158125 -74371
-157885 -74542
-154611 -70007
-154739 -70077
-148410 -69743
-148319 -69680
-151533 -80780
-151432 -80721
-156826 -83097
-156826 -83097
-155494 -72188
-155268 -72213
-157352 -71091
-157229 -71330
-154739 -70077
-154886 -69973
-157885 -74542
-157750 -74780
-148319 -69680
-148133 -69497
-154886 -69973
-155010 -70068
-156592 -74645
-156824 -74715
-155268 -72213
-155122 -72153
-157229 -71330
-157394 -71519
-148133 -69497
-147923 -69483
-154932 -74777
-155134 -74567
-155122 -72153
-154883 -72051
-157394 -71519
-157479 -71622
-155010 -70068
-154980 -70183
-152491 -74083
-152226 -74205
-147923 -69483
-147741 -69481
-154189 -78126
-154327 -78132
-152599 -77003
-152725 -76857
-152725 -76857
-152635 -76683
-154215 -76923
-154188 -76997
-153681 -73240
-153516 -73284
-154188 -76997
-153976 -76884
-153516 -73284
-153335 -73340
-150119 -73029
-150058 -72952
-153335 -73340
-153157 -73295
-159209 -75870
-158991 -76098
-153011 -76723
-153076 -76996
-158991 -76098
-158836 -76243
-158836 -76243
-158756 -76070
-149703 -76740
-149941 -76891
-149941 -76891
-150109 -76896
-147306 -76242
-147078 -76019
-145028 -73025
-145029 -73021
-150109 -76896
-150299 -76982
-147078 -76019
-146965 -75756
-152334 -72726
-152137 -72854
-146965 -75756
-146904 -75623
-150119 -73359
-150190 -73218
-152137 -72854
-151966 -73019
-145098 -73356
-144996 -73154
-151966 -73019
-151945 -72850
-151945 -72850
-151928 -72687
-156723 -72579
-156592 -72782
-151928 -72687
-151948 -72539
-156592 -72782
-156481 -72879
-150362 -76144
-150299 -76215
-151948 -72539
-151958 -72321
-156481 -72879
-156433 -73098
-148501 -73002
-148346 -72972
-156496 -76947
-156657 -76911
-156433 -73098
-156495 -73349
-148346 -72972
-148167 -73015
-156657 -76911
-156899 -76900
-159362 -72903
-159168 -72841
-156899 -76900
-157070 -76952
-159168 -72841
-159034 -72800
-159034 -72800
-158827 -73013
-154491 -72994
-154631 -72982
-157789 -76126
-157500 -76228
-150691 -73343
-150687 -73320
-149610 -76221
-149608 -76220
-152632 -73340
-152652 -73103
-148526 -72985
-148501 -73002
-158422 -76909
-158294 -76937
-149608 -76220
-149604 -76220
-152652 -73103
-152520 -72953
-145247 -72996
-145247 -72996
-156628 -69008
-156792 -68899
-155285 -78781
-155024 -78564
-156792 -68899
-157042 -68675
-152036 -68961
-151948 -69046
-158400 -78689
-158179 -78648
-158400 -76635
-158483 -76471
-153282 -75600
-153170 -75758
-151948 -69046
-151913 -69157
-153592 -68751
-153746 -68839
-158179 -78648
-158067 -78777
-155071 -76643
-155192 -76511
-153170 -75758
-153026 -75908
-151913 -69157
-151845 -69348
-153746 -68839
-153895 -68947
-155192 -76511
-155175 -76326
-153444 -68826
-153302 -68942
-155676 -75902
-155684 -75692
-149570 -76641
-149403 -76523
-153302 -68942
-153067 -68965
-151058 -79477
-151097 -79673
-152071 -79065
-152075 -79102
-150799 -78707
-150955 -78733
-157342 -77708
-157278 -77558
-155684 -75692
-155662 -75488
-149403 -76523
-149291 -76328
-150955 -78733
-151093 -78490
-157278 -77558
-157142 -77401
-159028 -78578
-158870 -78561
-159388 -75807
-159209 -75870
-158870 -78561
-158729 -78469
-154389 -77340
-154137 -77266
-154137 -77266
-154078 -77129
-155024 -78564
-154905 -78447
-154420 -76943
-154409 -77147
-154905 -78447
-154659 -78240
-154409 -77147
-154389 -77340
-150621 -75890
-150616 -75795
-151512 -69279
-151235 -69147
-150152 -78300
-150372 -78439
-150616 -75795
-150483 -75551
-151235 -69147
-151079 -68908
-156818 -81015
-156715 -80807
-150372 -78439
-150615 -78575
-155253 -69255
-155331 -69040
-152251 -75890
-152275 -75600
-156715 -80807
-156674 -80802
-154988 -77333
-155019 -77150
-155331 -69040
-155390 -68811
-152248 -82581
-152087 -82587
-156674 -80802
-156572 -80707
-155076 -78475
-155024 -78564
-155253 -69255
-155491 -69271
-149732 -75628
-149684 -75887
-152087 -82587
-151929 -82599
-153213 -80729
-153459 -80605
-153689 -79090
-153623 -78971
-156394 -76502
-156141 -76626
-157734 -77494
-157494 -77499
-147355 -69304
-147366 -69203
-151929 -82599
-151687 -82621
-153459 -80605
-153703 -80597
-153623 -78971
-153607 -78747
-157494 -77499
-157342 -77708
-151687 -82621
-151641 -82621
-153703 -80597
-153818 -80479
-157159 -77327
-157325 -77039
-151641 -82621
-151364 -82667
-157325 -77039
-157070 -76952
-157831 -76622
-157620 -76622
-151364 -82667
-151319 -82715
-151432 -80721
-151196 -80633
-151319 -82715
-151246 -82791
-151196 -80633
-151002 -80612
-152257 -79614
-152444 -79583
-153389 -78666
-153607 -78747
-155729 -82177
-155729 -82177
-149300 -79950
-149537 -80038
-155134 -74567
-155388 -74607
-155850 -73786
-155727 -73921
-157479 -71622
-157402 -71881
-154980 -70183
-154967 -70428
-152226 -74205
-151979 -74398
-147789 -73655
-147870 -73607
-150194 -71992
-150281 -72222
-159048 -80020
-158776 -79839
-147741 -69481
-147562 -69486
-157028 -75087
-157167 -75009
-154790 -74721
-154932 -74777
-155727 -73921
-155573 -73914
-157805 -71739
-157629 -71813
-149759 -74391
-149972 -74295
-147845 -73396
-147789 -73655
-147562 -69486
-147355 -69304
-157984 -82518
-158178 -82393
-158776 -79839
-158546 -79777
-153231 -81431
-153369 -81146
-157167 -75009
-157433 -75043
-156824 -74715
-157085 -74757
-155573 -73914
-155367 -73844
-158462 -72193
-158407 -72205
-157629 -71813
-157402 -71881
-153053 -75119
-153185 -75234
-149759 -74391
-149891 -74154
-153369 -81146
-153332 -81118
-158546 -79777
-158322 -79727
-149709 -73658
-149446 -73621
-157028 -75087
-156792 -74803
-157085 -74757
-157290 -74589
-156354 -73800
-156253 -73969
-157097 -71877
-156849 -71733
-157935 -71741
-158029 -71825
-153185 -75234
-153296 -75430
-149891 -74154
-149771 -73931
-153332 -81118
-153334 -81094
-149446 -73621
-149279 -73362
-151439 -69684
-151304 -69755
-156849 -71733
-156682 -71580
-157671 -75181
-157588 -75393
-158029 -71825
-158244 -71984
-146621 -75081
-146621 -75081
-150721 -74753
-150662 -74502
-145693 -74388
-145693 -74388
-152351 -73967
-152386 -73690
-153334 -81094
-153283 -80991
-149279 -73362
-149312 -73177
-145800 -69486
-145657 -69623
-157588 -75393
-157434 -75395
-156682 -71580
-156689 -71383
-158244 -71984
-158407 -72205
-148946 -74264
-148755 -74284
-152386 -73690
-152443 -73419
-145657 -69623
-145434 -69713
-159354 -74608
-159084 -74708
-153283 -80991
-153187 -80838
-157434 -75395
-157226 -75325
-156689 -71383
-156735 -71140
-159084 -74708
-158940 -74754
-148755 -74284
-148638 -74314
-145499 -72059
-145279 -72174
-150482 -71395
-150441 -71153
-145434 -69713
-145242 -69682
-148638 -74314
-148575 -74358
-145279 -72174
-145090 -72075
-150441 -71153
-150558 -70929
-145242 -69682
-145079 -69641
-157675 -70606
-157707 -70871
-148575 -74358
-148306 -74385
-146450 -72461
-146714 -72632
-145090 -72075
-144954 -72120
-150558 -70929
-150516 -70763
-145079 -69641
-144984 -69702
-155452 -80283
-155249 -80193
-152814 -82163
-152788 -81832
-157707 -70871
-157851 -70977
-148306 -74385
-148107 -74281
-144954 -72120
-144688 -72200
-150516 -70763
-150537 -70538
-144984 -69702
-144729 -69633
-155249 -80193
-154970 -79950
-155199 -71017
-155128 -71252
-157851 -70977
-158030 -70915
-148107 -74281
-147906 -74218
-144553 -72046
-144688 -72200
-144729 -69633
-144651 -69244
-156844 -83032
-156600 -82947
-154989 -73640
-154932 -73617
-155128 -71252
-154840 -71379
-158933 -75423
-159003 -75244
-151957 -75074
-151957 -74958
-154376 -74043
-154572 -74150
-154067 -70966
-154083 -70964
-144651 -69244
-144685 -69193
-155250 -73617
-154989 -73640
-158313 -71213
-158461 -71393
-159003 -75244
-159099 -75005
-154572 -74150
-154547 -74381
-154067 -70966
-153894 -70886
-153086 -70404
-153010 -70257
-144685 -69193
-144825 -68953
-152103 -80303
-152235 -80254
-159099 -75005
-158940 -74754
-153929 -73640
-153886 -73431
-153894 -70886
-153702 -70862
-144825 -68953
-144902 -68790
-155513 -83070
-155513 -83070
-159048 -80020
-159119 -79775
-146224 -73638
-146486 -73410
-154468 -71099
-154555 -71318
-153702 -70862
-153484 -70719
-157151 -81413
-156951 -81231
-159119 -79775
-159199 -79672
-156893 -75420
-156684 -75376
-155595 -71616
-155579 -71847
-158125 -74371
-158076 -74170
-146224 -73638
-146189 -73620
-154555 -71318
-154840 -71379
-153484 -70719
-153531 -70528
-159199 -79672
-159147 -79454
-151097 -79673
-151222 -79712
-155579 -71847
-155679 -71945
-158205 -71197
-158048 -71296
-150549 -74367
-150627 -74160
-150300 -73372
-150041 -73498
-155494 -83066
-155494 -83066
-155386 -82134
-155386 -82134
-151222 -79712
-151452 -79792
-155679 -71945
-155838 -72194
-158048 -71296
-157903 -71377
-150627 -74160
-150509 -73981
-150041 -73498
-149966 -73370
-150795 -72610
-151052 -72563
-156209 -82130
-155989 -82086
-151452 -79792
-151610 -79943
-158623 -71906
-158462 -72193
-150509 -73981
-150506 -73801
-149966 -73370
-149868 -73638
-156209 -82130
-156279 -82050
-151610 -79943
-151855 -80062
-152895 -74698
-152924 -74733
-153712 -74365
-153512 -74097
-148857 -69379
-148771 -69576
-151855 -80062
-152103 -80303
-154083 -70964
-154091 -70874
-148771 -69576
-148617 -69739
-158245 -74732
-158268 -74534
-154091 -70874
-154011 -70619
-153665 -69727
-153711 -69671
-153091 -79778
-152903 -79978
-157661 -82502
-157561 -82422
-158268 -74534
-158198 -74433
-154011 -70619
-153844 -70503
-157561 -82422
-157456 -82327
-152903 -79978
-152906 -80000
-159107 -72184
-158911 -72069
-155863 -75071
-155763 -74892
-153844 -70503
-153671 -70341
-158294 -76937
-158238 -76946
-149400 -76088
-149608 -76220
-152520 -72953
-152334 -72726
-158238 -76946
-157969 -76872
-143578 -68701
-143421 -68848
-157500 -76618
-157273 -76817
-153442 -78127
-153214 -78051
-154317 -77704
-154285 -77602
-145801 -73253
-145666 -73196
-153597 -72962
-153545 -72994
-143421 -68848
-143242 -68942
-157273 -76817
-157070 -76952
-154317 -77704
-154074 -77689
-145666 -73196
-145458 -73328
-153200 -72961
-153403 -72974
-143242 -68942
-143070 -68939
-157070 -76952
-156793 -76703
-156081 -76016
-156303 -76170
-151794 -75504
-151894 -75721
-150687 -73320
-150575 -73144
-153403 -72974
-153545 -72994
-156324 -76810
-156496 -76947
-151894 -75721
-151627 -75870
-150575 -73144
-150388 -72934
-154491 -72994
-154299 -72724
-154800 -68754
-154591 -68900
-156958 -76200
-156985 -76066
-152178 -78134
-152162 -78114
-151627 -75870
-151487 -75709
-148856 -73312
-148850 -73089
-154299 -72724
-154111 -72503
-154591 -68900
-154407 -68803
-154327 -78132
-154269 -78366
-151835 -78083
-151620 -78086
-148850 -73089
-148698 -72973
-154407 -68803
-154241 -68917
-158884 -75683
-158915 -75866
-154269 -78366
-154422 -78524
-151620 -78086
-151347 -77879
-145010 -73308
-145010 -73308
-154241 -68917
-154116 -68969
-154438 -78095
-154327 -78132
-150198 -75864
-150184 -75689
-154116 -68969
-153892 -68939
-153442 -78127
-153594 -78095
-150184 -75689
-150163 -75531
-157583 -78915
-157707 -79024
-153594 -78095
-153825 -77992
-150163 -75531
-150234 -75335
-148067 -72992
-147848 -72856
-157707 -79024
-157925 -79064
-153887 -77944
-154081 -77959
-154420 -76943
-154576 -76928
-153157 -73295
-153147 -73112
-147848 -72856
-147606 -72770
-158447 -76179
-158191 -76039
-154081 -77959
-154189 -78126
-153147 -73112
-153200 -72961
-154646 -72734
-154631 -72982
-150300 -78803
-150173 -79072
-148355 -73294
-148167 -73015
-151841 -68830
-152036 -68961
-151800 -78693
-151967 -78827
-153895 -68947
-153892 -68939
-151967 -78827
-152071 -79065
-147966 -75647
-148151 -75757
-157919 -79041
-157925 -79064
-158447 -76179
-158561 -76038
-148151 -75757
-148298 -75820
-148696 -72972
-148526 -72985
-154516 -79058
-154411 -78829
-154906 -78034
-154874 -78116
-146142 -72882
-145883 -72875
-154411 -78829
-154387 -78664
-145883 -72875
-145768 -72858
-159273 -79052
-159095 -78807
-152162 -78114
-152403 -77975
-154576 -76928
-154539 -76689
-145768 -72858
-145603 -72809
-159095 -78807
-159028 -78578
-152403 -77975
-152470 -77730
-145603 -72809
-145347 -72772
-152055 -78112
-151835 -78083
-152612 -77204
-152502 -77448
-148702 -72972
-148698 -72973
-155419 -78333
-155246 -78449
-152502 -77448
-152445 -77697
-148698 -72973
-148696 -72972
-151246 -82791
-151328 -82562
-152100 -81403
-151875 -81197
-151002 -80612
-150875 -80638
-152906 -80000
-152912 -80000
-150875 -80638
-150727 -80713
-152912 -80000
-152911 -80011
-152202 -77085
-151927 -77287
-155963 -82789
-156190 -82758
-150727 -80713
-150543 -80699
-152911 -80011
-152490 -80290
-156394 -76502
-156517 -76611
-151927 -77287
-151679 -77291
-156190 -82758
-156112 -82709
-157211 -81549
-157420 -81593
-152490 -80290
-152235 -80254
-151679 -77291
-151583 -77229
-157420 -81593
-157627 -81692
-156056 -80189
-156620 -80319
-151583 -77229
-151407 -77159
-156620 -80319
-156649 -80384
-158083 -82787
-158083 -82787
-156649 -80384
-156648 -80399
-156648 -80399
-156623 -80407
-158086 -82782
-158086 -82782
-153614 -80014
-153404 -79907
-151512 -69279
-151615 -69079
-156623 -80407
-156580 -80534
-153404 -79907
-153207 -79789
-158903 -69274
-158744 -69075
-156580 -80534
-156572 -80707
-157850 -77294
-157907 -77072
-158744 -69075
-158639 -68885
-157907 -77072
-157969 -76872
-158639 -68885
-158548 -68682
-155701 -78595
-155805 -78579
-150300 -80441
-150543 -80699
-155805 -78579
-155996 -78516
-155681 -76362
-155769 -76603
-149587 -77145
-149218 -77032
-159389 -69053
-159132 -69026
-155996 -78516
-156185 -78740
-159132 -69026
-158992 -69107
-149218 -77032
-149193 -77077
-158992 -69107
-158903 -69274
-149193 -77077
-149149 -77101
-158550 -82766
-158550 -82766
-149149 -77101
-149101 -77162
-158400 -82592
-158550 -82629
-149101 -77162
-149050 -77285
-158550 -82629
-158694 -82764
-155113 -82763
-155113 -82763
-155782 -69019
-155570 -69143
-148500 -76914
-148524 -77022
-155472 -82756
-155386 -82501
-158987 -83312
-158873 -83475
-155570 -69143
-155491 -69271
-148524 -77022
-148530 -77279
-155386 -82501
-155577 -82343
-150409 -77038
-150274 -77270
-152036 -68961
-152254 -69177
-155577 -82343
-155701 -82224
-152254 -69177
-152340 -69255
-158121 -82755
-158121 -82755
-150326 -69775
-150561 -69937
-154064 -76578
-154131 -76539
-153067 -68965
-152870 -68982
-155403 -79873
-155422 -80074
-154064 -76578
-153910 -76334
-152870 -68982
-152677 -69082
-157456 -82327
-157252 -82307
-158400 -83059
-158306 -82963
-158911 -72069
-158674 -71882
-158879 -70952
-159101 -70785
-153542 -74730
-153469 -74694
-147263 -74473
-147324 -74679
-145689 -74332
-145683 -74362
-146189 -73620
-146144 -73551
-155171 -82286
-155038 -82332
-158306 -82963
-158019 -83046
-154932 -73617
-154887 -73477
-147324 -74679
-147371 -74792
-153209 -74152
-153246 -74327
-159373 -72016
-159107 -72184
-155038 -82332
-154867 -82385
-147371 -74792
-147141 -74923
-153246 -74327
-153245 -74494
-147557 -73573
-147282 -73617
-146829 -71862
-146969 -71600
-154867 -82385
-154636 -82442
-147141 -74923
-146978 -75064
-153245 -74494
-153294 -74664
-146841 -73461
-147001 -73359
-157964 -82122
-158065 -81900
-146978 -75064
-146765 -74836
-153294 -74664
-153542 -74730
-149771 -73931
-149746 -73812
-147001 -73359
-147160 -73396
-157964 -82122
-157796 -81948
-153917 -79622
-153890 -79642
-146617 -75062
-146617 -75062
-145742 -73818
-145456 -73866
-147160 -73396
-147282 -73617
-157796 -81948
-157627 -81692
-155280 -73227
-155398 -73410
-145456 -73866
-145437 -73888
-151052 -72563
-151225 -72613
-155398 -73410
-155250 -73617
-145437 -73888
-145379 -73916
-151225 -72613
-151458 -72604
-156684 -75376
-156493 -75382
-158030 -70915
-158239 -70817
-145379 -73916
-145354 -73930
-148213 -73607
-148304 -73538
-151458 -72604
-151486 -72334
-152922 -71108
-153184 -71289
-158019 -83046
-158043 -82904
-145354 -73930
-145215 -73653
-148744 -73612
-148759 -73431
-151486 -72334
-151651 -72067
-153184 -71289
-153349 -71264
-145215 -73653
-145161 -73520
-148759 -73431
-148856 -73312
-153349 -71264
-153579 -71242
-155795 -82098
-155795 -82098
-152257 -79614
-152157 -79477
-147870 -73607
-147998 -73484
-153579 -71242
-153803 -71130
-156650 -83038
-156650 -83038
-155989 -82086
-155836 -82109
-152157 -79477
-151989 -79233
-155332 -75052
-155097 -74941
-147998 -73484
-148213 -73607
-153803 -71130
-154000 -71259
-157740 -83014
-157719 -83037
-155763 -74892
-155617 -74874
-149392 -70891
-149531 -71003
-157719 -83037
-157498 -83017
-155617 -74874
-155469 -74929
-156279 -74702
-156000 -74683
-149531 -71003
-149600 -71115
-157498 -83017
-157205 -82993
-155469 -74929
-155332 -75052
-156000 -74683
-155798 -74712
-149600 -71115
-149729 -71305
-155326 -83037
-155326 -83037
-153917 -79622
-153836 -79381
-154678 -74440
-154790 -74721
-153836 -79381
-153753 -79251
-156143 -75121
-156239 -75232
-155388 -74607
-155620 -74619
-150795 -72610
-150788 -72596
-153753 -79251
-153689 -79090
-156239 -75232
-156493 -75382
-155620 -74619
-155798 -74712
-156846 -83027
-156844 -83032
-155836 -82109
-155575 -81817
-154541 -72127
-154352 -72129
-152207 -69996
-152251 -70179
-153199 -69465
-152935 -69614
-156844 -83032
-156815 -82973
-151676 -81549
-151349 -81931
-156684 -75376
-156813 -75173
-145354 -73930
-145450 -74122
-154352 -72129
-154161 -72057
-152251 -70179
-152082 -70368
-152935 -69614
-152710 -69610
-151349 -81931
-151283 -82064
-156813 -75173
-157028 -75087
-145450 -74122
-145526 -74260
-154161 -72057
-153919 -72070
-152082 -70368
-151910 -70092
-146951 -69687
-147095 -69444
-151283 -82064
-151347 -82315
-145526 -74260
-145547 -74296
-149392 -70891
-149599 -70827
-151910 -70092
-151746 -69969
-147095 -69444
-147366 -69203
-158318 -79047
-158349 -78996
-155246 -78449
-155076 -78475
-155131 -77978
-154906 -78034
-156893 -75420
-156726 -75643
-152445 -77697
-152316 -77587
-145011 -73276
-145011 -73276
-149075 -72828
-148851 -72716
-155280 -78102
-155408 -77825
-156726 -75643
-156646 -75834
-157643 -78169
-157511 -78351
-152867 -76573
-153106 -76329
-144912 -73272
-144913 -73269
-148851 -72716
-148702 -72972
-158067 -78777
-157919 -79041
-157511 -78351
-157373 -78497
-155131 -77978
-155280 -78102
-159195 -77642
-158986 -77693
-154304 -76471
-154131 -76539
-150418 -73264
-150464 -73239
-157373 -78497
-157204 -78302
-153805 -72686
-153946 -72968
-154438 -78095
-154489 -77992
-154638 -76554
-154695 -76525
-153805 -72686
-153597 -72962
-153200 -72961
-153189 -72941
-154131 -76539
-154160 -76772
-150058 -72952
-149995 -72743
-154160 -76772
-154215 -76923
-154638 -76554
-154447 -76509
-145220 -72951
-145220 -72934
-154447 -76509
-154304 -76471
-145215 -72948
-145215 -72948
-152987 -72699
-153189 -72941
-147600 -75830
-147615 -75828
-145205 -72943
-145205 -72943
-154131 -76539
-154114 -76463
-153157 -72822
-153189 -72941
-151093 -78490
-150975 -78268
-151904 -78006
-151835 -78083
-148532 -76807
-148500 -76914
-145220 -72934
-145209 -72937
-158422 -76909
-158466 -76871
-145209 -72937
-145181 -72861
-144905 -73267
-144905 -73263
-145181 -72861
-145209 -72937
-155175 -76326
-154925 -76350
-158274 -72934
-158315 -72800
-147615 -75828
-147755 -75667
-154925 -76350
-154695 -76525
-147755 -75667
-147966 -75647
-145220 -72934
-145347 -72772
-154799 -76157
-154546 -76318
-148422 -75623
-148298 -75820
-150745 -72714
-150556 -72808
-154546 -76318
-154695 -76525
-154521 -75650
-154773 -75739
-150190 -73218
-150418 -73264
-150556 -72808
-150388 -72934
-154874 -78116
-154995 -78251
-154773 -75739
-155048 -75474
-150388 -72934
-150324 -72743
-154995 -78251
-155076 -78475
-150299 -76215
-150220 -76393
-145878 -73117
-145801 -73253
-158401 -75804
-158272 -75753
-150220 -76393
-150086 -76472
-150086 -76472
-149888 -76499
-155422 -80074
-155452 -80283
-151347 -82315
-151397 -82307
-151903 -76175
-151831 -76074
-149599 -70827
-149776 -70828
-146393 -69227
-146628 -69427
-151397 -82307
-151480 -82297
-156646 -75834
-156593 -76018
-149776 -70828
-149947 -70886
-146628 -69427
-146821 -69457
-157579 -81383
-157671 -81186
-156250 -79978
-156372 -79415
-151480 -82297
-151644 -82466
-156593 -76018
-156303 -76170
-149947 -70886
-150117 -70702
-146821 -69457
-146951 -69687
-157370 -81221
-157579 -81383
-158978 -81641
-159127 -81804
-150615 -78575
-150799 -78707
-155305 -69603
-155528 -69564
-150117 -70702
-150304 -70542
-159127 -81804
-159273 -81899
-156898 -70250
-156920 -70429
-155528 -69564
-155677 -69570
-154078 -77129
-153901 -77172
-159273 -81899
-159300 -82095
-156920 -70429
-157006 -70707
-153895 -68947
-153978 -69183
-143494 -68398
-143070 -68939
-155989 -82086
-155990 -81922
-158416 -80664
-158619 -80398
-157006 -70707
-157065 -70901
-153978 -69183
-153864 -69309
-142987 -68749
-143070 -68939
-154970 -79950
-154970 -79950
-157198 -78671
-157354 -78677
-158619 -80398
-158488 -80266
-148992 -70771
-149260 -70878
-153864 -69309
-153844 -69538
-153892 -68939
-154084 -68742
-154970 -79950
-155082 -79837
-157354 -78677
-157499 -78695
-152257 -79614
-152252 -79809
-154304 -76165
-154246 -75984
-149260 -70878
-149392 -70891
-153844 -69538
-153871 -69678
-152252 -79809
-152128 -79978
-155082 -79837
-155195 -79920
-152056 -82310
-151848 -82352
-151201 -76049
-150928 -76138
-145256 -70806
-145043 -70657
-153871 -69678
-153711 -69671
-155195 -79920
-155403 -79873
-151848 -82352
-151644 -82466
-152128 -79978
-152235 -80254
-145043 -70657
-144821 -70507
-153711 -69671
-153646 -69438
-154970 -79950
-154812 -79737
-144821 -70507
-144548 -70408
-153646 -69438
-153583 -69248
-154812 -79737
-154688 -79518
-144548 -70408
-144310 -70435
-153583 -69248
-153519 -69043
-144310 -70435
-144177 -70508
-153519 -69043
-153444 -68826
-146539 -68793
-146482 -68935
-155654 -78703
-155701 -78595
-155677 -69570
-155823 -69627
-144177 -70508
-144115 -70583
-146482 -68935
-146297 -68710
-155481 -78678
-155654 -78703
-155823 -69627
-156062 -69571
-144115 -70583
-144014 -70657
-144014 -70657
-144003 -70669
-155175 -76003
-154971 -76020
-144003 -70669
-143711 -70893
-158548 -68682
-158318 -68906
-156919 -80235
-157086 -79943
-154971 -76020
-154799 -76157
-158318 -68906
-158112 -68850
-143711 -70893
-143455 -70774
-157086 -79943
-157219 -79810
-158112 -68850
-157862 -68920
-153901 -77172
-153654 -77202
-143455 -70774
-143337 -70749
-157557 -80600
-157495 -80652
-157219 -79810
-157191 -79730
-153654 -77202
-153551 -77135
-143337 -70749
-143354 -70659
-151135 -82445
-151135 -82445
-157495 -80652
-157236 -80470
-157191 -79730
-157206 -79508
-151618 -78622
-151800 -78693
-153551 -77135
-153299 -77227
-143354 -70659
-143316 -70735
-157765 -68663
-157862 -68920
-157236 -80470
-157166 -80331
-156250 -79978
-156541 -80097
-153299 -77227
-153087 -77041
-143316 -70735
-143243 -70553
-156279 -82050
-156226 -81997
-157166 -80331
-156919 -80235
-156541 -80097
-156691 -80194
-143243 -70553
-143189 -70447
-155044 -82751
-155044 -82751
-145547 -74296
-145603 -74273
-149432 -70181
-149153 -70346
-152677 -69082
-152527 -69198
-154390 -75046
-154391 -74968
-145603 -74273
-145689 -74332
-145343 -70327
-145562 -70320
-152527 -69198
-152340 -69255
-151957 -74958
-152136 -75031
-151874 -73559
-151899 -73362
-150521 -72154
-150500 -71961
-145562 -70320
-145772 -70293
-157584 -68622
-157540 -68894
-157583 -74883
-157433 -75043
-156373 -74578
-156279 -74702
-157540 -68894
-157552 -69068
-159047 -73882
-158972 -73842
-151899 -73362
-151942 -73164
-150788 -72596
-150617 -72451
-145772 -70293
-145920 -70190
-157205 -82993
-156943 -82988
-157552 -69068
-157497 -69250
-151554 -74906
-151389 -74910
-153929 -73640
-153806 -73870
-150617 -72451
-150563 -72307
-145920 -70190
-146148 -69955
-156943 -82988
-156846 -83027
-158247 -77887
-158113 -77971
-151389 -74910
-151256 -74953
-145284 -73889
-145284 -73889
-150416 -73815
-150410 -73965
-150563 -72307
-150521 -72154
-146148 -69955
-146280 -69706
-157200 -82953
-156981 -82923
-158087 -82740
-158087 -82740
-158113 -77971
-157945 -78045
-151256 -74953
-151131 -74964
-150410 -73965
-150413 -74159
-146700 -73768
-146917 -73800
-145634 -71807
-145731 -71519
-148225 -71218
-148022 -71261
-146280 -69706
-146085 -69698
-156981 -82923
-156907 -82967
-154850 -82715
-155046 -82656
-151131 -74964
-150946 -75040
-150413 -74159
-150309 -74296
-146144 -73551
-146075 -73330
-148022 -71261
-147767 -71153
-146085 -69698
-145834 -69523
-156907 -82967
-156846 -83027
-155046 -82656
-155222 -82594
-156044 -72503
-156223 -72497
-150946 -75040
-150940 -74861
-152895 -74698
-152893 -74498
-145586 -74296
-145586 -74296
-146075 -73330
-146096 -73051
-147767 -71153
-147572 -71292
-156223 -72497
-156348 -72447
-152893 -74498
-152726 -74405
-150416 -73815
-150219 -73853
-148304 -73538
-148355 -73294
-146997 -70442
-147136 -70465
-156348 -72447
-156530 -72482
-149859 -75102
-149986 -75198
-152726 -74405
-152569 -74119
-150219 -73853
-150084 -73929
-147136 -70465
-147299 -70568
-146482 -68935
-146366 -69002
-154996 -82732
-154996 -82732
-157740 -83014
-157657 -83019
-156530 -72482
-156723 -72579
-158097 -73535
-158139 -73457
-149986 -75198
-150234 -75335
-146454 -74081
-146308 -73999
-150084 -73929
-149998 -74129
-147299 -70568
-147346 -70816
-146366 -69002
-146393 -69227
-157657 -83019
-157443 -83008
-157627 -81692
-157804 -81560
-158657 -78057
-158941 -77984
-149998 -74129
-149972 -74295
-146308 -73999
-146320 -74081
-153157 -73295
-153098 -73529
-148677 -71772
-148467 -71759
-147346 -70816
-147431 -71026
-157443 -83008
-157200 -82953
-157804 -81560
-157579 -81383
-158941 -77984
-158989 -77723
-145586 -74290
-145586 -74290
-146320 -74081
-146322 -74107
-148467 -71759
-148274 -71608
-147431 -71026
-147572 -71292
-156898 -70250
-156757 -70352
-152767 -77928
-152917 -77948
-146322 -74107
-146331 -74260
-151288 -71710
-151049 -71585
-145898 -71080
-145812 -71289
-154883 -72051
-154730 -72056
-156535 -69908
-156594 -70101
-158948 -73519
-159181 -73406
-158983 -71429
-159214 -71432
-152917 -77948
-153095 -77957
-146331 -74260
-146251 -74417
-145812 -71289
-145662 -71123
-154730 -72056
-154541 -72127
-156594 -70101
-156757 -70352
-159181 -73406
-159400 -73526
-159214 -71432
-159307 -71578
-153095 -77957
-153214 -78051
-146277 -74995
-146269 -75029
-146251 -74417
-146011 -74696
-145662 -71123
-145510 -71259
-147366 -69203
-147390 -69030
-157945 -78045
-157939 -78021
-146269 -75029
-146100 -74889
-145800 -74411
-145872 -74621
-145161 -73520
-145098 -73356
-145510 -71259
-145239 -71215
-153594 -70297
-153671 -70341
-147390 -69030
-147466 -68838
-154733 -77940
-154906 -78034
-158883 -71276
-158979 -71096
-146100 -74889
-146011 -74696
-145872 -74621
-146011 -74696
-150490 -73520
-150610 -73473
-152050 -71733
-152315 -71772
-158043 -82904
-157890 -82971
-158979 -71096
-158879 -70952
-153469 -74694
-153642 -74514
-150490 -73520
-150300 -73372
-152315 -71772
-152488 -71735
-157890 -82971
-157740 -83014
-156834 -74178
-156632 -74216
-158948 -73519
-158967 -73274
-153642 -74514
-153712 -74365
-148304 -73538
-148496 -73768
-151052 -72563
-151022 -72284
-152488 -71735
-152531 -71470
-156632 -74216
-156452 -74277
-158967 -73274
-158838 -73106
-154391 -74968
-154188 -74912
-154016 -74421
-153913 -74681
-148496 -73768
-148717 -73852
-151022 -72284
-151143 -72001
-149933 -71903
-149699 -71986
-156452 -74277
-156416 -74140
-145123 -73518
-145123 -73518
-149699 -71986
-149616 -72119
-156416 -74140
-156253 -73969
-156311 -71674
-156465 -71797
-151800 -78693
-151942 -78424
-151942 -78424
-152055 -78112
-158076 -76049
-157789 -76126
-150621 -75890
-150362 -76144
-154568 -78874
-154800 -79004
-158729 -78469
-158657 -78230
-156394 -76502
-156433 -76304
-149571 -73104
-149627 -73247
-151407 -77159
-151218 -77326
-150928 -76138
-150830 -76077
-153545 -72994
-153681 -73240
-151218 -77326
-151307 -77427
-150830 -76077
-150621 -75890
-150464 -73239
-150309 -73159
-155481 -78678
-155384 -78484
-151307 -77427
-151480 -77659
-151339 -76501
-151324 -76458
-155384 -78484
-155419 -78333
-155280 -73227
-155415 -72967
-147766 -76500
-147923 -76396
-152870 -78431
-153003 -78493
-155415 -72967
-155343 -72860
-152829 -77181
-152612 -77204
-147923 -76396
-148096 -76421
-153003 -78493
-153116 -78544
-155343 -72860
-155388 -72638
-158349 -78996
-158507 -78878
-153116 -78544
-153297 -78618
-153026 -75908
-153219 -76128
-158507 -78878
-158715 -78786
-153297 -78618
-153389 -78666
-148596 -76464
-148333 -76462
-146142 -72882
-146381 -72752
-157789 -76126
-157751 -76073
-148333 -76462
-148096 -76421
-146381 -72752
-146511 -72673
-153214 -78051
-152983 -78135
-146511 -72673
-146714 -72632
-157198 -78671
-157183 -78641
-158836 -76243
-158694 -76320
-152983 -78135
-152978 -78245
-150179 -75977
-149920 -76114
-158694 -76320
-158483 -76471
-152978 -78245
-152870 -78431
-149684 -75887
-149920 -76114
-157309 -72900
-157196 -72832
-152857 -78426
-152870 -78431
-151831 -76074
-152040 -76069
-153389 -78666
-153481 -78407
-157196 -72832
-157028 -72695
-152040 -76069
-152278 -76042
-153481 -78407
-153442 -78127
-154047 -75946
-153876 -76005
-145183 -72889
-145183 -72889
-154387 -78664
-154375 -78595
-153876 -76005
-153745 -76112
-155980 -77643
-155749 -77563
-153910 -76334
-153647 -76437
-153691 -76062
-153745 -76112
-156691 -80194
-156919 -80235
-148992 -70771
-148976 -70943
-149153 -70346
-148953 -70228
-156815 -82973
-156816 -82972
-157497 -69250
-157233 -69503
-148976 -70943
-148994 -71129
-148953 -70228
-148816 -70153
-151079 -68908
-151186 -68766
-151942 -80525
-152100 -80511
-154636 -82442
-154388 -82322
-157233 -69503
-157102 -69652
-148994 -71129
-148786 -71334
-148816 -70153
-148590 -70169
-152100 -80511
-152204 -80646
-157381 -80985
-156902 -80842
-151123 -81220
-151173 -81350
-157102 -69652
-156986 -69651
-148786 -71334
-148642 -71581
-159300 -82984
-159094 -82958
-155271 -79328
-155177 -79500
-156902 -80842
-156818 -81015
-159094 -82958
-158999 -82921
-156986 -69651
-156904 -69642
-148642 -71581
-148677 -71772
-155390 -68811
-155665 -68884
-155417 -82435
-155417 -82435
-155177 -79500
-154958 -79466
-151856 -81188
-151731 -81146
-156074 -76892
-155969 -76668
-156904 -69642
-156668 -69592
-155665 -68884
-155864 -68754
-155733 -79569
-155523 -79839
-154958 -79466
-154810 -79315
-151731 -81146
-151546 -81220
-155523 -79839
-155403 -79873
-151546 -81220
-151352 -81247
-150094 -79591
-149968 -79407
-151352 -81247
-151173 -81350
-152444 -79583
-152693 -79344
-158400 -81668
-158571 -81501
-148070 -79527
-148316 -79565
-158814 -70292
-159050 -70289
-153976 -76884
-153957 -76708
-158571 -81501
-158718 -81534
-148316 -79565
-148586 -79454
-153957 -76708
-154064 -76578
-151430 -73853
-151448 -73835
-153263 -70246
-153370 -70301
-154465 -81558
-154173 -81498
-148586 -79454
-148597 -79434
-148717 -73852
-148744 -73612
-153370 -70301
-153594 -70297
-154173 -81498
-153886 -81670
-148597 -79434
-149184 -79136
-153886 -81670
-153603 -81492
-149184 -79136
-149217 -79104
-154989 -73640
-155155 -73748
-153603 -81492
-153448 -81564
-149217 -79104
-149259 -79139
-155155 -73748
-155367 -73844
-158119 -70330
-158223 -70155
-150630 -71731
-150368 -71724
-153448 -81564
-153231 -81431
-149259 -79139
-149400 -79232
-150368 -71724
-150148 -71548
-145834 -69523
-145799 -69684
-156115 -81667
-156278 -81400
-158972 -73842
-158963 -73717
-150148 -71548
-149964 -71456
-145799 -69684
-145635 -69850
-156634 -82998
-156634 -82998
-156278 -81400
-156254 -81125
-158963 -73717
-158948 -73519
-149964 -71456
-149729 -71305
-145635 -69850
-145612 -70058
-151632 -69537
-151621 -69640
-155023 -80940
-154872 -81091
-157935 -71741
-157805 -71739
-158972 -73842
-158771 -73820
-145612 -70058
-145343 -70327
-159380 -69623
-159289 -69379
-157200 -82953
-157205 -82993
-157085 -82017
-157098 -81791
-156951 -81231
-157076 -81189
-154872 -81091
-154835 -81123
-158771 -73820
-158647 -73794
-159289 -69379
-159474 -69273
-153594 -70297
-153884 -70166
-156839 -82985
-156849 -82983
-156802 -81641
-156747 -81825
-157076 -81189
-157284 -81242
-154835 -81123
-154839 -81140
-158647 -73794
-158500 -73830
-158981 -69450
-159263 -69518
-153884 -70166
-153922 -70019
-156747 -81825
-156966 -81890
-157284 -81242
-157370 -81221
-154839 -81140
-154846 -81494
-154970 -79950
-154788 -80211
-158500 -73830
-158349 -73823
-159263 -69518
-159380 -69623
-152050 -71733
-151836 -71729
-153922 -70019
-154052 -69868
-156816 -82972
-156839 -82985
-156966 -81890
-157085 -82017
-154846 -81494
-154878 -81544
-154788 -80211
-154635 -80100
-157903 -71377
-158068 -71549
-151534 -76839
-151321 -76834
-151691 -73686
-151448 -73835
-154878 -81544
-154958 -81666
-158186 -80568
-158002 -80422
-158068 -71549
-157935 -71741
-153465 -76778
-153302 -76878
-151448 -73835
-151411 -73798
-150902 -68636
-150842 -68829
-156465 -71797
-156646 -72032
-148422 -75623
-148557 -75669
-143189 -70447
-143106 -70252
-155097 -74941
-155092 -75090
-156646 -72032
-156746 -72097
-148557 -75669
-148791 -75600
-143106 -70252
-143047 -70133
-155092 -75090
-154934 -75345
-156746 -72097
-156920 -72011
-148791 -75600
-148918 -75621
-143047 -70133
-142976 -69922
-156920 -72011
-157097 -71877
-148918 -75621
-148938 -75632
-150880 -75344
-150736 -75131
-142976 -69922
-142920 -69780
-148938 -75632
-149223 -75478
-150736 -75131
-150544 -74999
-154098 -73145
-154279 -73194
-142920 -69780
-142884 -69528
-149223 -75478
-149202 -75273
-150544 -74999
-150390 -74878
-148946 -74264
-149092 -74062
-154279 -73194
-154414 -73114
-142884 -69528
-142893 -69371
-158894 -74166
-158738 -74206
-151504 -75681
-151248 -75655
-146723 -75342
-146723 -75342
-154414 -73114
-154491 -72994
-142893 -69371
-142891 -69363
-158122 -75339
-158026 -75188
-158738 -74206
-158556 -74251
-151248 -75655
-151200 -75543
-144978 -73209
-144978 -73209
-142891 -69363
-142924 -69224
-158408 -74879
-158348 -75065
-158095 -74103
-158316 -74126
-151200 -75543
-151031 -75446
-142924 -69224
-142946 -69063
-158348 -75065
-158122 -75339
-158316 -74126
-158461 -74078
-151031 -75446
-150880 -75344
-142946 -69063
-142979 -68857
-154850 -82715
-154636 -82442
-158461 -74078
-158556 -74251
-142979 -68857
-142987 -68749
-154850 -82715
-154779 -82689
-158416 -70756
-158239 -70817
-150309 -74296
-150427 -74533
-154779 -82689
-154544 -82707
-157679 -73937
-157541 -74063
-158933 -75423
-158884 -75683
-150234 -75335
-150269 -75141
-150427 -74533
-150572 -74673
-154544 -82707
-154465 -82703
-155422 -75330
-155332 -75052
-157541 -74063
-157442 -74132
-158382 -75562
-158637 -75574
-152443 -73419
-152632 -73340
-154465 -82703
-154186 -82663
-157442 -74132
-157245 -74239
-158637 -75574
-158884 -75683
-154186 -82663
-153901 -82648
-156592 -74645
-156373 -74578
-157245 -74239
-157089 -74115
-156753 -70647
-156541 -70810
-151504 -75681
-151745 -75506
-157351 -75673
-157134 -75435
-157089 -74115
-156870 -74118
-156541 -70810
-156369 -70832
-157805 -71739
-157731 -71979
-152089 -74654
-151979 -74398
-144974 -73201
-144974 -73201
-154000 -71259
-154067 -70966
-156834 -74178
-156788 -74416
-156369 -70832
-156240 -70821
-157731 -71979
-157619 -72104
-144996 -73154
-145276 -73175
-156788 -74416
-156741 -74563
-157446 -72001
-157619 -72104
-156741 -74563
-156592 -74645
-158076 -74170
-157925 -74224
-153919 -72070
-153824 -72023
-157925 -74224
-157737 -74143
-151789 -71964
-151651 -72067
-157028 -75087
-157226 -75325
-157737 -74143
-157679 -73937
-151651 -72067
-151495 -71818
-159403 -75659
-159121 -75577
-151181 -82688
-151181 -82688
-159121 -75577
-158933 -75423
-154390 -75046
-154573 -75314
-151495 -71818
-151288 -71710
-152612 -77204
-152599 -77003
-153302 -76878
-153011 -76723
-153647 -76437
-153406 -76439
-152561 -78295
-152634 -78343
-152634 -78343
-152857 -78426
-157969 -76872
-157986 -76773
-158483 -76471
-158406 -76398
-159299 -77189
-159119 -77004
-155019 -77150
-155194 -77138
-154304 -76471
-154380 -76320
-145181 -72861
-144766 -72859
-155194 -77138
-155372 -77010
-154380 -76320
-154304 -76165
-144684 -72694
-144766 -72859
-158466 -76871
-158400 -76635
-158272 -75753
-158382 -75562
-155461 -76866
-155402 -76785
-148633 -76448
-148596 -76464
-155449 -76822
-155461 -76866
-154114 -76463
-154115 -76284
-152048 -76836
-152214 -76834
-154115 -76284
-154304 -76165
-149075 -72828
-149079 -72745
-153018 -78890
-152693 -79344
-152214 -76834
-152368 -76775
-151324 -76458
-151605 -76370
-153552 -71951
-153539 -72157
-152693 -79344
-152609 -79235
-152368 -76775
-152511 -76703
-153539 -72157
-153441 -72407
-152609 -79235
-152335 -79194
-155883 -77157
-155743 -77182
-148954 -77400
-148945 -77473
-153441 -72407
-153513 -72518
-152335 -79194
-152306 -79131
-155372 -77010
-155535 -77122
-148945 -77473
-149041 -77727
-153513 -72518
-153224 -72637
-152306 -79131
-152075 -79102
-155535 -77122
-155743 -77182
-149041 -77727
-149139 -77817
-149291 -76328
-149076 -76314
-153224 -72637
-153157 -72822
-149139 -77817
-149412 -77940
-152853 -77128
-152829 -77181
-149076 -76314
-148937 -76333
-149412 -77940
-149540 -77837
-148937 -76333
-148773 -76385
-157939 -78021
-157806 -77734
-148773 -76385
-148633 -76448
-158416 -80664
-158656 -80854
-158002 -80422
-157836 -80366
-154887 -73477
-155059 -73354
-159195 -77642
-159170 -77590
-150842 -68829
-150703 -68813
-156839 -82985
-156849 -82983
-158656 -80854
-158509 -80988
-157836 -80366
-157851 -80537
-155059 -73354
-155280 -73227
-157851 -80537
-157726 -80489
-158547 -69931
-158706 -70101
-149812 -73487
-149871 -73427
-157517 -80855
-157381 -80985
-156047 -79213
-155891 -79433
-157726 -80489
-157557 -80600
-158706 -70101
-158814 -70292
-149691 -75280
-149859 -75102
-149627 -73247
-149812 -73487
-155891 -79433
-155733 -79569
-158861 -69953
-159010 -70077
-152965 -77633
-153043 -77400
-149691 -75280
-149448 -75237
-155733 -79569
-155700 -79550
-156664 -69539
-156454 -69592
-159010 -70077
-159050 -70289
-149448 -75237
-149237 -75215
-155700 -79550
-155571 -79440
-156454 -69592
-156356 -69604
-153263 -70246
-153052 -70171
-156056 -80189
-156250 -79978
-155571 -79440
-155315 -79365
-156356 -69604
-156201 -69610
-154631 -72982
-154848 -73180
-147656 -68729
-147466 -68838
-156802 -81641
-156791 -81525
-155315 -79365
-155271 -79328
-157661 -82502
-157508 -82589
-150094 -79591
-150377 -79844
-154848 -73180
-154910 -73301
-156201 -69610
-156062 -69571
-147466 -68838
-147377 -68673
-157508 -82589
-157303 -82746
-156791 -81525
-157040 -81511
-150377 -79844
-150566 -79722
-154910 -73301
-154887 -73477
-158313 -71213
-158205 -71197
-157862 -68920
-158002 -69185
-149202 -75273
-149237 -75215
-157303 -82746
-157042 -82831
-150566 -79722
-150585 -79883
-150533 -79562
-150754 -79397
-159301 -81396
-159128 -81441
-156735 -71140
-156452 -71221
-158002 -69185
-158247 -69323
-148813 -75107
-149071 -75078
-151248 -73477
-151025 -73400
-157042 -82831
-156849 -82983
-159128 -81441
-158978 -81641
-150585 -79883
-150629 -79956
-156452 -71221
-156210 -71188
-158247 -69323
-158361 -69352
-150754 -79397
-150855 -79432
-149071 -75078
-149094 -75112
-151025 -73400
-150901 -73382
-153052 -70171
-153010 -70257
-150629 -79956
-150670 -80096
-158178 -82393
-157964 -82122
-158718 -81534
-158978 -81641
-150855 -79432
-151058 -79477
-155503 -71238
-155582 -71236
-158361 -69352
-158426 -69601
-149094 -75112
-149202 -75273
-150901 -73382
-150691 -73343
-153665 -69727
-153677 -69909
-150670 -80096
-150816 -80100
-150301 -79508
-150533 -79562
-155503 -71238
-155394 -71098
-150274 -77270
-150553 -77385
-151248 -73477
-151344 -73351
-153677 -69909
-153552 -70014
-156226 -81997
-156274 -81748
-155394 -71098
-155199 -71017
-150553 -77385
-150597 -77469
-151344 -73351
-151200 -73114
-153552 -70014
-153263 -70246
-156274 -81748
-156115 -81667
-156043 -78898
-155842 -78861
-156240 -70821
-155970 -71070
-155521 -69922
-155684 -70026
-150597 -77469
-150739 -77616
-150610 -73473
-150691 -73343
-156226 -81997
-155990 -81922
-155842 -78861
-155716 -78948
-155970 -71070
-155786 -71190
-155684 -70026
-155840 -70043
-155716 -78948
-155654 -78703
-155786 -71190
-155582 -71236
-155840 -70043
-155945 -70189
-151088 -74633
-151047 -74502
-155945 -70189
-156041 -69996
-159485 -80811
-159202 -80927
-156041 -69996
-156303 -70013
-159202 -80927
-159194 -80807
-156303 -70013
-156535 -69908
-146664 -73356
-146841 -73461
-155369 -81991
-155369 -81991
-158695 -73110
-158529 -73265
-158529 -73265
-158362 -73378
-156601 -77604
-156502 -77511
-158362 -73378
-158139 -73457
-151958 -72321
-152185 -72372
-153755 -75019
-153767 -74935
-147606 -72770
-147505 -72722
-145499 -72059
-145634 -71807
-152064 -71021
-152023 -71206
-155920 -77979
-155729 -78241
-154521 -75650
-154593 -75542
-153755 -75019
-153577 -74847
-147505 -72722
-147312 -72731
-153552 -71951
-153824 -72023
-152023 -71206
-152002 -71320
-155729 -78241
-155476 -78275
-157875 -72713
-158133 -72773
-153577 -74847
-153542 -74730
-144553 -72046
-144842 -72026
-152002 -71320
-151989 -71408
-145256 -70806
-145352 -70643
-158133 -72773
-158315 -72800
-147966 -75647
-148026 -75463
-146594 -75014
-146594 -75014
-144842 -72026
-144969 -72010
-151989 -71408
-152031 -71402
-152227 -70741
-152479 -70728
-156792 -74803
-156688 -74947
-144969 -72010
-145134 -71821
-152031 -71402
-152076 -71431
-152479 -70728
-152645 -70566
-156688 -74947
-156542 -75004
-145134 -71821
-145237 -71661
-152076 -71431
-152098 -71463
-152645 -70566
-152776 -70475
-156542 -75004
-156332 -74965
-155029 -71591
-155000 -71883
-147742 -73742
-147668 -73949
-152098 -71463
-152050 -71733
-152776 -70475
-153010 -70257
-155000 -71883
-154883 -72051
-158223 -70155
-158411 -70366
-146523 -75003
-146277 -74995
-147668 -73949
-147906 -74218
-150630 -71731
-150636 -71731
-158407 -72205
-158305 -72497
-158411 -70366
-158661 -70532
-150482 -71395
-150547 -71595
-158305 -72497
-158301 -72635
-158661 -70532
-158931 -70677
-150547 -71595
-150636 -71731
-158301 -72635
-158315 -72800
-158931 -70677
-159101 -70785
-144553 -72046
-144531 -71806
-145376 -74214
-145376 -74214
-144531 -71806
-144311 -71613
-144311 -71613
-144223 -71458
-157028 -72695
-156746 -72709
-158349 -73823
-158097 -73535
-146765 -74836
-146523 -75003
-145356 -74209
-145356 -74209
-144223 -71458
-144204 -71341
-156746 -72709
-156723 -72579
-159101 -70785
-159113 -70712
-145376 -74207
-145376 -74207
-150925 -73686
-151200 -73744
-144204 -71341
-144007 -71120
-158097 -73535
-157851 -73573
-145344 -74207
-145344 -74207
-144007 -71120
-143834 -70975
-149153 -70346
-148991 -70584
-157851 -73573
-157675 -73643
-151763 -71686
-151836 -71729
-143834 -70975
-143711 -70893
-148991 -70584
-148992 -70771
-157675 -73643
-157561 -73799
-147679 -75000
-147765 -74834
-147765 -74834
-147821 -74575
-145346 -74202
-145346 -74202
-158796 -83315
-158796 -83315
-153901 -82648
-153667 -82652
-158416 -70756
-158274 -70499
-147821 -74575
-147888 -74442
-153667 -82652
-153517 -82578
-159301 -83165
-159101 -83184
-155419 -78333
-155476 -78275
-158274 -70499
-158119 -70330
-147888 -74442
-147906 -74218
-152950 -74005
-153209 -74152
-145742 -73818
-145988 -73705
-159101 -83184
-158987 -83312
-155595 -71616
-155781 -71648
-145988 -73705
-146079 -73727
-146722 -70749
-146872 -70526
-155781 -71648
-155970 -71635
-146079 -73727
-146189 -73620
-146872 -70526
-146997 -70442
-155970 -71635
-156109 -71719
-145333 -73437
-145461 -73527
-155618 -79302
-155485 -79313
-157806 -77734
-157734 -77494
-148530 -77279
-148468 -77404
-153106 -76329
-153209 -76404
-155485 -79313
-155271 -79306
-148468 -77404
-148500 -77602
-153209 -76404
-153406 -76439
-154285 -77602
-154476 -77457
-151696 -68539
-151841 -68830
-149440 -75922
-149400 -76088
-144968 -73196
-144969 -73191
-154810 -79315
-154687 -79252
-159170 -77590
-159288 -77408
-154687 -79252
-154471 -79164
-159336 -80165
-159081 -80065
-159288 -77408
-159299 -77189
-152006 -76815
-151728 -76701
-148273 -76383
-148096 -76421
-155271 -79306
-155271 -79328
-153771 -80162
-153884 -79896
-158406 -76398
-158394 -76428
-152316 -77587
-152158 -77401
-151728 -76701
-151534 -76839
-155271 -79306
-155237 -79153
-153884 -79896
-153890 -79642
-158394 -76428
-158379 -76427
-154489 -77992
-154733 -77940
-151534 -76839
-151526 -76834
-151316 -76050
-151201 -76049
-155967 -79221
-155756 -79231
-153771 -80162
-153614 -80014
-158400 -77972
-158247 -77887
-158379 -76427
-158093 -76401
-155756 -79231
-155618 -79302
-158093 -76401
-158092 -76250
-151615 -77775
-151904 -78006
-155716 -78948
-155616 -79105
-158092 -76250
-158191 -76039
-159119 -77004
-158857 -77025
-155616 -79105
-155618 -79302
-158857 -77025
-158722 -77168
-152048 -76836
-152006 -76815
-155740 -77537
-155749 -77563
-158722 -77168
-158562 -77009
-151526 -76834
-151501 -76692
-158562 -77009
-158422 -76909
-151501 -76692
-151339 -76501
-151989 -79233
-151776 -79232
-151776 -79232
-151690 -79288
-151321 -76834
-151308 -77004
-149589 -73073
-149312 -73177
-151567 -79128
-151690 -79288
-158598 -77464
-158329 -77558
-151308 -77004
-151407 -77159
-151831 -76074
-151828 -76073
-149312 -73177
-149217 -73091
-156964 -76003
-156790 -76036
-157351 -75673
-157499 -75678
-158329 -77558
-158114 -77412
-153825 -77992
-153887 -77944
-145276 -73175
-145220 -72951
-155769 -76603
-155625 -76796
-156790 -76036
-156646 -75834
-158114 -77412
-157953 -77400
-154489 -77992
-154480 -77977
-151487 -75709
-151504 -75681
-145275 -73168
-145276 -73175
-158401 -79280
-158318 -79047
-155979 -77965
-155920 -77979
-155625 -76796
-155449 -76822
-158709 -77557
-158598 -77464
-157751 -76073
-157463 -76018
-155615 -77873
-155783 -77921
-157463 -76018
-157333 -76044
-152379 -76358
-152173 -76327
-155783 -77921
-155920 -77979
-155883 -77157
-156074 -76892
-157333 -76044
-157061 -75954
-152006 -76815
-152018 -76803
-152173 -76327
-151929 -76397
-155496 -76354
-155681 -76362
-151828 -76073
-151627 -75870
-155610 -81228
-155603 -81079
-155603 -81079
-155867 -80911
-149092 -74062
-149303 -74159
-158210 -82660
-158210 -82660
-149303 -74159
-149391 -73993
-154013 -71539
-153919 -71663
-149391 -73993
-149621 -74061
-153919 -71663
-153985 -71840
-152710 -69610
-152604 -69578
-156815 -82973
-156816 -82972
-158933 -69492
-158766 -69402
-149621 -74061
-149771 -73931
-153985 -71840
-153824 -72023
-152207 -69996
-152497 -70011
-156919 -82952
-156919 -82952
-150744 -81901
-150885 -81965
-147527 -78895
-147538 -79175
-158766 -69402
-158645 -69449
-152497 -70011
-152754 -69986
-150885 -81965
-151100 -81825
-147538 -79175
-147604 -79260
-158645 -69449
-158426 -69601
-151100 -81825
-151189 -81617
-147604 -79260
-147878 -79404
-155305 -69603
-155268 -69432
-151189 -81617
-151173 -81350
-147878 -79404
-148070 -79527
-155268 -69432
-155253 -69255
-153512 -74097
-153380 -74183
-149989 -70038
-149708 -69993
-155175 -81899
-155175 -81899
-153380 -74183
-153209 -74152
-150136 -69596
-150135 -69382
-156668 -69592
-156664 -69539
-154085 -74180
-154333 -74017
-155023 -80940
-154892 -80838
-158894 -82957
-158894 -82957
-153806 -73870
-153879 -73970
-156922 -82954
-156922 -82954
-153879 -73970
-154085 -74180
-157984 -82538
-157982 -82611
-156870 -74118
-156834 -74178
-148225 -71218
-148250 -71069
-157200 -82953
-157450 -82782
-154688 -79518
-154810 -79315
-158363 -69856
-158547 -69931
-148250 -71069
-148224 -70873
-157450 -82782
-157661 -82502
-156932 -79400
-156691 -79458
-148224 -70873
-147972 -70636
-156691 -79458
-156614 -79470
-147972 -70636
-147730 -70412
-156614 -79470
-156372 -79415
-158095 -74103
-158076 -74170
-147730 -70412
-147507 -70200
-151304 -69755
-151556 -69950
-158894 -74166
-159047 -73882
-145239 -71215
-145238 -70932
-151556 -69950
-151697 -69892
-150561 -69937
-150397 -70196
-151478 -74157
-151477 -74022
-145238 -70932
-145264 -70914
-150397 -70196
-150152 -70198
-152604 -69578
-152448 -69804
-151845 -69348
-151632 -69537
-158488 -80266
-158256 -80420
-151477 -74022
-151430 -73853
-145264 -70914
-145256 -70806
-150152 -70198
-149989 -70038
-152448 -69804
-152207 -69996
-152340 -69255
-152425 -69368
-158256 -80420
-158186 -80568
-158382 -71106
-158313 -71213
-145409 -74156
-145409 -74156
-149708 -69993
-149633 -69795
-152425 -69368
-152604 -69578
-155876 -69431
-156062 -69571
-149633 -69795
-149634 -69614
-158864 -82951
-158864 -82951
-149968 -79407
-150202 -79438
-149634 -69614
-149679 -69355
-156109 -71719
-156311 -71674
-149732 -75628
-149658 -75445
-145461 -73527
-145742 -73818
-152185 -72372
-152320 -72512
-151763 -71686
-151537 -71619
-155388 -72638
-155637 -72712
-151537 -71619
-151288 -71710
-155637 -72712
-155853 -72754
-155853 -72754
-156044 -72503
-159202 -70560
-159113 -70712
-155209 -82361
-155209 -82361
-156044 -72503
-155940 -72278
-159113 -70712
-158921 -70563
-153187 -71588
-153426 -71630
-155233 -82358
-155233 -82358
-155388 -74607
-155294 -74466
-155940 -72278
-155838 -72194
-158921 -70563
-158814 -70292
-150476 -73717
-150416 -73815
-153426 -71630
-153540 -71641
-155294 -74466
-155433 -74240
-148482 -75124
-148599 -75386
-149792 -73715
-149746 -73812
-145347 -72772
-145480 -72603
-154111 -72503
-153940 -72441
-153540 -71641
-153663 -71534
-155433 -74240
-155299 -74023
-148599 -75386
-148422 -75623
-149746 -73812
-149709 -73658
-145480 -72603
-145536 -72554
-153663 -71534
-153870 -71574
-146904 -75623
-146915 -75476
-145536 -72554
-145548 -72527
-153870 -71574
-154013 -71539
-146915 -75476
-146857 -75323
-145548 -72527
-145554 -72515
-152561 -78295
-152746 -78153
-146857 -75323
-146783 -75213
-145554 -72515
-145569 -72492
-152746 -78153
-152767 -77928
-146783 -75213
-146731 -75111
-145569 -72492
-145566 -72350
-153767 -74935
-154023 -74973
-150476 -73717
-150664 -73801
-145566 -72350
-145499 -72059
-159355 -74605
-159228 -74330
-159228 -74330
-159067 -74313
-153794 -75223
-153828 -75099
-154023 -74973
-154188 -74912
-150506 -73801
-150476 -73717
-147606 -72770
-147676 -72618
-158026 -75188
-157847 -75201
-159067 -74313
-158894 -74166
-147676 -72618
-147690 -72432
-157847 -75201
-157671 -75181
-154391 -74968
-154628 -74856
-147690 -72432
-147412 -72267
-155290 -82352
-155290 -82352
-154628 -74856
-154790 -74721
-149237 -75215
-149232 -74937
-151621 -69640
-151439 -69684
-149232 -74937
-149100 -74812
-148901 -74594
-148979 -74471
-146917 -73800
-147091 -73763
-154646 -72734
-154856 -72737
-151035 -82350
-151035 -82350
-154856 -72737
-155017 -72682
-149100 -74812
-148901 -74594
-148979 -74471
-148946 -74264
-147091 -73763
-147282 -73617
-151204 -70628
-151365 -70514
-157290 -74589
-157307 -74355
-156495 -73349
-156584 -73607
-146979 -75205
-147204 -75203
-149079 -72745
-149995 -72743
-157204 -78302
-157243 -78163
-156332 -74965
-156279 -74702
-157307 -74355
-157245 -74239
-156584 -73607
-156354 -73800
-147204 -75203
-147467 -75152
-149079 -72745
-149080 -72743
-150975 -78268
-151258 -78301
-147467 -75152
-147528 -75128
-150324 -72743
-150271 -72593
-150202 -79438
-150301 -79508
-158406 -76398
-158447 -76179
-158756 -76070
-158915 -75866
-157206 -79508
-156932 -79400
-156985 -76066
-156964 -76003
-150300 -79243
-150301 -79508
-156517 -76611
-156324 -76810
-156324 -76810
-156141 -76626
-151929 -76397
-151903 -76175
-156572 -80707
-156344 -80899
-156502 -77511
-156310 -77512
-148596 -76464
-148705 -76728
-156344 -80899
-156133 -80825
-148705 -76728
-148532 -76807
-155867 -80911
-155907 -80840
-152018 -76803
-151963 -76578
-153404 -75550
-153522 -75819
-145112 -73172
-145112 -73172
-155907 -80840
-156133 -80825
-154576 -76928
-154859 -77045
-151963 -76578
-151929 -76397
-153522 -75819
-153691 -76062
-145144 -73161
-145275 -73168
-154733 -77940
-154909 -77750
-154859 -77045
-155019 -77150
-158191 -76039
-158076 -76049
-145275 -73168
-145220 -72951
-153260 -79267
-153689 -79090
-154909 -77750
-155131 -77978
-145271 -73100
-145258 -73166
-153260 -79267
-153074 -79135
-154480 -77977
-154317 -77704
-145258 -73166
-145254 -73165
-157499 -78695
-157583 -78915
-153074 -79135
-153018 -78890
-145254 -73165
-145129 -73142
-156149 -78826
-156043 -78898
-155749 -77563
-155616 -77712
-151942 -73164
-151908 -73054
-156976 -78908
-157198 -78671
-155616 -77712
-155615 -77873
-155402 -76785
-155259 -76668
-149703 -76740
-149587 -77145
-155259 -76668
-155071 -76643
-145000 -73144
-145143 -73161
-154635 -80100
-154346 -79890
-155743 -77182
-155530 -77296
-153406 -76439
-153404 -76641
-145143 -73161
-145144 -73161
-154346 -79890
-154161 -79801
-155530 -77296
-155740 -77537
-153404 -76641
-153465 -76778
-145144 -73161
-145143 -73161
-154161 -79801
-153890 -79642
-156502 -77511
-156782 -77532
-144979 -73159
-144979 -73159
-150816 -80100
-150880 -79868
-157986 -76773
-157831 -76622
-150309 -73159
-150119 -73029
-150880 -79868
-151097 -79673
-148236 -78188
-148219 -78293
-148298 -75820
-148341 -76108
-144969 -73157
-144969 -73157
-148219 -78293
-148163 -78496
-148341 -76108
-148273 -76383
-151487 -75709
-151302 -75862
-148163 -78496
-148172 -78737
-154539 -76689
-154753 -76703
-151605 -76370
-151651 -76279
-151302 -75862
-151316 -76050
-145000 -73144
-144996 -73154
-148172 -78737
-148081 -78841
-155980 -77643
-156086 -77774
-154753 -76703
-154896 -76733
-158058 -76029
-158076 -76049
-145130 -73152
-145129 -73142
-148081 -78841
-148060 -78883
-154896 -76733
-155071 -76643
-156086 -77774
-155979 -77965
-152278 -76042
-152251 -75890
-145129 -73142
-145130 -73152
-149679 -69355
-149861 -69492
-157881 -82620
-157881 -82620
-151957 -74958
-151926 -74935
-149861 -69492
-150136 -69596
-156753 -70647
-156742 -70445
-157402 -71881
-157446 -72001
-156742 -70445
-156757 -70352
-152569 -74119
-152666 -74076
-151143 -72001
-150933 -71952
-151365 -70514
-151595 -70534
-158030 -70915
-158205 -71197
-150933 -71952
-150797 -71965
-151595 -70534
-151785 -70615
-152754 -69986
-152731 -69734
-156210 -71188
-156217 -70998
-150797 -71965
-150636 -71731
-145352 -70643
-145393 -70478
-152731 -69734
-152710 -69610
-156217 -70998
-156240 -70821
-153019 -72000
-153123 -71811
-145393 -70478
-145343 -70327
-153123 -71811
-153187 -71588
-151365 -70514
-151159 -70340
-151159 -70340
-150974 -70385
-151746 -69969
-151928 -69737
-156664 -69539
-156723 -69379
-150974 -70385
-150814 -70448
-151928 -69737
-151976 -69661
-154388 -82322
-154186 -82307
-156723 -69379
-156632 -69235
-150814 -70448
-150800 -70608
-151976 -69661
-151943 -69549
-154186 -82307
-153975 -82237
-156632 -69235
-156628 -69008
-150800 -70608
-150537 -70538
-151943 -69549
-151845 -69348
-153975 -82237
-153811 -82254
-158879 -70952
-158635 -71063
-152275 -75600
-152453 -75448
-151746 -69969
-151697 -69892
-151632 -69537
-151512 -69279
-153811 -82254
-153579 -82291
-158635 -71063
-158382 -71106
-151957 -75074
-152164 -75326
-152569 -74119
-152491 -74083
-151304 -69755
-151109 -69733
-156916 -73763
-156940 -73984
-152164 -75326
-152275 -75600
-151109 -69733
-150993 -69660
-155097 -74941
-154932 -74777
-156940 -73984
-156870 -74118
-153296 -75430
-153282 -75600
-150993 -69660
-150813 -69780
-153913 -74681
-153767 -74935
-150813 -69780
-150561 -69937
-151942 -80525
-152103 -80303
-151926 -74935
-152089 -74654
-154052 -69868
-154202 -69893
-157984 -82538
-157982 -82611
-151926 -74935
-151821 -74827
-154202 -69893
-154429 -69949
-145800 -69486
-145834 -69523
-155990 -81922
-156115 -81667
-158209 -69955
-158075 -69844
-148836 -74935
-148792 -74714
-156951 -81231
-156818 -81015
-158065 -81900
-158090 -81756
-158075 -69844
-157905 -69806
-148792 -74714
-148901 -74594
-155610 -81228
-155383 -81167
-158090 -81756
-158244 -81668
-157905 -69806
-157696 -69733
-151785 -70615
-151947 -70564
-158973 -82949
-158973 -82949
-151763 -71686
-151805 -71481
-157561 -73799
-157562 -73762
-158139 -73457
-158151 -73377
-151805 -71481
-151630 -71424
-151200 -73744
-151411 -73798
-151630 -71424
-151489 -71423
-156600 -82947
-156497 -82935
-151411 -73798
-151288 -73708
-151489 -71423
-151324 -71390
-156497 -82935
-156489 -82914
-151288 -73708
-151248 -73477
-151324 -71390
-151049 -71585
-147507 -70200
-147484 -69929
-156489 -82914
-156443 -82891
-156373 -74578
-156381 -74365
-155315 -73680
-155593 -73609
-154013 -71539
-154209 -71649
-156443 -82891
-156353 -82868
-156381 -74365
-156452 -74277
-155593 -73609
-155850 -73786
-149540 -77837
-149823 -78011
-154209 -71649
-154264 -71539
-156353 -82868
-156113 -82841
-149823 -78011
-150060 -78134
-154264 -71539
-154211 -71432
-156113 -82841
-155963 -82789
-150060 -78134
-150152 -78300
-154211 -71432
-154000 -71259
-149708 -69993
-149624 -70052
-153825 -77992
-153918 -78183
-146978 -75064
-146979 -75205
-149624 -70052
-149432 -70181
-153918 -78183
-153971 -78300
-146979 -75205
-146731 -75111
-149432 -70181
-149312 -69925
-152161 -78170
-152408 -78285
-154074 -77689
-153887 -77944
-145731 -71519
-145573 -71540
-149312 -69925
-149226 -69835
-158026 -75188
-157969 -75067
-152408 -78285
-152561 -78295
-152767 -77928
-152679 -77766
-145573 -71540
-145529 -71665
-149226 -69835
-149376 -69735
-157969 -75067
-158018 -74894
-145529 -71665
-145237 -71661
-149376 -69735
-149151 -69516
-145458 -73328
-145333 -73437
-153187 -71588
-153015 -71637
-149151 -69516
-149090 -69392
-145276 -73175
-145333 -73437
-153015 -71637
-152802 -71533
-149090 -69392
-148857 -69379
-152802 -71533
-152531 -71470
-147484 -69929
-147621 -69816
-155476 -78275
-155280 -78102
-156311 -71674
-156197 -71484
-146169 -72000
-146231 -72181
-147621 -69816
-147806 -69818
-155547 -82946
-155547 -82946
-156197 -71484
-156233 -71328
-146231 -72181
-146211 -72349
-147806 -69818
-147983 -69871
-158694 -82764
-158788 -82858
-156233 -71328
-156210 -71188
-154659 -78240
-154438 -78095
-146211 -72349
-146450 -72461
-147983 -69871
-148113 -69905
-158788 -82858
-158999 -82921
-150976 -77749
-150975 -78268
-148113 -69905
-148341 -70098
-146454 -74081
-146659 -74331
-148341 -70098
-148590 -70169
-146659 -74331
-146764 -74519
-153010 -70169
-152754 -69986
-146764 -74519
-147020 -74475
-153052 -70171
-153010 -70169
-150173 -79072
-150300 -79243
-148060 -78883
-148045 -78892
-156310 -77512
-156136 -77293
-156517 -76611
-156793 -76703
-158272 -75753
-158191 -76039
-145129 -73142
-145015 -72990
-156047 -79213
-155967 -79221
-148045 -78892
-147527 -78895
-156136 -77293
-155883 -77157
-155662 -75916
-155382 -75876
-147527 -78895
-147535 -78861
-155382 -75876
-155275 -76033
-157734 -77494
-157766 -77433
-154465 -81558
-154464 -81363
-154892 -80838
-154694 -80891
-153018 -78890
-152797 -78637
-154988 -77333
-154748 -77388
-158561 -76038
-158401 -75804
-149857 -77744
-149687 -77671
-154694 -80891
-154483 -80836
-156577 -78882
-156363 -78684
-154464 -81363
-154321 -81259
-151690 -79288
-151629 -79311
-154748 -77388
-154476 -77457
-155275 -76033
-155233 -76030
-149687 -77671
-149540 -77837
-156363 -78684
-156149 -78826
-154321 -81259
-154414 -81103
-151629 -79311
-151553 -79319
-155233 -76030
-155175 -76003
-154414 -81103
-154483 -80836
-151553 -79319
-151385 -79413
-151989 -79233
-152075 -79102
-158061 -76021
-158058 -76029
-151385 -79413
-151193 -79407
-155408 -77825
-155168 -77594
-158274 -72934
-158527 -72976
-151193 -79407
-151058 -79477
-155168 -77594
-154988 -77333
-158527 -72976
-158695 -73110
-155662 -75916
-155708 -76156
-154098 -73145
-153946 -72968
-154387 -78664
-154568 -78874
-159325 -79112
-159260 -79274
-155708 -76156
-155681 -76362
-145015 -72990
-145000 -73144
-156043 -78898
-156141 -79062
-159260 -79274
-159219 -79472
-145129 -73142
-145129 -73142
-156141 -79062
-155967 -79221
-159147 -79454
-159219 -79472
-158838 -73106
-158695 -73110
-154078 -77129
-153976 -76884
-153087 -77041
-152853 -77128
-158722 -77168
-158579 -77269
-158401 -79280
-158663 -79238
-158579 -77269
-158598 -77464
-152379 -76358
-152351 -76164
-158663 -79238
-158903 -79257
-154476 -77457
-154389 -77340
-152351 -76164
-152278 -76042
-158903 -79257
-159147 -79454
-147535 -78861
-147579 -78675
-155275 -76033
-155372 -76148
-157499 -75678
-157625 -75843
-149715 -76723
-149703 -76740
-151200 -73114
-150974 -73048
-157211 -81549
-157151 -81413
-147579 -78675
-147645 -78431
-155372 -76148
-155496 -76354
-157625 -75843
-157798 -75916
-150974 -73048
-150832 -73114
-151676 -81549
-151856 -81188
-147645 -78431
-147687 -78235
-157798 -75916
-158061 -76021
-150832 -73114
-150840 -72955
-150840 -72955
-150745 -72714
-155676 -75902
-155882 -75837
-156433 -76304
-156691 -76335
-155882 -75837
-156081 -76016
-155383 -81167
-155290 -81129
-158430 -82612
-158430 -82612
-158244 -81668
-158400 -81668
-157696 -69733
-157715 -69541
-145237 -71661
-145239 -71215
-151947 -70564
-152082 -70368
-155290 -81129
-155146 -81083
-155819 -80509
-155986 -80263
-157982 -82611
-157984 -82538
-157715 -69541
-157617 -69432
-159047 -73882
-159322 -73903
-155146 -81083
-155023 -80940
-155986 -80263
-156056 -80189
-157617 -69432
-157497 -69250
-155819 -80509
-155690 -80304
-157370 -81221
-157381 -80985
-155690 -80304
-155452 -80283
-153531 -70528
-153350 -70592
-151432 -80721
-151282 -80897
-153350 -70592
-153232 -70551
-151282 -80897
-151167 -81005
-158981 -69450
-158933 -69492
-153232 -70551
-153086 -70404
-155877 -82923
-155877 -82923
-151167 -81005
-151123 -81220
-153010 -70169
-153143 -69976
-145800 -69486
-145582 -69425
-158999 -82921
-159025 -82739
-150543 -80699
-150813 -80955
-158209 -69955
-158363 -69856
-153143 -69976
-153275 -69833
-145582 -69425
-145520 -69183
-159025 -82739
-159095 -82541
-150813 -80955
-150957 -81136
-158349 -73823
-158095 -74103
-158933 -69492
-158953 -69655
-153275 -69833
-153460 -69743
-145520 -69183
-145453 -68932
-156981 -82919
-156981 -82919
-150957 -81136
-151123 -81220
-158940 -74754
-158679 -74846
-158953 -69655
-158936 -69754
-153460 -69743
-153635 -69775
-145453 -68932
-145352 -68690
-155577 -82333
-155577 -82333
-158282 -82604
-158282 -82604
-159081 -80065
-159048 -80020
-155496 -71528
-155257 -71587
-155491 -69271
-155679 -69448
-158679 -74846
-158408 -74879
-157616 -70601
-157675 -70606
-158936 -69754
-158861 -69953
-148617 -69739
-148637 -69979
-155283 -82331
-155283 -82331
-157916 -82604
-157916 -82604
-155257 -71587
-155124 -71491
-155679 -69448
-155876 -69431
-158119 -70330
-157918 -70450
-158861 -69953
-158606 -69837
-153913 -74681
-154188 -74912
-148637 -69979
-148590 -70169
-154388 -82322
-154512 -82149
-158382 -75562
-158122 -75339
-157918 -70450
-157675 -70606
-158223 -70155
-158209 -69955
-158606 -69837
-158547 -69931
-146153 -71854
-146169 -72000
-158268 -82601
-158268 -82601
-154512 -82149
-154592 -82014
-152204 -80646
-152257 -80874
-156898 -70250
-157094 -70417
-150483 -75551
-150677 -75419
-146157 -74907
-146157 -74907
-158114 -82601
-158114 -82601
-154592 -82014
-154763 -81898
-152257 -80874
-152169 -80972
-157094 -70417
-157290 -70413
-150677 -75419
-150880 -75344
-151554 -74906
-151821 -74827
-146369 -73654
-146559 -73623
-155222 -82594
-155231 -82463
-154763 -81898
-154895 -81871
-154895 -81871
-154899 -81809
-152169 -80972
-152115 -81132
-157290 -70413
-157505 -70403
-150269 -75141
-150428 -75267
-153512 -74097
-153580 -73981
-146559 -73623
-146700 -73768
-150500 -71961
-150355 -71944
-155231 -82463
-155171 -82286
-155653 -82320
-155653 -82320
-152115 -81132
-151875 -81197
-157562 -73762
-157434 -73670
-155496 -71528
-155595 -71616
-157505 -70403
-157616 -70601
-150428 -75267
-150483 -75551
-153580 -73981
-153806 -73870
-150355 -71944
-150194 -71992
-155268 -82320
-155268 -82320
-157984 -82518
-158233 -82538
-151856 -81188
-151875 -81197
-157434 -73670
-157177 -73574
-153404 -75550
-153514 -75296
-150639 -74799
-150390 -74878
-148274 -71608
-148250 -71397
-153671 -70341
-153531 -70528
-158233 -82538
-158400 -82592
-158509 -80988
-158306 -81058
-157177 -73574
-156916 -73763
-158018 -74894
-158245 -74732
-153514 -75296
-153794 -75223
-150194 -71992
-149933 -71903
-148250 -71397
-148225 -71218
-155797 -82911
-155797 -82911
-158306 -81058
-158227 -81068
-155170 -69772
-154975 -69574
-158018 -74894
-157750 -74780
-153296 -75430
-153404 -75550
-145634 -71807
-145915 -71954
-153067 -68965
-153153 -69248
-155491 -82910
-155491 -82910
-158227 -81068
-158196 -81054
-155763 -74892
-155798 -74712
-154975 -69574
-154747 -69443
-154593 -75542
-154732 -75440
-152666 -74076
-152950 -74005
-145915 -71954
-146153 -71854
-153153 -69248
-153199 -69465
-157252 -82307
-157045 -82305
-158196 -81054
-157913 -81085
-154732 -75440
-154934 -75345
-154747 -69443
-154525 -69716
-157750 -74780
-157583 -74883
-158903 -69274
-158981 -69450
-150664 -73801
-150802 -74050
-157045 -82305
-156916 -82218
-157913 -81085
-157876 -81039
-157290 -74589
-157499 -74724
-150802 -74050
-150975 -74021
-146829 -71862
-146711 -71953
-154525 -69716
-154429 -69949
-157105 -77790
-156931 -77811
-154246 -75984
-154047 -75946
-156931 -77811
-156717 -77787
-155175 -76003
-155137 -75763
-156717 -77787
-156601 -77604
-155137 -75763
-155162 -75640
-155162 -75640
-155171 -75442
-159386 -72411
-159155 -72362
-156964 -76003
-157061 -75954
-153919 -72070
-154005 -72224
-153886 -73431
-154098 -73145
-154005 -72224
-153940 -72441
-150976 -77749
-151127 -77854
-153886 -73431
-153681 -73240
-151127 -77854
-151347 -77879
-154246 -75984
-154326 -75819
-150058 -72952
-150013 -73083
-154326 -75819
-154521 -75650
-157178 -72426
-157293 -72267
-150181 -75979
-150198 -75864
-151347 -77879
-151615 -77775
-158709 -77557
-158546 -77746
-154547 -74381
-154312 -74456
-158546 -77746
-158419 -77835
-154312 -74456
-154153 -74412
-158419 -77835
-158247 -77887
-150179 -75977
-150181 -75979
-154153 -74412
-154016 -74421
-146096 -73051
-145878 -73117
-150179 -75977
-150179 -75977
-151047 -74502
-150866 -74390
-149871 -73427
-150110 -73387
-149732 -75628
-149900 -75867
-150866 -74390
-150662 -74502
-151942 -73164
-152202 -73319
-144993 -73112
-144993 -73112
-149900 -75867
-150179 -75977
-150662 -74502
-150549 -74367
-152202 -73319
-152443 -73419
-157433 -75043
-157671 -75181
-157065 -70901
-156947 -71131
-158151 -73377
-157971 -73405
-151478 -74157
-151312 -74196
-156947 -71131
-156740 -71116
-157971 -73405
-157845 -73392
-151312 -74196
-151119 -74240
-156735 -71140
-156740 -71116
-151119 -74240
-151047 -74502
-144988 -73110
-144988 -73110
-155408 -77825
-155615 -77873
-146486 -73410
-146664 -73356
-156740 -71116
-156731 -70890
-156731 -70890
-156753 -70647
-158827 -73013
-158838 -73106
-152940 -71015
-152922 -71108
-159028 -78578
-159252 -78729
-156691 -76335
-156958 -76200
-159252 -78729
-159401 -78847
-157953 -77400
-157766 -77433
-153910 -76334
-153745 -76112
-155285 -78781
-155481 -78678
-157766 -77433
-157729 -77376
-156185 -78740
-156149 -78826
-152867 -76573
-153011 -76723
-153219 -76128
-153106 -76329
-158718 -81534
-158709 -81511
-153818 -80479
-153814 -80347
-149888 -76499
-149715 -76723
-149604 -76220
-149439 -76230
-153814 -80347
-153771 -80162
-149715 -76723
-149570 -76641
-149439 -76230
-149291 -76328
-156496 -76947
-156442 -77069
-156442 -77069
-156283 -76976
-156283 -76976
-156074 -76892
-155175 -76326
-155144 -76197
-159353 -77719
-159195 -77642
-155144 -76197
-155233 -76030
-152635 -76683
-152511 -76703
-157195 -77778
-157105 -77790
-152202 -77085
-152048 -76836
-157151 -81413
-157040 -81511
-156782 -77532
-156913 -77650
-156254 -81125
-156501 -81143
-156908 -79197
-156714 -79056
-156913 -77650
-157105 -77790
-156501 -81143
-156701 -81241
-156714 -79056
-156577 -78882
-156908 -79197
-156976 -78908
-156701 -81241
-156876 -81287
-154874 -78116
-154659 -78240
-156876 -81287
-157040 -81511
-154800 -79004
-154993 -79054
-154993 -79054
-155237 -79153
-158709 -81511
-158727 -81283
-147687 -78235
-147685 -78049
-152158 -77401
-152252 -77255
-158727 -81283
-158718 -81153
-157195 -77778
-157342 -77708
-147685 -78049
-147659 -77931
-152252 -77255
-152202 -77085
-147612 -77081
-147487 -76935
-156916 -82218
-156882 -82199
-157876 -81039
-157671 -81186
-157499 -74724
-157583 -74883
-158382 -71106
-158426 -70999
-150271 -72593
-150218 -72368
-147416 -71498
-147255 -71427
-155489 -82900
-155489 -82900
-156882 -82199
-156564 -82136
-154688 -79518
-154484 -79593
-154967 -70428
-154807 -70606
-149995 -72743
-150324 -72743
-147255 -71427
-146969 -71600
-156564 -82136
-156491 -82226
-152788 -81832
-152531 -81806
-154484 -79593
-154312 -79793
-154807 -70606
-154705 -70781
-154593 -75542
-154573 -75314
-149401 -72397
-149194 -72515
-146969 -71600
-146853 -71400
-152531 -81806
-152389 -81694
-154312 -79793
-154134 -79701
-155171 -75442
-155422 -75330
-154705 -70781
-154577 -70933
-158245 -74732
-158408 -74879
-149194 -72515
-149080 -72743
-146853 -71400
-146788 -71279
-150136 -69596
-150326 -69775
-155531 -82900
-155531 -82900
-155232 -82310
-155232 -82310
-157517 -80855
-157601 -81114
-157517 -80855
-157495 -80652
-158556 -74251
-158404 -74382
-152389 -81694
-152271 -81448
-154134 -79701
-153917 -79622
-150940 -74861
-150721 -74753
-149080 -72743
-148951 -72594
-146788 -71279
-146785 -71070
-154577 -70933
-154468 -71099
-157601 -81114
-157671 -81186
-152056 -82310
-152115 -82049
-152271 -81448
-152100 -81403
-158404 -74382
-158198 -74433
-153260 -79267
-153329 -79556
-151088 -74633
-150940 -74861
-148951 -72594
-148837 -72359
-146785 -71070
-146775 -70947
-154083 -70964
-154277 -71028
-152521 -82568
-152248 -82581
-152115 -82049
-151988 -81972
-153329 -79556
-153207 -79789
-156493 -75382
-156354 -75501
-147557 -73573
-147742 -73742
-148837 -72359
-148761 -72173
-149616 -72119
-149401 -72397
-154277 -71028
-154468 -71099
-146775 -70947
-146722 -70749
-152248 -82581
-152056 -82310
-151988 -81972
-151801 -81646
-153207 -79789
-153091 -79778
-156354 -75501
-156151 -75514
-157574 -71013
-157352 -71091
-155876 -69431
-155902 -69224
-145907 -74475
-145800 -74411
-147789 -73655
-147742 -73742
-148761 -72173
-148714 -72010
-151049 -71585
-150903 -71583
-151801 -81646
-151676 -81549
-153818 -80479
-154026 -80562
-156151 -75514
-156093 -75403
-157065 -70901
-157204 -71023
-155902 -69224
-155782 -69019
-153828 -75099
-154110 -75155
-151979 -74398
-151701 -74476
-148714 -72010
-148677 -71772
-150903 -71583
-150754 -71516
-157252 -82307
-157085 -82017
-153517 -82578
-153237 -82557
-154026 -80562
-154150 -80663
-156093 -75403
-155848 -75439
-157204 -71023
-157352 -71091
-154110 -75155
-154390 -75046
-151701 -74476
-151542 -74378
-149616 -72119
-149864 -72253
-150754 -71516
-150482 -71395
-153237 -82557
-152997 -82566
-151149 -82303
-150947 -82128
-154150 -80663
-154333 -80778
-155029 -71591
-155124 -71491
-151542 -74378
-151478 -74157
-149864 -72253
-150011 -72337
-146722 -70749
-146595 -70647
-147484 -69929
-147347 -69728
-152997 -82566
-152962 -82570
-150947 -82128
-150838 -82020
-154333 -80778
-154483 -80836
-154840 -71379
-155029 -71591
-146333 -74844
-146333 -74844
-150011 -72337
-150218 -72368
-146595 -70647
-146486 -70646
-147347 -69728
-147321 -69559
-158230 -82893
-158230 -82893
-152962 -82570
-152867 -82570
-150838 -82020
-150744 -81901
-153187 -80838
-153002 -80764
-153091 -79778
-152839 -79617
-151745 -75506
-151794 -75504
-147020 -74475
-146913 -74685
-152922 -71108
-153027 -71322
-146486 -70646
-146420 -70641
-147321 -69559
-147355 -69304
-157719 -83037
-157840 -83055
-152867 -82570
-152683 -82567
-150881 -82302
-150881 -82302
-155863 -75071
-156143 -75121
-155521 -69922
-155496 -69795
-152839 -79617
-152724 -79629
-146913 -74685
-146765 -74836
-153027 -71322
-153187 -71588
-146420 -70641
-146173 -70821
-159409 -70500
-159202 -70560
-157840 -83055
-157994 -83071
-152683 -82567
-152521 -82568
-152724 -79629
-152444 -79583
-156668 -69592
-156572 -69718
-159155 -72362
-158980 -72346
-159050 -70289
-159202 -70560
-146173 -70821
-145898 -71080
-154892 -80838
-154906 -80628
-157994 -83071
-158236 -83115
-158210 -82888
-158210 -82888
-156572 -69718
-156535 -69908
-158980 -72346
-158853 -72355
-150094 -79591
-149733 -79683
-151821 -74827
-151637 -74684
-145352 -70643
-145644 -70721
-154906 -80628
-154871 -80480
-158236 -83115
-158302 -83137
-154541 -82887
-154541 -82887
-153579 -82291
-153527 -82277
-158853 -72355
-158667 -72308
-149733 -79683
-149662 -79705
-151637 -74684
-151429 -74674
-145644 -70721
-145666 -70674
-149662 -79705
-149584 -79799
-155171 -82286
-155036 -82089
-154871 -80480
-154788 -80211
-158302 -83137
-158384 -83157
-158797 -82886
-158797 -82886
-158667 -72308
-158462 -72193
-151429 -74674
-151177 -74823
-145666 -70674
-145713 -70711
-151697 -69892
-151621 -69640
-155036 -82089
-154895 -81871
-158384 -83157
-158400 -83059
-153187 -80838
-153213 -80729
-149584 -79799
-149540 -79884
-151177 -74823
-151088 -74633
-150218 -72368
-150281 -72222
-145713 -70711
-145760 -70723
-153579 -82291
-153517 -82578
-149540 -79884
-149537 -80038
-159107 -72184
-159155 -72362
-145760 -70723
-145794 -70775
-158977 -83621
-158977 -83621
-148499 -79736
-148693 -79788
-147020 -74475
-147263 -74473
-145794 -70775
-145806 -70770
-150537 -70538
-150304 -70542
-156372 -79415
-156121 -79250
-148693 -79788
-148958 -79859
-157226 -75325
-157134 -75435
-145683 -74362
-145907 -74475
-145806 -70770
-145810 -70773
-148958 -79859
-149126 -79901
-156121 -79250
-156047 -79213
-154524 -82867
-154524 -82867
-153231 -81431
-153101 -81468
-151745 -75506
-151528 -75369
-147346 -74442
-147263 -74473
-154111 -72503
-154338 -72623
-145810 -70773
-145855 -70831
-159219 -79472
-159387 -79592
-153101 -81468
-153095 -81738
-149126 -79901
-149300 -79950
-149400 -79232
-149549 -79387
-151528 -75369
-151384 -75359
-150476 -73717
-150490 -73520
-154338 -72623
-154507 -72676
-145855 -70831
-145898 -71080
-147659 -77931
-147636 -77790
-150975 -74021
-151201 -73982
-145291 -73106
-145291 -73106
-146711 -71953
-146529 -71910
-156793 -76703
-156848 -76485
-147636 -77790
-147697 -77777
-149589 -73073
-149571 -73104
-146529 -71910
-146409 -71885
-156848 -76485
-156958 -76200
-147697 -77777
-147801 -77705
-145181 -72861
-145271 -73100
-146409 -71885
-146153 -71854
-147801 -77705
-147845 -77589
-152511 -76703
-152427 -76547
-152491 -74083
-152351 -73967
-145027 -73097
-145027 -73097
-147845 -77589
-147853 -77399
-152427 -76547
-152379 -76358
-146454 -74081
-146504 -73871
-158657 -78230
-158657 -78057
-146504 -73871
-146369 -73654
-158657 -78230
-158475 -78161
-153098 -73529
-152962 -73511
-158475 -78161
-158400 -77972
-152962 -73511
-152697 -73606
-152697 -73606
-152588 -73829
-151836 -71729
-151789 -71964
-152588 -73829
-152666 -74076
-149217 -73091
-149075 -72828
-150500 -71961
-150630 -71731
-148274 -71608
-148069 -71672
-149092 -74062
-148947 -73909
-148069 -71672
-148001 -71905
-148947 -73909
-148717 -73852
-150013 -73083
-149738 -72960
-148001 -71905
-147710 -71905
-149738 -72960
-149589 -73073
-147710 -71905
-147488 -71913
-150799 -78707
-150653 -78793
-150653 -78793
-150468 -78755
-150468 -78755
-150300 -78803
-144992 -73074
-144995 -73070
-154539 -76689
-154638 -76554
-154932 -73617
-154705 -73831
-147448 -76685
-147464 -76682
-154705 -73831
-154526 -73908
-157945 -78045
-157823 -78185
-147333 -76287
-147423 -76436
-157823 -78185
-157643 -78169
-147423 -76436
-147448 -76685
-154526 -73908
-154376 -74043
-154376 -74043
-154333 -74017
-145021 -73056
-145021 -73056
-158715 -78786
-158584 -78715
-153187 -71588
-153305 -71647
