-139030 -14990
-138853 -15244
-138097 -16202
-137983 -16022
-137983 -16022
-137841 -15901
-158925 -11847
-159947 -11853
-137841 -15901
-137707 -15719
-158819 -11460
-158923 -11625
-137707 -15719
-137700 -15709
-158923 -11625
-158925 -11847
-152561 -13720
-152758 -13726
-137700 -15709
-137621 -15142
-158925 -11847
-158521 -11845
-147801 -15232
-148081 -15200
-152758 -13726
-152923 -13483
-137621 -15142
-137569 -15122
-158521 -11845
-158508 -11829
-147752 -15120
-147801 -15232
-152923 -13483
-153082 -13250
-137569 -15122
-137531 -15109
-147756 -15105
-147574 -15149
-153082 -13250
-153189 -13160
-145836 -11188
-145637 -11401
-137531 -15109
-137431 -15047
-147574 -15149
-147544 -15175
-153189 -13160
-153418 -13005
-145637 -11401
-145505 -11633
-137431 -15047
-137330 -14765
-147544 -15175
-147517 -15217
-152561 -13720
-152359 -13467
-145505 -11633
-145225 -11838
-158508 -11829
-158525 -11570
-147517 -15217
-147514 -15231
-152359 -13467
-152333 -13294
-149156 -12109
-149170 -12131
-158525 -11570
-158417 -11375
-147514 -15231
-147199 -14919
-152333 -13294
-152118 -13035
-149170 -12131
-149161 -12210
-158417 -11375
-158383 -11220
-149161 -12210
-149093 -12662
-140562 -15207
-140370 -15207
-139094 -13678
-139022 -13400
-158383 -11220
-158412 -11021
-149093 -12662
-149025 -12773
-138723 -15733
-138962 -15925
-140370 -15207
-140231 -14931
-139022 -13400
-138934 -13288
-157424 -14165
-157275 -14313
-158412 -11021
-158563 -10973
-147208 -13651
-147120 -13654
-138962 -15925
-139094 -16033
-139717 -12753
-139884 -12730
-157275 -14313
-157081 -14455
-158563 -10973
-158693 -10842
-147120 -13654
-147053 -13655
-139094 -16033
-139094 -16123
-139884 -12730
-140154 -12474
-157081 -14455
-156956 -14609
-158693 -10842
-158661 -10681
-147053 -13655
-146804 -13630
-139094 -16123
-139083 -16176
-156956 -14609
-156976 -14856
-158661 -10681
-158622 -10461
-152679 -14080
-152966 -13943
-147208 -13651
-147165 -13389
-156976 -14856
-156951 -15056
-158508 -11829
-157540 -11459
-152966 -13943
-153063 -13825
-147165 -13389
-147164 -13330
-156951 -15056
-156937 -15224
-153063 -13825
-153102 -13792
-141956 -13621
-141706 -13503
-156344 -15203
-156521 -15096
-153102 -13792
-153136 -13747
-141706 -13503
-141641 -13465
-156521 -15096
-156937 -15224
-154983 -11190
-154803 -11290
-153136 -13747
-153336 -13533
-141641 -13465
-141395 -13451
-154803 -11290
-152998 -12420
-146804 -13630
-146760 -13389
-153336 -13533
-153531 -13432
-139872 -15222
-139889 -15031
-153531 -13432
-153658 -13297
-146760 -13389
-147006 -13153
-138216 -15209
-138170 -14921
-146805 -15653
-146868 -15534
-152278 -11115
-153008 -11065
-138726 -14869
-138553 -14964
-146868 -15534
-146799 -15333
-153008 -11065
-154796 -10927
-138553 -14964
-138465 -14979
-154796 -10927
-154871 -10915
-146799 -15333
-146624 -15125
-138465 -14979
-138381 -14993
-151965 -9725
-151736 -9795
-138381 -14993
-138170 -14921
-151736 -9795
-151648 -9946
-138923 -14899
-139030 -14990
-151648 -9946
-151825 -10132
-151825 -10132
-151882 -10250
-151882 -10250
-151885 -10316
-158782 -9703
-158690 -9895
-146910 -14829
-147199 -14919
-151885 -10316
-151889 -10351
-158690 -9895
-158649 -10029
-151889 -10351
-151897 -10365
-158649 -10029
-158574 -10149
-159027 -8851
-158870 -8743
-151897 -10365
-151904 -10376
-157311 -10091
-158400 -10145
-158870 -8743
-158730 -8689
-151904 -10376
-152278 -11115
-158400 -10145
-158574 -10149
-158730 -8689
-158503 -8822
-145839 -10643
-145780 -11027
-158503 -8822
-158634 -8796
-145637 -10094
-145457 -10129
-158634 -8796
-158622 -8936
-145457 -10129
-145339 -10116
-157311 -10091
-157483 -9497
-158046 -8873
-158603 -8877
-157483 -9497
-157431 -9483
-158603 -8877
-158622 -8936
-157431 -9483
-157410 -9460
-157410 -9460
-157374 -9429
-157374 -9429
-157272 -9332
-157272 -9332
-157324 -9169
-153158 -15647
-153434 -15330
-150529 -9860
-150657 -10017
-157324 -9169
-157278 -8904
-153434 -15330
-153453 -15250
-150657 -10017
-150629 -10156
-157278 -8904
-157542 -8688
-153453 -15250
-153482 -15189
-150629 -10156
-150697 -10246
-157542 -8688
-157626 -8423
-153482 -15189
-153499 -15138
-150697 -10246
-150646 -10465
-156344 -15203
-155758 -14664
-153499 -15138
-153511 -15046
-152679 -14080
-152561 -13720
-147006 -13153
-147057 -13209
-148081 -15200
-148278 -14983
-153511 -15046
-153467 -14863
-148158 -14023
-147601 -13987
-147057 -13209
-147164 -13330
-148278 -14983
-148435 -14969
-147601 -13987
-147589 -13994
-151918 -11432
-152195 -11759
-140330 -15632
-140214 -15533
-141956 -13621
-142092 -13429
-147813 -15606
-147848 -15535
-148435 -14969
-148585 -15000
-147589 -13994
-147552 -13997
-152195 -11759
-152181 -12403
-142092 -13429
-142322 -13259
-154291 -16200
-154362 -16026
-155327 -13611
-155576 -13469
-158422 -15605
-158523 -15404
-154362 -16026
-154621 -15791
-148585 -15000
-148742 -14938
-145579 -14582
-145297 -14515
-147552 -13997
-147480 -14016
-152181 -12403
-151976 -12377
-155576 -13469
-155612 -13403
-158523 -15404
-158479 -15369
-147480 -14016
-147391 -14068
-148764 -12575
-148533 -12542
-142026 -12397
-142166 -12160
-140292 -16172
-140266 -16054
-155612 -13403
-155617 -13369
-158479 -15369
-158449 -15361
-147391 -14068
-147357 -14066
-148533 -12542
-148477 -12516
-140266 -16054
-140238 -16028
-142166 -12160
-142244 -11933
-155617 -13369
-155617 -13363
-158449 -15361
-158408 -15323
-147357 -14066
-147340 -14043
-148477 -12516
-148187 -11990
-140238 -16028
-140224 -16030
-142244 -11933
-142273 -11783
-155617 -13363
-155629 -13342
-158408 -15323
-158406 -15313
-147340 -14043
-147051 -13885
-148187 -11990
-148191 -12010
-140224 -16030
-140215 -16021
-142273 -11783
-142235 -11631
-155629 -13342
-155994 -13240
-158406 -15313
-158394 -15307
-148191 -12010
-148189 -12058
-140215 -16021
-140318 -15732
-142235 -11631
-142200 -11521
-155994 -13240
-156214 -12948
-158394 -15307
-157816 -14504
-153158 -15647
-152938 -15638
-151976 -12377
-151824 -12212
-148189 -12058
-147949 -12121
-156214 -12948
-156194 -12780
-152938 -15638
-152811 -15603
-147848 -15535
-147816 -15268
-151824 -12212
-151649 -12031
-147949 -12121
-147834 -12120
-155241 -13284
-155327 -13611
-152811 -15603
-152702 -15629
-147816 -15268
-147801 -15232
-147037 -12377
-147059 -12300
-147834 -12120
-147831 -12150
-143781 -10303
-143920 -10512
-141749 -12883
-141691 -13106
-152702 -15629
-152702 -15611
-149396 -15050
-149463 -15022
-146018 -12348
-145969 -12365
-147831 -12150
-147810 -12181
-143920 -10512
-143890 -10605
-140562 -15207
-140214 -15533
-141691 -13106
-141917 -13052
-152702 -15611
-151904 -15766
-149463 -15022
-149478 -14999
-145969 -12365
-145830 -12217
-147810 -12181
-147807 -12196
-143890 -10605
-143933 -10840
-140214 -15533
-140048 -15306
-140452 -14571
-140263 -14694
-151904 -15766
-151869 -15800
-145722 -15456
-145983 -15523
-149478 -14999
-149963 -15181
-145830 -12217
-145665 -12172
-147807 -12196
-147197 -12734
-143933 -10840
-143934 -10920
-151869 -15800
-151800 -15928
-145983 -15523
-146077 -15509
-149963 -15181
-150328 -15130
-147197 -12734
-147178 -12551
-145665 -12172
-145547 -12142
-143934 -10920
-143972 -11175
-151800 -15928
-151740 -16140
-146077 -15509
-146245 -15502
-150328 -15130
-150500 -14980
-147178 -12551
-147037 -12377
-145547 -12142
-145354 -12168
-143972 -11175
-143960 -11443
-138728 -14548
-138460 -14635
-155270 -12501
-155430 -12413
-151740 -16140
-151422 -15970
-146245 -15502
-146398 -15482
-150500 -14980
-150492 -15029
-147059 -12300
-146826 -12161
-143960 -11443
-144001 -11548
-138460 -14635
-138399 -14655
-140227 -13419
-140311 -13600
-155430 -12413
-155546 -12277
-146398 -15482
-146541 -15421
-145666 -15365
-145090 -15368
-150492 -15029
-150483 -15072
-146826 -12161
-146704 -12144
-144001 -11548
-143904 -11637
-138399 -14655
-138131 -14688
-140311 -13600
-140348 -13757
-155546 -12277
-155596 -12213
-146541 -15421
-146513 -15143
-145090 -15368
-145092 -15372
-150483 -15072
-150493 -15089
-146704 -12144
-146638 -12173
-143904 -11637
-143671 -11786
-138131 -14688
-137880 -14455
-140348 -13757
-140315 -14029
-141603 -15098
-141268 -15419
-155596 -12213
-155645 -12183
-145092 -15372
-145115 -15401
-150493 -15089
-150495 -15108
-146638 -12173
-146596 -12181
-137880 -14455
-137736 -14498
-142969 -10793
-142956 -10859
-155645 -12183
-155857 -12600
-145115 -15401
-145138 -15497
-150495 -15108
-150931 -15053
-146596 -12181
-146563 -12219
-141268 -15419
-141233 -15420
-142709 -13755
-142967 -13925
-142956 -10859
-143526 -11252
-155857 -12600
-155920 -12733
-157626 -8423
-157552 -8249
-145138 -15497
-145123 -15688
-146563 -12219
-146485 -12223
-141233 -15420
-141192 -15423
-142967 -13925
-142937 -14208
-143526 -11252
-143517 -11286
-157657 -10539
-157662 -10547
-150646 -10465
-150487 -10600
-157662 -10547
-157671 -10548
-150487 -10600
-150537 -10761
-157671 -10548
-157688 -10566
-150537 -10761
-150727 -11016
-157688 -10566
-156953 -10668
-157416 -16183
-157428 -16094
-157428 -16094
-157365 -16127
-144613 -10594
-144759 -10609
-157365 -16127
-157328 -16163
-144759 -10609
-144956 -10582
-157328 -16163
-157304 -16172
-144956 -10582
-145128 -10597
-159300 -9900
-159117 -9872
-159117 -9872
-158988 -9829
-145128 -10597
-145239 -10622
-157304 -16172
-156601 -15760
-156601 -15760
-156124 -15485
-145239 -10622
-145476 -10638
-156124 -15485
-156344 -15203
-146065 -10215
-145902 -10400
-154871 -10915
-154671 -10802
-145902 -10400
-145839 -10643
-154671 -10802
-153659 -10182
-145476 -10638
-145839 -10643
-145476 -10638
-145651 -10420
-153659 -10182
-153657 -10177
-144915 -16101
-144877 -16325
-145651 -10420
-145629 -10275
-153657 -10177
-153677 -10138
-145629 -10275
-145637 -10094
-153677 -10138
-153596 -10071
-153596 -10071
-153471 -9957
-153471 -9957
-153224 -9854
-159173 -8895
-159027 -8851
-153224 -9854
-153117 -9784
-153117 -9784
-152924 -9764
-156953 -10668
-155953 -10802
-155953 -10802
-155746 -10822
-154857 -8833
-154860 -8994
-135825 -16189
-135969 -15934
-154860 -8994
-154988 -9127
-154988 -9127
-155041 -9379
-158915 -10591
-158738 -10532
-157552 -8249
-157437 -8051
-158732 -12710
-159840 -12708
-145123 -15688
-144996 -15944
-146485 -12223
-146201 -12320
-141192 -15423
-141136 -15456
-142937 -14208
-142919 -14413
-143517 -11286
-143531 -11387
-147649 -16287
-147542 -16100
-157437 -8051
-157265 -7952
-158692 -12526
-158732 -12710
-144996 -15944
-144915 -16101
-146201 -12320
-146018 -12348
-140511 -16069
-140681 -16121
-141136 -15456
-140920 -15453
-142919 -14413
-142843 -14685
-143531 -11387
-143580 -11476
-157265 -7952
-157056 -7969
-147813 -15606
-147613 -15705
-148084 -13829
-148158 -14023
-145903 -11660
-145727 -11876
-140681 -16121
-140638 -16421
-140920 -15453
-140669 -15506
-143580 -11476
-143625 -11653
-157056 -7969
-156907 -7973
-147613 -15705
-147507 -15739
-145727 -11876
-145816 -12086
-143625 -11653
-143671 -11786
-140669 -15506
-140599 -15528
-156907 -7973
-156750 -8113
-147507 -15739
-147441 -15865
-151062 -13244
-151124 -13437
-145816 -12086
-146018 -12348
-140599 -15528
-140578 -15496
-156750 -8113
-156632 -8328
-147441 -15865
-147542 -16100
-151124 -13437
-151108 -13541
-147059 -12300
-147096 -12047
-140578 -15496
-140562 -15207
-156632 -8328
-156561 -8480
-147542 -16100
-147267 -16096
-151108 -13541
-151128 -13622
-146059 -13140
-145773 -13087
-147096 -12047
-147007 -11901
-139762 -15526
-139726 -15299
-147267 -16096
-147157 -16079
-151128 -13622
-150857 -13656
-147037 -12377
-146971 -12427
-147007 -11901
-146955 -11735
-139726 -15299
-139872 -15222
-142970 -13138
-142914 -13142
-147157 -16079
-147076 -16078
-150857 -13656
-150876 -13977
-146971 -12427
-147084 -12703
-146955 -11735
-146979 -11635
-142545 -13050
-142824 -13123
-147076 -16078
-146854 -15926
-150699 -13399
-150600 -13508
-146979 -11635
-147019 -11608
-142824 -13123
-142914 -13142
-141455 -12677
-141350 -12540
-153268 -15910
-152772 -16088
-145627 -15158
-145605 -14996
-150600 -13508
-150176 -13559
-147019 -11608
-146997 -11571
-141350 -12540
-141319 -12378
-145605 -14996
-145558 -14845
-150176 -13559
-150070 -13652
-146997 -11571
-146999 -11560
-141319 -12378
-141311 -12134
-145558 -14845
-145579 -14582
-150070 -13652
-150614 -13849
-146999 -11560
-146996 -11558
-141311 -12134
-141131 -12080
-146191 -15147
-146513 -15143
-150614 -13849
-150876 -13977
-146996 -11558
-146504 -11669
-141131 -12080
-140974 -11988
-146191 -15147
-145900 -14986
-148742 -14938
-148839 -14586
-141455 -12677
-140995 -12676
-145900 -14986
-145879 -14996
-148839 -14586
-149837 -14615
-140638 -12255
-140839 -12389
-145879 -14996
-145870 -14905
-149837 -14615
-149858 -14858
-150251 -12860
-150293 -13224
-140839 -12389
-140995 -12676
-158348 -12579
-158409 -12640
-145870 -14905
-145886 -14839
-149858 -14858
-149963 -14853
-150293 -13224
-150057 -13182
-158409 -12640
-158692 -12526
-149963 -14853
-150386 -14760
-145886 -14839
-145923 -14754
-150057 -13182
-149943 -13097
-138596 -13922
-138751 -13896
-150386 -14760
-150357 -14760
-145923 -14754
-145698 -14520
-149943 -13097
-149480 -12969
-146107 -12796
-146229 -12944
-155448 -14495
-154280 -14679
-146513 -15143
-146624 -15125
-150357 -14760
-150260 -14662
-149480 -12969
-149323 -13209
-146229 -12944
-146059 -13140
-146624 -15125
-146581 -14902
-150260 -14662
-150257 -14559
-154044 -14322
-154122 -14363
-149323 -13209
-149175 -13540
-143236 -12487
-143141 -12756
-150257 -14559
-150411 -14500
-154122 -14363
-154184 -14415
-149175 -13540
-148816 -13295
-148816 -13295
-148657 -13539
-146504 -11669
-146409 -11690
-143141 -12756
-143185 -12929
-143185 -12929
-142970 -13138
-154184 -14415
-154280 -14679
-148657 -13539
-148536 -13709
-146409 -11690
-145941 -11676
-150411 -14500
-150696 -14534
-155041 -9379
-154931 -9555
-158738 -10532
-158622 -10461
-154931 -9555
-154931 -9732
-145339 -10116
-145216 -10310
-154931 -9732
-155035 -9934
-145216 -10310
-145029 -10354
-155035 -9934
-155213 -9995
-145029 -10354
-144840 -10336
-155213 -9995
-155332 -10050
-144840 -10336
-144547 -10379
-155332 -10050
-155401 -10084
-144547 -10379
-144535 -10404
-155401 -10084
-155439 -10092
-144535 -10404
-144541 -10461
-155439 -10092
-155443 -10097
-144541 -10461
-144613 -10594
-155443 -10097
-155101 -10097
-158988 -9829
-158863 -10085
-155101 -10097
-155044 -10351
-158863 -10085
-158868 -10264
-155044 -10351
-155197 -10519
-158868 -10264
-158856 -10423
-155197 -10519
-155449 -10646
-158856 -10423
-158915 -10591
-155449 -10646
-155586 -10714
-150014 -10365
-149784 -10439
-151965 -9725
-151831 -9696
-155586 -10714
-155746 -10822
-149784 -10439
-149519 -10474
-151831 -9696
-151551 -9685
-149519 -10474
-149337 -10433
-151551 -9685
-151405 -9678
-149337 -10433
-149170 -10471
-151405 -9678
-151252 -9858
-149170 -10471
-149044 -10460
-151252 -9858
-151221 -9773
-149044 -10460
-148760 -10516
-151221 -9773
-151062 -9800
-148760 -10516
-148532 -10382
-151062 -9800
-150891 -9796
-148532 -10382
-148339 -10405
-150891 -9796
-150605 -9794
-148339 -10405
-148236 -10393
-150605 -9794
-150529 -9860
-148236 -10393
-147969 -10434
-147976 -14664
-147959 -14422
-148536 -13709
-148516 -13834
-145941 -11676
-145903 -11660
-140231 -14931
-140263 -14694
-155758 -14664
-155554 -14480
-146581 -14902
-146726 -14879
-148516 -13834
-148451 -13985
-146726 -14879
-146910 -14829
-148451 -13985
-148407 -14195
-145773 -13087
-145565 -13094
-148407 -14195
-148352 -14439
-145565 -13094
-145465 -13104
-138131 -14688
-138170 -14921
-147976 -14664
-147881 -14601
-148352 -14439
-148148 -14730
-145465 -13104
-145263 -13005
-140645 -15695
-140762 -15826
-139647 -16238
-139782 -16156
-148148 -14730
-148025 -14959
-147881 -14601
-147672 -14628
-145856 -12643
-145803 -12831
-139782 -16156
-139764 -16001
-140762 -15826
-140511 -16069
-148025 -14959
-147752 -15120
-147672 -14628
-147430 -14606
-145803 -12831
-145773 -13087
-139764 -16001
-139829 -16031
-158348 -12579
-158043 -12565
-147752 -15120
-147756 -15105
-147430 -14606
-147203 -14820
-139829 -16031
-139829 -16037
-158043 -12565
-157726 -12517
-147203 -14820
-147199 -14919
-139829 -16037
-139835 -16038
-157726 -12517
-157674 -12513
-146581 -14902
-146580 -14883
-139835 -16038
-139833 -15707
-157674 -12513
-157622 -12618
-146580 -14883
-146599 -14869
-139833 -15707
-139762 -15526
-155241 -13284
-154860 -13458
-157622 -12618
-157509 -12764
-146599 -14869
-146416 -14522
-154860 -13458
-154816 -13206
-157509 -12764
-157318 -12888
-138840 -14842
-138923 -14899
-154816 -13206
-154790 -12920
-157318 -12888
-157124 -12955
-153467 -14863
-153336 -14878
-149404 -11673
-149489 -11473
-141132 -14568
-140628 -14640
-157124 -12955
-156934 -13080
-154790 -12920
-154732 -12709
-153336 -14878
-153162 -14775
-149489 -11473
-149264 -11276
-140628 -14640
-140452 -14571
-156929 -13074
-156934 -13080
-154732 -12709
-154692 -12550
-153162 -14775
-153079 -14629
-149264 -11276
-149730 -11210
-139226 -14510
-139073 -14454
-155096 -16005
-155558 -15712
-156929 -13074
-157286 -12601
-154692 -12550
-154675 -12318
-153079 -14629
-153107 -14461
-149730 -11210
-149779 -11019
-139073 -14454
-138868 -14588
-155096 -16005
-154621 -15791
-157286 -12601
-157444 -12385
-149779 -11019
-149870 -10932
-138868 -14588
-138862 -14436
-141395 -13451
-141438 -13239
-157444 -12385
-157460 -12351
-149544 -15284
-149414 -15370
-149870 -10932
-150133 -10799
-138862 -14436
-138834 -14257
-141438 -13239
-141459 -13201
-157460 -12351
-157436 -12317
-149414 -15370
-149319 -15517
-153790 -13946
-154799 -13483
-146504 -11669
-146573 -11585
-138834 -14257
-138751 -13896
-141459 -13201
-141467 -13187
-154799 -13483
-154860 -13458
-157436 -12317
-157426 -12173
-149319 -15517
-149096 -15520
-145579 -14582
-145698 -14520
-146573 -11585
-146605 -11545
-150133 -10799
-150051 -10580
-141467 -13187
-141490 -13167
-157426 -12173
-157553 -11957
-149096 -15520
-149139 -15709
-153658 -13297
-153606 -13442
-146605 -11545
-146606 -11540
-150051 -10580
-150014 -10365
-140452 -14571
-140315 -14029
-141490 -13167
-141534 -12889
-157553 -11957
-157672 -11838
-154857 -8833
-154643 -8929
-149139 -15709
-149024 -15999
-145698 -14520
-145845 -14570
-153606 -13442
-153643 -13602
-146606 -11540
-146470 -11087
-141395 -13451
-141158 -13297
-141158 -13297
-140917 -13335
-157672 -11838
-157620 -11567
-149024 -15999
-148981 -15996
-145845 -14570
-146016 -14568
-153643 -13602
-153667 -13705
-146470 -11087
-146065 -11260
-143781 -10303
-143498 -10444
-154643 -8929
-154410 -9037
-158046 -8873
-157892 -8612
-157892 -8612
-157626 -8423
-158574 -10149
-158563 -10316
-158563 -10316
-158622 -10461
-156413 -11940
-156717 -12600
-146065 -11260
-146006 -11428
-156717 -12600
-156929 -13074
-146006 -11428
-145903 -11660
-142348 -12797
-142167 -12970
-142167 -12970
-141917 -13052
-142545 -13050
-142348 -12797
-145263 -13005
-144973 -12858
-151165 -11626
-151200 -11596
-152118 -13035
-152080 -12894
-151200 -11596
-151201 -11570
-152080 -12894
-151994 -12662
-151201 -11570
-151705 -11183
-151994 -12662
-151976 -12377
-151705 -11183
-151918 -11432
-145856 -12643
-145697 -12699
-150727 -11016
-150926 -11196
-148981 -15996
-148913 -15612
-146016 -14568
-146417 -14500
-153667 -13705
-153790 -13946
-142263 -14812
-142338 -14966
-140917 -13335
-140405 -13268
-143498 -10444
-143381 -10528
-156561 -8480
-156356 -8414
-148913 -15612
-148461 -15755
-142338 -14966
-142361 -15221
-141975 -13879
-141765 -13918
-140405 -13268
-140227 -13419
-143381 -10528
-143149 -10672
-156356 -8414
-156155 -8375
-148461 -15755
-148475 -15641
-142361 -15221
-142192 -15425
-141765 -13918
-141663 -13826
-139717 -12753
-139977 -13269
-143149 -10672
-142969 -10793
-156155 -8375
-156109 -8513
-148475 -15641
-148100 -15586
-142192 -15425
-142059 -15463
-141663 -13826
-141536 -14063
-139977 -13269
-140114 -13268
-156109 -8513
-156150 -8410
-148100 -15586
-148105 -15240
-147756 -15105
-147856 -14868
-147969 -10434
-147927 -10419
-142059 -15463
-141999 -15411
-140114 -13268
-140227 -13419
-141536 -14063
-141430 -14074
-138596 -13922
-138310 -13758
-156150 -8410
-156061 -8421
-148105 -15240
-148081 -15200
-147856 -14868
-147976 -14664
-147927 -10419
-147758 -10422
-141999 -15411
-141970 -15400
-141430 -14074
-141168 -13946
-156061 -8421
-155984 -8423
-144661 -14280
-144544 -14459
-146844 -13816
-146560 -13756
-143990 -12275
-143959 -12118
-147758 -10422
-147632 -10410
-141970 -15400
-141971 -15386
-141168 -13946
-141074 -14238
-155984 -8423
-155761 -8466
-144544 -14459
-144365 -14585
-147632 -10410
-147456 -10366
-141971 -15386
-141603 -15098
-141074 -14238
-141067 -14401
-140974 -11988
-140858 -12036
-148267 -16219
-148270 -16099
-155761 -8466
-155510 -8550
-148270 -16099
-148033 -15865
-144365 -14585
-144183 -14662
-146445 -13832
-146181 -13839
-147456 -10366
-147259 -10305
-141067 -14401
-141132 -14568
-140858 -12036
-140638 -12255
-138631 -14171
-138665 -14429
-155510 -8550
-155310 -8649
-148033 -15865
-147925 -15742
-144183 -14662
-143963 -14723
-146181 -13839
-146141 -13850
-150920 -13232
-150699 -13399
-145354 -12168
-145087 -11944
-147259 -10305
-147039 -10384
-138665 -14429
-138728 -14548
-155310 -8649
-155208 -8684
-147925 -15742
-147848 -15535
-143963 -14723
-143798 -14867
-146141 -13850
-146082 -13900
-150699 -13399
-150640 -13297
-145877 -12643
-145856 -12643
-150042 -12150
-149952 -12111
-147039 -10384
-146861 -10328
-155208 -8684
-155072 -8743
-143798 -14867
-143545 -14897
-150696 -14534
-150656 -14302
-146082 -13900
-145929 -13846
-150640 -13297
-150448 -13009
-145969 -12365
-145877 -12643
-149952 -12111
-149639 -11930
-146861 -10328
-146636 -10269
-143545 -14897
-143405 -14993
-155072 -8743
-154857 -8833
-150656 -14302
-150854 -14188
-145929 -13846
-145887 -13854
-150448 -13009
-150251 -12860
-149639 -11930
-149602 -11879
-146636 -10269
-146472 -10257
-158554 -13398
-158504 -13242
-150854 -14188
-150876 -13977
-145887 -13854
-145682 -13863
-149602 -11879
-149523 -11831
-146472 -10257
-146316 -10258
-143405 -14993
-143244 -15100
-158504 -13242
-158550 -13067
-146635 -14280
-146416 -14522
-145682 -13863
-145498 -13726
-149523 -11831
-149404 -11673
-146316 -10258
-146065 -10215
-143244 -15100
-143191 -15041
-158550 -13067
-158614 -12817
-146416 -14522
-146417 -14500
-150450 -11288
-150381 -11404
-141603 -15098
-141515 -15020
-158614 -12817
-158732 -12710
-145498 -13726
-145460 -14083
-145498 -13726
-145332 -13897
-150381 -11404
-150326 -11650
-141515 -15020
-141448 -14924
-144915 -16101
-144697 -16182
-145460 -14083
-145462 -14103
-144055 -13363
-143967 -13372
-150326 -11650
-150236 -11873
-141448 -14924
-141329 -14883
-145462 -14103
-145464 -14116
-143967 -13372
-143689 -13396
-150236 -11873
-150042 -12150
-141329 -14883
-141142 -14862
-145464 -14116
-145441 -14172
-143689 -13396
-143670 -13290
-143959 -12118
-144109 -12106
-141142 -14862
-141120 -14779
-145441 -14172
-145419 -14250
-143670 -13290
-143638 -13205
-144109 -12106
-144300 -11934
-141120 -14779
-141132 -14568
-144359 -16228
-144258 -16101
-144258 -16101
-144073 -16110
-151422 -15970
-151452 -15765
-148742 -14938
-148870 -14915
-145419 -14250
-145297 -14515
-143638 -13205
-143382 -12998
-144300 -11934
-144524 -11892
-139094 -13678
-138944 -13830
-144073 -16110
-144005 -16217
-151452 -15765
-151295 -15676
-148870 -14915
-149039 -14968
-145099 -14162
-145215 -14292
-144524 -11892
-144640 -11945
-138944 -13830
-138751 -13896
-143382 -12998
-143386 -13006
-149039 -14968
-149209 -15084
-145215 -14292
-145297 -14515
-144640 -11945
-144684 -11925
-143386 -13006
-143384 -13010
-135969 -15934
-136207 -15776
-154410 -9037
-154349 -9065
-154349 -9065
-154113 -9190
-154113 -9190
-153927 -9236
-153927 -9236
-153880 -9206
-150926 -11196
-150966 -11336
-147051 -13885
-146844 -13816
-150966 -11336
-151165 -11626
-142709 -13755
-142491 -13751
-142491 -13751
-142360 -13571
-142360 -13571
-142182 -13532
-142182 -13532
-142109 -13682
-142109 -13682
-141975 -13879
-141975 -13879
-141956 -13621
-148084 -13829
-147835 -13827
-147835 -13827
-147656 -13830
-147656 -13830
-147463 -13745
-147463 -13745
-147208 -13651
-139258 -13840
-139094 -13678
-146560 -13756
-146445 -13832
-148368 -13361
-148210 -13649
-148210 -13649
-148084 -13829
-146854 -15926
-146805 -15653
-149209 -15084
-149396 -15050
-145697 -12699
-145674 -12733
-144684 -11925
-144708 -11915
-139226 -14510
-139129 -14283
-143384 -13010
-143424 -13334
-157816 -14504
-157983 -14476
-145674 -12733
-145486 -12740
-144708 -11915
-144723 -11905
-143424 -13334
-143265 -13287
-157983 -14476
-158173 -14435
-158988 -9829
-159016 -9575
-145486 -12740
-145263 -13005
-144723 -11905
-145087 -11944
-143265 -13287
-143170 -13270
-157816 -14504
-157424 -14165
-159016 -9575
-159046 -9509
-153418 -13005
-153369 -12897
-143170 -13270
-142970 -13138
-159046 -9509
-159046 -9488
-144197 -12923
-144075 -12896
-137736 -14498
-137597 -14426
-159046 -9488
-159094 -9294
-146399 -14180
-146344 -14325
-144075 -12896
-143953 -12979
-159094 -9294
-159137 -9000
-146344 -14325
-146417 -14500
-143953 -12979
-144021 -13110
-155554 -14480
-155448 -14495
-159137 -9000
-159173 -8895
-144021 -13110
-144055 -13363
-155554 -14480
-155536 -14401
-158988 -9829
-158782 -9703
-148368 -13361
-148572 -13147
-155536 -14401
-155327 -13611
-148572 -13147
-148772 -13064
-153880 -9206
-153719 -9325
-148772 -13064
-148980 -12932
-153719 -9325
-153691 -9539
-147197 -12734
-147364 -12909
-153691 -9539
-153693 -9345
-147364 -12909
-147449 -13151
-143959 -12118
-143766 -11937
-153693 -9345
-153774 -9243
-147449 -13151
-147552 -13309
-149156 -12109
-149402 -11891
-153774 -9243
-153602 -9365
-152597 -14351
-152761 -14278
-147552 -13309
-147733 -13333
-149402 -11891
-149404 -11673
-153602 -9365
-153364 -9562
-152761 -14278
-152998 -14400
-147733 -13333
-147937 -13325
-149029 -11902
-149156 -12109
-153364 -9562
-153181 -9653
-152998 -14400
-153107 -14461
-147937 -13325
-148127 -13305
-153181 -9653
-152924 -9764
-158173 -14435
-158976 -13936
-158782 -9703
-158596 -9420
-148127 -13305
-148368 -13361
-158596 -9420
-158400 -9282
-158976 -13936
-158978 -13954
-144197 -12923
-144169 -12738
-158400 -9282
-158228 -9125
-158978 -13954
-158984 -14021
-144169 -12738
-144140 -12595
-139722 -15005
-139502 -15062
-158228 -9125
-158046 -8873
-158984 -14021
-159020 -14088
-153303 -15902
-153294 -15944
-144140 -12595
-144098 -12388
-139502 -15062
-139418 -15010
-159020 -14088
-159079 -14139
-153294 -15944
-153529 -16044
-144098 -12388
-143990 -12275
-139418 -15010
-139269 -15013
-159079 -14139
-159093 -14142
-153529 -16044
-153635 -16336
-153303 -15902
-153268 -15910
-149025 -12773
-148980 -12932
-139269 -15013
-139030 -14990
-159093 -14142
-159103 -14135
-153268 -15910
-153158 -15647
-158622 -8936
-158906 -9198
-158906 -9198
-158990 -9185
-158990 -9185
-159062 -9188
-159062 -9188
-159084 -9193
-159084 -9193
-159027 -8851
-142505 -11066
-142337 -11125
-153467 -14863
-153671 -14745
-140263 -14694
-140076 -14761
-140076 -14761
-139873 -14831
-139873 -14831
-139841 -14802
-144300 -11217
-144266 -11243
-139841 -14802
-139792 -14685
-145722 -15456
-145666 -15365
-144266 -11243
-144014 -11587
-139792 -14685
-139528 -14673
-139418 -15010
-139379 -15263
-139528 -14673
-139474 -14731
-139379 -15263
-139417 -15366
-138868 -14588
-138840 -14842
-139417 -15366
-139271 -15379
-138840 -14842
-138730 -14677
-138730 -14677
-138728 -14548
-147007 -14305
-147046 -14571
-147046 -14571
-147086 -14665
-147086 -14665
-146910 -14829
-147164 -13330
-147154 -13078
-147154 -13078
-147206 -12978
-147206 -12978
-147084 -12703
-159103 -14135
-159111 -14136
-152772 -16088
-152927 -16203
-138723 -15733
-139003 -15771
-159111 -14136
-159547 -13880
-139003 -15771
-139130 -15902
-158554 -13398
-158549 -13398
-139130 -15902
-139297 -15768
-158549 -13398
-158173 -14435
-153303 -15902
-153770 -15798
-150696 -14534
-150794 -14554
-153770 -15798
-154139 -15835
-150794 -14554
-150859 -14551
-137597 -14426
-137890 -14195
-159323 -13310
-159182 -13348
-159182 -13348
-159138 -13353
-154139 -15835
-154206 -15875
-150859 -14551
-150898 -14684
-137890 -14195
-137897 -14172
-159138 -13353
-159136 -13358
-154206 -15875
-154668 -15664
-150898 -14684
-150954 -14724
-137897 -14172
-138051 -14038
-159136 -13358
-159141 -13397
-150954 -14724
-151006 -15066
-151165 -11626
-151439 -11710
-138051 -14038
-138245 -13764
-159141 -13397
-158554 -13398
-151006 -15066
-150931 -15053
-148158 -14023
-148057 -14258
-151439 -11710
-151651 -11783
-148057 -14258
-147959 -14422
-151651 -11783
-151649 -12031
-147959 -14422
-147717 -14383
-147717 -14383
-147607 -14352
-139687 -16496
-139935 -15948
-155448 -14495
-155301 -14682
-147607 -14352
-147385 -14353
-139935 -15948
-139953 -15946
-155301 -14682
-155133 -14790
-147385 -14353
-147231 -14375
-139953 -15946
-139996 -15952
-155133 -14790
-155013 -14794
-147231 -14375
-147007 -14305
-139996 -15952
-140071 -15941
-155013 -14794
-154916 -15045
-140071 -15941
-140142 -15675
-142149 -14418
-142138 -14309
-154916 -15045
-154770 -15029
-140142 -15675
-140330 -15632
-142138 -14309
-142061 -14134
-154770 -15029
-154597 -15007
-142061 -14134
-141975 -13879
-146804 -13630
-146844 -13816
-154675 -12318
-154666 -12316
-154666 -12316
-154370 -12318
-144055 -13363
-144045 -13537
-154370 -12318
-154048 -12421
-144045 -13537
-143875 -13660
-154048 -12421
-154035 -12439
-146854 -15926
-146315 -16226
-143875 -13660
-143726 -14203
-154035 -12439
-154024 -12479
-143726 -14203
-144034 -14092
-154024 -12479
-154030 -12495
-156953 -10668
-156414 -10699
-156414 -10699
-156400 -10693
-156400 -10693
-156389 -10683
-156389 -10683
-156339 -10623
-156339 -10623
-156314 -10535
-156314 -10535
-156396 -10433
-156396 -10433
-156457 -10234
-156457 -10234
-156385 -9949
-156385 -9949
-156387 -9657
-156387 -9657
-156382 -9455
-156382 -9455
-156459 -9314
-156459 -9314
-156393 -9237
-156393 -9237
-156436 -8993
-156436 -8993
-156502 -8815
-156502 -8815
-156544 -8682
-156544 -8682
-156561 -8480
-144034 -14092
-144023 -14122
-144023 -14122
-143809 -14281
-151295 -15676
-151085 -15866
-143809 -14281
-143697 -14473
-151085 -15866
-150869 -15940
-143697 -14473
-143458 -14715
-150869 -15940
-150717 -16063
-143458 -14715
-143322 -14835
-150717 -16063
-150433 -16271
-143322 -14835
-143191 -15041
-143191 -15041
-143081 -14829
-152118 -13035
-151967 -13054
-143081 -14829
-142843 -14685
-151967 -13054
-151786 -12983
-150169 -16201
-149544 -15284
-151786 -12983
-151653 -12963
-146118 -16408
-146086 -16157
-146086 -16157
-146034 -15909
-151653 -12963
-151601 -12987
-146034 -15909
-145942 -15722
-151601 -12987
-151595 -13244
-145942 -15722
-145722 -15456
-151595 -13244
-151639 -13296
-151639 -13296
-151385 -13229
-141534 -12889
-141265 -12924
-141265 -12924
-141199 -13045
-143122 -16211
-143032 -16081
-143032 -16081
-143086 -15883
-141199 -13045
-141158 -13297
-153418 -13005
-153658 -13297
-143086 -15883
-143025 -15618
-143025 -15618
-143057 -15417
-138934 -13288
-139054 -13276
-143057 -15417
-143181 -15283
-139054 -13276
-139281 -13149
-143181 -15283
-143244 -15100
-139281 -13149
-139447 -13042
-139447 -13042
-139717 -12753
-152224 -16389
-152772 -16088
-148980 -12932
-148816 -13295
-152081 -14141
-152296 -14372
-151864 -16201
-151740 -16140
-154030 -12495
-153782 -12774
-142358 -14755
-142263 -14812
-153782 -12774
-153503 -12800
-141566 -14723
-141798 -14761
-153503 -12800
-153476 -12890
-141798 -14761
-141843 -14776
-153476 -12890
-153369 -12897
-150450 -11288
-150727 -11016
-141843 -14776
-141865 -14748
-157540 -11459
-157620 -11567
-150133 -10799
-150146 -10802
-141865 -14748
-141868 -14746
-142348 -12797
-142173 -12893
-155234 -16245
-155096 -16005
-150146 -10802
-150408 -11236
-138717 -15703
-138625 -15765
-141868 -14746
-142263 -14812
-142173 -12893
-141982 -12884
-142200 -11521
-142031 -11559
-150408 -11236
-150450 -11288
-138625 -15765
-138360 -15798
-141982 -12884
-141888 -12695
-142031 -11559
-141774 -11454
-146065 -11260
-145836 -11188
-141888 -12695
-141965 -12540
-148579 -10693
-148536 -10693
-137736 -14498
-137843 -14670
-141965 -12540
-142026 -12397
-153369 -12897
-153223 -12799
-148536 -10693
-148489 -10700
-137843 -14670
-137827 -14766
-153223 -12799
-153125 -12601
-148489 -10700
-148178 -10856
-137827 -14766
-137856 -14741
-153125 -12601
-152998 -12420
-145780 -11027
-145555 -11182
-148178 -10856
-148230 -10899
-137856 -14741
-138131 -14688
-145555 -11182
-145365 -11294
-148230 -10899
-148203 -11003
-142138 -16374
-142192 -16132
-145365 -11294
-145166 -11499
-148203 -11003
-148143 -11250
-142192 -16132
-142476 -16122
-145166 -11499
-145079 -11529
-148143 -11250
-148062 -11208
-142476 -16122
-142705 -16201
-156953 -10668
-156914 -10802
-145079 -11529
-144833 -11315
-138360 -15798
-138256 -15623
-138310 -13758
-138245 -13764
-156914 -10802
-156778 -11227
-144833 -11315
-144645 -11264
-138256 -15623
-138133 -15573
-144645 -11264
-144533 -11188
-144613 -10594
-144579 -10764
-138133 -15573
-138216 -15209
-138934 -13288
-138674 -13384
-154621 -15791
-154668 -15664
-144533 -11188
-144300 -11217
-144579 -10764
-144508 -10937
-138674 -13384
-138506 -13347
-144508 -10937
-144300 -11217
-139297 -15768
-139503 -15591
-138506 -13347
-138460 -13416
-147969 -10434
-147842 -10640
-139503 -15591
-139762 -15526
-138460 -13416
-138338 -13626
-147842 -10640
-147860 -10793
-137330 -14765
-137212 -14937
-138338 -13626
-138245 -13764
-141534 -12889
-141749 -12883
-147860 -10793
-147961 -10964
-137212 -14937
-137047 -15096
-141534 -12889
-141455 -12677
-147961 -10964
-148062 -11208
-137047 -15096
-136813 -15310
-142026 -12397
-141949 -12351
-150529 -9860
-150240 -10106
-150240 -10106
-150118 -10189
-150118 -10189
-150014 -10365
-144000 -10242
-143781 -10303
-152296 -14372
-152454 -14327
-144973 -12858
-144707 -13125
-136813 -15310
-136575 -15517
-141949 -12351
-141595 -12601
-152454 -14327
-152597 -14351
-144707 -13125
-144571 -13188
-136575 -15517
-136344 -15716
-141595 -12601
-141593 -12607
-147007 -14305
-146837 -14331
-144571 -13188
-144409 -13281
-136344 -15716
-136207 -15776
-141593 -12607
-141609 -12653
-146837 -14331
-146635 -14280
-144409 -13281
-144408 -13219
-139297 -15768
-139270 -15672
-141609 -12653
-141603 -12699
-152597 -14351
-152679 -14080
-144408 -13219
-144398 -13138
-139270 -15672
-139266 -15663
-141603 -12699
-141749 -12883
-156194 -12780
-155920 -12733
-153790 -13946
-153869 -14144
-144398 -13138
-144197 -12923
-139266 -15663
-139271 -15379
-155920 -12733
-155756 -12774
-153869 -14144
-154044 -14322
-150042 -12150
-149959 -12390
-155756 -12774
-155565 -12693
-147051 -13885
-146991 -14004
-149959 -12390
-149961 -12470
-155565 -12693
-155334 -12796
-146991 -14004
-147023 -14118
-149961 -12470
-149929 -12602
-155334 -12796
-155156 -12716
-147023 -14118
-147007 -14305
-149929 -12602
-150030 -12574
-155156 -12716
-155119 -12863
-150030 -12574
-150251 -12860
-140315 -14029
-140057 -14229
-155119 -12863
-155164 -13018
-145354 -12168
-145208 -12255
-140057 -14229
-139828 -14296
-155164 -13018
-155241 -13284
-145208 -12255
-145024 -12521
-139828 -14296
-139632 -14278
-145024 -12521
-145023 -12578
-140318 -15732
-140459 -15685
-139632 -14278
-139567 -14201
-145023 -12578
-144932 -12639
-140459 -15685
-140645 -15695
-139567 -14201
-139452 -14107
-159539 -10958
-159267 -10956
-159267 -10956
-159311 -11050
-144932 -12639
-144973 -12858
-139452 -14107
-139258 -13840
-146635 -14280
-146399 -14180
-159311 -11050
-159203 -11176
-159203 -11176
-159243 -11246
-139129 -14283
-139161 -14102
-141774 -11454
-141566 -11512
-159243 -11246
-159167 -11281
-139161 -14102
-139258 -13840
-141566 -11512
-141322 -11583
-159167 -11281
-159172 -11461
-139129 -14283
-139035 -14003
-141322 -11583
-141131 -11767
-159172 -11461
-158819 -11460
-139035 -14003
-138751 -13896
-141131 -11767
-140974 -11988
-158915 -10591
-158935 -10789
-145099 -14162
-144867 -14252
-158935 -10789
-158925 -11018
-144867 -14252
-144661 -14280
-158925 -11018
-158868 -11208
-145332 -13897
-145295 -13813
-146059 -13140
-146361 -13673
-145780 -11027
-145928 -10922
-146361 -13673
-146528 -13690
-145928 -10922
-146031 -10877
-139271 -15379
-138853 -15244
-146528 -13690
-146572 -13696
-146031 -10877
-146030 -10862
-146572 -13696
-146560 -13756
-146030 -10862
-146491 -10832
-146491 -10832
-147018 -10934
-157620 -11567
-158198 -12348
-147018 -10934
-147353 -10844
-158198 -12348
-158200 -12283
-145627 -15158
-145666 -15365
-147353 -10844
-148062 -11208
-136239 -16227
-135997 -16122
-155746 -10822
-154983 -11190
-158200 -12283
-158215 -12282
-135997 -16122
-135969 -15934
-154983 -11190
-154871 -10915
-158215 -12282
-158240 -12298
-158240 -12298
-158298 -12395
-145836 -11188
-145780 -11027
-137597 -14426
-137494 -14541
-136667 -16227
-136674 -16006
-158298 -12395
-158348 -12579
-145339 -10116
-145180 -10101
-136674 -16006
-136381 -15866
-137494 -14541
-137330 -14765
-148764 -12575
-148783 -12366
-145180 -10101
-145040 -10115
-136381 -15866
-136207 -15776
-142843 -14685
-142715 -14660
-148783 -12366
-148859 -12205
-145040 -10115
-144851 -10125
-142715 -14660
-142571 -14711
-148859 -12205
-149024 -12155
-144851 -10125
-144673 -10133
-142571 -14711
-142358 -14755
-149024 -12155
-149029 -11902
-144673 -10133
-144466 -10179
-142358 -14755
-142160 -14516
-159420 -8950
-159173 -8895
-151422 -15970
-151410 -16069
-152998 -12420
-152856 -12549
-144466 -10179
-144239 -10222
-142160 -14516
-142149 -14418
-151410 -16069
-151243 -16262
-153671 -14745
-153796 -14645
-152856 -12549
-152698 -12501
-144239 -10222
-144000 -10242
-153796 -14645
-153787 -14595
-152698 -12501
-152584 -12406
-153787 -14595
-154044 -14322
-152584 -12406
-152365 -12355
-153671 -14745
-153679 -14550
-152365 -12355
-152181 -12403
-158521 -11845
-158519 -11973
-153679 -14550
-153686 -14494
-148579 -10693
-148760 -10516
-157311 -10091
-157465 -10367
-158519 -11973
-158604 -12160
-153686 -14494
-153691 -14462
-157465 -10367
-157596 -10507
-158604 -12160
-158635 -12355
-153691 -14462
-153688 -14445
-158635 -12355
-158692 -12526
-157596 -10507
-157657 -10539
-153688 -14445
-153470 -14152
-145295 -13813
-145243 -13602
-154675 -12318
-154802 -12353
-145087 -11944
-145225 -11838
-154802 -12353
-155264 -12521
-156778 -11227
-156991 -11390
-145243 -13602
-145072 -13629
-155264 -12521
-155270 -12501
-156991 -11390
-157006 -11644
-145072 -13629
-145045 -13559
-139889 -15031
-140018 -14936
-142914 -13142
-142897 -13339
-155270 -12501
-155746 -10822
-157006 -11644
-156411 -11838
-145045 -13559
-144873 -13433
-140018 -14936
-140231 -14931
-142897 -13339
-142871 -13479
-156411 -11838
-156413 -11940
-144873 -13433
-144842 -13332
-139889 -15031
-139722 -15005
-142871 -13479
-142709 -13755
-144842 -13332
-144820 -13332
-144014 -11587
-143766 -11937
-144820 -13332
-144775 -13325
-143766 -11937
-143671 -11786
-144775 -13325
-144417 -13346
-144417 -13346
-144438 -13428
-144438 -13428
-144436 -13719
-149029 -11902
-148760 -11446
-144436 -13719
-144519 -13986
-138717 -15703
-138723 -15733
-144519 -13986
-144548 -14091
-140318 -15732
-140330 -15632
-144548 -14091
-144661 -14280
-143990 -12275
-143738 -12376
-155558 -15712
-156344 -15203
-146445 -13832
-146570 -13991
-143738 -12376
-143607 -12391
-155758 -14664
-155614 -14854
-146570 -13991
-146526 -14140
-143607 -12391
-143522 -12436
-155614 -14854
-155626 -15044
-146526 -14140
-146399 -14180
-143522 -12436
-143236 -12487
-155626 -15044
-155634 -15204
-142337 -11125
-142599 -11352
-155634 -15204
-155630 -15386
-142599 -11352
-142857 -11529
-155630 -15386
-155586 -15530
-142857 -11529
-142923 -11652
-155586 -15530
-155558 -15712
-142923 -11652
-143021 -11690
-138853 -15244
-138803 -15334
-138631 -14171
-138370 -14028
-143021 -11690
-142952 -11973
-158868 -11208
-158819 -11460
-153470 -14152
-153314 -14032
-157540 -11459
-156778 -11227
-153314 -14032
-153195 -14324
-153195 -14324
-153107 -14461
-142337 -11125
-142078 -11307
-139474 -14731
-139226 -14510
-142078 -11307
-141934 -11352
-141566 -14723
-141999 -14291
-141934 -11352
-141774 -11454
-148760 -11446
-148452 -11447
-141999 -14291
-142007 -14293
-145627 -15158
-145909 -15300
-148452 -11447
-148249 -11315
-142007 -14293
-142007 -14320
-145909 -15300
-146191 -15147
-148249 -11315
-148143 -11250
-142007 -14320
-142024 -14350
-148760 -11446
-148669 -11246
-140048 -15306
-140189 -15253
-142024 -14350
-142149 -14418
-159484 -15928
-158422 -15605
-148669 -11246
-148523 -11116
-140511 -16069
-140292 -16172
-140189 -15253
-140172 -15185
-141132 -14568
-141281 -14674
-148523 -11116
-148501 -10911
-140172 -15185
-140231 -14931
-141281 -14674
-141566 -14723
-148501 -10911
-148579 -10693
-139872 -15222
-140048 -15306
-151201 -15285
-150931 -15053
-146065 -10215
-145874 -10046
-145874 -10046
-145637 -10094
-151201 -15285
-151451 -15116
-151451 -15116
-151591 -15156
-151591 -15156
-151830 -15191
-151830 -15191
-152043 -15095
-142322 -13259
-142545 -13050
-141917 -13052
-142322 -13259
-152043 -15095
-152116 -14910
-158400 -8606
-158400 -8606
-152116 -14910
-152122 -14630
-150920 -13232
-151062 -13244
-152122 -14630
-152052 -14363
-151062 -13244
-151200 -13228
-152052 -14363
-152081 -14141
-151200 -13228
-151385 -13229
-149396 -15050
-149544 -15284
-138803 -15334
-138895 -15576
-140995 -12676
-140576 -12678
-142952 -11973
-143054 -12113
-138895 -15576
-138717 -15703
-138853 -15244
-138683 -15252
-140576 -12678
-140584 -12683
-143054 -12113
-143107 -12328
-140599 -15528
-140645 -15695
-138683 -15252
-138518 -15269
-140584 -12683
-140633 -12696
-143107 -12328
-143236 -12487
-158422 -15605
-158219 -15559
-138518 -15269
-138386 -15229
-140633 -12696
-140756 -12728
-140638 -12255
-140458 -12251
-158219 -15559
-158000 -15615
-138386 -15229
-138216 -15209
-140756 -12728
-140663 -12760
-140458 -12251
-140278 -12309
-158000 -15615
-157821 -15639
-140663 -12760
-140400 -12792
-140278 -12309
-140154 -12474
-157821 -15639
-157761 -15580
-140400 -12792
-140267 -12691
-157761 -15580
-157725 -15578
-140267 -12691
-140154 -12474
-157725 -15578
-157707 -15568
-149025 -12773
-148764 -12575
-157707 -15568
-157510 -15290
-150920 -13232
-150975 -12947
-147084 -12703
-146797 -12687
-157510 -15290
-156937 -15224
-150975 -12947
-150891 -12785
-146797 -12687
-146520 -12652
-144014 -11587
-144312 -11516
-150891 -12785
-151105 -12695
-146520 -12652
-146478 -12638
-144312 -11516
-144333 -11507
-151105 -12695
-151115 -12386
-146478 -12638
-146389 -12700
-144333 -11507
-144381 -11515
-146389 -12700
-146107 -12796
-151115 -12386
-151254 -12267
-144381 -11515
-144433 -11511
-151201 -15285
-151199 -15620
-146107 -12796
-145877 -12643
-151254 -12267
-151416 -12206
-144433 -11511
-144920 -11880
-151199 -15620
-151295 -15676
-151416 -12206
-151649 -12031
-144920 -11880
-145033 -11885
-154668 -15664
-154727 -15497
-145033 -11885
-145225 -11838
-154727 -15497
-154760 -15241
-156194 -12780
-156253 -12596
-154760 -15241
-154597 -15007
-156253 -12596
-156311 -12376
-156311 -12376
-156347 -12204
-147813 -15606
-147561 -15441
-156347 -12204
-156413 -11940
-147561 -15441
-147181 -15504
-154597 -15007
-154449 -14882
-147181 -15504
-147168 -15508
-154449 -14882
-154280 -14679
-147168 -15508
-147083 -15550
-139474 -14731
-139722 -15005
-147083 -15550
-146805 -15653
-138923 -14899
-138726 -14869
-138370 -14028
-138310 -13758
-138631 -14171
-138596 -13922
-156934 -13080
-157424 -14165
-152924 -9764
-152821 -9743
-145332 -13897
-145099 -14162
-152821 -9743
-152572 -9769
-151385 -13229
-151378 -13491
-152572 -9769
-152507 -9802
-151378 -13491
-151380 -13651
-152507 -9802
-152536 -9813
-151380 -13651
-151348 -13642
-152536 -9813
-152488 -9857
-151348 -13642
-151261 -13709
-152488 -9857
-152343 -9913
-151261 -13709
-151106 -13710
-152343 -9913
-152147 -9935
-151106 -13710
-151145 -13923
-152147 -9935
-152115 -10105
-151145 -13923
-151392 -13992
-152115 -10105
-151992 -10103
-151392 -13992
-151424 -14029
-151918 -11432
-152278 -11115
-151992 -10103
-151996 -9877
-151424 -14029
-151575 -14100
-151996 -9877
-151965 -9725
-151575 -14100
-151799 -14008
-151799 -14008
-152081 -14141
-142969 -10793
-142802 -10860
-142802 -10860
-142640 -10898
-138097 -16202
-138090 -16128
-138090 -16128
-138104 -16089
-142640 -10898
-142505 -11066
-138104 -16089
-138360 -15798
