-188452 1558
-188196 1326
-188196 1326
-188025 1474
-165183 -4077
-165049 -3932
-165049 -3932
-165213 -4008
-186253 1461
-186108 1359
-186108 1359
-186104 1187
-186104 1187
-185946 1045
-185946 1045
-185663 780
-185663 780
-185551 958
-185551 958
-185534 1225
-185534 1225
-185533 1460
-182285 792
-182510 1071
-182510 1071
-182516 1085
-189917 -11750
-189802 -11939
-160206 -11216
-160278 -11154
-189802 -11939
-189692 -12198
-194899 -14400
-194756 -14590
-160278 -11154
-160404 -10976
-161136 -5682
-161136 -5682
-189692 -12198
-189608 -12451
-194756 -14590
-194716 -14832
-172597 -5682
-172617 -5651
-161754 -14105
-162000 -13658
-158925 -11847
-159947 -11853
-186292 -10243
-186084 -10345
-194716 -14832
-194693 -15043
-172617 -5651
-171935 -5228
-162000 -13658
-162158 -13393
-164113 -11606
-163803 -12014
-186084 -10345
-186029 -10543
-194693 -15043
-194759 -15234
-162158 -13393
-162170 -13395
-163803 -12014
-163695 -12180
-161177 -5660
-161177 -5660
-186029 -10543
-185889 -10678
-162170 -13395
-162195 -13397
-163695 -12180
-163803 -12245
-161018 -5653
-161018 -5653
-185889 -10678
-185788 -10868
-187067 -6571
-186994 -6803
-162195 -13397
-162292 -13365
-163803 -12245
-164060 -12449
-161233 -5636
-161233 -5636
-185788 -10868
-185604 -11083
-186994 -6803
-186747 -6999
-162292 -13365
-162373 -13426
-161378 -5633
-161378 -5633
-185604 -11083
-185522 -11209
-181080 -6499
-181222 -6780
-162373 -13426
-162560 -13429
-162991 -13141
-163099 -13201
-160932 -5628
-160932 -5628
-185522 -11209
-185438 -11424
-181222 -6780
-181473 -6958
-191362 -13193
-191536 -13017
-162560 -13429
-162719 -13587
-161317 -5614
-161317 -5614
-185438 -11424
-185253 -11671
-181473 -6958
-181635 -6954
-191536 -13017
-191666 -12813
-169753 -4908
-169512 -4675
-162719 -13587
-162949 -13684
-185253 -11671
-185237 -11847
-191666 -12813
-191801 -12596
-169512 -4675
-169341 -4749
-162949 -13684
-163231 -13903
-165172 -4541
-165384 -4771
-185237 -11847
-185236 -12026
-191801 -12596
-192041 -12635
-169341 -4749
-169211 -4732
-161754 -14105
-160600 -13827
-165384 -4771
-165485 -5020
-177544 -16171
-177413 -16026
-177413 -16026
-177239 -15901
-189794 -13793
-190038 -13887
-185236 -12026
-185192 -12162
-192041 -12635
-192330 -12723
-169211 -4732
-169031 -4681
-165485 -5020
-165516 -5185
-177239 -15901
-177081 -15789
-190038 -13887
-190301 -13759
-185192 -12162
-185151 -12400
-192330 -12723
-192583 -12695
-169031 -4681
-168869 -4876
-165516 -5185
-165584 -5434
-177081 -15789
-176862 -15662
-190301 -13759
-190447 -13874
-185151 -12400
-185032 -12485
-192583 -12695
-192518 -12464
-168869 -4876
-168827 -5086
-165584 -5434
-165717 -5638
-176862 -15662
-176735 -15551
-190447 -13874
-190587 -14082
-185032 -12485
-185156 -12743
-192518 -12464
-192611 -12377
-168827 -5086
-168699 -5256
-165717 -5638
-165753 -5793
-176735 -15551
-176460 -15725
-185156 -12743
-184878 -12814
-192611 -12377
-192595 -12181
-168699 -5256
-168762 -5461
-165753 -5793
-165720 -6067
-178583 -14661
-178567 -14749
-184878 -12814
-184917 -12926
-192595 -12181
-192608 -11890
-168762 -5461
-168627 -5523
-165720 -6067
-165861 -6306
-192608 -11890
-192710 -11610
-178567 -14749
-178519 -15004
-184917 -12926
-184963 -13144
-186172 -11828
-185960 -11576
-178293 -3480
-178025 -3400
-165861 -6306
-166050 -6517
-192710 -11610
-192909 -11427
-178519 -15004
-178448 -15222
-184963 -13144
-184830 -13292
-185960 -11576
-186044 -11337
-178025 -3400
-177900 -3302
-166050 -6517
-166012 -6588
-174600 -11752
-174357 -11743
-192909 -11427
-193064 -11237
-178448 -15222
-178411 -15324
-184830 -13292
-185031 -13475
-177900 -3302
-177710 -3342
-166012 -6588
-165970 -6567
-174357 -11743
-174290 -11765
-193064 -11237
-193146 -11001
-178411 -15324
-178291 -15549
-185031 -13475
-184872 -13664
-177710 -3342
-177614 -3355
-165970 -6567
-165708 -6965
-174290 -11765
-174110 -11688
-184872 -13664
-184835 -13948
-178291 -15549
-178268 -15686
-177614 -3355
-177581 -3458
-193146 -11001
-193345 -10911
-161096 -11877
-160854 -12205
-164959 -4555
-164932 -4722
-181463 -2532
-181712 -2616
-185155 -1703
-185113 -1543
-182516 1085
-182538 1078
-171448 -8563
-171605 -8426
-171298 -7306
-171295 -7586
-169944 -4311
-169938 -4403
-185113 -1543
-184925 -1353
-182538 1078
-182586 1171
-171605 -8426
-171798 -8301
-171295 -7586
-171038 -7667
-173885 -3982
-173915 -4185
-169338 -2589
-169338 -2589
-184925 -1353
-184874 -1145
-182586 1171
-182457 1283
-171798 -8301
-171979 -8426
-170635 -7482
-170904 -7530
-173915 -4185
-174069 -4394
-169261 -2567
-169261 -2567
-186428 -15648
-186529 -15432
-184874 -1145
-184761 -948
-182457 1283
-182494 1493
-171979 -8426
-172178 -8362
-170904 -7530
-171038 -7667
-174986 -4218
-175223 -4227
-173854 -2567
-173737 -2423
-186529 -15432
-186556 -15224
-184761 -948
-184553 -700
-172178 -8362
-172264 -8344
-175223 -4227
-175369 -4276
-173737 -2423
-173688 -2236
-160099 -7652
-160099 -7652
-176400 -17433
-176400 -15872
-176400 -15872
-176404 -15858
-186556 -15224
-186796 -15360
-184553 -700
-184377 -426
-172264 -8344
-172416 -8361
-175369 -4276
-175506 -4283
-173688 -2236
-173648 -2093
-163682 -14243
-163932 -14503
-176404 -15858
-176448 -15819
-186796 -15360
-186938 -15177
-182285 792
-182157 899
-182157 899
-181975 743
-172416 -8361
-172581 -8385
-172286 -5864
-172377 -6002
-175506 -4283
-175684 -4366
-169285 -2489
-169285 -2489
-163932 -14503
-164010 -14748
-176448 -15819
-176460 -15725
-186938 -15177
-187139 -15065
-181975 743
-181818 665
-182157 899
-182086 973
-172581 -8385
-172648 -8512
-172377 -6002
-172328 -6193
-175684 -4366
-175944 -4312
-171453 -2524
-171392 -2509
-164010 -14748
-164109 -14972
-187139 -15065
-187401 -14824
-175944 -4312
-176020 -4204
-181818 665
-181630 607
-182086 973
-181940 1246
-172648 -8512
-172751 -8697
-172328 -6193
-172400 -6370
-173648 -2093
-172800 -2390
-161572 -5179
-161481 -5358
-187401 -14824
-187596 -14643
-181635 -6954
-181800 -7067
-178586 -6336
-178518 -6134
-176020 -4204
-176091 -4001
-181630 607
-181485 406
-181940 1246
-181867 1419
-172915 -13759
-172729 -13997
-172751 -8697
-172604 -8972
-172800 -2390
-172787 -2453
-187596 -14643
-187771 -14658
-181800 -7067
-182008 -7148
-178518 -6134
-178602 -6069
-176091 -4001
-176123 -3858
-181485 406
-181411 159
-172729 -13997
-172503 -14284
-172787 -2453
-172788 -2536
-187771 -14658
-187903 -14588
-182008 -7148
-182001 -7344
-178602 -6069
-178876 -5881
-176123 -3858
-176281 -3710
-181411 159
-181271 13
-172503 -14284
-172355 -14503
-172788 -2536
-172717 -2490
-172355 -14503
-172127 -14599
-187903 -14588
-187986 -14335
-182001 -7344
-181907 -7571
-178876 -5881
-178969 -5720
-176281 -3710
-176349 -3520
-181271 13
-181090 -208
-171453 -2524
-171479 -2293
-187986 -14335
-187792 -14233
-181907 -7571
-181861 -7775
-178969 -5720
-178988 -5566
-176349 -3520
-176435 -3487
-181090 -208
-181069 -276
-172127 -14599
-171990 -14591
-171479 -2293
-171704 -2112
-161250 -10397
-161011 -10390
-187792 -14233
-187705 -14017
-181861 -7775
-181663 -7957
-178988 -5566
-178982 -5492
-176435 -3487
-176570 -3225
-181069 -276
-181074 -364
-171990 -14591
-171823 -14514
-171704 -2112
-171788 -1932
-161011 -10390
-160783 -10403
-187705 -14017
-187656 -13892
-181663 -7957
-181453 -8223
-178982 -5492
-178944 -5413
-176570 -3225
-176795 -3121
-181074 -364
-180704 -767
-171823 -14514
-171644 -14646
-171788 -1932
-171938 -2075
-160783 -10403
-160644 -10531
-187656 -13892
-187688 -13647
-181453 -8223
-181319 -8392
-178944 -5413
-178946 -5157
-176795 -3121
-177039 -2964
-180704 -767
-180384 -1694
-171644 -14646
-171509 -14677
-171938 -2075
-171929 -2268
-160644 -10531
-160762 -10684
-187688 -13647
-187569 -13452
-181319 -8392
-181241 -8615
-178946 -5157
-179178 -4900
-177039 -2964
-177084 -2859
-187489 -1617
-187494 -1354
-171509 -14677
-171340 -14709
-169385 -2448
-169385 -2448
-160762 -10684
-160686 -10824
-187569 -13452
-187416 -13195
-181241 -8615
-181156 -8746
-179178 -4900
-179365 -4745
-177084 -2859
-177089 -2664
-187494 -1354
-187523 -1174
-171340 -14709
-171106 -14827
-171929 -2268
-172027 -2095
-160686 -10824
-160527 -11024
-183957 1520
-184043 1300
-187416 -13195
-187200 -13101
-181156 -8746
-181073 -8884
-179365 -4745
-179425 -4780
-187523 -1174
-187660 -1032
-184043 1300
-184134 1153
-171106 -14827
-170949 -14926
-173293 -4318
-173146 -4282
-172027 -2095
-172117 -2043
-160527 -11024
-160404 -10976
-181073 -8884
-180924 -9042
-179425 -4780
-179444 -4800
-187660 -1032
-187879 -943
-184134 1153
-184347 1223
-170949 -14926
-170718 -14907
-173146 -4282
-172928 -4349
-172117 -2043
-172167 -2324
-180924 -9042
-180707 -9126
-179444 -4800
-179455 -4826
-187879 -943
-187979 -920
-184347 1223
-184401 1451
-170718 -14907
-170452 -14788
-172928 -4349
-172876 -4081
-172167 -2324
-172297 -2365
-164522 -4922
-164690 -5206
-180707 -9126
-180623 -9292
-179455 -4826
-179903 -4744
-187979 -920
-188246 -761
-173293 -4318
-173578 -4119
-172297 -2365
-172285 -2092
-180623 -9292
-180506 -9564
-188246 -761
-188343 -580
-173578 -4119
-173610 -3988
-172285 -2092
-172466 -2102
-162976 -6223
-163153 -6293
-164910 -5619
-164928 -5652
-174110 -11688
-173941 -11628
-178268 -15686
-178224 -15895
-184835 -13948
-184841 -14064
-193345 -10911
-193566 -10859
-160854 -12205
-160816 -12344
-164932 -4722
-164860 -4878
-178224 -15895
-178180 -16074
-184841 -14064
-184770 -14253
-193566 -10859
-193803 -10683
-173941 -11628
-173762 -11582
-160816 -12344
-160555 -12405
-164860 -4878
-164966 -5050
-178180 -16074
-178187 -16200
-184770 -14253
-184642 -14432
-193803 -10683
-193878 -10394
-173762 -11582
-173614 -11508
-164966 -5050
-165146 -5233
-184642 -14432
-184417 -14707
-189608 -12451
-189847 -12712
-173614 -11508
-173397 -11642
-165146 -5233
-165219 -5441
-189847 -12712
-189932 -12829
-173397 -11642
-173294 -11479
-165219 -5441
-165346 -5628
-178583 -14661
-179301 -14655
-189932 -12829
-190116 -13033
-173294 -11479
-173100 -11469
-165346 -5628
-165485 -5882
-179301 -14655
-179313 -14642
-190116 -13033
-190372 -13070
-173100 -11469
-173084 -11291
-165485 -5882
-165532 -6104
-179313 -14642
-179308 -14575
-190372 -13070
-190589 -13025
-173084 -11291
-172846 -11215
-165532 -6104
-165569 -6173
-179308 -14575
-179349 -14466
-190589 -13025
-190722 -13022
-172846 -11215
-172750 -11050
-165569 -6173
-165579 -6225
-179349 -14466
-179509 -14350
-190722 -13022
-190914 -13054
-172750 -11050
-172503 -11042
-164150 -14055
-164217 -13675
-165579 -6225
-165583 -6460
-179509 -14350
-179713 -14517
-190914 -13054
-191091 -13121
-172503 -11042
-172401 -10866
-164217 -13675
-164101 -13419
-165583 -6460
-165581 -6588
-179713 -14517
-179947 -14590
-191091 -13121
-191362 -13193
-172401 -10866
-172187 -10802
-164101 -13419
-164050 -13389
-165581 -6588
-165620 -6793
-179947 -14590
-180150 -14666
-164050 -13389
-163936 -13361
-165620 -6793
-165708 -6965
-164157 -16205
-164299 -15972
-180150 -14666
-180389 -14680
-164299 -15972
-164146 -15811
-163936 -13361
-163789 -13300
-160405 -6810
-160405 -6810
-179874 -13178
-179670 -12960
-164146 -15811
-164066 -15663
-163099 -13201
-163334 -13098
-161007 -6793
-160946 -6778
-179670 -12960
-179558 -12907
-174195 -14461
-174388 -14680
-164066 -15663
-164059 -15513
-163334 -13098
-163378 -13191
-160946 -6778
-160666 -6579
-179558 -12907
-179326 -12738
-174388 -14680
-174601 -14692
-171427 -5867
-171306 -6057
-164059 -15513
-164164 -15232
-163378 -13191
-163405 -13192
-179326 -12738
-179290 -12600
-171306 -6057
-171246 -6274
-166727 -3597
-166727 -3597
-164164 -15232
-164109 -14972
-163405 -13192
-163488 -13345
-179290 -12600
-179410 -12409
-194400 -3409
-194233 -3588
-171246 -6274
-171279 -6459
-163488 -13345
-164150 -14055
-179410 -12409
-179452 -12222
-194233 -3588
-194092 -3587
-171279 -6459
-171301 -6600
-179452 -12222
-179669 -11971
-194092 -3587
-193868 -3477
-171301 -6600
-171317 -6766
-193868 -3477
-193631 -3429
-160555 -12405
-160658 -12570
-160391 -6760
-160391 -6760
-191144 -14026
-191363 -13922
-193631 -3429
-193340 -3530
-169255 -6694
-169122 -6463
-160658 -12570
-160658 -12603
-164308 -8495
-164224 -7540
-191363 -13922
-191489 -13665
-169122 -6463
-169028 -6268
-167173 -3550
-167173 -3550
-165599 -13294
-165780 -13327
-160658 -12603
-160596 -13171
-180506 -9564
-180527 -9620
-177581 -3458
-177575 -3497
-173610 -3988
-173885 -3982
-161354 -10082
-161154 -9549
-163153 -6293
-163321 -6142
-180527 -9620
-180515 -9861
-177575 -3497
-177191 -3600
-163321 -6142
-163277 -5973
-165987 -4304
-165941 -4135
-159988 -10079
-159794 -10001
-180515 -9861
-180520 -10024
-177191 -3600
-177181 -3609
-163277 -5973
-163235 -5764
-165941 -4135
-165924 -3938
-159794 -10001
-159687 -9949
-180520 -10024
-180472 -10215
-177181 -3609
-177043 -3846
-160404 -10976
-160194 -10804
-163235 -5764
-163147 -5511
-165924 -3938
-165856 -3717
-159687 -9949
-159532 -10010
-180472 -10215
-180348 -10377
-177043 -3846
-177153 -3982
-162147 -10731
-161881 -10886
-163147 -5511
-163158 -5312
-165856 -3717
-166127 -3932
-159532 -10010
-159345 -9933
-180348 -10377
-180411 -10587
-177153 -3982
-177066 -4174
-161881 -10886
-161715 -10943
-163158 -5312
-163339 -5541
-166127 -3932
-166224 -3892
-159345 -9933
-159300 -9900
-180411 -10587
-180398 -10777
-177066 -4174
-176906 -4296
-166224 -3892
-166179 -3650
-161715 -10943
-161436 -10965
-163339 -5541
-163435 -5623
-159300 -9900
-159117 -9872
-180398 -10777
-180279 -10927
-176906 -4296
-176767 -4477
-166179 -3650
-166278 -3692
-163435 -5623
-163256 -5340
-180279 -10927
-180023 -11147
-176767 -4477
-176746 -4655
-172758 -7562
-172992 -7503
-166278 -3692
-166345 -3879
-163256 -5340
-163309 -5235
-159988 -10079
-159962 -9915
-180023 -11147
-179894 -11384
-176746 -4655
-176781 -4784
-172400 -6370
-172340 -6453
-166345 -3879
-166473 -4026
-163309 -5235
-163091 -5085
-159962 -9915
-159929 -9689
-179588 -10739
-179666 -10837
-176781 -4784
-176831 -4975
-172340 -6453
-172387 -6682
-166473 -4026
-166581 -4156
-163091 -5085
-163113 -4871
-159929 -9689
-159951 -9454
-179666 -10837
-179646 -11032
-176831 -4975
-176878 -5066
-172387 -6682
-172453 -6866
-166581 -4156
-166491 -3982
-163113 -4871
-163355 -4912
-159951 -9454
-159933 -9330
-179646 -11032
-179728 -11143
-176878 -5066
-176770 -5040
-172453 -6866
-172440 -7068
-166491 -3982
-166351 -3810
-163355 -4912
-163347 -5160
-179728 -11143
-179894 -11384
-176770 -5040
-176767 -5053
-172440 -7068
-172563 -7295
-166351 -3810
-166375 -3626
-163347 -5160
-163540 -5269
-176767 -5053
-176401 -5316
-172563 -7295
-172758 -7562
-166375 -3626
-166407 -3542
-163540 -5269
-163524 -5100
-190801 -9633
-190707 -9783
-176401 -5316
-176394 -5324
-175046 -4291
-174986 -4218
-163524 -5100
-163608 -5203
-160187 -7227
-160076 -7257
-187356 -10052
-187423 -9809
-190707 -9783
-190625 -9939
-176394 -5324
-176296 -5354
-178293 -3480
-178188 -3657
-163608 -5203
-163632 -5396
-160076 -7257
-160126 -7356
-190625 -9939
-190491 -10062
-187423 -9809
-187364 -9631
-190798 -6275
-190625 -6000
-176296 -5354
-176210 -5582
-178188 -3657
-178185 -3829
-160126 -7356
-160200 -7561
-190491 -10062
-190345 -10176
-187364 -9631
-187179 -9385
-190625 -6000
-190477 -5939
-176210 -5582
-175967 -5516
-178185 -3829
-178224 -4008
-168794 -6543
-168336 -7184
-163632 -5396
-163792 -5499
-190345 -10176
-190385 -10435
-187179 -9385
-187122 -9189
-190477 -5939
-190253 -5895
-175967 -5516
-175813 -5476
-178224 -4008
-178294 -4276
-168336 -7184
-168310 -7200
-163792 -5499
-163853 -5601
-190385 -10435
-190400 -10637
-187122 -9189
-187015 -9053
-190253 -5895
-190080 -5850
-181712 -2616
-181774 -2862
-168310 -7200
-167400 -8573
-173736 -5279
-173465 -5485
-163853 -5601
-164012 -5750
-187015 -9053
-186868 -9021
-190080 -5850
-189968 -5823
-181774 -2862
-181801 -3073
-167400 -8573
-167171 -8893
-173465 -5485
-173314 -5563
-162772 -10467
-162760 -10624
-164012 -5750
-164508 -6258
-186868 -9021
-186674 -9188
-189968 -5823
-189781 -5743
-181801 -3073
-181765 -3180
-173314 -5563
-173164 -5542
-162288 -10459
-162760 -10624
-164508 -6258
-164352 -6475
-165987 -4304
-166108 -4438
-189781 -5743
-189508 -5682
-181765 -3180
-181699 -3414
-172749 -5119
-172800 -5168
-162448 -9880
-162580 -10049
-164352 -6475
-164107 -6601
-166108 -4438
-166128 -4659
-188343 -580
-188540 -492
-188540 -492
-188769 -387
-188769 -387
-189051 -474
-189051 -474
-189184 -396
-176422 -1602
-176281 -1332
-176281 -1332
-176155 -1116
-176155 -1116
-176096 -832
-180155 1751
-180188 1341
-180188 1341
-180201 1214
-180201 1214
-179964 1175
-179964 1175
-179792 1158
-179792 1158
-179515 1179
-179515 1179
-179330 1203
-179330 1203
-179146 1258
-179146 1258
-178950 1295
-178950 1295
-178783 1239
-178783 1239
-178648 1156
-178648 1156
-178579 1016
-178579 1016
-178423 732
-178423 732
-178340 612
-189508 -5682
-189398 -5681
-181699 -3414
-181633 -3644
-191489 -13665
-191545 -13474
-174380 -3536
-174381 -3523
-165780 -13327
-165977 -13423
-159840 -12708
-160203 -12927
-158732 -12710
-159840 -12708
-189398 -5681
-189207 -5659
-181633 -3644
-181375 -3525
-191545 -13474
-191443 -13224
-174381 -3523
-174541 -3493
-165977 -13423
-166165 -13587
-160203 -12927
-160596 -13171
-189207 -5659
-189048 -5636
-181375 -3525
-181181 -3485
-166165 -13587
-166256 -13801
-174541 -3493
-174730 -3498
-162073 -14180
-162000 -14218
-160311 -12462
-160149 -12514
-175965 -12982
-176189 -13151
-189048 -5636
-188871 -5639
-181181 -3485
-181047 -3527
-166256 -13801
-166332 -14032
-174730 -3498
-174994 -3399
-162000 -14218
-161708 -14351
-163231 -13903
-163214 -13996
-160149 -12514
-159975 -12504
-176189 -13151
-176299 -13017
-188871 -5639
-188670 -5619
-181047 -3527
-180846 -3635
-166332 -14032
-166521 -14268
-174994 -3399
-175063 -3271
-161708 -14351
-161669 -14400
-159975 -12504
-159835 -12449
-176299 -13017
-176459 -12794
-188670 -5619
-188533 -5582
-180846 -3635
-180788 -3800
-166521 -14268
-166587 -14387
-175063 -3271
-175336 -3045
-161669 -14400
-161442 -14664
-159835 -12449
-159812 -12549
-188533 -5582
-188427 -5538
-180788 -3800
-180727 -3834
-166587 -14387
-166647 -14485
-175336 -3045
-175454 -2868
-161442 -14664
-161391 -14665
-159812 -12549
-159840 -12708
-188427 -5538
-188231 -5483
-180727 -3834
-180696 -3866
-166647 -14485
-166895 -14639
-175454 -2868
-175508 -2787
-161391 -14665
-161285 -14576
-162669 -7203
-162871 -7463
-188231 -5483
-188105 -5413
-180696 -3866
-179754 -3943
-174601 -14692
-174746 -14754
-166895 -14639
-167158 -14888
-175508 -2787
-175503 -2747
-161285 -14576
-161250 -14422
-162871 -7463
-162955 -7700
-179754 -3943
-179761 -3976
-167158 -14888
-167400 -15173
-174746 -14754
-174930 -14863
-175503 -2747
-175507 -2733
-161250 -14422
-160978 -14232
-162955 -7700
-163050 -7806
-163193 -6242
-163170 -5950
-179761 -3976
-179953 -4245
-174930 -14863
-175069 -14830
-175507 -2733
-175523 -2703
-160978 -14232
-160870 -14008
-163436 -12876
-163277 -12886
-163050 -7806
-163129 -8042
-163170 -5950
-163055 -5714
-175069 -14830
-175295 -14815
-172743 -13551
-172640 -13440
-174986 -4218
-174771 -3999
-175523 -2703
-176262 -2344
-160870 -14008
-160646 -13887
-163277 -12886
-163115 -12934
-163129 -8042
-163165 -8160
-163055 -5714
-163102 -5903
-180389 -14680
-180423 -14519
-175295 -14815
-175485 -14970
-172640 -13440
-172472 -13443
-174771 -3999
-174647 -3837
-174381 -3523
-174286 -3281
-163115 -12934
-163104 -12836
-163165 -8160
-163248 -8409
-163102 -5903
-163090 -6089
-180423 -14519
-180287 -14252
-175485 -14970
-175569 -15247
-172472 -13443
-172276 -13318
-174647 -3837
-174489 -3669
-174286 -3281
-174140 -3073
-163104 -12836
-163078 -12853
-163248 -8409
-163439 -8207
-163090 -6089
-163193 -6242
-180287 -14252
-180165 -14104
-178100 -12294
-178056 -12135
-175569 -15247
-175853 -15510
-172276 -13318
-172119 -13263
-170649 -3517
-170685 -3515
-163078 -12853
-163032 -12846
-163584 -11375
-163170 -11238
-163439 -8207
-163678 -8339
-161872 -5456
-161986 -5363
-164927 -4139
-164927 -4139
-180165 -14104
-180041 -13906
-178056 -12135
-178157 -11997
-172119 -13263
-171896 -13330
-170649 -3517
-170258 -3487
-163032 -12846
-163012 -12849
-163170 -11238
-162500 -11339
-163678 -8339
-163797 -8411
-161986 -5363
-162240 -5329
-180041 -13906
-179885 -13735
-178157 -11997
-178282 -11736
-170571 -3010
-170683 -3251
-163012 -12849
-162991 -13141
-162500 -11339
-162484 -11355
-161125 -8162
-160876 -8234
-162240 -5329
-162288 -5154
-179885 -13735
-179888 -13585
-178282 -11736
-178315 -11506
-170683 -3251
-170685 -3515
-162991 -13141
-162552 -12919
-162484 -11355
-162496 -11392
-160876 -8234
-160706 -8237
-162288 -5154
-162354 -5243
-179888 -13585
-179991 -13368
-178315 -11506
-178351 -11395
-170007 -3468
-170258 -3487
-162552 -12919
-162357 -12842
-162496 -11392
-162498 -11445
-160706 -8237
-160602 -8025
-162354 -5243
-162344 -5004
-179991 -13368
-179874 -13178
-178351 -11395
-178462 -11210
-178293 -3480
-178342 -3258
-162498 -11445
-162516 -11478
-160602 -8025
-160473 -7875
-162344 -5004
-162374 -4899
-178462 -11210
-178659 -10946
-178342 -3258
-178344 -3190
-162516 -11478
-162422 -11615
-160473 -7875
-160326 -7707
-162374 -4899
-162415 -5165
-178659 -10946
-178595 -10757
-178344 -3190
-178357 -3152
-162422 -11615
-162257 -11742
-162760 -10624
-162781 -10718
-160326 -7707
-160200 -7561
-162415 -5165
-162459 -5227
-178595 -10757
-178632 -10632
-178357 -3152
-178200 -2696
-162781 -10718
-162813 -10725
-162459 -5227
-162463 -5338
-178200 -2696
-178197 -2663
-178632 -10632
-178677 -10531
-162813 -10725
-162820 -10766
-162463 -5338
-162458 -5537
-169028 -6268
-168942 -5990
-172800 -5168
-173282 -5453
-161411 -9551
-161543 -9724
-164107 -6601
-164042 -6778
-166128 -4659
-166003 -4879
-168942 -5990
-169118 -5734
-173282 -5453
-173254 -5471
-161543 -9724
-162000 -9861
-164042 -6778
-164037 -6942
-166003 -4879
-166097 -5043
-173254 -5471
-173164 -5542
-162000 -9861
-162580 -10049
-164037 -6942
-164113 -7128
-160453 -6674
-160453 -6674
-166097 -5043
-166148 -5212
-189881 -9856
-190009 -9909
-175780 -9364
-175912 -9088
-167013 -4415
-167029 -4478
-164113 -7128
-164141 -7326
-162976 -6223
-162865 -6433
-166148 -5212
-166177 -5358
-190009 -9909
-190289 -9876
-175912 -9088
-175932 -8817
-166177 -5358
-166096 -5485
-167029 -4478
-167401 -4713
-164141 -7326
-164224 -7540
-162865 -6433
-162892 -6539
-190289 -9876
-190462 -9768
-175932 -8817
-175806 -8567
-173069 -6628
-172984 -6762
-167401 -4713
-168627 -5523
-162892 -6539
-162638 -6675
-166096 -5485
-166073 -5653
-190462 -9768
-190624 -9692
-175806 -8567
-175619 -8340
-172984 -6762
-172949 -6963
-162638 -6675
-162471 -6609
-166073 -5653
-166178 -5880
-190624 -9692
-190803 -9617
-175619 -8340
-175354 -8051
-172949 -6963
-173057 -7253
-166178 -5880
-166331 -6162
-162471 -6609
-162418 -6410
-175354 -8051
-175157 -7791
-173057 -7253
-172992 -7503
-166331 -6162
-166492 -6176
-162418 -6410
-162360 -6245
-175157 -7791
-175036 -7626
-166492 -6176
-166752 -6362
-170304 -5786
-170317 -6050
-162360 -6245
-162332 -6148
-175036 -7626
-174928 -7419
-166752 -6362
-166470 -6463
-170317 -6050
-170241 -6296
-162332 -6148
-162378 -6159
-174928 -7419
-174754 -7280
-166470 -6463
-166358 -6621
-170241 -6296
-170085 -6490
-162378 -6159
-162377 -5888
-174754 -7280
-174628 -7078
-166358 -6621
-166385 -6884
-170085 -6490
-169948 -6578
-162377 -5888
-162321 -5857
-174628 -7078
-174511 -6833
-166385 -6884
-166427 -7042
-169948 -6578
-170023 -6748
-162321 -5857
-162067 -5719
-166427 -7042
-166490 -7227
-174511 -6833
-174495 -6642
-170023 -6748
-169979 -6878
-162067 -5719
-161872 -5456
-160194 -10804
-160032 -10619
-166490 -7227
-166583 -7410
-169979 -6878
-170051 -7046
-174495 -6642
-174423 -6460
-160434 -6669
-160434 -6669
-160032 -10619
-159999 -10470
-166583 -7410
-166567 -7601
-170051 -7046
-170264 -7248
-174423 -6460
-174396 -6190
-173853 -5293
-173837 -5503
-159999 -10470
-159989 -10344
-166567 -7601
-166666 -7735
-170264 -7248
-170385 -7394
-174396 -6190
-174388 -5960
-173837 -5503
-173836 -5658
-159989 -10344
-159988 -10079
-175780 -9364
-175750 -9198
-166666 -7735
-166871 -8012
-170385 -7394
-170635 -7482
-173836 -5658
-173702 -5829
-165212 -10804
-164923 -10702
-175750 -9198
-175716 -9022
-166871 -8012
-167155 -8062
-170635 -7482
-170673 -7315
-173702 -5829
-173640 -6051
-164923 -10702
-164718 -10621
-175716 -9022
-175557 -8818
-167155 -8062
-167131 -8257
-170673 -7315
-170740 -7150
-173640 -6051
-173500 -6112
-164718 -10621
-164441 -10550
-175557 -8818
-175274 -8719
-167131 -8257
-167215 -8456
-170740 -7150
-170881 -6879
-173500 -6112
-173387 -6402
-164441 -10550
-164310 -10438
-186717 -10803
-186826 -10602
-175274 -8719
-175050 -8827
-167215 -8456
-167090 -8500
-170881 -6879
-171015 -6716
-173387 -6402
-173205 -6478
-161354 -10082
-161580 -10086
-186826 -10602
-186897 -10501
-175050 -8827
-174764 -9013
-167090 -8500
-167183 -8685
-171015 -6716
-171167 -6730
-173205 -6478
-173069 -6628
-161580 -10086
-161737 -10070
-178677 -10531
-178712 -10332
-178340 612
-178151 349
-178712 -10332
-178625 -10088
-178151 349
-178014 254
-178625 -10088
-178634 -9840
-178014 254
-177739 30
-178634 -9840
-178594 -9586
-177739 30
-177722 0
-178100 -12294
-176402 -12282
-177722 0
-176428 -576
-176428 -576
-176413 -602
-176402 -12282
-176112 -12286
-176413 -602
-176307 -711
-176112 -12286
-176119 -12277
-176119 -12277
-176197 -12162
-176307 -711
-176096 -832
-176197 -12162
-176225 -11936
-176225 -11936
-176250 -11720
-184377 -426
-184555 -346
-176250 -11720
-176266 -11557
-176266 -11557
-176094 -11368
-184555 -346
-184710 -299
-176094 -11368
-176166 -11190
-184710 -299
-184902 -268
-176166 -11190
-176322 -11053
-184902 -268
-185115 -183
-176322 -11053
-176384 -10913
-185115 -183
-185229 29
-176384 -10913
-176382 -10693
-185229 29
-185361 127
-176382 -10693
-176528 -10425
-185361 127
-185525 292
-176528 -10425
-176445 -10257
-185525 292
-185636 501
-176445 -10257
-176351 -10113
-185636 501
-185663 780
-176351 -10113
-176219 -9940
-184377 -426
-184228 -375
-176219 -9940
-176085 -9754
-184228 -375
-183948 -317
-176085 -9754
-175885 -9546
-189184 -396
-189097 -140
-175885 -9546
-175780 -9364
-189097 -140
-189010 123
-174708 -11503
-174925 -11611
-189010 123
-189013 390
-187200 -13101
-187060 -13094
-186897 -10501
-187156 -10325
-178197 -2663
-178149 -2406
-174764 -9013
-174582 -9211
-171167 -6730
-171317 -6766
-162458 -5537
-162404 -5560
-187060 -13094
-186853 -12925
-187156 -10325
-187356 -10052
-170200 -9230
-169936 -9319
-167310 -3471
-167310 -3471
-162404 -5560
-162529 -5473
-160117 -7477
-160117 -7477
-178583 -14661
-178594 -14427
-172187 -10802
-172087 -10618
-169936 -9319
-169704 -9190
-170007 -3468
-170073 -3307
-160898 -7408
-160676 -7356
-162529 -5473
-162529 -5261
-178594 -14427
-178610 -14201
-172087 -10618
-172069 -10373
-169704 -9190
-169569 -9097
-168070 -3450
-167914 -3255
-160676 -7356
-160612 -7325
-162529 -5261
-162657 -5540
-194993 -15105
-194759 -15234
-178610 -14201
-178603 -14117
-172069 -10373
-172248 -10277
-169569 -9097
-169533 -8885
-167914 -3255
-167851 -3117
-160612 -7325
-160443 -7273
-162657 -5540
-162908 -5692
-178603 -14117
-178649 -13885
-172248 -10277
-172312 -10194
-169533 -8885
-169596 -8709
-167851 -3117
-167902 -2919
-160443 -7273
-160187 -7227
-162908 -5692
-162894 -5833
-178649 -13885
-178700 -13687
-172312 -10194
-172272 -9974
-169596 -8709
-169494 -8471
-167902 -2919
-167986 -2931
-162297 -15279
-162435 -15454
-160898 -7408
-160965 -7287
-162894 -5833
-162808 -5996
-178700 -13687
-178768 -13517
-172272 -9974
-172389 -9741
-169494 -8471
-169377 -8298
-167986 -2931
-168051 -3096
-162435 -15454
-162401 -15620
-160965 -7287
-160999 -7108
-162808 -5996
-162976 -6223
-178768 -13517
-178776 -13264
-172389 -9741
-172311 -9524
-169377 -8298
-169146 -8150
-168051 -3096
-168193 -2993
-162401 -15620
-162226 -15746
-160646 -13887
-160651 -14125
-160999 -7108
-160919 -6926
-162997 -6194
-162924 -6044
-178776 -13264
-178741 -13176
-172311 -9524
-172135 -9308
-169146 -8150
-168882 -7950
-168193 -2993
-168216 -3255
-162226 -15746
-162147 -16017
-160651 -14125
-160660 -14326
-160919 -6926
-161007 -6793
-162924 -6044
-162990 -5937
-178741 -13176
-178658 -12942
-178746 -7237
-178596 -7044
-172135 -9308
-171992 -9195
-168216 -3255
-168273 -3282
-161497 -16008
-162000 -16012
-160660 -14326
-160630 -14493
-162990 -5937
-162997 -6194
-159732 -8848
-159837 -9000
-178658 -12942
-178598 -12787
-178596 -7044
-178089 -6998
-177896 -6187
-177740 -6155
-171992 -9195
-171747 -9292
-168273 -3282
-168268 -3091
-162000 -16012
-162147 -16017
-160630 -14493
-160783 -14464
-159837 -9000
-159867 -9097
-172137 -16612
-172804 -15821
-178598 -12787
-178550 -12646
-178089 -6998
-178033 -7029
-177740 -6155
-177470 -6134
-172804 -15821
-173378 -15122
-171747 -9292
-171657 -9538
-168268 -3091
-168366 -2989
-161497 -16008
-161563 -15857
-160783 -14464
-161045 -14517
-159867 -9097
-159933 -9330
-178033 -7029
-177927 -7044
-177470 -6134
-177237 -6136
-173378 -15122
-173417 -15146
-171657 -9538
-171671 -9797
-168366 -2989
-168415 -3177
-161563 -15857
-161491 -15651
-161045 -14517
-161085 -14647
-177927 -7044
-177827 -6930
-177237 -6136
-177017 -6177
-173417 -15146
-173514 -15174
-171671 -9797
-171479 -10054
-168415 -3177
-168564 -2981
-161491 -15651
-161446 -15520
-161085 -14647
-161129 -14678
-177827 -6930
-177732 -7000
-178294 -4276
-178523 -4795
-173514 -15174
-173674 -15194
-171479 -10054
-171316 -10168
-168564 -2981
-168651 -2845
-161446 -15520
-161494 -15279
-161129 -14678
-161118 -14706
-177732 -7000
-177784 -7211
-178523 -4795
-178549 -4798
-173674 -15194
-173868 -15010
-171316 -10168
-171155 -10255
-168651 -2845
-168782 -2767
-161118 -14706
-161115 -14721
-177784 -7211
-177794 -7305
-178549 -4798
-178599 -4806
-173868 -15010
-174072 -14806
-171155 -10255
-170902 -10356
-168782 -2767
-168873 -3017
-161115 -14721
-160201 -14735
-177794 -7305
-177544 -7179
-178599 -4806
-178625 -4876
-174072 -14806
-174130 -14679
-170902 -10356
-170793 -10376
-170780 -8665
-170676 -8862
-168873 -3017
-169040 -3101
-160201 -14735
-160100 -14734
-178746 -7237
-179057 -7315
-178625 -4876
-178503 -4918
-174130 -14679
-174195 -14461
-170793 -10376
-170602 -10395
-170676 -8862
-170636 -8996
-172132 -3318
-172268 -3414
-160100 -14734
-160086 -15104
-179057 -7315
-179041 -7297
-178503 -4918
-178305 -5035
-170636 -8996
-170384 -9259
-172268 -3414
-172442 -3352
-160086 -15104
-160040 -15115
-179041 -7297
-179049 -7252
-178305 -5035
-178203 -5141
-170200 -9230
-170384 -9259
-171308 -3413
-171588 -3153
-160040 -15115
-160007 -14954
-190400 -10637
-190369 -10799
-179049 -7252
-179057 -7183
-178203 -5141
-178265 -5277
-171588 -3153
-171609 -3107
-160007 -14954
-160051 -14802
-179057 -7183
-178997 -7085
-178265 -5277
-178187 -5434
-186401 -4104
-186134 -3843
-171609 -3107
-171717 -3103
-162152 -5038
-162152 -5038
-160051 -14802
-160050 -14709
-167183 -8685
-167171 -8893
-173069 -6628
-172869 -6374
-162820 -10766
-162833 -10772
-161737 -10070
-161926 -10238
-172869 -6374
-172689 -6163
-162833 -10772
-162863 -10799
-161926 -10238
-162132 -10323
-172689 -6163
-172445 -5989
-162863 -10799
-163584 -11375
-162132 -10323
-162384 -10379
-172445 -5989
-172379 -6107
-162384 -10379
-162440 -10373
-165918 -9654
-165858 -9721
-159732 -8848
-159743 -8602
-172379 -6107
-172400 -6370
-162440 -10373
-162600 -10447
-165858 -9721
-165801 -9948
-159743 -8602
-159751 -8493
-162600 -10447
-162772 -10467
-165801 -9948
-165813 -10099
-160609 -6549
-160609 -6549
-159751 -8493
-159737 -8246
-180472 -6533
-180231 -6449
-165813 -10099
-165924 -10315
-162580 -10049
-162715 -10189
-159737 -8246
-159838 -7986
-180231 -6449
-179968 -6418
-165924 -10315
-166012 -10439
-162715 -10189
-162794 -10294
-162153 -9153
-162192 -9432
-159838 -7986
-159967 -7861
-179968 -6418
-179751 -6484
-166012 -10439
-166288 -10714
-162794 -10294
-162772 -10467
-162192 -9432
-162314 -9523
-159967 -7861
-159953 -7814
-179751 -6484
-179523 -6588
-166288 -10714
-166462 -10851
-162314 -9523
-162263 -9726
-159953 -7814
-160200 -7561
-179523 -6588
-179268 -6580
-166462 -10851
-166566 -11070
-162263 -9726
-162448 -9880
-179268 -6580
-178984 -6607
-166566 -11070
-166660 -11193
-164310 -10438
-164308 -8495
-178586 -6336
-178773 -6440
-166660 -11193
-166738 -11347
-161867 -7901
-162177 -7903
-186044 -11337
-186118 -11251
-178773 -6440
-178984 -6607
-162177 -7903
-162557 -8446
-186118 -11251
-186365 -11221
-180912 -6501
-180735 -6521
-162557 -8446
-163733 -8969
-186365 -11221
-186582 -11013
-180735 -6521
-180472 -6533
-163733 -8969
-163734 -8962
-186582 -11013
-186717 -10803
-163734 -8962
-163760 -8974
-160713 -6341
-160647 -6198
-163760 -8974
-163764 -9011
-160647 -6198
-160687 -6419
-163764 -9011
-163691 -9109
-160687 -6419
-160666 -6579
-188105 -5413
-188079 -5512
-163691 -9109
-163588 -9317
-188079 -5512
-187957 -5749
-163588 -9317
-163632 -9505
-187957 -5749
-187720 -5788
-163632 -9505
-163646 -9651
-187720 -5788
-187543 -5780
-163646 -9651
-163682 -9856
-187543 -5780
-187289 -5747
-163682 -9856
-163571 -10097
-189013 390
-188977 540
-188977 540
-188973 751
-188973 751
-188959 997
-171001 -12732
-170909 -12720
-172626 -9060
-172612 -9190
-188959 997
-189141 1283
-170909 -12720
-170639 -12595
-172612 -9190
-172788 -9387
-189141 1283
-189254 1518
-170639 -12595
-170442 -12445
-172788 -9387
-172901 -9447
-170442 -12445
-170323 -12428
-172901 -9447
-172928 -9684
-183948 -317
-183741 -155
-170323 -12428
-170147 -12438
-172928 -9684
-172997 -9870
-183741 -155
-183527 133
-170147 -12438
-170019 -12687
-172997 -9870
-173090 -10124
-183527 133
-183376 244
-170019 -12687
-169873 -12854
-173090 -10124
-173118 -10375
-183376 244
-183314 275
-169873 -12854
-169749 -13056
-173118 -10375
-173294 -10611
-183314 275
-182862 393
-169749 -13056
-169556 -13042
-173294 -10611
-173476 -10737
-182862 393
-182741 437
-169556 -13042
-169333 -12829
-173476 -10737
-173594 -10873
-182741 437
-182521 584
-173594 -10873
-173653 -11039
-182521 584
-182285 792
-173653 -11039
-173695 -11194
-173695 -11194
-173947 -11304
-173947 -11304
-174224 -11581
-185252 1430
-185016 1247
-185016 1247
-184912 1087
-174224 -11581
-174413 -11654
-184912 1087
-184847 947
-174413 -11654
-174575 -11627
-184847 947
-184594 656
-174575 -11627
-174708 -11503
-184594 656
-184510 633
-184510 633
-184282 558
-184282 558
-184336 290
-184336 290
-184382 87
-184382 87
-184292 -5
-178997 -7085
-179053 -6958
-178187 -5434
-178205 -5544
-186134 -3843
-186072 -3616
-174925 -11611
-175154 -11668
-171717 -3103
-171796 -2900
-163571 -10097
-163778 -10224
-160050 -14709
-159796 -14425
-171374 -16364
-171214 -16098
-179053 -6958
-179087 -6832
-178205 -5544
-178203 -5797
-186072 -3616
-186103 -3328
-171214 -16098
-171028 -15891
-175154 -11668
-175276 -11886
-171796 -2900
-171753 -2654
-163778 -10224
-163989 -10393
-159796 -14425
-159675 -14300
-179087 -6832
-178984 -6607
-178203 -5797
-178033 -5935
-186103 -3328
-186088 -3173
-171028 -15891
-170955 -15750
-175276 -11886
-175552 -12080
-171753 -2654
-171665 -2612
-163989 -10393
-164067 -10405
-159675 -14300
-159647 -14099
-175552 -12080
-175735 -12187
-179088 -9631
-179188 -9814
-178033 -5935
-177896 -6187
-186088 -3173
-186078 -3039
-170955 -15750
-170903 -15530
-171665 -2612
-171453 -2524
-164067 -10405
-164310 -10438
-159647 -14099
-159547 -13880
-160037 -7309
-160037 -7309
-179188 -9814
-179200 -10098
-177017 -6177
-176955 -6125
-186078 -3039
-186059 -2870
-170903 -15530
-170745 -15429
-175735 -12187
-175925 -12216
-171308 -3413
-171231 -3164
-179200 -10098
-179229 -10289
-175925 -12216
-176119 -12277
-176955 -6125
-176697 -5869
-172876 -4081
-173197 -3653
-171231 -3164
-171210 -2877
-160187 -7227
-160259 -7059
-179229 -10289
-179306 -10580
-178100 -12294
-178546 -12293
-176697 -5869
-176554 -5763
-169467 -15254
-169643 -15408
-173197 -3653
-173209 -3688
-171210 -2877
-171341 -2727
-160259 -7059
-160203 -6905
-178546 -12293
-178585 -12317
-179306 -10580
-179588 -10739
-176554 -5763
-176444 -5662
-169643 -15408
-169749 -15617
-173209 -3688
-173287 -3714
-171341 -2727
-171392 -2509
-163563 -13896
-163231 -13903
-160203 -6905
-160370 -6879
-178585 -12317
-178605 -12405
-180472 -6533
-180254 -6804
-176444 -5662
-176210 -5582
-169749 -15617
-169895 -15831
-174621 -5494
-174664 -5286
-173287 -3714
-173379 -3688
-160370 -6879
-160516 -6842
-178605 -12405
-178550 -12646
-180254 -6804
-180246 -7063
-169895 -15831
-170135 -15983
-174708 -6116
-175176 -6091
-174664 -5286
-174639 -5112
-173379 -3688
-173568 -3623
-160516 -6842
-160453 -6769
-180246 -7063
-180282 -7268
-170135 -15983
-170287 -15837
-175176 -6091
-175196 -6081
-174639 -5112
-174691 -4959
-172629 -3747
-172740 -3919
-160453 -6769
-160373 -6602
-180282 -7268
-180262 -7396
-170287 -15837
-170385 -15630
-175196 -6081
-175246 -6076
-174691 -4959
-174770 -4849
-172740 -3919
-172876 -4081
-160373 -6602
-160562 -6673
-188323 -10428
-188327 -10545
-180262 -7396
-180332 -7655
-184379 -3987
-184316 -3811
-170385 -15630
-170559 -15500
-175246 -6076
-175346 -6016
-174770 -4849
-174860 -4635
-160562 -6673
-160666 -6579
-188327 -10545
-188366 -10766
-177470 -8821
-177426 -8728
-180332 -7655
-180393 -7924
-184316 -3811
-184263 -3645
-170559 -15500
-170745 -15429
-175346 -6016
-175486 -5812
-174860 -4635
-174960 -4485
-162669 -7203
-162619 -7009
-188366 -10766
-188493 -11026
-177426 -8728
-177668 -8456
-180393 -7924
-180316 -7996
-184263 -3645
-184234 -3439
-168652 -15820
-168828 -15921
-175486 -5812
-175649 -5778
-174960 -4485
-175046 -4291
-162619 -7009
-162556 -6904
-188194 -10188
-188323 -10428
-188493 -11026
-188582 -11270
-177668 -8456
-177514 -8246
-180316 -7996
-180303 -8231
-184234 -3439
-184207 -3258
-168828 -15921
-169017 -15939
-175649 -5778
-175725 -5766
-174621 -5494
-174533 -5453
-162556 -6904
-162638 -6675
-169017 -15939
-169205 -15928
-188582 -11270
-188774 -11388
-177514 -8246
-177307 -7964
-180303 -8231
-180390 -8419
-184207 -3258
-184234 -3095
-175725 -5766
-175813 -5476
-174533 -5453
-174276 -5433
-161250 -10397
-161209 -10241
-162000 -7200
-162669 -7203
-169205 -15928
-169320 -15794
-188774 -11388
-188948 -11651
-180390 -8419
-180401 -8575
-177307 -7964
-177223 -7816
-184234 -3095
-184288 -2848
-174708 -6116
-174562 -6035
-174276 -5433
-174096 -5304
-163563 -13896
-163487 -13769
-161209 -10241
-161354 -10082
-169320 -15794
-169463 -15564
-188948 -11651
-188983 -11934
-180401 -8575
-180336 -8764
-177223 -7816
-177149 -7628
-184288 -2848
-184280 -2666
-170384 -9259
-170319 -9538
-174562 -6035
-174388 -5960
-174096 -5304
-173964 -5279
-163487 -13769
-163406 -13586
-169463 -15564
-169500 -15418
-188983 -11934
-189000 -12214
-180336 -8764
-180212 -9016
-177149 -7628
-177105 -7584
-184280 -2666
-184139 -2456
-170319 -9538
-170530 -9764
-163406 -13586
-163327 -13350
-161079 -6109
-161079 -6109
-161219 -5485
-161219 -5485
-169500 -15418
-169467 -15254
-189000 -12214
-189023 -12333
-180212 -9016
-179939 -9067
-177105 -7584
-177299 -7330
-184139 -2456
-183938 -2380
-170530 -9764
-170613 -9982
-175046 -4291
-175214 -4561
-163327 -13350
-163099 -13201
-161490 -5854
-161436 -5832
-189023 -12333
-188891 -12281
-179939 -9067
-179886 -9164
-177299 -7330
-177407 -7320
-170613 -9982
-170600 -10130
-175214 -4561
-175327 -4759
-173885 -3982
-173936 -3895
-161436 -5832
-161260 -5819
-188891 -12281
-188708 -12334
-179886 -9164
-179884 -9321
-177407 -7320
-177544 -7179
-170600 -10130
-170602 -10395
-175327 -4759
-175462 -5039
-173936 -3895
-173964 -3814
-161260 -5819
-161202 -6014
-188708 -12334
-188470 -12602
-179884 -9321
-179895 -9520
-177470 -8821
-177233 -8687
-170602 -10395
-169405 -9427
-175462 -5039
-175592 -5305
-173964 -3814
-174489 -3669
-160600 -13827
-160646 -13887
-162000 -7200
-161395 -7199
-161265 -5976
-161265 -5976
-187289 -5747
-187079 -5779
-184292 -5
-184049 -162
-161832 -4800
-161832 -4800
-187079 -5779
-187093 -6056
-184049 -162
-183948 -317
-169938 -4403
-169961 -4518
-187093 -6056
-187163 -6273
-169961 -4518
-169897 -4542
-187163 -6273
-187131 -6432
-169897 -4542
-169899 -4564
-187131 -6432
-187067 -6571
-169255 -6694
-169401 -6735
-169899 -4564
-169873 -5001
-184379 -3987
-184455 -4206
-169401 -6735
-169560 -6772
-169856 -4989
-169873 -5001
-184455 -4206
-184567 -4411
-169560 -6772
-169770 -6999
-169856 -4989
-169427 -4329
-184567 -4411
-184498 -4442
-169770 -6999
-169715 -7134
-169427 -4329
-169415 -4323
-184498 -4442
-184384 -4418
-169715 -7134
-169755 -7317
-169415 -4323
-169410 -4292
-184384 -4418
-184351 -4415
-169755 -7317
-169808 -7503
-169410 -4292
-169397 -4197
-184351 -4415
-185248 -5913
-169808 -7503
-169838 -7659
-169397 -4197
-169251 -4097
-185248 -5913
-185516 -5978
-169838 -7659
-170006 -7945
-169251 -4097
-169119 -3827
-185516 -5978
-185768 -6119
-170006 -7945
-170045 -8085
-169119 -3827
-169157 -3602
-185768 -6119
-185902 -6139
-170045 -8085
-169986 -8352
-169753 -4908
-169856 -4989
-185902 -6139
-186120 -6177
-169986 -8352
-169903 -8603
-172118 -3835
-172188 -4021
-186120 -6177
-186338 -6202
-169903 -8603
-170065 -8807
-172188 -4021
-172213 -4135
-186338 -6202
-186609 -6310
-170065 -8807
-170266 -8963
-172213 -4135
-172126 -4328
-186609 -6310
-186755 -6231
-170266 -8963
-170200 -9230
-172126 -4328
-172206 -4531
-186755 -6231
-186927 -6343
-172992 -7503
-173149 -7542
-172206 -4531
-172242 -4631
-186927 -6343
-187067 -6571
-173149 -7542
-173288 -7634
-172242 -4631
-172103 -4688
-168011 -9830
-167828 -9595
-173288 -7634
-173520 -7835
-172103 -4688
-172086 -4692
-161202 -6014
-161269 -6178
-191374 1452
-191390 1297
-191390 1297
-191201 1033
-167828 -9595
-167736 -9594
-173520 -7835
-173702 -7903
-172086 -4692
-172002 -4697
-161269 -6178
-161242 -6320
-191201 1033
-191166 813
-167736 -9594
-167511 -9439
-173702 -7903
-173830 -7995
-172002 -4697
-171512 -4962
-161242 -6320
-161030 -6187
-191166 813
-191051 611
-167511 -9439
-167399 -9282
-173830 -7995
-174008 -7852
-171512 -4962
-171586 -4474
-161030 -6187
-161003 -6322
-161471 -12600
-161394 -12481
-161394 -12481
-161332 -12509
-161332 -12509
-161480 -12109
-164310 -10438
-164303 -10711
-161480 -12109
-161482 -12094
-164303 -10711
-164255 -10999
-159547 -13880
-159642 -13824
-161482 -12094
-161585 -11825
-164255 -10999
-164237 -11107
-164237 -11107
-164207 -11300
-164207 -11300
-164179 -11462
-164179 -11462
-164113 -11606
-164113 -11606
-163802 -11552
-163802 -11552
-163584 -11375
-160600 -13827
-160594 -13826
-160594 -13826
-160594 -13819
-159642 -13824
-160594 -13826
-179895 -9520
-179789 -9664
-167399 -9282
-167368 -9125
-175592 -5305
-175813 -5476
-171586 -4474
-171750 -4529
-161395 -7199
-161388 -7171
-161003 -6322
-161282 -6470
-165839 -3977
-165839 -3977
-179789 -9664
-179788 -9862
-167368 -9125
-167171 -8893
-171750 -4529
-171796 -4511
-166407 -3542
-166380 -3430
-161388 -7171
-161380 -7096
-161282 -6470
-161282 -6513
-163961 -5474
-163908 -5305
-179788 -9862
-179768 -9988
-171796 -4511
-171786 -4438
-166380 -3430
-166305 -3200
-161380 -7096
-161219 -7010
-161282 -6513
-161243 -6473
-163908 -5305
-163779 -5139
-179768 -9988
-179589 -10211
-171786 -4438
-171654 -4300
-166305 -3200
-166531 -3379
-164113 -11606
-163802 -11752
-161219 -7010
-161007 -6793
-161243 -6473
-160979 -6390
-163779 -5139
-163671 -4907
-179589 -10211
-179453 -10325
-171654 -4300
-171696 -4040
-166531 -3379
-166562 -3585
-164060 -12449
-163882 -12741
-163802 -11752
-162742 -12121
-160979 -6390
-161012 -6471
-163671 -4907
-163594 -4887
-179453 -10325
-179450 -10550
-171696 -4040
-171742 -3805
-166562 -3585
-166620 -3771
-163882 -12741
-163760 -12991
-162257 -11742
-162406 -11893
-161012 -6471
-160841 -6464
-163594 -4887
-163610 -4698
-179450 -10550
-179588 -10739
-170984 -4452
-171195 -4614
-166620 -3771
-166839 -3866
-163760 -12991
-163581 -12945
-162406 -11893
-162462 -11968
-160841 -6464
-160713 -6341
-163610 -4698
-163814 -4987
-194981 -2115
-194781 -2202
-194781 -2202
-194649 -2252
-168794 -6543
-168772 -6331
-171195 -4614
-171328 -4713
-169157 -3602
-169313 -3696
-163581 -12945
-163436 -12876
-162462 -11968
-162742 -12121
-162288 -10459
-162147 -10731
-163814 -4987
-164058 -5030
-175965 -12982
-175847 -12735
-194649 -2252
-194501 -2369
-168772 -6331
-168775 -6205
-171328 -4713
-171512 -4962
-169313 -3696
-169543 -3743
-162147 -10731
-162004 -10626
-164058 -5030
-163895 -4829
-175847 -12735
-175830 -12560
-194501 -2369
-194576 -2610
-168775 -6205
-168407 -6210
-169543 -3743
-169673 -3559
-162004 -10626
-161745 -10521
-163895 -4829
-164014 -4647
-161797 -4711
-161797 -4711
-175830 -12560
-175791 -12447
-194576 -2610
-194718 -2872
-174195 -14461
-174185 -14278
-168407 -6210
-168457 -6097
-170984 -4452
-170864 -4592
-169673 -3559
-169739 -3512
-161745 -10521
-161694 -10550
-164014 -4647
-164089 -4586
-194718 -2872
-194744 -3133
-174185 -14278
-174136 -14131
-175791 -12447
-175589 -12379
-168457 -6097
-168488 -5844
-170864 -4592
-170743 -4681
-169739 -3512
-169775 -3599
-161694 -10550
-161644 -10575
-164089 -4586
-164228 -4632
-194744 -3133
-194580 -3220
-174136 -14131
-174144 -13965
-175589 -12379
-175360 -12194
-168488 -5844
-168502 -5618
-170743 -4681
-170738 -4931
-169775 -3599
-169888 -3898
-161644 -10575
-161549 -10609
-164228 -4632
-164294 -4924
-194580 -3220
-194400 -3409
-174144 -13965
-174198 -13813
-175360 -12194
-175308 -12123
-168502 -5618
-168627 -5523
-170433 -4632
-170738 -4931
-169888 -3898
-169896 -3884
-161549 -10609
-161506 -10607
-164294 -4924
-164522 -4922
-175308 -12123
-175107 -12027
-169896 -3884
-169960 -3602
-166343 -3387
-166343 -3387
-161506 -10607
-161250 -10397
-160664 -6497
-160664 -6497
-163632 -5396
-163774 -5377
-164522 -4922
-164503 -4760
-175107 -12027
-174960 -11999
-168070 -3450
-167930 -3449
-166562 -3371
-166562 -3371
-160614 -6534
-160614 -6534
-163774 -5377
-163961 -5474
-164503 -4760
-164540 -4661
-181080 -6499
-180912 -6501
-174960 -11999
-174797 -11896
-169873 -5001
-169872 -5014
-167930 -3449
-167783 -3435
-172442 -3352
-172464 -3065
-164540 -4661
-164598 -4429
-184379 -3987
-184196 -4142
-174797 -11896
-174600 -11752
-169872 -5014
-170087 -5354
-167783 -3435
-167617 -3364
-172464 -3065
-172618 -2866
-164598 -4429
-164496 -4155
-184196 -4142
-184079 -4214
-170087 -5354
-170228 -5349
-167617 -3364
-167513 -3350
-172618 -2866
-172643 -2759
-163789 -13300
-163915 -13169
-164496 -4155
-164675 -4160
-184079 -4214
-183841 -4143
-170228 -5349
-170252 -5390
-167513 -3350
-167354 -3148
-172643 -2759
-172717 -2490
-163915 -13169
-164111 -13247
-164675 -4160
-164769 -4289
-183841 -4143
-183610 -4017
-170252 -5390
-170304 -5459
-170073 -3307
-170187 -3153
-171312 -7200
-171298 -7306
-167354 -3148
-167217 -3104
-164111 -13247
-164241 -13087
-164769 -4289
-164959 -4555
-178594 -9586
-178835 -9671
-183610 -4017
-183425 -4017
-170304 -5459
-170421 -5416
-170187 -3153
-170308 -3024
-167217 -3104
-167286 -3366
-164241 -13087
-164469 -13104
-164451 -4668
-164298 -4695
-178835 -9671
-179088 -9631
-183425 -4017
-183215 -4151
-170421 -5416
-170706 -5382
-167286 -3366
-167344 -3613
-170308 -3024
-170571 -3010
-164469 -13104
-164762 -13119
-164298 -4695
-164279 -4411
-194992 -8524
-194832 -8421
-183576 -15375
-183300 -15383
-186853 -12925
-186966 -12791
-183215 -4151
-183055 -4235
-167344 -3613
-167136 -3649
-172132 -3318
-172140 -3224
-164109 -14972
-163920 -14994
-164762 -13119
-164963 -13105
-165918 -9654
-166028 -9566
-161872 -5456
-161835 -5401
-164279 -4411
-164185 -4213
-191051 611
-190838 344
-169405 -9427
-169385 -9342
-174008 -7852
-174137 -8044
-161207 -5805
-161153 -5933
-190838 344
-190784 152
-169385 -9342
-169363 -9236
-174137 -8044
-174287 -8243
-161153 -5933
-161207 -5805
-190784 152
-190717 0
-169363 -9236
-169332 -9048
-174287 -8243
-174412 -8302
-171427 -5867
-171608 -5915
-169332 -9048
-169072 -8872
-174412 -8302
-174436 -8559
-171608 -5915
-171787 -5930
-169072 -8872
-168830 -8716
-174436 -8559
-174559 -8703
-171787 -5930
-171987 -6016
-168830 -8716
-168620 -8724
-174559 -8703
-174582 -8975
-171987 -6016
-172113 -5879
-174582 -8975
-174588 -9029
-168620 -8724
-168408 -8683
-172113 -5879
-172286 -5864
-174588 -9029
-174582 -9211
-168408 -8683
-168208 -8718
-161014 -6013
-161014 -6013
-168208 -8718
-168088 -8764
-168088 -8764
-167863 -8901
-167863 -8901
-167622 -8982
-167622 -8982
-167399 -8986
-167399 -8986
-167171 -8893
-161125 -8162
-161223 -8086
-186674 -9188
-186667 -8983
-193878 -10394
-194769 -10390
-161223 -8086
-161269 -7812
-186667 -8983
-186773 -8756
-193878 -10394
-192989 -10313
-161269 -7812
-161119 -7662
-186773 -8756
-186700 -8591
-192989 -10313
-192988 -10271
-161119 -7662
-160898 -7408
-186700 -8591
-186867 -8413
-192988 -10271
-192973 -10257
-186867 -8413
-186931 -8344
-192973 -10257
-192932 -10163
-186931 -8344
-186920 -8200
-192932 -10163
-192790 -10050
-186920 -8200
-186963 -8142
-192790 -10050
-192644 -10005
-186963 -8142
-186981 -8124
-192644 -10005
-192434 -9994
-186981 -8124
-186981 -7587
-192434 -9994
-192273 -9923
-186981 -7587
-186897 -7466
-192273 -9923
-192087 -9853
-186897 -7466
-186860 -7266
-192087 -9853
-191913 -9875
-183300 -15383
-183126 -15433
-167136 -3649
-167035 -3567
-164963 -13105
-165100 -13187
-183126 -15433
-182951 -15454
-167035 -3567
-166887 -3593
-165100 -13187
-165255 -13250
-182951 -15454
-182835 -15363
-166887 -3593
-166839 -3866
-165255 -13250
-165380 -13334
-161436 -10965
-161178 -11219
-182835 -15363
-182608 -15273
-171742 -3805
-171430 -3838
-165380 -13334
-165599 -13294
-161178 -11219
-161257 -11407
-182608 -15273
-182453 -15189
-171430 -3838
-171396 -3712
-161257 -11407
-161205 -11597
-182453 -15189
-182442 -15147
-172118 -3835
-172280 -3822
-161205 -11597
-161142 -11545
-182442 -15147
-182422 -15150
-172280 -3822
-172391 -3780
-161142 -11545
-160879 -11380
-182422 -15150
-182856 -14400
-172391 -3780
-172594 -3741
-160879 -11380
-160672 -11177
-182856 -14400
-183172 -13872
-171999 -3817
-172118 -3835
-160672 -11177
-160527 -11024
-183172 -13872
-180389 -14680
-171742 -3805
-171999 -3817
-171999 -3817
-171966 -3500
-171966 -3500
-171985 -3495
-171985 -3495
-172060 -3441
-172060 -3441
-172132 -3318
-172629 -3747
-172944 -3812
-172944 -3812
-173061 -3591
-173061 -3591
-172994 -2874
-186292 -10243
-186002 -10012
-172994 -2874
-173020 -2863
-186002 -10012
-185842 -9957
-173020 -2863
-173060 -2813
-163214 -13996
-162796 -14398
-185842 -9957
-185633 -9942
-173060 -2813
-173224 -2771
-162796 -14398
-162323 -14825
-185633 -9942
-185499 -9878
-171896 -13330
-171649 -13089
-173224 -2771
-173404 -2677
-162073 -14180
-162031 -14338
-185499 -9878
-185271 -9956
-171649 -13089
-171540 -12878
-173404 -2677
-173667 -2528
-162031 -14338
-162096 -14493
-185271 -9956
-185094 -10228
-171540 -12878
-171263 -12838
-173667 -2528
-173854 -2567
-162096 -14493
-162145 -14743
-185094 -10228
-185054 -10344
-171263 -12838
-171163 -12815
-172594 -3741
-172629 -3747
-162145 -14743
-162323 -14825
-186966 -12791
-186988 -12574
-183055 -4235
-182933 -4331
-172140 -3224
-172133 -3213
-163920 -14994
-163793 -15023
-166028 -9566
-166221 -9428
-164185 -4213
-164223 -4064
-159642 -13824
-159501 -13561
-186988 -12574
-187052 -12446
-182933 -4331
-182888 -4560
-166221 -9428
-166357 -9321
-172133 -3213
-171916 -2446
-163793 -15023
-163576 -15064
-164223 -4064
-164287 -4196
-159501 -13561
-159344 -13429
-159111 -14136
-159547 -13880
-187052 -12446
-187074 -12230
-182888 -4560
-182981 -4632
-166357 -9321
-166550 -9032
-171916 -2446
-171917 -2424
-163576 -15064
-163314 -15020
-164287 -4196
-164301 -4486
-159344 -13429
-159417 -13344
-187074 -12230
-187193 -12100
-182981 -4632
-183102 -4816
-171917 -2424
-171929 -2268
-164224 -7540
-164275 -7778
-164301 -4486
-164451 -4668
-159417 -13344
-159323 -13310
-187193 -12100
-187315 -11887
-183102 -4816
-183192 -4941
-186059 -2870
-186214 -3090
-164275 -7778
-164414 -7921
-161581 -4867
-161581 -4867
-159323 -13310
-159182 -13348
-187315 -11887
-187589 -11621
-183192 -4941
-183152 -5205
-186214 -3090
-186460 -3126
-164414 -7921
-164539 -7971
-161994 -4766
-161994 -4766
-187589 -11621
-187731 -11405
-183152 -5205
-183022 -5128
-186460 -3126
-186629 -3299
-164539 -7971
-164771 -8124
-161599 -4828
-161599 -4828
-187731 -11405
-187870 -11114
-183022 -5128
-182798 -5290
-186629 -3299
-186888 -3183
-164771 -8124
-164947 -8277
-161572 -4689
-161572 -4689
-187870 -11114
-188023 -10918
-182798 -5290
-182685 -5478
-169418 -2895
-169591 -3082
-164947 -8277
-165043 -8347
-161480 -4795
-161480 -4795
-188023 -10918
-188004 -10813
-182685 -5478
-182581 -5650
-169591 -3082
-169625 -3217
-163314 -15020
-163322 -15054
-160594 -13819
-160861 -13552
-165043 -8347
-165172 -8535
-161572 -4689
-161572 -4689
-188004 -10813
-187993 -10618
-182581 -5650
-182380 -5805
-179903 -4744
-179953 -4245
-169625 -3217
-169859 -3228
-163322 -15054
-163318 -15057
-160861 -13552
-161069 -13328
-162257 -11742
-162070 -11932
-165172 -8535
-165251 -8667
-187993 -10618
-187954 -10492
-182380 -5805
-182211 -5944
-169859 -3228
-170073 -3307
-163318 -15057
-162727 -15048
-161069 -13328
-161250 -13320
-162070 -11932
-161819 -12003
-165251 -8667
-165285 -8737
-161838 -4611
-161838 -4611
-187954 -10492
-188084 -10421
-182211 -5944
-182012 -6205
-161250 -13320
-161309 -13192
-161819 -12003
-161630 -11885
-165285 -8737
-165387 -8976
-164451 -4668
-164451 -4668
-188084 -10421
-188323 -10428
-182012 -6205
-181809 -6295
-161309 -13192
-161298 -13020
-165387 -8976
-165397 -9012
-163997 -4698
-163997 -4698
-186853 -12925
-186730 -12834
-181809 -6295
-181588 -6409
-161298 -13020
-161426 -12914
-165397 -9012
-165479 -9203
-161861 -4641
-161861 -4641
-186730 -12834
-186531 -12681
-181588 -6409
-181348 -6471
-161426 -12914
-161362 -12733
-165479 -9203
-165595 -9355
-161532 -4691
-161532 -4691
-186531 -12681
-186417 -12552
-181348 -6471
-181080 -6499
-174007 -4500
-173756 -4575
-161362 -12733
-161471 -12600
-165595 -9355
-165665 -9449
-186417 -12552
-186185 -12501
-180912 -6501
-180984 -6349
-173756 -4575
-173545 -4525
-160594 -13819
-160596 -13171
-165665 -9449
-165918 -9654
-160836 -5835
-160741 -5890
-177233 -8687
-177187 -8965
-180984 -6349
-181100 -6147
-169333 -12829
-169359 -13121
-162727 -15048
-162505 -14903
-160741 -5890
-160822 -5677
-164003 -4636
-164003 -4636
-177187 -8965
-177351 -9112
-181100 -6147
-181168 -5886
-174198 -13813
-174470 -13709
-169359 -13121
-169363 -13332
-170258 -3487
-170317 -3698
-162505 -14903
-162323 -14825
-160822 -5677
-160920 -5722
-177351 -9112
-177405 -9356
-181168 -5886
-181276 -5801
-174470 -13709
-174649 -13722
-169363 -13332
-169396 -13490
-170317 -3698
-170346 -3829
-160920 -5722
-160940 -5889
-177405 -9356
-177588 -9591
-181276 -5801
-181516 -5774
-174649 -13722
-174922 -13711
-169396 -13490
-169423 -13635
-170346 -3829
-170385 -3897
-160940 -5889
-160836 -5835
-177588 -9591
-177662 -9575
-181516 -5774
-181567 -5742
-174922 -13711
-175179 -13549
-169423 -13635
-169533 -13892
-174388 -5960
-174489 -5742
-170385 -3897
-170414 -3921
-177662 -9575
-177693 -9632
-181567 -5742
-181046 -5511
-169533 -13892
-169727 -14027
-175179 -13549
-175371 -13460
-174489 -5742
-174621 -5494
-170414 -3921
-170441 -3985
-186860 -7266
-186747 -6999
-191913 -9875
-191791 -9966
-191791 -9966
-191562 -9826
-162153 -9153
-162165 -8955
-191562 -9826
-191344 -9608
-162165 -8955
-162093 -8960
-191344 -9608
-191090 -9661
-162093 -8960
-161851 -8763
-191090 -9661
-190804 -9617
-178746 -7237
-179190 -7902
-179190 -7902
-179214 -7906
-179214 -7906
-179253 -7880
-179253 -7880
-179343 -7875
-179343 -7875
-179212 -7997
-179212 -7997
-179014 -8275
-179014 -8275
-179049 -8440
-194977 -9777
-194782 -9931
-179049 -8440
-179066 -8661
-194782 -9931
-194726 -10128
-179066 -8661
-179025 -8868
-194726 -10128
-194769 -10390
-179025 -8868
-179080 -9126
-172626 -9060
-172800 -9071
-172800 -9071
-172971 -8987
-172971 -8987
-172955 -8758
-172955 -8758
-172878 -8646
-172878 -8646
-172991 -8424
-172991 -8424
-172898 -8254
-172898 -8254
-172680 -7997
-172604 -8972
-172626 -9060
-185054 -10344
-184768 -10601
-169727 -14027
-169850 -14247
-171163 -12815
-171001 -12732
-188470 -12602
-188637 -12767
-184768 -10601
-184612 -10634
-169850 -14247
-170064 -14402
-188637 -12767
-188768 -13001
-184612 -10634
-184356 -10797
-194769 -10390
-194718 -10659
-188768 -13001
-188852 -13221
-184356 -10797
-184293 -11033
-194718 -10659
-194561 -10931
-184293 -11033
-184154 -11199
-188852 -13221
-189000 -13291
-194561 -10931
-194615 -11112
-184154 -11199
-184001 -11278
-194615 -11112
-194769 -11275
-163789 -13300
-163551 -13027
-184001 -11278
-183923 -11205
-194769 -11275
-194935 -11466
-163551 -13027
-163436 -12876
-183923 -11205
-183659 -11200
-194935 -11466
-195164 -11627
-183659 -11200
-183527 -11356
-183527 -11356
-183352 -11574
-183352 -11574
-183137 -11796
-183137 -11796
-183018 -11942
-183018 -11942
-182996 -12149
-182996 -12149
-182911 -12414
-182911 -12414
-182901 -12535
-182901 -12535
-182911 -12581
-182911 -12581
-181748 -12449
-181748 -12449
-181749 -12417
-181749 -12417
-181711 -12234
-181711 -12234
-181521 -12286
-194959 -13677
-194799 -13756
-194799 -13756
-194803 -13999
-181521 -12286
-181370 -12207
-160998 -9000
-160963 -9438
-181370 -12207
-181168 -11939
-194803 -13999
-194812 -14167
-181168 -11939
-180885 -11710
-194812 -14167
-194899 -14400
-180885 -11710
-180692 -11782
-177693 -9632
-177710 -9604
-181046 -5511
-181016 -5430
-175371 -13460
-175631 -13366
-170441 -3985
-170433 -4632
-172594 -3741
-172439 -3509
-165708 -6965
-165714 -7198
-177710 -9604
-177713 -9590
-181016 -5430
-181042 -5159
-175631 -13366
-175866 -13216
-169938 -4403
-170252 -4602
-172439 -3509
-172442 -3352
-165714 -7198
-165807 -7325
-175866 -13216
-175965 -12982
-177713 -9590
-178200 -9586
-181042 -5159
-180916 -4985
-170252 -4602
-170264 -4605
-171396 -3712
-171308 -3413
-165807 -7325
-166052 -7595
-159968 -15287
-159948 -15554
-178200 -9586
-178594 -9586
-180916 -4985
-180890 -4897
-174198 -13813
-173948 -13712
-170264 -4605
-170433 -4632
-170685 -3515
-170804 -3557
-166052 -7595
-166152 -7858
-159948 -15554
-159946 -15610
-190803 -9617
-190801 -9633
-180890 -4897
-180801 -4853
-173948 -13712
-173776 -13681
-170804 -3557
-170977 -3599
-166152 -7858
-166251 -8130
-164056 -4581
-164056 -4581
-159946 -15610
-160015 -15862
-179088 -9631
-179099 -9399
-180801 -4853
-180653 -4785
-179953 -4245
-179800 -4203
-173776 -13681
-173590 -13658
-166251 -8130
-166347 -8331
-170977 -3599
-171001 -3609
-179099 -9399
-179080 -9126
-180653 -4785
-180502 -4753
-179800 -4203
-179565 -4168
-186888 -3183
-187049 -3056
-170064 -14402
-170291 -14588
-173590 -13658
-173447 -13693
-166347 -8331
-166390 -8396
-171001 -3609
-171396 -3712
-190369 -10799
-190379 -11008
-190803 -9617
-190804 -9617
-180502 -4753
-180290 -4858
-179565 -4168
-179391 -4362
-187049 -3056
-187007 -2848
-167400 -15173
-167558 -15320
-170291 -14588
-170452 -14788
-173447 -13693
-173269 -13663
-166390 -8396
-166462 -8636
-173568 -3623
-173695 -3658
-186848 -16141
-186760 -15963
-190379 -11008
-190325 -11229
-190804 -9617
-190740 -9575
-180290 -4858
-180108 -4933
-179391 -4362
-179168 -4544
-187007 -2848
-187037 -2699
-167558 -15320
-167711 -15467
-173269 -13663
-173106 -13668
-166462 -8636
-166574 -8875
-173695 -3658
-173787 -3673
-173106 -13668
-172915 -13759
-186760 -15963
-186608 -15961
-190325 -11229
-190191 -11421
-190740 -9575
-190700 -9571
-180108 -4933
-179903 -4744
-179168 -4544
-178948 -4437
-187037 -2699
-187129 -2531
-167711 -15467
-167858 -15549
-166574 -8875
-166550 -9032
-171312 -7200
-171885 -7202
-186608 -15961
-186462 -16037
-189000 -13291
-189292 -13525
-190191 -11421
-190088 -11556
-190700 -9571
-190679 -9564
-178948 -4437
-178791 -4561
-187129 -2531
-187360 -2325
-167858 -15549
-167992 -15617
-171885 -7202
-171913 -7265
-173847 -3660
-173904 -3667
-160881 -6494
-160881 -6494
-186462 -16037
-186297 -16059
-189292 -13525
-189555 -13751
-190679 -9564
-192182 -9017
-178791 -4561
-178584 -4573
-187360 -2325
-187492 -2035
-167992 -15617
-168244 -15737
-171913 -7265
-172053 -7333
-173904 -3667
-174380 -3536
-164690 -5206
-164910 -5619
-186297 -16059
-186125 -16006
-178583 -14661
-177260 -14678
-189555 -13751
-189794 -13793
-178584 -4573
-178488 -4475
-187492 -2035
-187481 -1863
-192182 -9017
-192161 -9005
-168244 -15737
-168337 -15750
-172053 -7333
-172095 -7467
-171317 -6766
-171355 -6993
-174489 -3669
-174380 -3536
-186125 -16006
-186087 -15723
-177260 -14678
-177256 -14669
-178488 -4475
-178294 -4276
-187481 -1863
-187489 -1617
-192161 -9005
-191905 -8837
-168337 -15750
-168573 -15761
-172095 -7467
-172215 -7644
-171355 -6993
-171312 -7200
-166984 -3600
-166984 -3600
-164928 -5652
-164923 -5682
-186087 -15723
-186235 -15596
-177256 -14669
-177165 -14627
-191905 -8837
-191735 -8622
-168573 -15761
-168652 -15820
-172215 -7644
-172471 -7860
-167206 -3636
-167206 -3636
-169418 -2895
-169338 -2642
-164923 -5682
-164978 -5858
-164959 -4555
-164874 -4390
-186235 -15596
-186428 -15648
-177165 -14627
-177017 -14493
-191735 -8622
-191630 -8368
-172471 -7860
-172680 -7997
-173979 -2799
-173796 -2820
-169338 -2642
-169227 -2590
-164978 -5858
-165052 -5972
-164874 -4390
-164867 -4225
-177017 -14493
-176860 -14548
-191630 -8368
-191648 -8121
-172680 -7997
-172776 -7771
-173796 -2820
-173596 -2846
-169227 -2590
-169036 -2666
-165052 -5972
-165058 -6162
-164867 -4225
-164972 -4260
-176860 -14548
-176701 -14761
-191648 -8121
-191673 -7930
-172776 -7771
-172758 -7562
-173596 -2846
-173473 -2899
-169036 -2666
-169053 -2832
-165058 -6162
-165123 -6324
-164972 -4260
-165172 -4541
-176701 -14761
-176635 -14646
-191673 -7930
-191710 -7799
-168882 -7950
-168759 -7828
-173473 -2899
-173334 -3015
-169053 -2832
-169040 -3101
-165123 -6324
-165129 -6490
-165172 -4541
-165259 -4405
-176635 -14646
-176672 -14376
-176262 -2344
-175765 -2338
-191710 -7799
-191794 -7515
-174708 -11503
-174661 -11303
-168759 -7828
-168686 -7642
-173334 -3015
-173344 -3249
-165129 -6490
-165160 -6707
-165259 -4405
-165126 -4119
-176672 -14376
-176871 -14141
-191794 -7515
-192029 -7398
-174661 -11303
-174584 -11161
-168686 -7642
-168716 -7517
-173344 -3249
-173500 -3497
-175765 -2338
-175677 -2383
-165160 -6707
-165189 -6881
-165126 -4119
-165277 -4233
-176871 -14141
-176924 -13931
-192029 -7398
-191954 -7215
-174584 -11161
-174699 -10982
-168716 -7517
-168662 -7292
-173500 -3497
-173568 -3623
-175677 -2383
-175634 -2385
-165189 -6881
-165299 -7145
-161835 -5401
-161572 -5179
-165277 -4233
-165183 -4077
-174699 -10982
-174690 -10855
-176924 -13931
-176981 -13789
-177544 -7179
-177336 -6939
-191954 -7215
-191784 -7124
-170745 -15429
-170530 -15144
-172915 -13759
-172743 -13551
-168662 -7292
-168671 -7206
-169960 -3602
-170007 -3468
-175634 -2385
-175543 -2374
-165299 -7145
-165354 -7262
-176981 -13789
-177125 -13655
-177336 -6939
-177307 -6784
-191784 -7124
-191599 -7158
-170530 -15144
-170431 -15037
-174690 -10855
-174805 -10663
-168671 -7206
-168679 -6954
-169040 -3101
-169206 -3327
-175543 -2374
-175358 -2394
-165354 -7262
-165527 -7533
-161481 -5358
-161593 -5478
-172466 -2102
-172525 -2247
-161851 -8763
-161631 -8580
-172525 -2247
-172717 -2490
-169421 -2424
-169421 -2424
-172225 -2407
-172225 -2407
-178149 -2406
-178160 -2400
-169717 -2359
-169717 -2359
-178160 -2400
-178334 -2247
-186944 -16280
-186848 -16141
-178334 -2247
-178606 -2125
-178606 -2125
-178842 -2007
-178842 -2007
-178993 -2102
-178993 -2102
-179143 -2168
-179143 -2168
-179406 -2113
-179406 -2113
-179526 -2031
-179526 -2031
-179647 -1910
-179647 -1910
-179873 -1775
-179873 -1775
-180083 -1720
-180083 -1720
-180211 -1725
-180211 -1725
-180384 -1694
-178160 -2400
-178095 -2243
-178095 -2243
-178032 -2075
-178032 -2075
-178006 -1894
-178006 -1894
-177903 -1806
-177903 -1806
-177856 -1537
-177856 -1537
-177871 -1484
-174805 -10663
-174753 -10539
-175358 -2394
-175070 -2395
-174753 -10539
-174664 -10338
-175070 -2395
-174938 -2428
-174664 -10338
-174513 -10207
-174938 -2428
-174778 -2533
-174513 -10207
-174552 -10039
-174778 -2533
-174558 -2736
-174552 -10039
-174462 -9817
-174558 -2736
-174412 -2899
-174462 -9817
-174494 -9592
-174412 -2899
-174140 -3073
-168652 -15820
-168689 -15980
-174494 -9592
-174466 -9363
-174140 -3073
-173979 -2799
-168689 -15980
-168830 -16159
-174466 -9363
-174582 -9211
-170571 -3010
-170557 -2960
-168830 -16159
-168964 -16445
-170557 -2960
-170639 -2789
-160194 -10804
-160172 -10948
-170639 -2789
-170600 -2622
-160172 -10948
-160154 -10969
-170600 -2622
-170731 -2358
-160154 -10969
-159557 -11170
-170132 -2345
-170273 -2566
-159557 -11170
-159553 -11110
-170273 -2566
-170347 -2563
-159553 -11110
-159560 -11055
-170347 -2563
-170385 -2548
-159560 -11055
-159539 -10958
-170385 -2548
-170443 -2549
-159539 -10958
-159267 -10956
-170443 -2549
-170456 -2552
-159267 -10956
-159311 -11050
-170456 -2552
-170557 -2960
-162357 -12842
-162171 -12572
-159311 -11050
-159203 -11176
-170132 -2345
-169901 -2494
-162171 -12572
-162002 -12341
-169901 -2494
-169804 -2632
-162002 -12341
-161877 -12165
-169804 -2632
-169732 -2573
-161877 -12165
-161711 -12041
-169732 -2573
-169515 -2569
-161711 -12041
-161630 -11885
-179669 -11971
-179717 -11812
-169515 -2569
-169439 -2794
-162742 -12121
-162382 -12247
-179717 -11812
-179764 -11592
-169439 -2794
-169396 -2541
-162382 -12247
-162362 -12277
-179764 -11592
-179894 -11384
-169396 -2541
-169401 -2748
-162362 -12277
-162299 -12312
-177125 -13655
-177301 -13634
-180692 -11782
-180563 -11880
-177307 -6784
-177279 -6703
-170431 -15037
-170452 -14788
-168679 -6954
-168735 -6838
-169206 -3327
-169157 -3602
-165527 -7533
-165556 -7684
-161593 -5478
-161686 -5668
-165213 -4008
-165283 -4109
-160015 -15862
-159912 -15967
-177301 -13634
-177382 -13415
-180563 -11880
-180285 -11819
-177279 -6703
-177156 -6470
-194832 -8421
-194651 -8179
-168735 -6838
-168820 -6779
-165556 -7684
-165582 -7867
-161686 -5668
-161783 -5734
-165283 -4109
-165368 -4315
-159912 -15967
-159927 -16089
-184417 -14707
-184230 -14994
-177382 -13415
-177355 -13279
-180285 -11819
-180100 -11953
-177156 -6470
-177017 -6177
-194651 -8179
-194580 -8048
-168820 -6779
-168794 -6543
-165582 -7867
-165588 -8035
-161783 -5734
-161685 -5952
-165368 -4315
-165440 -4297
-159927 -16089
-159675 -16270
-184230 -14994
-184036 -15165
-177355 -13279
-177288 -13059
-180100 -11953
-179925 -11969
-194580 -8048
-194526 -7815
-168882 -7950
-168853 -7780
-165588 -8035
-165612 -8241
-161685 -5952
-161490 -5854
-165440 -4297
-165528 -4161
-183273 -16163
-183199 -15981
-184036 -15165
-183769 -15242
-177288 -13059
-177151 -12950
-179925 -11969
-179669 -11971
-186674 -9188
-186682 -9327
-194526 -7815
-194518 -7582
-168853 -7780
-168900 -7575
-170376 -5778
-170620 -5852
-165612 -8241
-165616 -8438
-165528 -4161
-165436 -3997
-183199 -15981
-183334 -15826
-183769 -15242
-183576 -15375
-177151 -12950
-177017 -12731
-186682 -9327
-186630 -9440
-194518 -7582
-194388 -7447
-168900 -7575
-168923 -7394
-170620 -5852
-170858 -5868
-165616 -8438
-165594 -8562
-165436 -3997
-165493 -3901
-183334 -15826
-183580 -15697
-177017 -12731
-176841 -12754
-186630 -9440
-186568 -9668
-194388 -7447
-194263 -7314
-168923 -7394
-168876 -7105
-170858 -5868
-171131 -5831
-165594 -8562
-165650 -8737
-165493 -3901
-165654 -3855
-183580 -15697
-183534 -15536
-176841 -12754
-176665 -12924
-186568 -9668
-186471 -9819
-194263 -7314
-194083 -7187
-194759 -15234
-194560 -15257
-168876 -7105
-169082 -6919
-171131 -5831
-171266 -5803
-165650 -8737
-165709 -8853
-165654 -3855
-165775 -4069
-183534 -15536
-183576 -15375
-176665 -12924
-176459 -12794
-186471 -9819
-186403 -10015
-194560 -15257
-194351 -15272
-194083 -7187
-193958 -7121
-169082 -6919
-169255 -6694
-171266 -5803
-171427 -5867
-165709 -8853
-165766 -8922
-165775 -4069
-165801 -4105
-186403 -10015
-186292 -10243
-194351 -15272
-194205 -15190
-193958 -7121
-193719 -6983
-172286 -5864
-172419 -5665
-165766 -8922
-165768 -8993
-165801 -4105
-165987 -4304
-193719 -6983
-193638 -6796
-194205 -15190
-193964 -15080
-172419 -5665
-172597 -5682
-165768 -8993
-165783 -9021
-164473 -4537
-164473 -4537
-193638 -6796
-193702 -6782
-193964 -15080
-193845 -14958
-173545 -4525
-173293 -4318
-165783 -9021
-166550 -9032
-161124 -5830
-161124 -5830
-193845 -14958
-193710 -14898
-193702 -6782
-193843 -6814
-174007 -4500
-174069 -4394
-162147 -16017
-162070 -16299
-161014 -5661
-161014 -5661
-159732 -8848
-159519 -8990
-193710 -14898
-193549 -14837
-193843 -6814
-193952 -6861
-170304 -5786
-170376 -5778
-164333 -4499
-164333 -4499
-159519 -8990
-159420 -8950
-193549 -14837
-193323 -14767
-193952 -6861
-193340 -3530
-161242 -5797
-161242 -5797
-164141 -4484
-164141 -4484
-159420 -8950
-159173 -8895
-177233 -8687
-176951 -8423
-186747 -6999
-186649 -7057
-193323 -14767
-193197 -14751
-169118 -5734
-169388 -5567
-164862 -4482
-164862 -4482
-176951 -8423
-176784 -8255
-186649 -7057
-186383 -6999
-193197 -14751
-192905 -14805
-169388 -5567
-169573 -5620
-170649 -3517
-170686 -3744
-176784 -8255
-176679 -8037
-186383 -6999
-186307 -6953
-192905 -14805
-192850 -14710
-169573 -5620
-169766 -5662
-170686 -3744
-170747 -3897
-176679 -8037
-176461 -7939
-186307 -6953
-186093 -6704
-188105 -5413
-187882 -5334
-192850 -14710
-192577 -14503
-169766 -5662
-170041 -5751
-170747 -3897
-170862 -4170
-162000 -7200
-161867 -7901
-176461 -7939
-176217 -7681
-186093 -6704
-185969 -6714
-187882 -5334
-187618 -5295
-192577 -14503
-192506 -14301
-170041 -5751
-170304 -5786
-170862 -4170
-170984 -4452
-176217 -7681
-176265 -7467
-185969 -6714
-185756 -6768
-187618 -5295
-187327 -5196
-192506 -14301
-192338 -14166
-190717 0
-190669 -210
-170304 -5459
-170390 -5594
-176265 -7467
-176163 -7308
-185756 -6768
-185520 -6662
-187327 -5196
-187154 -5156
-192338 -14166
-192242 -14029
-190669 -210
-190619 -340
-170390 -5594
-170376 -5778
-190619 -340
-190486 -545
-176163 -7308
-176059 -7042
-185520 -6662
-185237 -6546
-187154 -5156
-186908 -4912
-192242 -14029
-192023 -13940
-173164 -5542
-172977 -5373
-185237 -6546
-185077 -6441
-186908 -4912
-186806 -4713
-190486 -545
-190208 -669
-192023 -13940
-191735 -13709
-170780 -8665
-171051 -8533
-172977 -5373
-172778 -5375
-177871 -1484
-177847 -1415
-191599 -7158
-191461 -7136
-177847 -1415
-177607 -1213
-191461 -7136
-191265 -6955
-191265 -6955
-191063 -6825
-177607 -1213
-177454 -1440
-191063 -6825
-190993 -6706
-177454 -1440
-177283 -1679
-190993 -6706
-190939 -6529
-177283 -1679
-177147 -1835
-190939 -6529
-190798 -6275
-169668 -2395
-169668 -2395
-183938 -2380
-184037 -2249
-184037 -2249
-183955 -2019
-183955 -2019
-184230 -1910
-184230 -1910
-184166 -1767
-184166 -1767
-184174 -1500
-184174 -1500
-184254 -1534
-184254 -1534
-184514 -1553
-184514 -1553
-184796 -1625
-184796 -1625
-184943 -1685
-184943 -1685
-185155 -1703
-170731 -2358
-170447 -2173
-173787 -3673
-173847 -3660
-170447 -2173
-170230 -2261
-170230 -2261
-170132 -2345
-169878 -2362
-169878 -2362
-176262 -2344
-176391 -1801
-176391 -1801
-176422 -1602
-169913 -2309
-169913 -2309
-173648 -2093
-174500 -1795
-190208 -669
-189920 -930
-169401 -2748
-169418 -2895
-162299 -12312
-162274 -12416
-186059 -2870
-185962 -2696
-189920 -930
-189722 -1053
-162274 -12416
-162336 -12484
-185962 -2696
-185831 -2487
-189722 -1053
-189653 -1223
-162336 -12484
-162389 -12546
-185831 -2487
-185656 -2242
-189653 -1223
-189656 -1482
-162389 -12546
-162395 -12631
-186185 -12501
-186292 -12254
-185656 -2242
-185376 -1980
-189656 -1482
-189691 -1740
-162395 -12631
-162357 -12842
-186292 -12254
-186349 -12011
-185376 -1980
-185155 -1703
-189691 -1740
-189601 -1889
-169333 -12829
-169116 -12693
-186349 -12011
-186172 -11828
-189601 -1889
-189405 -2140
-169116 -12693
-169011 -12487
-173979 -2799
-173854 -2567
-177089 -2664
-177254 -2744
-189405 -2140
-189125 -2065
-167263 -12497
-167213 -12258
-169011 -12487
-168996 -12321
-177254 -2744
-177406 -2737
-189125 -2065
-189046 -2229
-168996 -12321
-168901 -12114
-167213 -12258
-167228 -12106
-177406 -2737
-177546 -2686
-189046 -2229
-189036 -2444
-168901 -12114
-168724 -12018
-167228 -12106
-167150 -11857
-177546 -2686
-177603 -2623
-189036 -2444
-188988 -2601
-168724 -12018
-168529 -11892
-167150 -11857
-167098 -11650
-177603 -2623
-177647 -2629
-188988 -2601
-189064 -2791
-168529 -11892
-168505 -11669
-167098 -11650
-166828 -11572
-175853 -15510
-176061 -15587
-189064 -2791
-189138 -3076
-177647 -2629
-177679 -2635
-168505 -11669
-168375 -11424
-166828 -11572
-166738 -11347
-176061 -15587
-176162 -15648
-189138 -3076
-188942 -3047
-177679 -2635
-177703 -2657
-168375 -11424
-168300 -11249
-164150 -14055
-163801 -14198
-164060 -12449
-165602 -12479
-176162 -15648
-176316 -15706
-188942 -3047
-188778 -3027
-177703 -2657
-178149 -2406
-168300 -11249
-168134 -11145
-163801 -14198
-163682 -14243
-165602 -12479
-167263 -12497
-176316 -15706
-176460 -15725
-188778 -3027
-188744 -3312
-168134 -11145
-168047 -10994
-171392 -2509
-171294 -2241
-163682 -14243
-163563 -13896
-188744 -3312
-188710 -3476
-168047 -10994
-168021 -10812
-171294 -2241
-171192 -2159
-188710 -3476
-188744 -3752
-168021 -10812
-167952 -10551
-171192 -2159
-171089 -2358
-188744 -3752
-188609 -3769
-167952 -10551
-167905 -10310
-171089 -2358
-170946 -2647
-188609 -3769
-188418 -3979
-167905 -10310
-167706 -10230
-170946 -2647
-170896 -2633
-163214 -13996
-162380 -13887
-188418 -3979
-188263 -4022
-167706 -10230
-167800 -10078
-170896 -2633
-170903 -2353
-162380 -13887
-162073 -14180
-188263 -4022
-187987 -4084
-167800 -10078
-168011 -9830
-170903 -2353
-170934 -2236
-162073 -14180
-162000 -14150
-187987 -4084
-187806 -4070
-170934 -2236
-170731 -2358
-162000 -14150
-161754 -14105
-187806 -4070
-187631 -4125
-177089 -2664
-177004 -2581
-185077 -6441
-184843 -6395
-186806 -4713
-186723 -4496
-191735 -13709
-191687 -13483
-171051 -8533
-171179 -8476
-172778 -5375
-172804 -5600
-184843 -6395
-184630 -6299
-186723 -4496
-186537 -4381
-191687 -13483
-191443 -13224
-171179 -8476
-171448 -8563
-172804 -5600
-172597 -5682
-184630 -6299
-184482 -6407
-186537 -4381
-186401 -4104
-169753 -4908
-169457 -5003
-184482 -6407
-184317 -6483
-171550 -5151
-170706 -5382
-169457 -5003
-169433 -4985
-184317 -6483
-184224 -6499
-169433 -4985
-169397 -5018
-170738 -4931
-170760 -5138
-184224 -6499
-184009 -6569
-170760 -5138
-170706 -5382
-169397 -5018
-169333 -5116
-184009 -6569
-183762 -6613
-171935 -5228
-171708 -5338
-169333 -5116
-169357 -5183
-183762 -6613
-183504 -6638
-171708 -5338
-171550 -5151
-169357 -5183
-169200 -5394
-159675 -16270
-159484 -15928
-183504 -6638
-183249 -6780
-169200 -5394
-169084 -5506
-173964 -5279
-173853 -5293
-161411 -9551
-161520 -9533
-159484 -15928
-158422 -15605
-183249 -6780
-183039 -6813
-169084 -5506
-169118 -5734
-173853 -5293
-173736 -5279
-161520 -9533
-161567 -9494
-183039 -6813
-182872 -6886
-190798 -6275
-191046 -6379
-174069 -4394
-174270 -4526
-161567 -9494
-161558 -9474
-182872 -6886
-182645 -6770
-191046 -6379
-191300 -6390
-174270 -4526
-174079 -4748
-161558 -9474
-161837 -9404
-182645 -6770
-182558 -6611
-191300 -6390
-191416 -6371
-174079 -4748
-174168 -4865
-161837 -9404
-162089 -9237
-182558 -6611
-182430 -6463
-191416 -6371
-191683 -6326
-174168 -4865
-174292 -5038
-162089 -9237
-162153 -9153
-159968 -15287
-160201 -15289
-182430 -6463
-182182 -6555
-191683 -6326
-191719 -6337
-174292 -5038
-174350 -5231
-161154 -9549
-161411 -9551
-160201 -15289
-161494 -15279
-182182 -6555
-182041 -6746
-191719 -6337
-191918 -6366
-174350 -5231
-174254 -5271
-162727 -15048
-163201 -16196
-161154 -9549
-160958 -9460
-160040 -15115
-159968 -15287
-188194 -10188
-188397 -10015
-182041 -6746
-181894 -6923
-191918 -6366
-192012 -6273
-174254 -5271
-174044 -5232
-159933 -9330
-160398 -9366
-188397 -10015
-188558 -9986
-181894 -6923
-181635 -6954
-192012 -6273
-192101 -6126
-174044 -5232
-173964 -5279
-160398 -9366
-160398 -9339
-188558 -9986
-188721 -9973
-176955 -6125
-176783 -6411
-192101 -6126
-192118 -6043
-173736 -5279
-173644 -5145
-160398 -9339
-160478 -9306
-188721 -9973
-189003 -9984
-176783 -6411
-176713 -6505
-192118 -6043
-192204 -5814
-173644 -5145
-173683 -5037
-160478 -9306
-160600 -9296
-189003 -9984
-189168 -9826
-176713 -6505
-176555 -6553
-192204 -5814
-192240 -5704
-173683 -5037
-173629 -4971
-160600 -9296
-160745 -9443
-189168 -9826
-189210 -9807
-176555 -6553
-176359 -6695
-192240 -5704
-192334 -5499
-173629 -4971
-173633 -4948
-160745 -9443
-160958 -9460
-189210 -9807
-189496 -9780
-177470 -8821
-177735 -8979
-176359 -6695
-176310 -6848
-192334 -5499
-192429 -5329
-171038 -7667
-170926 -7956
-173633 -4948
-173545 -4525
-189496 -9780
-189661 -9801
-177735 -8979
-177904 -9121
-176310 -6848
-176059 -7042
-192429 -5329
-192534 -5148
-170926 -7956
-170720 -8155
-174044 -5232
-173993 -4979
-162288 -10459
-162521 -10849
-174500 -1795
-174437 -1662
-174437 -1662
-174408 -1568
-174408 -1568
-174245 -1349
-174245 -1349
-174196 -1192
-174196 -1192
-174241 -966
-174241 -966
-174385 -877
-174385 -877
-174572 -858
-174572 -858
-174831 -868
-174831 -868
-175108 -835
-175108 -835
-175301 -910
-175301 -910
-175550 -865
-175550 -865
-175793 -799
-175793 -799
-175967 -795
-175967 -795
-176096 -832
-176422 -1602
-176569 -1602
-176569 -1602
-176734 -1565
-176734 -1565
-176939 -1748
-176939 -1748
-177147 -1835
-187631 -4125
-187597 -4336
-187597 -4336
-187415 -4449
-187415 -4449
-187275 -4213
-187275 -4213
-187108 -4033
-187108 -4033
-186959 -4094
-186959 -4094
-186828 -4182
-162297 -15279
-161494 -15279
-186828 -4182
-186620 -4171
-162727 -15048
-162456 -15277
-161585 -11825
-161488 -11785
-186620 -4171
-186401 -4104
-162456 -15277
-162297 -15279
-161488 -11785
-161394 -11846
-169467 -15254
-169231 -15038
-168070 -3450
-168231 -3605
-161394 -11846
-161285 -11783
-169231 -15038
-169093 -14762
-168231 -3605
-168142 -3785
-161285 -11783
-161096 -11877
-169093 -14762
-168908 -14680
-168142 -3785
-167966 -3926
-168908 -14680
-168648 -14519
-167966 -3926
-167780 -4173
-168648 -14519
-168479 -14386
-167780 -4173
-167558 -4186
-168479 -14386
-168402 -14189
-167558 -4186
-167400 -4199
-163682 -14243
-163500 -14192
-168402 -14189
-168279 -14039
-167400 -4199
-167263 -4254
-163500 -14192
-163439 -14453
-176459 -12794
-176323 -12516
-168279 -14039
-168220 -13966
-167263 -4254
-167013 -4415
-163439 -14453
-163455 -14486
-176323 -12516
-176112 -12286
-191443 -13224
-191362 -13193
-168220 -13966
-168250 -13730
-166839 -3866
-166859 -4111
-163455 -14486
-163279 -14873
-178550 -12646
-178807 -12795
-168250 -13730
-168230 -13569
-166859 -4111
-166928 -4146
-163279 -14873
-163223 -14871
-161630 -11885
-161585 -11825
-178807 -12795
-178924 -12927
-168230 -13569
-168147 -13359
-166928 -4146
-167013 -4415
-163223 -14871
-163234 -14916
-160555 -12405
-160311 -12462
-161096 -11877
-161205 -11597
-178924 -12927
-179099 -12948
-168147 -13359
-167995 -13157
-163234 -14916
-163314 -15020
-160311 -12462
-160206 -12181
-164848 -4412
-164848 -4412
-159947 -11853
-159878 -11579
-179099 -12948
-179284 -13054
-167995 -13157
-167918 -13078
-169960 -3602
-169975 -3602
-160206 -12181
-160025 -12006
-159878 -11579
-159852 -11545
-179284 -13054
-179488 -13116
-167918 -13078
-167681 -12892
-169975 -3602
-169889 -4284
-160025 -12006
-159947 -11853
-159852 -11545
-159840 -11531
-179488 -13116
-179682 -13183
-190088 -11556
-190016 -11643
-167681 -12892
-167477 -12659
-169889 -4284
-169930 -4274
-159840 -11531
-159831 -11494
-179682 -13183
-179874 -13178
-190016 -11643
-189917 -11750
-167477 -12659
-167263 -12497
-169930 -4274
-169944 -4311
-159831 -11494
-160206 -11216
-189661 -9801
-189881 -9856
-177904 -9121
-178026 -9189
-176059 -7042
-174708 -6116
-177004 -2581
-176925 -2447
-192534 -5148
-192549 -4950
-170720 -8155
-170813 -8370
-173993 -4979
-174034 -4813
-162521 -10849
-162333 -10940
-188194 -10188
-187915 -10129
-178026 -9189
-178262 -9184
-176925 -2447
-176958 -2172
-192549 -4950
-192644 -4728
-170813 -8370
-170772 -8520
-174034 -4813
-174047 -4656
-162333 -10940
-162313 -10967
-190587 -14082
-190740 -14115
-187915 -10129
-187717 -10104
-178262 -9184
-178358 -9055
-176958 -2172
-177093 -1991
-192644 -4728
-192813 -4474
-170772 -8520
-170780 -8665
-174047 -4656
-174007 -4500
-162313 -10967
-162281 -11121
-190740 -14115
-190886 -14153
-187717 -10104
-187576 -10059
-178358 -9055
-178634 -9175
-177093 -1991
-177147 -1835
-192813 -4474
-193006 -4336
-171935 -5228
-172164 -5050
-162281 -11121
-162219 -11301
-161631 -8580
-161715 -8507
-187576 -10059
-187356 -10052
-190886 -14153
-191144 -14026
-178634 -9175
-178785 -9284
-183938 -2380
-183679 -2308
-193006 -4336
-193130 -4082
-172164 -5050
-172283 -4982
-162219 -11301
-162140 -11272
-161715 -8507
-161800 -8478
-178785 -9284
-178929 -9497
-183679 -2308
-183548 -2147
-193130 -4082
-193230 -3928
-172283 -4982
-172332 -4864
-162140 -11272
-162054 -11272
-161800 -8478
-161858 -8457
-178929 -9497
-178925 -9396
-183548 -2147
-183357 -2026
-193230 -3928
-193248 -3760
-172332 -4864
-172376 -4836
-162054 -11272
-161952 -11313
-161858 -8457
-161867 -8450
-178925 -9396
-178906 -9179
-183357 -2026
-183287 -1998
-193248 -3760
-193340 -3530
-172376 -4836
-172359 -4775
-161952 -11313
-161942 -11356
-161867 -8450
-161867 -7901
-178906 -9179
-179080 -9126
-178586 -6336
-178508 -6406
-183287 -1998
-183058 -1922
-172359 -4775
-172365 -4755
-161942 -11356
-161944 -11369
-161631 -8580
-161446 -8343
-178508 -6406
-178266 -6344
-183058 -1922
-182808 -1854
-172365 -4755
-172749 -5119
-161944 -11369
-161869 -11370
-160958 -9460
-160963 -9438
-161446 -8343
-161317 -8287
-178266 -6344
-178145 -6301
-182808 -1854
-182627 -1935
-161869 -11370
-161700 -11392
-160963 -9438
-161052 -9396
-161317 -8287
-161125 -8162
-162307 -5185
-162307 -5185
-178145 -6301
-177896 -6187
-182627 -1935
-182462 -2227
-171550 -5151
-171512 -4962
-161700 -11392
-161692 -11384
-161052 -9396
-161330 -9130
-163797 -8411
-163911 -8451
-182462 -2227
-182219 -2344
-161692 -11384
-161257 -11097
-161330 -9130
-161589 -9071
-163911 -8451
-164057 -8567
-162347 -5151
-162347 -5151
-160195 -16218
-160398 -15963
-182219 -2344
-181955 -2426
-160398 -15963
-160512 -16013
-161257 -11097
-161436 -10965
-161589 -9071
-161815 -8967
-164057 -8567
-164308 -8495
-161525 -5132
-161525 -5132
-181955 -2426
-181712 -2616
-172928 -4349
-172920 -4500
-160512 -16013
-160560 -15992
-161815 -8967
-161851 -8763
-180384 -1694
-180411 -1672
-166738 -11347
-166470 -11400
-172920 -4500
-172903 -4915
-160560 -15992
-160562 -16015
-160706 -8237
-160787 -8461
-180411 -1672
-180840 -1125
-166470 -11400
-166354 -11400
-172903 -4915
-172905 -4965
-160562 -16015
-160573 -16011
-160787 -8461
-160754 -8651
-180840 -1125
-180892 -1169
-166354 -11400
-166110 -11373
-172905 -4965
-172890 -5085
-160573 -16011
-160578 -16022
-160754 -8651
-160771 -8762
-180892 -1169
-180966 -1274
-172890 -5085
-172749 -5119
-160578 -16022
-161497 -16008
-166110 -11373
-165878 -11238
-160771 -8762
-160905 -8861
-180966 -1274
-181035 -1556
-165878 -11238
-165705 -11130
-160905 -8861
-160958 -8933
-163486 -5100
-163486 -5100
-160015 -15862
-160146 -16093
-181035 -1556
-181155 -1802
-165705 -11130
-165449 -10999
-160958 -8933
-160996 -8977
-161449 -5084
-161449 -5084
-160146 -16093
-160195 -16218
-181155 -1802
-181204 -2042
-165449 -10999
-165212 -10804
-160996 -8977
-160994 -8998
-162029 -5068
-162029 -5068
-181204 -2042
-181295 -2311
-160994 -8998
-160998 -9000
-162000 -5031
-162000 -5031
-160043 -7682
-160043 -7682
-181295 -2311
-181463 -2532
