-217385 11456
-217380 11366
-224366 14903
-224190 14867
-217941 18731
-217667 18718
-198008 1884
-198002 1737
-201456 2421
-201463 2298
-206183 7108
-206055 6998
-217380 11366
-217483 11197
-224190 14867
-224022 14806
-217667 18718
-217481 18772
-198002 1737
-197770 1814
-201463 2298
-201483 2097
-206055 6998
-205958 7089
-217483 11197
-217592 11041
-224022 14806
-223780 14711
-217481 18772
-217320 18737
-197770 1814
-197624 1766
-201483 2097
-201301 1827
-205958 7089
-205750 7175
-217592 11041
-217740 10883
-223780 14711
-223602 14734
-217320 18737
-217112 18790
-197624 1766
-197495 1717
-201301 1827
-201318 1588
-205750 7175
-205600 7308
-217740 10883
-217814 10705
-223602 14734
-223479 14891
-217112 18790
-216845 18947
-201318 1588
-201222 1441
-197495 1717
-197471 1489
-205600 7308
-205455 7189
-217814 10705
-217946 10496
-223479 14891
-223200 14992
-216845 18947
-216619 18817
-201222 1441
-201303 1281
-197471 1489
-197510 1369
-205455 7189
-205380 7035
-217946 10496
-218189 10275
-223200 14992
-222926 14893
-216619 18817
-216431 18748
-205380 7035
-205201 6868
-218189 10275
-218418 10064
-222926 14893
-222658 15019
-216431 18748
-216303 18511
-194403 8029
-195079 7845
-218418 10064
-218499 9823
-222658 15019
-222446 15231
-216303 18511
-216203 18416
-195079 7845
-195970 7957
-218499 9823
-218766 9551
-222446 15231
-222232 15311
-216203 18416
-216004 18200
-195970 7957
-196564 8415
-218766 9551
-218913 9284
-222232 15311
-222023 15342
-216004 18200
-215963 17953
-196564 8415
-196782 8379
-218913 9284
-218970 9000
-222023 15342
-221898 15256
-215963 17953
-216000 17726
-196782 8379
-196890 8502
-218970 9000
-219010 8777
-221898 15256
-221686 15288
-217557 18000
-217515 18201
-196890 8502
-196869 8682
-221686 15288
-221493 15461
-217515 18201
-217446 18395
-230400 8931
-230600 8993
-196869 8682
-196864 8810
-221493 15461
-221490 15646
-217446 18395
-217661 18563
-196864 8810
-197077 8899
-230600 8993
-230558 9213
-221490 15646
-221455 15804
-217661 18563
-217850 18570
-230558 9213
-230486 9328
-197077 8899
-197269 8782
-221455 15804
-221313 15909
-217850 18570
-218094 18531
-230486 9328
-230400 9465
-197269 8782
-197538 8763
-221313 15909
-221190 15939
-218094 18531
-218375 18679
-228160 8040
-228102 8285
-230400 9465
-230352 9629
-225829 5400
-226022 5687
-217897 15306
-217880 15527
-218375 18679
-218584 18706
-228102 8285
-228119 8405
-230352 9629
-230336 9784
-226022 5687
-226015 5870
-217880 15527
-217615 15719
-228119 8405
-228086 8613
-230336 9784
-230378 9953
-200583 8649
-200734 8608
-226015 5870
-225821 6067
-217615 15719
-217496 15770
-228086 8613
-228178 8754
-230378 9953
-230510 10179
-200734 8608
-200912 8647
-225821 6067
-225759 6321
-217496 15770
-217320 15869
-228178 8754
-228312 8771
-230510 10179
-230606 10263
-200912 8647
-201158 8620
-225759 6321
-225767 6559
-217320 15869
-217125 16068
-228312 8771
-228476 8760
-201158 8620
-201406 8395
-225767 6559
-225676 6790
-217125 16068
-217035 16208
-228476 8760
-228760 8702
-201406 8395
-201411 8283
-210617 5275
-210330 5283
-215345 12301
-215425 12389
-227545 14187
-227632 13924
-197236 7225
-197128 7047
-210330 5283
-210208 5424
-215425 12389
-215287 12568
-227632 13924
-227554 13742
-197128 7047
-197114 6772
-210208 5424
-210096 5598
-215287 12568
-215537 12829
-227554 13742
-227287 13690
-197114 6772
-197094 6542
-210096 5598
-209853 5633
-225000 11546
-224827 11337
-227287 13690
-227017 13508
-197094 6542
-196920 6394
-209853 5633
-209682 5607
-224827 11337
-224606 11292
-227017 13508
-227013 13253
-196920 6394
-196659 6400
-209682 5607
-209509 5643
-224606 11292
-224323 11332
-227013 13253
-226800 13044
-196659 6400
-196490 6401
-209509 5643
-209265 5398
-224323 11332
-224096 11296
-230400 14129
-230242 14004
-196490 6401
-196354 6372
-215875 4219
-215682 4292
-228600 13232
-228445 13188
-230242 14004
-229957 14172
-196354 6372
-196147 6306
-215682 4292
-215437 4318
-219698 7200
-215039 7200
-228445 13188
-228240 13027
-229957 14172
-229673 14162
-196147 6306
-195878 6328
-215437 4318
-215301 4551
-215039 7200
-215065 7470
-228240 13027
-228053 12963
-229673 14162
-229457 14138
-195878 6328
-195664 6316
-215301 4551
-215213 4716
-215065 7470
-215006 7671
-228053 12963
-227789 12999
-229457 14138
-229337 14091
-195664 6316
-195526 6244
-215213 4716
-215182 4935
-215006 7671
-215037 7858
-227789 12999
-227697 13249
-229337 14091
-229318 14229
-215182 4935
-215204 5048
-215037 7858
-214987 8056
-227697 13249
-227469 13225
-229318 14229
-229177 14437
-215204 5048
-215343 5237
-214987 8056
-215084 8249
-227469 13225
-227373 12949
-229177 14437
-228943 14159
-215343 5237
-215329 5511
-215084 8249
-215299 8308
-227373 12949
-227432 12743
-228943 14159
-228929 13989
-218359 1317
-218264 1415
-218264 1415
-218026 1636
-215329 5511
-215243 5599
-215299 8308
-215468 8414
-227432 12743
-227299 12504
-228929 13989
-228724 13892
-218026 1636
-217740 1800
-215243 5599
-215018 5792
-215468 8414
-215664 8603
-227299 12504
-227088 12354
-228724 13892
-228589 13825
-215018 5792
-214803 5852
-215664 8603
-215599 8734
-217800 14097
-217646 14244
-227088 12354
-226904 12225
-214803 5852
-214649 5847
-215599 8734
-215631 8907
-217646 14244
-217616 14425
-226904 12225
-226686 12000
-214649 5847
-214431 5769
-215631 8907
-215726 9138
-226686 12000
-226446 11858
-217616 14425
-217609 14679
-230671 14400
-230400 14129
-230588 1681
-230543 1458
-214431 5769
-214200 5737
-215726 9138
-215893 9338
-226446 11858
-226276 11772
-214507 14292
-214297 14178
-217609 14679
-217695 14857
-230543 1458
-230498 1296
-215893 9338
-215894 9561
-226276 11772
-226156 11689
-214297 14178
-214477 14004
-217695 14857
-217940 15042
-215894 9561
-215955 9705
-226156 11689
-225941 11669
-214477 14004
-214511 13763
-217940 15042
-217897 15306
-225941 11669
-225713 11596
-214511 13763
-214661 13677
-215955 9705
-215968 9959
-215996 16161
-215732 16114
-223882 9898
-223672 9881
-217035 16208
-217094 16498
-223672 9881
-223491 9883
-217094 16498
-217382 16550
-223491 9883
-223200 9809
-217382 16550
-217607 16588
-217607 16588
-217742 16729
-217742 16729
-217721 16958
-217721 16958
-217685 17190
-217685 17190
-217682 17273
-217682 17273
-217667 17506
-221400 10399
-221202 10357
-217667 17506
-217673 17663
-221202 10357
-220920 10113
-217673 17663
-217645 17801
-220920 10113
-220769 9882
-217645 17801
-217557 18000
-220769 9882
-220687 9693
-221190 15939
-220989 15936
-220687 9693
-220455 9543
-220989 15936
-220748 15950
-220455 9543
-220309 9675
-220748 15950
-220733 16217
-220309 9675
-220082 9738
-220733 16217
-220678 16331
-220082 9738
-219868 9687
-220678 16331
-220465 16317
-212022 4421
-212113 4664
-219868 9687
-219600 9655
-220465 16317
-220233 16242
-212022 950
-212022 4421
-212113 4664
-212303 4704
-224096 11296
-223893 11475
-220233 16242
-220057 16201
-212303 4704
-212424 4769
-223893 11475
-223683 11624
-216000 17726
-216044 17576
-212424 4769
-212642 4806
-223683 11624
-223504 11699
-216044 17576
-216120 17319
-212642 4806
-212811 4835
-223504 11699
-223369 11737
-216120 17319
-216098 17193
-212811 4835
-213003 4885
-223369 11737
-223228 11696
-216098 17193
-216151 16993
-213003 4885
-213137 4943
-223228 11696
-223066 11719
-216151 16993
-216151 16884
-213137 4943
-213378 5065
-223066 11719
-222940 11814
-216151 16884
-216284 16647
-225713 11596
-225583 11639
-228760 8702
-228880 8668
-201411 8283
-201440 8077
-225583 11639
-225529 11642
-228880 8668
-229117 8589
-201440 8077
-201319 7795
-215935 4089
-216157 4029
-225529 11642
-225441 11679
-229117 8589
-229257 8573
-201319 7795
-201238 7631
-216157 4029
-216431 3951
-225441 11679
-225248 11626
-229257 8573
-229452 8579
-201238 7631
-201150 7480
-216431 3951
-216576 4009
-225248 11626
-225000 11546
-229452 8579
-229727 8671
-201150 7480
-201124 7326
-216576 4009
-216812 4064
-217155 12130
-217068 12349
-229727 8671
-229930 8757
-201124 7326
-201058 7126
-216812 4064
-216881 4034
-217068 12349
-217076 12553
-229930 8757
-230191 8862
-201058 7126
-201006 6991
-216881 4034
-217060 4067
-217076 12553
-217187 12730
-230191 8862
-230400 8931
-201006 6991
-200984 6798
-217060 4067
-217216 4096
-217187 12730
-217469 12848
-200984 6798
-200953 6637
-217216 4096
-217456 4060
-217469 12848
-217566 13111
-200953 6637
-200947 6472
-217740 1800
-217593 1928
-217456 4060
-217622 3954
-217566 13111
-217690 13376
-200947 6472
-200991 6272
-195526 6244
-195355 6106
-217622 3954
-217818 3722
-217593 1928
-217411 1933
-217690 13376
-217776 13583
-200991 6272
-200912 5989
-195355 6106
-195122 5925
-217411 1933
-217278 1968
-217818 3722
-217961 3493
-217776 13583
-217728 13794
-200912 5989
-200864 5815
-195122 5925
-194908 5877
-217278 1968
-217073 1996
-217961 3493
-218134 3326
-217728 13794
-217793 13940
-200864 5815
-200796 5690
-217073 1996
-216793 2131
-218134 3326
-218294 3227
-217793 13940
-217800 14097
-200796 5690
-200649 5453
-216793 2131
-216561 2020
-218294 3227
-218469 3168
-217155 12130
-217061 12195
-200649 5453
-200432 5224
-216561 2020
-216293 2162
-218469 3168
-218667 3259
-217061 12195
-216815 12243
-200432 5224
-200234 5043
-216293 2162
-216289 2426
-218667 3259
-218754 3367
-216815 12243
-216589 12432
-200234 5043
-200160 4829
-216289 2426
-216237 2503
-218754 3367
-218951 3600
-216589 12432
-216465 12480
-200160 4829
-200174 4615
-216237 2503
-216212 2720
-216465 12480
-216248 12634
-200174 4615
-200195 4447
-216212 2720
-216166 2863
-216248 12634
-216055 12757
-200195 4447
-200279 4307
-200583 8649
-200546 8653
-216166 2863
-216198 3141
-216055 12757
-215818 12857
-200279 4307
-200366 4151
-200546 8653
-200287 8707
-216198 3141
-216077 3432
-215818 12857
-215537 12829
-200366 4151
-200571 3984
-200287 8707
-200016 8732
-216077 3432
-215947 3487
-200571 3984
-200628 3850
-200016 8732
-199862 8770
-225676 6790
-225657 6922
-215968 9959
-215949 10092
-222940 11814
-222836 11841
-214661 13677
-214830 13485
-225657 6922
-225783 7054
-215949 10092
-215940 10270
-222836 11841
-222640 11773
-214830 13485
-214989 13228
-225783 7054
-225986 7134
-215940 10270
-215918 10455
-222640 11773
-222575 11932
-214989 13228
-215136 13077
-225986 7134
-226086 7200
-215918 10455
-215854 10626
-222575 11932
-222300 11950
-215136 13077
-215304 13021
-214200 5737
-214100 5685
-215854 10626
-215808 10800
-222300 11950
-222062 11966
-215304 13021
-215537 12829
-214100 5685
-213884 5587
-219698 7200
-226086 7200
-222062 11966
-221845 12069
-226800 13044
-226536 13125
-215039 7200
-215085 6961
-219010 8777
-219007 8504
-221845 12069
-221712 11932
-226536 13125
-226425 13240
-205201 6868
-205018 6912
-215085 6961
-215084 6668
-219007 8504
-219071 8298
-221712 11932
-221455 11913
-226425 13240
-226216 13451
-205018 6912
-204770 6831
-215084 6668
-214824 6625
-219071 8298
-219255 8085
-221455 11913
-221340 12026
-226216 13451
-225961 13270
-199602 5592
-199598 3602
-204770 6831
-204525 6757
-214824 6625
-214771 6694
-219255 8085
-219463 7861
-221340 12026
-221097 12061
-225961 13270
-225842 13457
-199598 3602
-199600 0
-204525 6757
-204384 6729
-214771 6694
-214876 6411
-219463 7861
-219647 7718
-221097 12061
-220880 12085
-225842 13457
-225874 13711
-204384 6729
-204201 6921
-214876 6411
-214638 6200
-219647 7718
-219777 7481
-220880 12085
-220674 12154
-225874 13711
-225967 13923
-230400 8931
-230181 9000
-204201 6921
-203983 6896
-214638 6200
-214486 6236
-219777 7481
-219698 7200
-220674 12154
-220469 12372
-225967 13923
-226030 14147
-230181 9000
-229201 9352
-203983 6896
-203753 6973
-214486 6236
-214339 6202
-226086 7200
-226227 7244
-220469 12372
-220192 12431
-226030 14147
-225959 14400
-229201 9352
-229178 9334
-203753 6973
-203547 6902
-214339 6202
-214182 5972
-226227 7244
-226462 7275
-220192 12431
-220046 12370
-229178 9334
-229074 9378
-203547 6902
-203337 7036
-224840 1414
-224973 1621
-224973 1621
-225072 1663
-214182 5972
-214011 5831
-226462 7275
-226678 7246
-220046 12370
-219810 12392
-229074 9378
-228914 9355
-203337 7036
-203110 6978
-225072 1663
-225117 1833
-214011 5831
-213884 5587
-226678 7246
-226874 7259
-219810 12392
-219692 12383
-228914 9355
-228650 9297
-203110 6978
-202888 6991
-225117 1833
-225098 1969
-219692 12383
-219654 12384
-226874 7259
-227137 7505
-228650 9297
-228534 9396
-202888 6991
-202688 6884
-200546 8653
-200482 8426
-225098 1969
-225075 2174
-219654 12384
-219623 12398
-227137 7505
-227207 7781
-228534 9396
-228520 9574
-202688 6884
-202465 6793
-200482 8426
-200389 8211
-225075 2174
-225117 2336
-219623 12398
-219600 12414
-227207 7781
-227474 7811
-228520 9574
-228463 9746
-202465 6793
-202194 6796
-200389 8211
-200257 8003
-225117 2336
-225118 2526
-219600 12414
-219600 9655
-227474 7811
-227724 7732
-228463 9746
-228452 9882
-202194 6796
-201923 6675
-200257 8003
-200228 7858
-225118 2526
-224922 2758
-223200 9809
-222970 9687
-227724 7732
-227830 7767
-228452 9882
-228189 9947
-201923 6675
-201778 6665
-200228 7858
-200001 7570
-224922 2758
-224930 3035
-222970 9687
-222691 9661
-227830 7767
-227984 7858
-228189 9947
-227907 10015
-201778 6665
-201595 6594
-200001 7570
-199888 7437
-224930 3035
-224894 3303
-222691 9661
-222543 9703
-227984 7858
-228160 8040
-227907 10015
-227659 10173
-201595 6594
-201345 6745
-199888 7437
-199909 7230
-213378 5065
-213568 5262
-215732 16114
-215498 16021
-216284 16647
-216477 16477
-213568 5262
-213695 5420
-215498 16021
-215295 16063
-216477 16477
-216367 16224
-213695 5420
-213884 5587
-215295 16063
-215206 15978
-216367 16224
-216257 16213
-199602 5592
-199358 5582
-215206 15978
-214992 15860
-216257 16213
-215996 16161
-199358 5582
-199311 5419
-214992 15860
-214855 15714
-220057 16201
-219932 16282
-199311 5419
-199226 5196
-214855 15714
-214953 15502
-219932 16282
-219732 16281
-199226 5196
-199145 4992
-209265 5398
-209074 5429
-214953 15502
-214961 15381
-219732 16281
-219600 16264
-199145 4992
-198960 4872
-209074 5429
-208896 5433
-214961 15381
-215022 15114
-219600 16264
-219443 16499
-198960 4872
-198910 4721
-208896 5433
-208758 5559
-215022 15114
-214987 15024
-219443 16499
-219356 16620
-198910 4721
-198875 4556
-208758 5559
-208738 5775
-214987 15024
-214713 14927
-219356 16620
-219364 16767
-198875 4556
-198766 4359
-208738 5775
-208647 5957
-214713 14927
-214665 14800
-219364 16767
-219244 16974
-198766 4359
-198749 4100
-208647 5957
-208446 6005
-214665 14800
-214633 14597
-219244 16974
-219048 16950
-198749 4100
-198823 3945
-208446 6005
-208266 6006
-214633 14597
-214567 14460
-219048 16950
-218796 17115
-198823 3945
-198583 3823
-208266 6006
-208067 6133
-214567 14460
-214507 14292
-218796 17115
-218597 17211
-198583 3823
-198432 3841
-208067 6133
-207785 6177
-225959 14400
-225731 14513
-218597 17211
-218419 17428
-198432 3841
-198255 3672
-207785 6177
-207540 6058
-225731 14513
-225566 14532
-218419 17428
-218299 17594
-198255 3672
-198327 3397
-215808 10800
-215830 11044
-225566 14532
-225437 14550
-218299 17594
-218102 17829
-198327 3397
-198075 3120
-207540 6058
-207351 6123
-215830 11044
-215765 11178
-225437 14550
-225231 14462
-218102 17829
-218219 18071
-198075 3120
-198081 2861
-207351 6123
-207186 6114
-215765 11178
-215702 11289
-225231 14462
-225156 14633
-218219 18071
-218314 18333
-198081 2861
-198124 2628
-200643 3602
-200714 3372
-207186 6114
-207005 6330
-215702 11289
-215682 11477
-225156 14633
-225087 14859
-218314 18333
-218360 18523
-198124 2628
-198208 2510
-200714 3372
-200729 3137
-207005 6330
-206800 6562
-215682 11477
-215590 11657
-225087 14859
-224868 14930
-218360 18523
-218584 18706
-198208 2510
-198239 2354
-200729 3137
-200960 2939
-206800 6562
-206755 6731
-215590 11657
-215491 11803
-224868 14930
-224730 15060
-218584 18706
-218441 18837
-198239 2354
-198123 2197
-200960 2939
-201140 2838
-206755 6731
-206633 6920
-215491 11803
-215320 12069
-224730 15060
-224576 15022
-218441 18837
-218192 18777
-198123 2197
-197918 2112
-201140 2838
-201237 2638
-206633 6920
-206397 7119
-215320 12069
-215345 12301
-224576 15022
-224366 14903
-218192 18777
-217941 18731
-197918 2112
-198008 1884
-201237 2638
-201456 2421
-206397 7119
-206183 7108
-200628 3850
-200643 3602
-199909 7230
-200125 6993
-199862 8770
-199814 8783
-215935 4089
-215875 4219
-200125 6993
-200056 6791
-199814 8783
-199735 8781
-230755 12525
-230508 12433
-230508 12433
-230237 12413
-200056 6791
-199770 6649
-199735 8781
-199544 8782
-230237 12413
-230032 12318
-199770 6649
-199609 6502
-199544 8782
-199386 8708
-230032 12318
-229836 12474
-199609 6502
-199589 6344
-199386 8708
-199243 8814
-229836 12474
-229769 12634
-199589 6344
-199608 6160
-199243 8814
-199151 9057
-229769 12634
-229635 12706
-199608 6160
-199577 5874
-199151 9057
-198997 9046
-229635 12706
-229465 12853
-199577 5874
-199602 5592
-198997 9046
-198844 9014
-229465 12853
-229430 13054
-198844 9014
-198621 9215
-229430 13054
-229365 13314
-198621 9215
-198369 9094
-229365 13314
-229086 13471
-198369 9094
-198201 9193
-229086 13471
-228839 13321
-198201 9193
-198012 9329
-228839 13321
-228600 13232
-198012 9329
-197766 9068
-197766 9068
-197679 8964
-212022 4421
-211861 4265
-197679 8964
-197538 8763
-211861 4265
-211604 4288
-219600 9655
-219332 9492
-211604 4288
-211377 4469
-219332 9492
-219300 9265
-228589 13825
-228460 13906
-211377 4469
-211232 4628
-219300 9265
-219353 9160
-228460 13906
-228310 14136
-197538 8763
-197490 8634
-211232 4628
-210988 4587
-219353 9160
-219285 8886
-228310 14136
-228287 14312
-197490 8634
-197265 8346
-210988 4587
-210813 4646
-219285 8886
-219010 8777
-228287 14312
-228111 14272
-197265 8346
-197287 8116
-210813 4646
-210671 4558
-217155 12130
-217234 11962
-228111 14272
-227967 14271
-197287 8116
-197168 7865
-210671 4558
-210513 4712
-217234 11962
-217451 11858
-227967 14271
-227856 14297
-197168 7865
-197301 7701
-210513 4712
-210545 4987
-217451 11858
-217417 11607
-227856 14297
-227713 14263
-197301 7701
-197322 7457
-210545 4987
-210617 5275
-217417 11607
-217385 11456
-227713 14263
-227545 14187
-197322 7457
-197236 7225
-224894 3303
-224795 3487
-215947 3487
-215927 3533
-222543 9703
-222381 9772
-227659 10173
-227394 10111
-201345 6745
-201320 7023
-224795 3487
-224870 3610
-215927 3533
-215911 3561
-222381 9772
-222281 9858
-227394 10111
-227122 10085
-201320 7023
-201277 7254
-215911 3561
-215930 3600
-224870 3610
-224902 3843
-222281 9858
-222095 10061
-227122 10085
-226987 10098
-201277 7254
-201401 7522
-215930 3600
-215935 4089
-224902 3843
-225074 3903
-222095 10061
-222105 10291
-226987 10098
-226800 10095
-201401 7522
-201570 7745
-218951 3600
-218949 3827
-225074 3903
-225180 4121
-222105 10291
-221846 10559
-228160 8040
-228218 7798
-201570 7745
-201729 7982
-218949 3827
-219125 4015
-225180 4121
-225195 4231
-221846 10559
-221631 10585
-228218 7798
-228397 7652
-201729 7982
-201973 8085
-219125 4015
-219414 3898
-225195 4231
-225274 4420
-221631 10585
-221400 10399
-228397 7652
-228600 7617
-201973 8085
-202007 8321
-219414 3898
-219641 3905
-225274 4420
-225349 4646
-228600 7617
-228729 7673
-226800 10095
-226676 10026
-202007 8321
-201874 8531
-219641 3905
-219735 3870
-225349 4646
-225366 4774
-226676 10026
-226487 9955
-228729 7673
-228938 7634
-201874 8531
-201695 8451
-219735 3870
-219919 3636
-225366 4774
-225432 5021
-226487 9955
-226227 9973
-228938 7634
-229095 7451
-201695 8451
-201552 8715
-219919 3636
-220059 3399
-225432 5021
-225562 5216
-226227 9973
-226066 9844
-229095 7451
-229228 7278
-201552 8715
-201558 8896
-220059 3399
-220302 3435
-225562 5216
-225829 5400
-226066 9844
-225895 9813
-229228 7278
-229459 7260
-201558 8896
-201393 9116
-222008 1800
-222083 1721
-220302 3435
-220494 3515
-225895 9813
-225764 9776
-229459 7260
-229654 7141
-201393 9116
-201169 8962
-222083 1721
-222186 1473
-220494 3515
-220550 3525
-225764 9776
-225625 9741
-229654 7141
-229844 7072
-201169 8962
-201018 8865
-222186 1473
-222224 1316
-220550 3525
-220843 3528
-225625 9741
-225414 9863
-229844 7072
-230033 7174
-201018 8865
-200821 8845
-220843 3528
-221005 3282
-225414 9863
-225309 9844
-230033 7174
-230259 7174
-200821 8845
-200583 8649
-221005 3282
-221143 3032
-225309 9844
-225056 9902
-230259 7174
-230519 6999
-221143 3032
-221232 2829
-225056 9902
-224912 9965
-230519 6999
-230629 6836
-221232 2829
-221428 2592
-224912 9965
-224763 9990
-221428 2592
-221612 2447
-224763 9990
-224504 9994
-221612 2447
-221804 2199
-224504 9994
-224417 9974
-221804 2199
-221876 1969
-224417 9974
-224198 9938
-221876 1969
-222008 1800
-224198 9938
-224028 9923
-224028 9923
-223882 9898
