-217760 -49752
-217813 -49663
-209923 -46467
-210051 -46279
-210016 -38810
-210136 -38603
-221440 -35625
-221481 -35810
-227865 -35135
-227862 -35132
-201161 -47721
-200968 -47877
-217813 -49663
-218037 -49527
-210051 -46279
-210207 -46041
-210136 -38603
-210182 -38384
-221481 -35810
-221543 -35997
-227862 -35132
-227819 -35133
-229525 -33821
-229627 -33580
-200968 -47877
-200768 -48030
-218037 -49527
-218312 -49448
-210207 -46041
-210242 -45856
-210182 -38384
-210183 -38235
-227819 -35133
-227618 -35135
-199231 -48601
-199055 -48852
-205199 -48033
-205059 -47845
-218312 -49448
-218552 -49294
-210242 -45856
-210276 -45587
-210183 -38235
-210308 -38046
-227618 -35135
-227514 -35129
-199055 -48852
-198861 -48973
-205059 -47845
-205023 -47716
-210276 -45587
-210283 -45435
-227514 -35129
-227497 -35130
-198861 -48973
-198568 -49127
-205023 -47716
-204807 -47483
-210283 -45435
-210349 -45290
-227497 -35130
-227483 -35127
-198568 -49127
-198304 -49185
-210349 -45290
-210376 -45115
-227483 -35127
-227189 -35112
-210376 -45115
-210389 -44963
-227189 -35112
-227177 -34863
-210389 -44963
-210438 -44704
-227177 -34863
-227077 -34754
-210438 -44704
-210557 -44460
-227077 -34754
-227059 -34657
-210557 -44460
-210543 -44282
-227059 -34657
-227056 -34612
-198667 -46796
-198646 -46830
-210543 -44282
-210600 -43998
-227056 -34612
-227079 -34228
-198646 -46830
-198621 -47003
-227079 -34228
-227157 -34130
-198621 -47003
-198307 -47019
-196201 -34658
-196376 -34658
-203082 -49825
-203065 -49620
-198307 -47019
-198318 -47038
-196376 -34658
-196524 -34630
-205199 -48541
-205247 -48289
-203065 -49620
-203053 -49487
-198318 -47038
-198286 -47071
-196524 -34630
-196733 -34702
-203053 -49487
-202980 -49244
-205247 -48289
-205199 -48033
-198286 -47071
-198420 -47249
-196733 -34702
-196480 -34948
-202980 -49244
-203048 -49024
-198420 -47249
-198491 -47427
-196480 -34948
-196448 -35094
-203048 -49024
-203169 -48869
-198491 -47427
-198510 -47605
-196448 -35094
-196532 -35256
-221507 -34200
-221665 -34025
-203169 -48869
-203284 -48822
-198510 -47605
-198558 -47796
-196532 -35256
-196576 -35438
-221665 -34025
-221620 -33841
-203284 -48822
-203511 -48593
-198558 -47796
-198542 -47979
-196576 -35438
-196571 -35704
-221620 -33841
-221739 -33726
-203511 -48593
-203564 -48418
-198542 -47979
-198635 -48154
-202020 -45496
-201747 -45714
-196571 -35704
-196705 -35962
-205022 -51019
-205268 -51107
-203564 -48418
-203713 -48250
-198635 -48154
-198524 -48389
-201747 -45714
-201727 -45956
-205268 -51107
-205513 -51035
-198524 -48389
-198569 -48634
-203713 -48250
-203794 -48174
-201727 -45956
-201624 -46053
-205513 -51035
-205693 -50995
-198569 -48634
-198553 -48692
-203794 -48174
-203869 -47925
-201624 -46053
-201576 -46218
-204115 -39351
-204233 -39141
-222659 -43180
-222607 -43401
-222287 -39551
-222081 -39822
-222990 -39551
-222287 -39551
-228464 -43446
-228469 -43655
-205793 -43101
-205846 -42904
-222607 -43401
-222496 -43551
-221746 -41709
-222885 -41705
-222081 -39822
-221956 -39916
-228469 -43655
-228545 -43738
-205846 -42904
-205910 -42685
-222496 -43551
-222382 -43759
-222464 -41031
-222216 -41277
-221956 -39916
-221932 -40174
-228545 -43738
-228581 -43756
-205910 -42685
-206095 -42537
-222382 -43759
-222300 -43895
-222216 -41277
-222089 -41526
-221932 -40174
-221876 -40379
-228581 -43756
-228601 -43757
-206095 -42537
-206289 -42380
-222300 -43895
-222277 -44140
-222089 -41526
-221884 -41620
-221876 -40379
-222012 -40519
-228601 -43757
-228600 -43799
-206289 -42380
-206432 -42405
-222277 -44140
-222251 -44309
-221884 -41620
-221746 -41709
-222012 -40519
-222270 -40799
-228600 -43799
-227911 -43801
-206432 -42405
-206608 -42236
-222251 -44309
-222206 -44448
-222885 -41705
-223203 -41702
-206608 -42236
-206656 -42010
-205693 -40751
-205900 -40744
-222206 -44448
-222166 -44580
-223203 -41702
-223200 -41400
-206656 -42010
-206715 -41814
-205900 -40744
-206057 -40676
-222166 -44580
-222031 -44744
-223200 -41400
-223508 -41401
-206715 -41814
-206743 -41702
-206057 -40676
-206346 -40736
-222031 -44744
-222039 -44150
-206743 -41702
-206776 -41567
-206346 -40736
-206418 -40590
-222039 -44150
-222041 -43522
-206776 -41567
-206666 -41362
-206418 -40590
-206675 -40649
-222041 -43522
-221508 -43519
-206675 -40649
-206818 -40671
-221508 -43519
-221511 -43298
-206818 -40671
-207021 -40722
-221511 -43298
-221512 -42695
-207021 -40722
-207201 -40780
-194926 -42077
-195069 -41988
-221512 -42695
-221634 -42697
-223942 -42594
-223735 -42695
-207201 -40780
-207386 -40646
-195711 -40752
-195501 -40917
-195069 -41988
-195283 -41940
-223735 -42695
-223522 -42685
-207386 -40646
-207476 -40369
-195283 -41940
-195449 -41922
-195501 -40917
-195310 -40847
-223718 -39708
-223771 -39673
-207476 -40369
-207566 -40248
-195449 -41922
-195697 -41999
-195310 -40847
-195082 -40677
-223034 -35817
-223173 -36034
-207566 -40248
-207857 -40227
-195697 -41999
-195708 -42006
-195082 -40677
-194908 -40755
-207857 -40227
-207879 -40035
-223173 -36034
-223100 -36242
-195708 -42006
-196092 -41926
-230650 -42368
-230488 -42284
-194908 -40755
-195057 -40923
-207879 -40035
-207872 -39865
-230488 -42284
-230283 -42286
-196092 -41926
-196134 -41943
-195057 -40923
-195036 -41103
-222885 -41705
-222990 -41855
-207872 -39865
-207959 -39757
-196134 -41943
-196219 -41964
-195036 -41103
-194887 -41260
-222990 -41855
-223074 -41987
-207959 -39757
-207928 -39531
-196219 -41964
-196354 -42007
-223074 -41987
-223120 -42151
-207928 -39531
-208124 -39374
-196354 -42007
-196474 -42045
-223120 -42151
-223072 -42264
-208124 -39374
-208209 -39126
-196474 -42045
-196733 -42173
-221543 -35997
-221686 -36248
-207285 -36594
-207290 -36467
-221686 -36248
-221763 -36539
-207290 -36467
-207367 -36187
-196201 -37353
-196269 -37385
-221763 -36539
-221584 -36711
-207367 -36187
-207488 -36002
-196269 -37385
-196299 -37396
-221584 -36711
-221674 -36851
-196299 -37396
-196358 -37339
-221674 -36851
-221588 -37109
-197215 -39125
-197177 -38986
-196358 -37339
-196642 -37306
-221588 -37109
-221404 -37272
-197177 -38986
-197110 -38798
-196642 -37306
-196717 -37282
-221404 -37272
-221280 -37494
-227911 -43801
-227979 -43980
-197110 -38798
-196955 -38568
-196717 -37282
-196751 -37276
-221280 -37494
-221312 -37636
-227979 -43980
-228014 -44169
-196955 -38568
-196803 -38478
-196751 -37276
-197491 -36858
-221312 -37636
-221322 -37801
-228014 -44169
-227994 -44273
-197491 -36858
-197561 -36845
-196803 -38478
-196663 -38358
-227994 -44273
-227836 -44227
-197561 -36845
-197671 -36869
-196663 -38358
-196580 -38125
-197671 -36869
-197723 -36848
-197723 -36848
-197939 -36683
-197939 -36683
-198013 -36537
-198013 -36537
-198173 -36453
-198173 -36453
-198387 -36558
-198387 -36558
-198593 -36782
-227836 -44227
-227614 -44085
-227662 -45687
-227509 -45468
-227614 -44085
-227407 -44050
-227509 -45468
-227296 -45512
-227407 -44050
-227262 -43926
-213795 -50040
-213729 -50325
-227296 -45512
-227055 -45658
-213729 -50325
-213645 -50538
-227055 -45658
-227060 -45830
-213645 -50538
-213532 -50757
-227060 -45830
-226875 -46037
-213532 -50757
-213401 -50944
-213401 -50944
-213365 -51209
-205693 -50995
-205832 -51081
-198553 -48692
-198529 -48717
-203869 -47925
-203974 -47632
-201576 -46218
-201518 -46419
-205832 -51081
-205972 -51045
-198529 -48717
-198529 -48723
-203974 -47632
-204164 -47353
-201518 -46419
-201411 -46536
-202709 -34393
-202533 -34503
-205972 -51045
-206224 -50986
-198529 -48723
-198304 -49185
-204164 -47353
-204207 -47218
-201411 -46536
-201279 -46800
-202533 -34503
-202444 -34554
-206224 -50986
-206443 -51054
-204207 -47218
-204286 -47053
-202444 -34554
-202185 -34633
-218207 -46779
-218121 -46566
-206443 -51054
-206579 -50981
-204286 -47053
-204174 -46790
-202185 -34633
-201915 -34709
-224370 -33620
-224601 -33757
-218121 -46566
-218127 -46425
-206579 -50981
-206783 -51090
-204174 -46790
-204261 -46638
-201915 -34709
-201792 -34727
-218127 -46425
-218076 -46139
-206783 -51090
-206954 -51151
-198357 -49317
-198165 -49601
-201792 -34727
-201583 -34704
-218076 -46139
-218077 -45894
-206954 -51151
-207087 -51161
-198165 -49601
-197955 -49890
-201583 -34704
-201325 -34702
-218077 -45894
-218253 -45836
-207087 -51161
-207240 -51009
-197955 -49890
-197995 -49994
-207484 -35009
-207285 -35144
-201325 -34702
-201178 -34873
-218253 -45836
-218478 -45837
-207240 -51009
-207488 -51192
-197995 -49994
-197799 -50234
-207285 -35144
-207168 -35192
-201178 -34873
-200932 -35037
-218478 -45837
-218672 -45848
-207488 -51192
-207607 -51315
-197799 -50234
-197664 -50319
-207168 -35192
-207155 -35434
-200932 -35037
-200721 -35174
-218672 -45848
-218953 -45931
-197664 -50319
-197700 -50525
-207155 -35434
-207181 -35639
-200721 -35174
-200603 -35300
-197700 -50525
-197650 -50760
-207181 -35639
-207002 -35848
-200603 -35300
-200533 -35421
-197650 -50760
-197553 -50989
-207002 -35848
-206923 -35922
-200533 -35421
-200431 -35627
-206923 -35922
-206701 -35927
-200431 -35627
-200308 -35569
-206770 -45004
-206788 -45229
-206701 -35927
-206624 -35856
-200308 -35569
-200143 -35720
-206788 -45229
-206679 -45512
-206624 -35856
-206417 -35782
-200143 -35720
-200059 -35923
-206679 -45512
-206648 -45701
-200059 -35923
-200004 -36031
-206417 -35782
-206204 -35609
-209082 -33619
-208867 -33747
-206648 -45701
-206663 -45926
-200004 -36031
-199999 -36222
-206204 -35609
-206142 -35456
-206663 -45926
-206596 -46098
-206142 -35456
-205941 -35276
-206596 -46098
-206540 -46231
-205941 -35276
-205896 -35083
-206540 -46231
-206361 -46408
-205896 -35083
-205809 -34912
-206361 -46408
-206286 -46571
-205809 -34912
-205719 -34713
-206286 -46571
-206317 -46720
-205719 -34713
-205598 -34531
-223072 -42264
-223276 -42495
-208209 -39126
-208393 -39056
-199211 -43025
-199402 -43214
-204233 -39141
-204356 -38942
-196733 -42173
-196880 -41974
-223276 -42495
-223522 -42685
-208393 -39056
-208527 -38923
-204356 -38942
-204478 -38813
-196880 -41974
-197029 -41957
-208527 -38923
-208483 -38637
-204478 -38813
-204527 -38617
-197029 -41957
-197261 -42174
-209408 -41401
-209221 -41623
-208483 -38637
-208660 -38492
-197261 -42174
-197446 -42250
-204527 -38617
-204457 -38332
-209221 -41623
-209062 -41863
-208660 -38492
-208791 -38287
-197446 -42250
-197723 -42141
-204457 -38332
-204423 -38069
-209062 -41863
-209033 -42123
-197723 -42141
-197741 -42139
-205693 -40751
-205419 -40522
-204423 -38069
-204185 -37799
-209033 -42123
-208863 -42407
-197741 -42139
-197784 -42137
-205419 -40522
-205463 -40418
-204185 -37799
-204334 -37617
-208863 -42407
-208649 -42654
-197784 -42137
-197872 -42064
-205463 -40418
-205389 -40226
-204334 -37617
-204596 -37369
-221634 -42697
-221502 -42431
-208649 -42654
-208472 -42888
-197872 -42064
-198000 -41944
-205389 -40226
-205276 -39948
-204596 -37369
-204889 -37327
-208472 -42888
-208400 -43046
-221502 -42431
-221519 -42264
-205276 -39948
-205325 -39781
-204889 -37327
-205122 -37288
-208400 -43046
-208304 -43210
-221519 -42264
-221578 -42113
-205325 -39781
-205419 -39616
-221578 -42113
-221660 -42025
-205419 -39616
-205213 -39538
-221660 -42025
-221574 -41828
-205213 -39538
-204987 -39397
-218953 -45931
-219138 -45781
-204987 -39397
-204795 -39431
-219138 -45781
-219282 -45570
-204795 -39431
-204623 -39506
-219282 -45570
-219409 -45450
-204623 -39506
-204334 -39650
-219409 -45450
-219571 -45241
-204334 -39650
-204225 -39775
-219571 -45241
-219772 -44984
-204225 -39775
-204206 -39691
-199866 -43745
-200001 -43627
-204206 -39691
-204190 -39681
-200001 -43627
-200160 -43442
-204190 -39681
-204170 -39684
-200160 -43442
-200148 -43287
-204170 -39684
-204108 -39714
-200148 -43287
-200276 -43129
-204108 -39714
-204115 -39351
-200276 -43129
-200365 -42970
-199846 -41054
-199982 -41264
-200365 -42970
-200544 -42763
-199982 -41264
-200168 -41437
-213365 -51209
-213543 -51446
-208791 -38287
-209040 -38226
-209040 -38226
-209132 -38213
-209132 -38213
-209353 -38032
-209353 -38032
-209560 -37984
-209560 -37984
-209658 -37766
-225961 -37772
-226800 -37768
-209658 -37766
-209830 -37641
-226800 -37768
-227567 -37772
-225961 -37772
-225583 -37057
-228706 -37772
-228559 -37690
-228559 -37690
-228566 -37452
-228566 -37452
-228464 -37343
-228464 -37343
-228496 -37224
-194921 -36612
-194941 -36786
-228496 -37224
-228497 -37041
-194941 -36786
-194926 -36819
-228497 -37041
-228758 -36874
-228758 -36874
-228906 -36642
-228906 -36642
-228895 -36473
-228895 -36473
-228906 -36334
-228906 -36334
-228909 -36127
-228909 -36127
-228947 -36000
-227567 -37772
-228706 -37772
-194811 -36873
-195034 -36892
-227551 -36600
-227599 -36738
-195034 -36892
-195246 -36905
-227599 -36738
-227630 -36911
-195246 -36905
-195388 -36876
-206317 -46720
-206372 -46943
-205598 -34531
-205388 -34303
-206372 -46943
-206562 -47077
-206562 -47077
-206750 -47223
-206750 -47223
-206951 -47355
-221739 -33726
-221804 -33460
-223771 -39673
-223785 -39629
-223785 -39629
-223785 -39609
-223785 -39609
-223788 -39601
-223788 -39601
-223200 -38154
-206393 -49531
-206193 -49594
-223200 -38154
-223056 -37792
-206193 -49594
-206098 -49459
-207942 -51462
-207706 -51234
-207706 -51234
-207624 -51054
-223056 -37792
-223043 -37791
-223043 -37791
-222897 -37602
-207624 -51054
-207631 -50818
-222897 -37602
-222857 -37407
-207631 -50818
-207592 -50557
-202425 -47802
-202293 -48025
-222857 -37407
-222859 -37228
-207592 -50557
-207476 -50335
-202293 -48025
-202024 -48262
-202024 -48262
-201760 -48352
-222859 -37228
-222593 -37101
-208867 -33747
-208616 -34039
-207476 -50335
-207299 -50126
-204723 -47318
-204607 -47050
-207299 -50126
-207219 -49897
-201760 -48352
-201504 -48338
-222593 -37101
-222698 -36820
-208616 -34039
-208418 -34182
-204607 -47050
-204442 -46801
-197215 -39125
-197152 -39341
-207219 -49897
-207065 -49712
-201504 -48338
-201467 -48122
-222698 -36820
-222805 -36697
-208418 -34182
-208161 -34162
-197152 -39341
-197099 -39466
-207065 -49712
-206962 -49568
-201467 -48122
-201451 -47962
-222805 -36697
-222887 -36406
-208161 -34162
-207903 -34184
-197099 -39466
-197080 -39506
-201451 -47962
-201161 -47721
-207903 -34184
-207775 -34349
-197080 -39506
-196915 -39726
-207775 -34349
-207818 -34568
-196915 -39726
-196835 -39869
-207818 -34568
-207782 -34723
-196835 -39869
-196812 -40030
-224721 -35300
-224641 -35590
-207782 -34723
-207789 -34876
-197553 -50989
-197545 -51195
-196812 -40030
-196585 -40255
-224641 -35590
-224398 -35682
-207789 -34876
-207665 -34930
-197545 -51195
-197425 -51340
-196585 -40255
-196441 -40392
-200544 -42763
-200488 -42565
-200168 -41437
-200370 -41718
-200488 -42565
-200453 -42405
-200370 -41718
-200525 -41997
-200453 -42405
-200637 -42213
-200525 -41997
-200637 -42213
-217377 -43201
-217347 -42957
-217347 -42957
-217386 -42725
-217386 -42725
-217615 -42458
-217615 -42458
-217533 -42181
-217533 -42181
-217636 -41894
-217636 -41894
-217567 -41728
-217567 -41728
-217607 -41591
-217607 -41591
-217584 -41426
-217584 -41426
-217666 -41273
-223942 -42594
-224205 -42502
-224205 -42502
-224492 -42372
-224492 -42372
-224644 -42175
-224644 -42175
-224705 -41952
-224705 -41952
-224779 -41815
-223942 -42594
-223903 -42430
-223903 -42430
-223931 -42261
-223931 -42261
-223903 -41969
-221398 -46634
-221413 -46798
-227630 -36911
-227649 -37086
-200042 -36419
-200061 -36684
-195388 -36876
-195574 -37009
-221413 -46798
-221243 -46840
-227649 -37086
-227728 -37205
-200061 -36684
-200237 -36872
-195574 -37009
-195784 -37177
-221243 -46840
-221097 -46879
-227728 -37205
-227732 -37422
-200237 -36872
-200419 -36920
-195784 -37177
-196047 -37224
-221097 -46879
-220815 -46975
-227732 -37422
-227712 -37522
-200419 -36920
-200442 -37175
-196047 -37224
-196201 -37353
-220815 -46975
-220677 -47037
-227712 -37522
-227567 -37772
-200442 -37175
-200365 -37323
-220677 -47037
-220515 -47094
-200365 -37323
-200350 -37481
-220515 -47094
-220338 -47115
-200350 -37481
-200288 -37654
-220338 -47115
-220051 -47227
-224182 -37759
-223637 -37277
-200288 -37654
-200249 -37887
-220051 -47227
-219848 -47239
-223637 -37277
-223645 -37266
-200249 -37887
-200309 -38145
-219848 -47239
-219730 -47239
-223645 -37266
-223675 -37241
-200309 -38145
-200337 -38328
-219730 -47239
-219518 -47246
-223675 -37241
-223694 -37202
-200337 -38328
-200400 -38446
-219518 -47246
-219279 -47235
-223694 -37202
-223700 -37049
-200400 -38446
-200622 -38423
-217375 -50372
-217544 -50615
-219279 -47235
-219063 -47147
-223700 -37049
-223683 -36808
-223683 -36808
-223840 -36811
-200622 -38423
-200720 -38317
-217544 -50615
-217742 -50821
-219063 -47147
-218916 -47233
-223840 -36811
-224079 -36889
-200720 -38317
-200920 -38427
-217742 -50821
-217736 -50987
-218916 -47233
-218662 -47235
-224079 -36889
-224215 -36952
-200920 -38427
-201169 -38380
-217736 -50987
-217681 -51134
-224215 -36952
-224426 -37122
-201169 -38380
-201351 -38586
-217681 -51134
-217657 -51326
-224426 -37122
-224665 -37123
-201351 -38586
-201410 -38855
-224665 -37123
-224907 -37104
-201410 -38855
-201262 -39058
-224907 -37104
-225030 -37182
-218662 -47235
-218614 -47091
-225030 -37182
-225070 -37145
-218614 -47091
-218568 -46906
-225070 -37145
-225215 -37329
-218568 -46906
-218467 -46787
-225215 -37329
-225416 -37179
-218467 -46787
-218207 -46779
-225416 -37179
-225583 -37057
-226410 -46291
-226340 -46462
-224398 -35682
-224124 -35834
-207665 -34930
-207484 -35009
-198236 -42107
-198477 -42103
-224124 -35834
-223945 -36116
-198477 -42103
-198588 -42011
-218792 -47834
-218747 -47645
-223945 -36116
-223730 -36186
-198588 -42011
-199024 -41996
-218747 -47645
-218719 -47493
-223534 -40664
-223263 -40691
-223730 -36186
-223483 -36001
-199024 -41996
-199090 -41782
-218719 -47493
-218662 -47235
-223263 -40691
-223027 -40644
-199090 -41782
-199160 -41720
-217266 -47822
-217800 -47825
-199160 -41720
-199158 -41490
-202758 -39960
-202662 -39957
-217800 -47825
-218297 -47834
-199158 -41490
-199318 -41385
-202662 -39957
-202507 -40000
-218297 -47834
-218792 -47834
-199318 -41385
-199532 -41187
-202507 -40000
-202363 -40075
-199532 -41187
-199543 -40998
-202363 -40075
-202162 -40155
-198401 -50162
-198470 -49940
-203994 -49414
-204085 -49704
-199543 -40998
-199660 -40885
-202162 -40155
-201918 -40237
-198470 -49940
-198557 -49725
-204085 -49704
-204082 -49855
-198000 -41944
-198236 -42107
-201918 -40237
-201744 -40316
-221667 -34983
-221391 -34771
-204082 -49855
-204064 -50014
-198557 -49725
-198567 -49537
-201744 -40316
-201583 -40386
-221391 -34771
-221412 -34608
-204064 -50014
-204163 -50156
-198567 -49537
-198357 -49317
-201583 -40386
-201356 -40476
-222839 -44999
-222897 -45213
-221412 -34608
-221431 -34338
-204163 -50156
-204267 -50372
-201356 -40476
-201176 -40562
-217197 -47728
-217266 -47822
-222897 -45213
-222991 -45467
-221431 -34338
-221507 -34200
-204267 -50372
-204257 -50638
-201176 -40562
-200941 -40701
-222991 -45467
-223062 -45703
-204257 -50638
-204194 -50791
-223062 -45703
-223047 -45824
-204194 -50791
-204180 -50795
-223047 -45824
-223177 -46005
-228863 -34976
-228874 -34769
-227972 -33941
-227162 -34006
-204180 -50795
-203538 -50726
-223177 -46005
-223276 -46192
-223534 -40664
-223752 -40605
-228874 -34769
-228802 -34646
-227162 -34006
-227161 -34105
-203538 -50726
-203531 -50446
-223276 -46192
-223284 -46339
-223752 -40605
-223745 -40437
-228802 -34646
-228836 -34425
-227161 -34105
-227157 -34130
-203531 -50446
-203514 -50166
-223284 -46339
-223430 -46468
-223745 -40437
-223630 -40266
-228836 -34425
-228770 -34220
-227157 -34130
-225031 -33600
-203514 -50166
-203564 -50083
-203486 -46433
-203679 -46617
-223430 -46468
-223646 -46676
-223630 -40266
-223735 -40132
-228770 -34220
-228796 -33988
-203564 -50083
-203572 -49828
-203679 -46617
-203852 -46654
-223735 -40132
-223771 -39843
-203572 -49828
-203082 -49825
-203852 -46654
-203969 -46754
-222718 -35767
-222701 -35948
-203969 -46754
-203699 -46908
-223903 -41969
-223819 -41776
-196441 -40392
-196395 -40637
-223819 -41776
-223820 -41570
-196395 -40637
-196392 -40794
-223820 -41570
-223617 -41471
-196392 -40794
-196375 -40883
-223617 -41471
-223508 -41401
-196375 -40883
-196241 -41096
-216116 -41397
-216328 -41673
-196241 -41096
-196022 -40923
-216328 -41673
-216424 -41945
-200042 -36419
-199833 -36581
-196022 -40923
-195961 -40894
-216424 -41945
-216439 -42056
-199833 -36581
-199730 -36746
-195961 -40894
-195900 -41007
-216439 -42056
-216405 -42260
-230229 -45113
-230031 -44979
-199730 -36746
-199707 -36840
-195900 -41007
-195886 -41064
-216405 -42260
-216354 -42493
-230031 -44979
-230000 -44817
-199707 -36840
-199696 -36966
-195886 -41064
-195882 -41070
-216354 -42493
-216286 -42703
-230000 -44817
-229800 -44867
-199696 -36966
-199668 -37078
-195882 -41070
-195711 -40752
-216286 -42703
-216119 -42834
-229800 -44867
-229644 -44745
-199668 -37078
-199638 -37286
-216119 -42834
-215939 -42966
-229644 -44745
-229469 -44777
-228699 -39763
-228530 -39697
-199638 -37286
-199555 -37572
-215939 -42966
-215889 -43200
-229469 -44777
-229199 -44867
-228530 -39697
-228387 -39713
-199555 -37572
-199402 -37647
-226741 -43060
-226905 -43200
-229199 -44867
-228935 -44962
-228387 -39713
-228247 -39775
-199402 -37647
-199261 -37736
-228935 -44962
-228722 -45128
-228247 -39775
-227980 -39884
-199261 -37736
-199109 -37670
-227980 -39884
-227875 -40122
-199402 -43214
-199366 -43371
-200941 -40701
-200728 -40805
-199109 -37670
-198936 -37729
-227875 -40122
-227669 -40096
-199366 -43371
-199418 -43444
-200728 -40805
-200587 -40734
-198936 -37729
-198761 -37456
-227669 -40096
-227502 -39971
-199418 -43444
-199442 -43478
-200587 -40734
-200392 -40673
-198761 -37456
-198592 -37212
-199442 -43478
-199466 -43500
-200392 -40673
-200227 -40707
-198592 -37212
-198605 -37094
-199466 -43500
-199101 -43688
-200227 -40707
-200016 -40956
-198605 -37094
-198605 -36840
-217800 -44090
-217102 -44090
-200016 -40956
-199846 -41054
-230700 -45001
-230483 -45031
-217102 -44090
-217102 -44067
-230483 -45031
-230229 -45113
-199660 -40885
-199846 -41054
-217102 -44067
-217088 -44051
-217088 -44051
-217110 -44008
-228876 -38993
-229083 -39024
-229083 -39024
-229342 -39023
-229441 -38977
-229342 -39023
-196701 -37934
-196818 -38136
-225311 -37799
-225382 -37995
-196818 -38136
-196997 -38186
-225382 -37995
-225514 -38175
-196997 -38186
-197270 -38227
-230708 -37668
-230546 -37692
-225514 -38175
-225801 -38445
-230546 -37692
-230306 -37892
-197270 -38227
-197331 -38332
-225801 -38445
-225936 -38560
-230306 -37892
-230400 -38173
-197331 -38332
-197343 -38364
-225936 -38560
-226049 -38764
-197343 -38364
-197524 -38318
-226049 -38764
-226310 -39019
-197524 -38318
-197947 -38321
-197947 -38321
-198001 -38329
-198001 -38329
-198241 -38381
-198241 -38381
-198503 -38634
-198503 -38634
-198582 -38605
-196607 -34328
-194782 -34458
-198582 -38605
-198645 -38415
-198645 -38415
-198820 -38173
-198820 -38173
-199060 -37935
-199060 -37935
-199261 -37736
-204974 -36872
-204990 -36687
-228876 -38993
-228903 -38782
-204261 -46638
-204326 -46437
-204990 -36687
-204972 -36546
-228903 -38782
-228835 -38650
-204326 -46437
-204379 -46200
-204972 -36546
-205019 -36350
-228835 -38650
-228779 -38529
-205019 -36350
-204885 -36071
-228779 -38529
-228811 -38342
-204885 -36071
-204944 -35896
-220815 -45455
-220978 -45683
-228811 -38342
-228772 -38053
-204944 -35896
-204971 -35767
-226340 -46462
-226259 -46586
-220361 -41504
-220152 -41392
-222701 -35948
-222770 -36125
-203699 -46908
-203465 -46905
-204971 -35767
-204889 -35797
-226259 -46586
-226090 -46601
-220152 -41392
-219994 -41265
-222770 -36125
-222845 -36088
-203465 -46905
-203338 -46942
-204889 -35797
-204842 -35811
-226090 -46601
-225962 -46844
-219994 -41265
-219810 -41145
-222845 -36088
-223034 -35817
-205654 -49041
-205462 -48806
-203338 -46942
-203122 -47120
-204842 -35811
-203964 -35769
-225962 -46844
-225787 -46811
-219810 -41145
-219722 -41107
-205462 -48806
-205200 -48704
-203122 -47120
-202883 -47199
-203964 -35769
-203726 -35780
-225787 -46811
-225543 -46741
-219722 -41107
-219663 -41092
-202883 -47199
-202685 -47418
-203726 -35780
-203491 -35768
-225543 -46741
-225358 -46855
-219663 -41092
-219609 -41049
-206393 -49531
-206342 -49966
-202685 -47418
-202545 -47615
-203491 -35768
-203285 -35711
-225358 -46855
-225319 -46983
-219609 -41049
-219601 -41031
-206342 -49966
-205957 -50102
-202545 -47615
-202425 -47802
-203285 -35711
-203200 -35665
-225319 -46983
-225063 -47057
-219601 -41031
-219600 -39571
-212010 -36117
-212234 -36007
-205957 -50102
-205952 -50099
-203200 -35665
-202951 -35709
-225063 -47057
-224861 -47042
-212234 -36007
-212394 -35988
-205952 -50099
-205901 -50029
-202951 -35709
-202793 -35628
-224861 -47042
-224702 -47227
-212394 -35988
-212439 -35803
-205901 -50029
-205749 -49950
-202793 -35628
-202799 -35376
-223646 -46676
-223867 -46878
-212439 -35803
-212401 -35708
-205022 -51019
-204796 -50936
-205749 -49950
-205582 -49875
-205342 -40904
-205227 -41169
-202799 -35376
-202866 -35171
-223867 -46878
-224105 -47081
-212401 -35708
-212451 -35641
-204796 -50936
-204362 -50945
-205582 -49875
-205381 -49832
-205227 -41169
-205362 -41207
-197719 -39601
-197481 -39320
-202866 -35171
-202876 -34987
-224105 -47081
-224390 -47078
-212451 -35641
-212397 -35238
-204362 -50945
-204213 -50882
-205381 -49832
-205210 -49791
-205362 -41207
-205621 -41231
-197481 -39320
-197215 -39125
-202876 -34987
-202830 -34878
-224390 -47078
-224505 -47106
-212397 -35238
-212398 -35219
-204213 -50882
-204132 -50881
-205210 -49791
-205024 -49646
-205621 -41231
-205909 -41144
-202830 -34878
-202823 -34673
-212549 -50393
-212577 -50592
-224505 -47106
-224702 -47227
-212398 -35219
-212395 -35186
-204132 -50881
-204176 -51059
-205024 -49646
-204740 -49555
-205909 -41144
-206199 -41426
-202823 -34673
-202709 -34393
-212577 -50592
-212642 -50832
-212395 -35186
-212477 -35029
-204176 -51059
-203935 -51172
-204740 -49555
-204500 -49410
-206199 -41426
-206455 -41496
-212642 -50832
-212726 -51100
-212477 -35029
-212477 -34917
-203935 -51172
-203817 -51120
-204500 -49410
-204356 -49220
-206455 -41496
-206666 -41362
-212726 -51100
-212720 -51392
-212477 -34917
-212549 -34691
-203817 -51120
-203543 -51268
-204356 -49220
-204113 -49241
-212549 -34691
-212521 -34593
-228796 -33988
-229008 -33906
-203543 -51268
-203495 -51303
-204113 -49241
-203994 -49414
-212521 -34593
-212314 -34357
-229008 -33906
-229221 -33987
-212314 -34357
-212388 -34133
-229221 -33987
-229352 -34046
-206951 -47355
-207136 -47355
-212388 -34133
-212291 -33904
-229352 -34046
-229525 -33821
-207136 -47355
-207318 -47423
-212291 -33904
-212368 -33759
-207318 -47423
-207551 -47368
-212368 -33759
-212444 -33726
-207551 -47368
-207627 -47401
-217110 -44008
-217123 -43872
-198809 -43609
-199101 -43688
-217123 -43872
-217179 -43625
-217179 -43625
-217299 -43442
-217299 -43442
-217377 -43201
-205122 -37288
-205060 -37013
-222464 -41031
-222270 -40799
-205060 -37013
-204974 -36872
-196952 -43430
-197209 -43584
-197209 -43584
-197404 -43656
-197404 -43656
-197660 -43649
-197660 -43649
-197897 -43787
-200637 -42213
-200849 -42251
-225510 -44052
-225787 -43640
-197897 -43787
-197921 -43956
-200849 -42251
-200947 -42271
-225787 -43640
-225796 -43726
-197921 -43956
-198119 -43907
-200947 -42271
-201031 -42446
-225796 -43726
-225886 -43783
-211776 -38559
-211498 -38477
-198119 -43907
-198129 -43751
-201031 -42446
-201108 -42662
-225886 -43783
-226054 -43860
-223027 -40644
-222820 -40780
-211498 -38477
-211263 -38386
-198129 -43751
-198290 -43844
-201108 -42662
-201184 -42887
-226054 -43860
-226246 -43910
-222820 -40780
-222634 -40958
-198290 -43844
-198464 -43826
-201184 -42887
-201209 -43089
-201550 -51361
-201695 -51202
-226246 -43910
-226511 -43912
-222634 -40958
-222464 -41031
-198464 -43826
-198482 -43678
-201209 -43089
-201236 -43305
-205342 -40904
-205200 -40993
-226511 -43912
-226689 -43930
-198482 -43678
-198612 -43632
-201236 -43305
-201251 -43499
-205200 -40993
-205101 -40983
-226689 -43930
-226951 -43906
-198612 -43632
-198809 -43609
-201251 -43499
-201237 -43621
-205101 -40983
-204885 -40957
-220978 -45683
-221167 -45911
-228772 -38053
-228706 -37772
-207627 -47401
-207851 -47672
-204974 -36872
-203729 -36708
-207851 -47672
-207876 -47715
-221167 -45911
-221235 -46126
-207876 -47715
-207893 -47770
-221235 -46126
-221271 -46269
-207893 -47770
-208516 -47547
-221271 -46269
-221322 -46460
-208516 -47547
-209022 -47678
-221322 -46460
-221398 -46634
-206962 -49568
-206877 -49425
-209022 -47678
-209053 -47650
-206877 -49425
-206775 -49239
-209053 -47650
-209092 -47643
-206775 -49239
-206623 -49087
-209092 -47643
-209251 -47651
-206623 -49087
-206515 -48911
-209251 -47651
-209359 -47497
-209359 -47497
-209437 -47313
-209437 -47313
-209455 -47022
-209455 -47022
-209526 -46801
-230400 -38173
-230166 -38272
-206393 -49531
-206474 -49300
-230166 -38272
-230129 -38405
-206474 -49300
-206428 -49160
-230129 -38405
-230040 -38587
-230040 -38587
-229865 -38822
-206428 -49160
-206515 -48911
-196701 -37934
-196580 -38125
-229865 -38822
-229678 -38857
-198593 -36782
-198605 -36840
-229678 -38857
-229441 -38977
-206601 -37676
-206391 -37632
-206391 -37632
-206109 -37576
-212444 -33726
-212407 -33677
-226951 -43906
-227112 -43919
-225687 -40066
-225457 -39867
-227112 -43919
-227262 -43926
-225510 -44052
-225415 -43908
-225457 -39867
-225364 -39856
-225415 -43908
-225375 -43725
-225364 -39856
-225174 -39836
-225375 -43725
-225385 -43496
-225385 -43496
-225169 -43340
-225169 -43340
-224883 -43134
-224883 -43134
-224687 -42933
-224687 -42933
-224521 -42859
-224521 -42859
-224296 -42842
-215523 -49670
-215429 -49622
-224296 -42842
-224183 -42846
-222724 -35630
-222718 -35767
-215429 -49622
-215167 -49605
-224183 -42846
-223942 -42594
-223027 -40644
-223165 -40798
-205388 -34303
-205209 -34402
-215167 -49605
-214930 -49540
-223165 -40798
-223270 -40948
-205209 -34402
-205064 -34488
-214930 -49540
-214709 -49680
-223270 -40948
-223396 -41182
-205064 -34488
-204905 -34722
-214709 -49680
-214521 -49662
-223396 -41182
-223508 -41401
-204905 -34722
-204876 -34848
-202709 -34393
-202887 -34197
-214521 -49662
-214312 -49468
-204876 -34848
-204785 -35034
-202887 -34197
-203139 -34093
-214312 -49468
-214146 -49408
-204785 -35034
-204657 -35256
-203139 -34093
-203277 -34094
-214146 -49408
-214035 -49414
-204657 -35256
-204626 -35491
-203277 -34094
-203490 -33991
-214035 -49414
-214025 -49691
-210031 -39418
-209867 -39676
-204626 -35491
-204873 -35567
-203490 -33991
-203593 -33840
-214025 -49691
-213965 -49833
-209867 -39676
-209665 -39830
-206515 -48911
-206668 -48846
-204873 -35567
-204971 -35767
-203593 -33840
-203830 -33765
-213965 -49833
-213795 -50040
-209665 -39830
-209651 -39986
-206668 -48846
-206760 -48867
-203830 -33765
-204028 -33728
-209651 -39986
-209651 -40134
-206760 -48867
-206797 -48880
-207538 -35760
-207657 -35578
-212510 -48041
-212420 -48214
-209651 -40134
-209636 -40386
-207657 -35578
-207683 -35467
-206797 -48880
-206810 -48881
-209636 -40386
-209450 -40674
-207683 -35467
-207522 -35239
-206810 -48881
-206823 -48889
-212420 -48214
-212451 -48496
-204885 -40957
-204831 -41117
-204831 -41117
-204861 -41358
-204861 -41358
-204636 -41383
-204636 -41383
-204423 -41392
-199866 -43745
-200106 -43882
-204423 -41392
-204326 -41378
-200106 -43882
-200072 -44146
-204326 -41378
-204338 -41389
-200072 -44146
-200032 -44399
-204338 -41389
-204340 -41394
-200032 -44399
-199923 -44633
-204340 -41394
-204203 -41367
-199923 -44633
-199920 -44918
-204203 -41367
-203923 -41396
-218991 -44584
-218844 -44532
-199920 -44918
-200055 -45126
-203923 -41396
-203562 -41443
-218844 -44532
-218682 -44419
-200055 -45126
-200066 -45394
-203562 -41443
-202754 -41684
-218682 -44419
-218491 -44302
-200066 -45394
-199933 -45572
-202754 -41684
-202665 -41722
-218491 -44302
-218449 -44190
-199933 -45572
-199800 -45760
-202665 -41722
-202424 -41852
-218449 -44190
-218488 -44113
-208304 -43210
-208325 -43403
-202424 -41852
-202203 -41899
-218488 -44113
-218488 -44099
-208325 -43403
-208340 -43597
-210308 -38046
-210127 -37789
-202203 -41899
-202122 -41893
-218488 -44099
-218491 -44091
-208340 -43597
-208063 -43728
-210127 -37789
-210049 -37627
-202122 -41893
-201923 -41884
-218491 -44091
-217800 -44090
-208063 -43728
-207833 -43952
-210049 -37627
-210009 -37477
-201923 -41884
-201775 -41910
-207833 -43952
-207559 -44097
-201775 -41910
-201483 -41830
-207559 -44097
-207452 -44348
-207452 -44348
-207270 -44537
-207270 -44537
-206979 -44682
-206979 -44682
-206890 -44792
-207653 -37225
-207534 -37132
-206890 -44792
-206770 -45004
-206823 -48889
-207155 -48897
-218207 -46779
-218064 -46713
-207155 -48897
-207149 -48727
-218064 -46713
-217864 -46656
-207149 -48727
-207208 -48601
-217864 -46656
-217581 -46510
-217581 -46510
-217388 -46679
-217388 -46679
-217297 -46954
-217297 -46954
-217261 -47192
-217261 -47192
-217256 -47348
-209830 -37641
-209611 -37508
-217256 -47348
-217270 -47567
-209611 -37508
-209333 -37485
-217270 -47567
-217197 -47728
-209333 -37485
-209134 -37408
-215186 -44426
-215343 -44587
-209134 -37408
-208998 -37388
-215343 -44587
-215404 -44686
-208998 -37388
-208825 -37516
-215404 -44686
-215437 -44881
-208825 -37516
-208797 -37558
-215437 -44881
-215671 -44929
-208797 -37558
-208515 -37472
-215671 -44929
-215888 -45083
-208515 -37472
-208228 -37390
-198593 -36782
-198758 -36819
-215888 -45083
-216141 -45357
-208228 -37390
-207945 -37322
-198758 -36819
-198826 -36678
-216141 -45357
-216220 -45499
-207945 -37322
-207653 -37225
-198826 -36678
-198869 -36518
-216220 -45499
-216278 -45707
-216278 -45707
-216267 -45983
-216267 -45983
-216290 -46131
-216290 -46131
-216283 -46371
-207371 -36780
-207285 -36594
-216283 -46371
-216385 -46553
-226410 -46291
-226289 -46333
-216385 -46553
-216486 -46673
-226289 -46333
-226070 -46312
-216486 -46673
-216769 -46826
-226070 -46312
-225907 -46368
-212549 -50393
-212401 -50399
-212451 -48496
-212482 -48692
-209450 -40674
-209223 -40794
-225195 -34814
-225129 -35035
-207522 -35239
-207484 -35009
-212401 -50399
-209102 -50400
-212482 -48692
-212520 -48920
-209223 -40794
-209284 -41049
-221142 -39554
-219600 -39571
-225129 -35035
-224979 -35180
-202758 -39960
-202981 -39917
-209102 -50400
-209114 -50422
-212520 -48920
-212431 -49124
-209284 -41049
-209284 -41209
-219600 -39571
-217654 -39562
-224979 -35180
-224721 -35300
-206098 -49459
-205841 -49268
-202981 -39917
-203177 -39979
-209114 -50422
-209089 -50460
-212431 -49124
-212440 -49347
-209284 -41209
-209408 -41401
-205841 -49268
-205654 -49041
-203177 -39979
-203407 -39939
-209089 -50460
-209099 -50530
-212440 -49347
-212409 -49522
-203407 -39939
-203480 -39847
-209099 -50530
-209149 -50645
-212409 -49522
-212378 -49675
-217654 -39562
-217575 -39377
-203480 -39847
-203744 -39786
-195565 -45667
-195639 -45876
-209149 -50645
-209134 -50837
-212378 -49675
-212329 -49871
-217575 -39377
-217575 -39235
-203744 -39786
-203688 -39585
-195639 -45876
-195628 -46025
-209134 -50837
-209194 -51009
-212329 -49871
-212438 -50025
-217575 -39235
-217385 -39106
-203688 -39585
-203440 -39347
-195628 -46025
-195597 -46200
-209194 -51009
-209441 -51289
-217385 -39106
-217258 -39241
-203440 -39347
-203184 -39208
-195597 -46200
-195588 -46333
-217258 -39241
-217102 -39297
-203184 -39208
-203104 -39021
-195588 -46333
-195651 -46532
-217102 -39297
-216955 -39300
-203104 -39021
-202986 -38738
-195651 -46532
-195713 -46658
-216955 -39300
-216863 -39311
-202986 -38738
-202996 -38482
-195713 -46658
-195863 -46826
-216863 -39311
-216575 -39248
-210600 -36412
-210788 -36366
-202996 -38482
-202952 -38289
-195863 -46826
-195866 -46995
-216575 -39248
-216475 -39176
-210788 -36366
-210951 -36310
-205693 -40751
-205545 -40845
-202952 -38289
-202957 -38066
-195866 -46995
-195945 -47212
-216475 -39176
-216321 -39160
-210951 -36310
-211062 -36278
-205545 -40845
-205342 -40904
-202957 -38066
-202923 -37902
-195945 -47212
-196076 -47445
-216321 -39160
-216108 -39063
-211062 -36278
-211177 -36213
-202923 -37902
-203032 -37729
-196076 -47445
-196154 -47669
-216108 -39063
-215865 -38964
-211177 -36213
-211402 -36117
-203032 -37729
-203271 -37580
-196154 -47669
-196339 -47771
-215865 -38964
-215591 -39082
-211402 -36117
-211616 -36021
-203271 -37580
-203548 -37439
-196339 -47771
-196396 -48020
-215591 -39082
-215335 -38962
-211616 -36021
-211768 -36088
-203548 -37439
-203759 -37204
-196396 -48020
-196626 -48220
-215335 -38962
-215096 -38896
-211768 -36088
-212010 -36117
-203759 -37204
-203678 -36924
-202162 -33877
-198083 -34210
-215096 -38896
-214836 -38830
-203678 -36924
-203729 -36708
-198083 -34210
-196607 -34328
-214836 -38830
-214588 -38641
-196607 -34328
-196792 -34162
-214588 -38641
-214395 -38641
-228598 -40467
-228718 -40662
-196792 -34162
-196855 -34086
-214395 -38641
-214190 -38673
-228718 -40662
-228720 -40801
-196855 -34086
-196861 -33857
-223100 -36242
-223301 -36484
-223301 -36484
-223527 -36646
-224167 -45000
-224143 -44753
-223527 -36646
-223683 -36808
-226875 -46037
-226733 -46272
-226733 -46272
-226609 -46290
-224143 -44753
-224116 -44632
-226609 -46290
-226410 -46291
-224116 -44632
-224247 -44347
-214190 -38673
-214015 -38616
-224247 -44347
-224339 -44355
-214015 -38616
-213884 -38668
-203729 -36708
-199999 -36222
-224339 -44355
-224543 -44416
-213884 -38668
-213763 -38782
-224543 -44416
-224696 -44382
-213763 -38782
-213652 -38885
-224696 -44382
-224891 -44277
-213652 -38885
-213435 -38930
-224891 -44277
-225051 -44228
-213435 -38930
-213241 -38888
-196705 -35962
-196763 -36032
-225051 -44228
-225242 -44179
-213241 -38888
-213074 -38862
-196763 -36032
-196756 -36041
-225242 -44179
-225510 -44052
-213074 -38862
-212902 -38905
-196756 -36041
-196755 -36047
-212902 -38905
-212770 -38885
-196755 -36047
-198456 -36146
-210600 -43998
-210536 -43830
-212770 -38885
-212601 -38783
-198456 -36146
-198480 -36156
-210536 -43830
-210546 -43680
-212601 -38783
-212359 -38810
-198480 -36156
-198581 -36234
-210546 -43680
-210563 -43530
-212359 -38810
-212277 -38741
-198581 -36234
-198601 -36487
-210563 -43530
-210520 -43371
-212277 -38741
-212047 -38642
-198601 -36487
-198665 -36609
-210520 -43371
-210461 -43189
-212047 -38642
-211776 -38559
-198665 -36609
-198869 -36518
-221895 -44824
-222030 -44909
-210461 -43189
-210388 -42922
-222030 -44909
-222241 -44850
-228722 -45128
-228586 -45243
-199999 -36222
-199733 -36441
-222241 -44850
-222452 -44685
-228586 -45243
-228363 -45236
-226799 -41598
-226697 -41812
-199733 -36441
-199574 -36511
-222452 -44685
-222636 -44754
-226697 -41812
-226792 -42001
-228363 -45236
-228359 -45393
-201483 -41830
-201251 -41739
-199574 -36511
-199349 -36602
-222636 -44754
-222839 -44999
-228359 -45393
-228074 -45562
-226792 -42001
-226769 -42157
-201251 -41739
-201018 -41599
-199349 -36602
-199199 -36623
-228074 -45562
-227862 -45654
-226769 -42157
-226710 -42296
-201018 -41599
-200982 -41341
-199199 -36623
-198991 -36521
-216769 -46826
-216882 -46962
-216882 -46962
-217010 -47187
-217010 -47187
-217065 -47432
-217065 -47432
-217135 -47555
-209830 -37641
-210009 -37477
-217135 -47555
-217197 -47728
-224601 -33757
-224680 -33954
-201279 -46800
-201208 -46998
-224680 -33954
-224701 -34131
-229525 -33821
-228599 -33890
-201208 -46998
-201211 -47140
-224701 -34131
-224770 -34403
-228599 -33890
-227972 -33941
-201211 -47140
-201164 -47382
-224770 -34403
-224852 -34550
-227972 -33941
-227918 -33755
-201164 -47382
-201171 -47548
-224852 -34550
-225018 -34734
-227918 -33755
-227883 -33646
-201171 -47548
-201161 -47721
-225018 -34734
-225195 -34814
-219600 -48581
-219793 -48640
-199909 -49953
-199904 -49777
-219793 -48640
-220003 -48701
-199904 -49777
-199968 -49651
-220003 -48701
-220156 -48670
-199968 -49651
-200033 -49379
-220156 -48670
-220347 -48690
-200033 -49379
-200187 -49261
-220347 -48690
-220589 -48621
-200187 -49261
-200183 -49050
-220589 -48621
-220820 -48628
-200183 -49050
-200276 -48808
-220820 -48628
-221056 -48701
-200276 -48808
-200382 -48581
-221056 -48701
-221237 -48778
-200382 -48581
-200464 -48374
-221237 -48778
-221448 -48756
-200464 -48374
-200655 -48224
-221448 -48756
-221642 -48675
-200655 -48224
-200768 -48030
-199800 -45760
-199612 -46009
-221642 -48675
-221815 -48640
-199612 -46009
-199691 -46213
-221815 -48640
-222006 -48634
-199691 -46213
-199616 -46354
-225907 -46368
-225806 -46539
-200982 -41341
-200862 -41228
-196861 -33857
-197032 -33585
-225806 -46539
-225623 -46460
-200862 -41228
-200877 -40984
-225623 -46460
-225498 -46367
-200877 -40984
-200941 -40701
-225498 -46367
-225326 -46176
-221574 -41828
-221746 -41709
-225326 -46176
-225101 -46110
-221574 -41828
-220868 -41822
-225101 -46110
-224845 -45853
-220868 -41822
-220854 -41800
-224845 -45853
-224707 -45691
-220854 -41800
-220898 -41725
-201695 -51202
-201474 -51130
-224707 -45691
-224588 -45526
-220898 -41725
-220914 -41646
-201474 -51130
-201237 -51077
-224588 -45526
-224370 -45261
-220914 -41646
-220931 -41454
-201237 -51077
-200952 -50918
-194926 -42077
-195085 -42346
-224370 -45261
-224167 -45000
-220931 -41454
-220754 -41429
-200952 -50918
-200823 -50891
-199999 -36222
-200042 -36419
-195085 -42346
-195250 -42537
-220754 -41429
-220556 -41442
-209828 -36322
-209993 -36342
-227502 -39971
-227222 -39853
-200823 -50891
-200655 -50855
-195250 -42537
-195473 -42766
-220556 -41442
-220361 -41504
-209993 -36342
-210258 -36273
-200655 -50855
-200510 -50571
-201262 -39058
-201366 -39214
-195473 -42766
-195642 -42987
-210258 -36273
-210408 -36264
-200510 -50571
-200348 -50449
-201366 -39214
-201602 -39339
-195642 -42987
-195835 -43157
-221579 -39549
-221142 -39554
-210408 -36264
-210600 -36412
-200348 -50449
-200232 -50413
-201602 -39339
-201785 -39421
-195835 -43157
-195975 -43216
-222287 -39551
-221579 -39549
-200232 -50413
-199970 -50412
-201785 -39421
-202007 -39537
-195975 -43216
-196201 -43219
-221401 -38823
-221433 -39010
-199970 -50412
-199883 -50368
-202007 -39537
-202245 -39718
-196201 -43219
-196376 -43299
-221433 -39010
-221470 -39234
-199883 -50368
-199897 -50118
-202245 -39718
-202472 -39739
-207488 -36002
-207538 -35760
-196376 -43299
-196558 -43354
-221470 -39234
-221479 -39397
-222887 -36406
-223100 -36242
-223483 -36001
-223363 -35929
-199897 -50118
-199909 -49953
-202472 -39739
-202758 -39960
-196558 -43354
-196734 -43436
-221479 -39397
-221579 -39549
-226310 -39019
-226516 -39033
-223363 -35929
-223298 -35900
-203082 -49825
-202967 -49988
-196734 -43436
-196952 -43430
-226516 -39033
-226672 -39186
-223298 -35900
-223034 -35817
-202967 -49988
-202888 -50157
-199660 -40885
-199672 -40708
-201262 -39058
-201048 -39300
-226672 -39186
-226791 -39282
-202888 -50157
-202764 -50418
-199672 -40708
-199637 -40549
-201048 -39300
-200851 -39513
-219772 -44984
-219759 -44781
-226791 -39282
-227047 -39497
-202764 -50418
-202696 -50623
-199637 -40549
-199570 -40301
-200851 -39513
-200686 -39479
-219759 -44781
-219758 -44600
-227047 -39497
-227279 -39662
-202696 -50623
-202567 -50826
-199570 -40301
-199367 -40113
-200686 -39479
-200457 -39513
-219758 -44600
-219860 -44361
-227279 -39662
-227222 -39853
-202567 -50826
-202320 -51002
-199367 -40113
-199180 -40305
-200457 -39513
-200215 -39455
-226710 -42296
-226500 -42501
-212010 -36117
-211753 -36366
-227862 -45654
-227662 -45687
-228720 -40801
-228785 -41074
-198991 -36521
-198869 -36518
-226500 -42501
-226281 -42593
-211753 -36366
-211822 -36537
-228785 -41074
-228956 -41154
-226281 -42593
-226263 -42846
-211822 -36537
-211789 -36725
-228956 -41154
-228957 -41400
-226263 -42846
-226432 -42984
-211789 -36725
-211709 -36954
-226432 -42984
-226567 -43003
-211709 -36954
-211807 -37182
-226567 -43003
-226741 -43060
-211807 -37182
-211967 -37404
-211967 -37404
-211960 -37624
-217654 -39562
-217504 -39746
-194937 -44641
-195019 -44892
-217504 -39746
-217380 -39945
-195019 -44892
-195175 -45106
-217380 -39945
-217235 -39929
-195175 -45106
-195426 -45276
-217235 -39929
-217083 -39805
-195426 -45276
-195523 -45446
-217083 -39805
-216858 -39941
-221322 -37801
-221311 -38022
-195523 -45446
-195565 -45667
-216858 -39941
-216572 -39943
-221311 -38022
-221313 -38186
-198236 -42107
-198340 -42283
-216572 -39943
-216344 -39998
-221313 -38186
-221391 -38470
-198340 -42283
-198427 -42490
-216344 -39998
-216133 -40021
-221391 -38470
-221334 -38712
-198427 -42490
-198563 -42511
-216133 -40021
-215964 -40172
-221334 -38712
-221401 -38823
-198563 -42511
-198722 -42509
-215964 -40172
-215870 -40294
-198722 -42509
-198900 -42692
-215870 -40294
-215883 -40509
-198900 -42692
-199000 -42858
-215883 -40509
-215729 -40751
-199000 -42858
-199211 -43025
-215729 -40751
-215726 -40898
-215726 -40898
-215738 -41085
-215186 -44426
-214909 -44334
-215738 -41085
-215930 -41236
-222006 -48634
-222228 -48685
-202320 -51002
-202127 -50966
-199616 -46354
-199455 -46525
-196626 -48220
-196709 -48392
-222228 -48685
-222399 -48679
-202127 -50966
-201865 -50924
-199455 -46525
-199297 -46724
-196709 -48392
-196727 -48594
-222399 -48679
-222626 -48775
-201865 -50924
-201695 -51202
-199297 -46724
-199277 -46960
-196727 -48594
-196747 -48841
-222626 -48775
-222716 -48713
-199277 -46960
-199078 -46856
-196747 -48841
-196823 -49033
-222716 -48713
-222778 -48443
-199078 -46856
-198966 -46777
-205388 -34303
-205541 -34036
-196823 -49033
-196793 -49280
-222778 -48443
-223061 -48270
-198966 -46777
-198783 -46576
-205541 -34036
-205605 -33833
-196793 -49280
-196759 -49559
-223061 -48270
-223200 -48134
-221667 -34983
-221846 -34891
-198783 -46576
-198667 -46796
-205605 -33833
-205474 -33678
-196759 -49559
-196717 -49655
-221846 -34891
-222051 -34985
-196717 -49655
-196860 -49747
-222051 -34985
-222162 -35032
-196860 -49747
-196906 -49751
-222162 -35032
-222346 -35017
-203486 -46433
-203156 -46422
-196906 -49751
-196909 -49746
-222346 -35017
-222461 -35075
-203156 -46422
-203085 -46435
-196909 -49746
-197126 -49931
-223200 -48134
-223302 -47994
-209828 -36322
-209669 -36054
-222461 -35075
-222502 -35278
-203085 -46435
-203053 -46395
-197126 -49931
-198357 -49317
-223302 -47994
-223403 -47836
-209669 -36054
-209636 -35919
-222502 -35278
-222612 -35455
-203053 -46395
-202953 -46340
-223403 -47836
-223591 -47643
-209636 -35919
-209573 -35713
-222612 -35455
-222724 -35630
-202953 -46340
-202818 -46058
-194782 -34458
-194965 -34487
-223591 -47643
-223613 -47388
-209573 -35713
-209497 -35436
-202818 -46058
-202607 -45770
-194965 -34487
-195130 -34494
-223613 -47388
-223745 -47374
-209497 -35436
-209596 -35238
-202607 -45770
-202452 -45695
-195130 -34494
-195275 -34495
-223745 -47374
-223901 -47353
-209596 -35238
-209591 -35162
-202452 -45695
-202275 -45688
-195275 -34495
-195452 -34546
-223901 -47353
-224083 -47322
-209591 -35162
-209657 -34876
-205200 -48704
-205199 -48541
-202275 -45688
-202020 -45496
-195452 -34546
-195668 -34562
-224083 -47322
-224276 -47341
-209657 -34876
-209729 -34733
-195668 -34562
-195796 -34682
-224276 -47341
-224465 -47315
-209729 -34733
-209734 -34481
-195796 -34682
-195959 -34739
-224465 -47315
-224702 -47227
-209734 -34481
-209727 -34224
-195959 -34739
-196201 -34658
-209727 -34224
-209919 -33968
-209919 -33968
-210021 -33988
-210021 -33988
-210255 -34039
-214909 -44334
-214708 -44300
-215930 -41236
-216116 -41397
-225780 -39160
-226407 -39709
-199180 -40305
-199160 -40489
-200215 -39455
-200006 -39443
-214708 -44300
-214503 -44282
-226407 -39709
-226420 -39709
-199160 -40489
-199010 -40603
-200006 -39443
-199731 -39273
-214503 -44282
-214238 -44269
-226420 -39709
-226447 -39710
-227207 -40489
-227178 -40591
-204379 -46200
-204479 -45918
-199010 -40603
-198844 -40530
-199731 -39273
-199582 -39247
-214238 -44269
-213983 -44229
-226447 -39710
-226526 -39711
-227178 -40591
-227165 -40798
-227207 -40489
-227306 -40308
-204479 -45918
-204636 -45738
-198844 -40530
-198616 -40443
-199582 -39247
-199476 -39291
-213983 -44229
-213781 -44220
-226526 -39711
-226687 -39709
-227165 -40798
-226985 -40829
-227306 -40308
-227337 -40176
-204636 -45738
-204736 -45555
-198616 -40443
-198494 -40312
-199476 -39291
-199244 -39265
-213781 -44220
-213610 -44209
-226687 -39709
-226908 -39743
-226985 -40829
-226802 -40822
-227337 -40176
-227502 -39971
-204736 -45555
-204821 -45349
-198494 -40312
-198262 -40339
-199244 -39265
-198985 -39145
-213610 -44209
-213470 -44222
-225687 -40066
-225910 -40259
-226802 -40822
-226603 -40876
-226908 -39743
-227050 -39816
-204821 -45349
-205035 -45063
-198262 -40339
-198030 -40264
-198985 -39145
-198745 -38894
-213470 -44222
-213255 -44302
-226603 -40876
-226470 -40770
-225910 -40259
-226065 -40297
-227050 -39816
-227222 -39853
-198357 -49317
-198304 -49185
-205035 -45063
-204995 -44911
-198030 -40264
-197940 -40230
-198745 -38894
-198582 -38605
-217375 -50372
-217227 -50248
-213255 -44302
-213104 -44392
-226470 -40770
-226307 -40725
-226065 -40297
-226250 -40310
-204995 -44911
-204993 -44748
-197940 -40230
-197710 -40080
-217227 -50248
-217097 -50159
-213104 -44392
-212896 -44467
-226307 -40725
-226053 -40901
-226250 -40310
-226389 -40340
-204993 -44748
-205085 -44623
-206666 -41362
-206909 -41087
-197710 -40080
-197606 -39848
-217097 -50159
-216872 -50054
-212896 -44467
-212732 -44270
-226053 -40901
-225831 -41103
-226389 -40340
-226591 -40336
-205085 -44623
-205091 -44403
-206909 -41087
-207114 -40923
-197606 -39848
-197719 -39601
-216872 -50054
-216670 -49977
-218552 -49294
-218775 -49246
-212732 -44270
-212580 -44123
-225831 -41103
-225787 -41214
-226591 -40336
-226779 -40319
-205091 -44403
-205249 -44187
-207114 -40923
-207201 -40780
-216670 -49977
-216394 -49886
-218775 -49246
-218933 -49116
-212580 -44123
-212352 -44047
-225787 -41214
-225549 -41204
-226779 -40319
-226948 -40271
-205249 -44187
-205350 -44012
-216394 -49886
-216240 -49920
-218933 -49116
-219166 -49022
-212352 -44047
-212183 -43998
-225549 -41204
-225426 -41278
-226948 -40271
-227207 -40489
-205350 -44012
-205441 -43786
-216240 -49920
-216023 -50004
-219166 -49022
-219298 -48767
-212183 -43998
-211920 -43946
-225426 -41278
-225293 -41337
-210125 -40485
-209981 -40278
-205441 -43786
-205526 -43612
-216023 -50004
-215929 -49943
-219298 -48767
-219498 -48732
-225293 -41337
-225073 -41345
-209981 -40278
-210012 -40054
-205526 -43612
-205605 -43475
-215929 -49943
-215815 -49761
-219498 -48732
-219630 -48683
-225073 -41345
-224951 -41609
-210012 -40054
-210029 -39903
-205605 -43475
-205717 -43229
-215815 -49761
-215749 -49619
-219630 -48683
-219600 -48581
-224951 -41609
-224779 -41815
-210029 -39903
-210114 -39679
-215749 -49619
-215523 -49670
-217266 -47822
-217343 -47967
-224779 -41815
-224612 -41625
-210114 -39679
-210031 -39418
-217343 -47967
-217335 -48122
-224612 -41625
-224429 -41448
-228699 -39763
-228671 -39993
-217335 -48122
-217372 -48341
-224429 -41448
-224304 -41295
-228671 -39993
-228591 -40134
-204717 -51344
-204830 -51161
-217372 -48341
-217553 -48557
-224304 -41295
-224128 -41149
-228591 -40134
-228566 -40362
-204830 -51161
-205022 -51019
-217553 -48557
-217782 -48598
-224128 -41149
-223952 -41145
-228566 -40362
-228598 -40467
-217782 -48598
-217927 -48733
-223952 -41145
-223705 -41012
-223771 -39843
-223718 -39708
-219860 -44361
-219716 -44240
-210388 -42922
-210627 -43006
-206109 -37576
-205976 -37548
-219716 -44240
-219518 -44297
-210627 -43006
-210784 -43146
-201237 -43621
-201219 -43874
-205976 -37548
-205815 -37520
-219518 -44297
-219400 -44382
-210784 -43146
-210865 -43227
-201219 -43874
-201373 -44089
-205815 -37520
-205622 -37431
-219400 -44382
-219212 -44486
-210865 -43227
-211087 -43373
-201373 -44089
-201604 -44335
-205622 -37431
-205449 -37334
-219212 -44486
-218991 -44584
-211087 -43373
-211279 -43533
-210308 -38046
-210455 -38138
-201604 -44335
-201777 -44592
-205449 -37334
-205331 -37308
-211279 -43533
-211470 -43680
-210455 -38138
-210687 -38275
-201777 -44592
-201831 -44797
-205331 -37308
-205122 -37288
-211470 -43680
-211671 -43816
-210687 -38275
-210856 -38255
-201831 -44797
-201871 -44958
-211671 -43816
-211920 -43946
-210856 -38255
-211001 -38285
-201871 -44958
-201890 -45113
-211001 -38285
-211263 -38386
-226905 -43200
-227031 -43311
-228947 -36000
-227202 -36000
-201890 -45113
-201900 -45281
-221895 -44824
-222031 -44744
-227031 -43311
-227205 -43461
-227202 -36000
-227223 -36036
-201900 -45281
-202020 -45496
-227205 -43461
-227223 -43666
-227223 -36036
-227238 -36097
-227223 -43666
-227262 -43926
-227238 -36097
-227276 -36197
-220337 -45490
-220135 -45309
-227276 -36197
-227369 -36402
-220135 -45309
-219915 -45189
-227369 -36402
-227551 -36600
-219915 -45189
-219772 -44984
-211960 -37624
-211850 -37662
-207534 -37132
-207361 -37040
-211850 -37662
-211586 -37899
-211586 -37899
-211520 -38039
-211520 -38039
-211453 -38202
-211453 -38202
-211263 -38386
-199866 -43745
-199592 -43780
-196580 -38125
-196449 -38135
-217927 -48733
-218159 -48861
-210255 -34039
-210390 -33990
-198605 -36840
-198116 -37078
-218159 -48861
-218322 -48933
-210390 -33990
-210637 -33844
-204379 -46200
-204223 -46188
-198116 -37078
-198002 -37103
-218322 -48933
-218484 -49135
-210637 -33844
-210910 -33622
-204223 -46188
-203982 -46281
-198002 -37103
-197431 -37207
-218484 -49135
-218552 -49294
-203982 -46281
-203725 -46370
-197431 -37207
-197352 -37218
-203725 -46370
-203486 -46433
-197352 -37218
-197264 -37246
-197264 -37246
-197107 -37151
-197107 -37151
-196957 -37358
-196957 -37358
-196782 -37545
-196782 -37545
-196746 -37674
-196746 -37674
-196701 -37934
-207653 -37225
-207476 -37473
-204028 -33728
-204017 -33721
-207476 -37473
-207397 -37663
-204017 -33721
-202162 -33877
-207397 -37663
-207273 -37854
-202162 -33877
-202160 -32400
-207273 -37854
-207153 -37817
-207153 -37817
-206938 -37703
-206938 -37703
-206723 -37724
-206723 -37724
-206601 -37676
-225961 -37772
-225874 -37861
-225874 -37861
-225640 -37909
-225640 -37909
-225473 -37866
-225473 -37866
-225311 -37799
-211920 -43946
-211942 -44117
-204807 -47483
-204723 -47318
-211942 -44117
-211835 -44379
-211835 -44379
-211863 -44513
-223705 -41012
-223614 -40838
-199592 -43780
-199487 -43749
-223614 -40838
-223534 -40664
-199487 -43749
-199406 -43802
-199406 -43802
-199360 -43850
-199360 -43850
-199101 -43688
-203278 -43210
-203079 -43501
-203079 -43501
-203050 -43783
-231351 -36000
-228947 -36000
-225780 -39160
-225368 -39601
-203050 -43783
-202903 -43805
-225368 -39601
-225174 -39836
-202903 -43805
-202738 -43563
-225174 -39836
-224999 -39704
-228965 -41776
-228730 -41715
-202738 -43563
-202661 -43485
-215889 -43200
-215859 -43380
-224999 -39704
-224842 -39685
-228730 -41715
-228570 -41543
-202661 -43485
-202525 -43227
-220815 -45455
-220917 -45179
-215859 -43380
-215724 -43536
-210388 -42922
-210336 -42785
-224842 -39685
-224831 -39677
-228570 -41543
-228348 -41593
-202525 -43227
-202352 -42986
-220917 -45179
-221089 -45011
-215724 -43536
-215638 -43725
-210336 -42785
-210295 -42600
-224831 -39677
-224643 -39643
-228348 -41593
-228203 -41541
-228947 -36000
-229023 -35798
-202352 -42986
-202183 -42697
-221089 -45011
-221241 -44928
-215638 -43725
-215673 -43852
-210295 -42600
-210202 -42479
-224643 -39643
-223966 -39602
-228203 -41541
-228012 -41518
-229023 -35798
-228964 -35692
-202183 -42697
-201980 -42428
-221241 -44928
-221494 -44888
-215673 -43852
-215632 -44023
-210202 -42479
-210193 -42267
-217666 -41273
-217920 -41489
-223966 -39602
-223771 -39673
-228012 -41518
-227834 -41461
-228964 -35692
-228914 -35499
-201980 -42428
-201860 -42207
-221494 -44888
-221775 -44879
-215632 -44023
-215616 -44051
-210193 -42267
-210191 -42156
-217920 -41489
-218053 -41655
-227834 -41461
-227667 -41431
-228914 -35499
-228883 -35254
-200768 -48030
-200590 -48114
-201860 -42207
-201781 -42080
-221775 -44879
-221895 -44824
-215616 -44051
-215611 -44083
-210191 -42156
-210260 -41958
-218053 -41655
-218302 -41938
-223771 -39843
-223977 -39900
-227667 -41431
-227401 -41349
-228883 -35254
-228863 -34976
-200590 -48114
-200453 -48089
-201781 -42080
-201608 -41941
-215611 -44083
-215591 -44081
-210260 -41958
-210168 -41798
-218302 -41938
-218444 -42115
-223977 -39900
-224070 -40021
-227401 -41349
-227283 -41392
-200453 -48089
-200274 -48086
-201608 -41941
-201483 -41830
-198768 -51354
-198802 -51207
-215591 -44081
-215186 -44426
-218444 -42115
-218703 -42131
-210168 -41798
-210111 -41536
-224070 -40021
-224126 -40086
-227283 -41392
-227109 -41532
-198802 -51207
-198913 -51010
-200274 -48086
-200088 -47917
-218703 -42131
-218936 -42114
-210111 -41536
-209902 -41253
-224126 -40086
-224142 -40173
-227109 -41532
-226974 -41581
-198913 -51010
-198986 -50873
-200088 -47917
-199988 -47951
-218936 -42114
-219086 -42220
-209902 -41253
-209986 -41041
-224142 -40173
-224152 -40219
-226974 -41581
-226799 -41598
-198986 -50873
-198742 -50688
-199988 -47951
-199785 -48030
-219086 -42220
-219206 -42229
-209986 -41041
-209971 -40854
-224152 -40219
-224801 -40235
-198742 -50688
-198615 -50624
-199785 -48030
-199651 -48154
-219206 -42229
-219292 -42209
-209971 -40854
-209990 -40612
-224801 -40235
-225301 -40408
-198615 -50624
-198374 -50494
-199651 -48154
-199549 -48344
-219292 -42209
-219321 -42253
-209990 -40612
-210125 -40485
-225301 -40408
-225687 -40066
-198374 -50494
-198398 -50297
-199549 -48344
-199403 -48536
-219321 -42253
-219314 -42296
-198398 -50297
-198401 -50162
-199403 -48536
-199231 -48601
-224182 -37759
-223976 -37888
-223976 -37888
-224067 -38200
-224067 -38200
-224062 -38214
-210009 -37477
-210047 -37229
-224062 -38214
-223551 -38376
-210047 -37229
-210089 -36982
-223551 -38376
-223056 -36574
-210089 -36982
-210041 -36840
-210041 -36840
-209954 -36565
-223056 -36574
-222887 -36406
-209954 -36565
-209828 -36322
-225583 -37057
-225733 -36949
-211863 -44513
-211871 -44689
-207208 -48601
-207252 -48418
-196449 -38135
-196214 -38031
-211871 -44689
-211957 -44890
-207252 -48418
-207406 -48301
-196214 -38031
-195991 -37959
-211957 -44890
-212066 -44989
-207406 -48301
-207446 -48197
-195991 -37959
-195854 -37816
-212066 -44989
-212134 -45240
-207446 -48197
-207332 -47927
-195854 -37816
-195601 -37653
-212134 -45240
-212156 -45461
-207332 -47927
-207128 -47648
-195601 -37653
-195315 -37588
-212156 -45461
-212142 -45582
-207128 -47648
-206951 -47355
-195315 -37588
-195177 -37580
-212142 -45582
-212218 -45787
-195177 -37580
-195092 -37588
-212218 -45787
-212200 -45927
-195092 -37588
-195025 -37595
-212200 -45927
-212156 -46162
-195025 -37595
-194784 -37629
-212156 -46162
-212123 -46258
-212123 -46258
-212116 -46526
-204028 -33728
-204184 -33781
-212116 -46526
-212196 -46745
-204184 -33781
-204378 -33796
-212438 -50025
-212473 -50219
-212196 -46745
-212263 -46879
-204378 -33796
-204390 -33585
-212473 -50219
-212549 -50393
-219600 -48581
-219599 -48220
-212263 -46879
-212256 -47166
-219599 -48220
-219587 -48209
-212256 -47166
-212397 -47407
-219587 -48209
-219550 -48205
-212397 -47407
-212384 -47585
-219550 -48205
-219446 -48210
-212384 -47585
-212458 -47675
-219446 -48210
-219189 -48105
-212458 -47675
-212528 -47921
-219189 -48105
-218966 -47986
-212528 -47921
-212510 -48041
-218966 -47986
-218792 -47834
-228863 -34976
-228599 -35136
-228599 -35136
-228453 -35133
-217375 -50372
-217482 -50212
-221667 -34983
-221565 -35224
-228453 -35133
-228240 -35135
-204442 -46801
-204261 -46638
-217482 -50212
-217639 -50030
-209526 -46801
-209759 -46590
-221565 -35224
-221444 -35472
-228240 -35135
-228213 -35136
-209759 -46590
-209923 -46467
-217639 -50030
-217760 -49752
-221444 -35472
-221440 -35625
-228213 -35136
-227865 -35135
-219314 -42296
-219326 -42291
-228972 -41765
-228965 -41776
-219326 -42291
-219601 -42084
-219601 -42084
-220361 -41504
-217654 -39562
-217844 -39838
-211776 -38559
-211975 -38668
-223522 -42685
-223326 -42709
-217844 -39838
-217905 -40090
-211975 -38668
-211766 -38909
-223326 -42709
-223120 -42711
-217905 -40090
-217918 -40265
-211766 -38909
-211901 -38944
-223120 -42711
-222922 -42757
-217918 -40265
-217866 -40557
-211901 -38944
-212162 -39107
-222922 -42757
-222805 -42870
-217866 -40557
-217774 -40764
-212162 -39107
-212254 -39225
-228957 -41400
-229042 -41536
-221634 -42697
-222611 -42703
-217774 -40764
-217680 -40906
-212254 -39225
-212233 -39494
-229042 -41536
-228972 -41765
-222611 -42703
-222628 -42728
-217680 -40906
-217584 -41091
-212233 -39494
-212145 -39641
-222628 -42728
-222708 -42745
-217584 -41091
-217666 -41273
-212145 -39641
-211955 -39646
-222708 -42745
-222805 -42870
-211955 -39646
-211766 -39897
-227189 -35112
-226921 -35105
-205717 -43229
-205630 -43206
-211766 -39897
-211820 -39971
-226921 -35105
-226856 -35093
-205630 -43206
-205492 -43122
-211820 -39971
-211683 -40185
-226856 -35093
-226570 -35102
-205492 -43122
-205317 -43099
-211683 -40185
-211677 -40200
-226570 -35102
-226411 -35101
-205317 -43099
-205071 -43047
-211677 -40200
-211222 -40317
-223718 -39708
-223484 -39874
-226411 -35101
-226194 -35134
-205071 -43047
-204836 -42922
-211222 -40317
-211071 -40484
-223484 -39874
-223382 -40046
-226194 -35134
-225979 -35339
-228965 -41776
-228808 -41990
-230283 -42286
-230165 -42214
-204836 -42922
-204557 -42908
-211071 -40484
-210596 -40819
-223382 -40046
-223361 -40299
-225979 -35339
-225764 -35371
-228808 -41990
-228890 -42225
-230165 -42214
-229928 -42154
-204557 -42908
-204334 -42988
-210596 -40819
-210561 -40798
-223361 -40299
-223283 -40199
-225764 -35371
-225514 -35183
-228890 -42225
-228884 -42369
-229928 -42154
-229743 -42029
-228876 -38993
-228978 -39220
-204334 -42988
-204201 -43077
-210561 -40798
-210349 -40695
-223283 -40199
-223148 -39990
-225514 -35183
-225302 -34931
-228884 -42369
-228983 -42474
-229743 -42029
-229576 -41997
-228978 -39220
-228942 -39437
-204201 -43077
-203981 -43142
-210349 -40695
-210125 -40485
-223148 -39990
-223012 -39903
-225302 -34931
-225195 -34814
-228983 -42474
-228875 -42695
-229576 -41997
-229412 -41905
-228942 -39437
-228910 -39633
-203981 -43142
-203804 -43084
-222270 -40799
-221402 -40800
-223012 -39903
-223017 -39713
-210031 -39418
-210005 -39281
-228875 -42695
-228868 -42957
-229412 -41905
-229234 -41871
-228910 -39633
-228699 -39763
-203804 -43084
-203609 -43019
-221402 -40800
-221401 -40010
-223017 -39713
-223046 -39639
-210005 -39281
-210086 -39103
-228868 -42957
-228656 -42978
-229234 -41871
-228972 -41765
-203609 -43019
-203489 -43141
-221401 -40010
-221135 -40009
-223046 -39639
-223000 -39571
-210086 -39103
-210014 -38982
-228656 -42978
-228402 -43193
-203489 -43141
-203278 -43210
-221135 -40009
-221142 -39554
-223000 -39571
-222990 -39551
-210014 -38982
-210016 -38810
-228402 -43193
-228464 -43446
-205717 -43229
-205793 -43101
-225733 -36949
-225886 -36842
-225886 -36842
-226003 -36743
-226003 -36743
-226181 -36634
-226181 -36634
-226189 -36627
-226189 -36627
-226195 -36602
-225780 -39160
-224182 -37759
-226195 -36602
-227551 -36600
-224721 -35300
-224815 -35418
-224815 -35418
-224830 -35661
-224830 -35661
-225013 -35873
-225013 -35873
-225098 -36101
-225098 -36101
-225273 -36326
-225273 -36326
-225286 -36464
-220815 -45455
-220827 -45661
-225286 -36464
-225330 -36642
-220827 -45661
-220734 -45757
-225330 -36642
-225346 -36681
-220734 -45757
-220582 -45815
-225346 -36681
-225368 -36700
-220582 -45815
-220437 -45848
-225368 -36700
-225401 -36712
-220437 -45848
-220303 -46047
-225401 -36712
-225583 -37057
-230794 -39107
-230516 -39120
-220303 -46047
-220316 -45865
-230516 -39120
-230289 -39061
-220316 -45865
-220374 -45732
-230289 -39061
-230240 -39106
-220374 -45732
-220337 -45490
-230240 -39106
-230180 -39134
-230180 -39134
-230125 -39131
-230125 -39131
-230099 -39133
-222805 -42870
-222730 -43143
-230099 -39133
-229342 -39023
-207361 -37040
-207371 -36780
-222730 -43143
-222659 -43180
