-209120 -62859
-208907 -62986
-211569 -52563
-211705 -52566
-203720 -61409
-203707 -61256
-202352 -59017
-202238 -58888
-205070 -55069
-205095 -54876
-198416 -53977
-198449 -53884
-197660 -52201
-197679 -52063
-196615 -61201
-196609 -61524
-196054 -58429
-195860 -58630
-194983 -53452
-194869 -53371
-208907 -62986
-208799 -63020
-211705 -52566
-211945 -52554
-203707 -61256
-203871 -61122
-202238 -58888
-201962 -58771
-205095 -54876
-205185 -54806
-198449 -53884
-198458 -53697
-197679 -52063
-197748 -51907
-196609 -61524
-196490 -61481
-195860 -58630
-195613 -58770
-208799 -63020
-208743 -63039
-211945 -52554
-212132 -52525
-203871 -61122
-203883 -60961
-201962 -58771
-201716 -58577
-205185 -54806
-205371 -54717
-197677 -54163
-197921 -54284
-198458 -53697
-198525 -53430
-196490 -61481
-196380 -61481
-208743 -63039
-208708 -63022
-216003 -56859
-216013 -56659
-212132 -52525
-212284 -52514
-203883 -60961
-203821 -60737
-201716 -58577
-201589 -58307
-197921 -54284
-198200 -54357
-198525 -53430
-198774 -53367
-203060 -53029
-203248 -53175
-195910 -61631
-195680 -61568
-196380 -61481
-196196 -61593
-208708 -63022
-208691 -63016
-216013 -56659
-216106 -56479
-212284 -52514
-212441 -52624
-203821 -60737
-203671 -60578
-198200 -54357
-198333 -54379
-198774 -53367
-199020 -53304
-205723 -53285
-205660 -53403
-203248 -53175
-203380 -53239
-197001 -68668
-196813 -68457
-196196 -61593
-195910 -61631
-208691 -63016
-208379 -62817
-216106 -56479
-216169 -56334
-212441 -52624
-212629 -52764
-203671 -60578
-203383 -60382
-201589 -58307
-201364 -58139
-203219 -54514
-203041 -54233
-198333 -54379
-198347 -54374
-205660 -53403
-205480 -53705
-199020 -53304
-199169 -53391
-203380 -53239
-203589 -53383
-208379 -62817
-207906 -63231
-216169 -56334
-216111 -56113
-207692 -54207
-207740 -54092
-212629 -52764
-212774 -52750
-203383 -60382
-203400 -60181
-201364 -58139
-201341 -58128
-198347 -54374
-198603 -54737
-203041 -54233
-202841 -54162
-205480 -53705
-205462 -53702
-203589 -53383
-203737 -53498
-207740 -54092
-207781 -54063
-212774 -52750
-212569 -52704
-201341 -58128
-200930 -58738
-198603 -54737
-199204 -55265
-202841 -54162
-202725 -54142
-205462 -53702
-205416 -53689
-203737 -53498
-203918 -53664
-196351 -68238
-196125 -68327
-196042 -67394
-196249 -67401
-195474 -61583
-195264 -61506
-207781 -54063
-207790 -54043
-212569 -52704
-212580 -52523
-200930 -58738
-200906 -58705
-199204 -55265
-199094 -55278
-202725 -54142
-202565 -53988
-205416 -53689
-205374 -53693
-203918 -53664
-204062 -53840
-205666 -52426
-205392 -52398
-196125 -68327
-195940 -68314
-196249 -67401
-196466 -67360
-207790 -54043
-207824 -54013
-212580 -52523
-212591 -52303
-200906 -58705
-200875 -58670
-199094 -55278
-198971 -55428
-202565 -53988
-202328 -53965
-204062 -53840
-204195 -54019
-205374 -53693
-205365 -53688
-205392 -52398
-205422 -52580
-195940 -68314
-195833 -68242
-195680 -61568
-195474 -61583
-207824 -54013
-209989 -54017
-212591 -52303
-212655 -52194
-200875 -58670
-200826 -58637
-198971 -55428
-199026 -55535
-204195 -54019
-204319 -54217
-205365 -53688
-205200 -53723
-205422 -52580
-205488 -52726
-195833 -68242
-196011 -68109
-195573 -59688
-195298 -59727
-195036 -61340
-195014 -61331
-212655 -52194
-212650 -52034
-200826 -58637
-200655 -58693
-199026 -55535
-199054 -55721
-204319 -54217
-204406 -54357
-205200 -53723
-204932 -53771
-205488 -52726
-205680 -52905
-196011 -68109
-196201 -67890
-195014 -61331
-194403 -61325
-212650 -52034
-212639 -51865
-200655 -58693
-200436 -58666
-199054 -55721
-199100 -55855
-204406 -54357
-204323 -54611
-205680 -52905
-205765 -53082
-210625 -54017
-210699 -54203
-212639 -51865
-212617 -51576
-200436 -58666
-200154 -58879
-199100 -55855
-199240 -55747
-204323 -54611
-204387 -54884
-205765 -53082
-205723 -53285
-196459 -57180
-196198 -57263
-210699 -54203
-210609 -54390
-212617 -51576
-212720 -51392
-200154 -58879
-199951 -58914
-199240 -55747
-199434 -55833
-204387 -54884
-204591 -54685
-196198 -57263
-196066 -57302
-195205 -58760
-195001 -58693
-208824 -70200
-208021 -68520
-208021 -68520
-207755 -68516
-208218 -55781
-208191 -56006
-210609 -54390
-210455 -54390
-199951 -58914
-199828 -58949
-199434 -55833
-199556 -56077
-204591 -54685
-204832 -54956
-201172 -52796
-201007 -52661
-196066 -57302
-196130 -57851
-195001 -58693
-194803 -58735
-207755 -68516
-207706 -68399
-208191 -56006
-208155 -56127
-210455 -54390
-210287 -54432
-199828 -58949
-199798 -58982
-199556 -56077
-199562 -56227
-204832 -54956
-204922 -55074
-201007 -52661
-201077 -52384
-217681 -51134
-217657 -51326
-207706 -68399
-207788 -68316
-208155 -56127
-208074 -56364
-210287 -54432
-210116 -54480
-217657 -51326
-217628 -51516
-199798 -58982
-199777 -59000
-199562 -56227
-199377 -56282
-204922 -55074
-205058 -55257
-201077 -52384
-200905 -52245
-207788 -68316
-207790 -68036
-208074 -56364
-208111 -56647
-210116 -54480
-209948 -54613
-217628 -51516
-217437 -51775
-199777 -59000
-199817 -59398
-205058 -55257
-205136 -55368
-200905 -52245
-200764 -52193
-204791 -51698
-204765 -51527
-207790 -68036
-207958 -68036
-208111 -56647
-208086 -56844
-209948 -54613
-209848 -54774
-217437 -51775
-217417 -51947
-199817 -59398
-200022 -61201
-200764 -52193
-200540 -52038
-204765 -51527
-204717 -51344
-195264 -61506
-195128 -61378
-207958 -68036
-207206 -65664
-209848 -54774
-209771 -54930
-217417 -51947
-217250 -52200
-207819 -51546
-207942 -51462
-200022 -61201
-200165 -62515
-200750 -55522
-200718 -55682
-200540 -52038
-200276 -52015
-204717 -51344
-204830 -51161
-196099 -53183
-196220 -53223
-209771 -54930
-209563 -54725
-207206 -65664
-206998 -65649
-206582 -62620
-206409 -62488
-200276 -52015
-200006 -51871
-196220 -53223
-196455 -53232
-206998 -65649
-206832 -65631
-206409 -62488
-206388 -62220
-200006 -51871
-199790 -51719
-196455 -53232
-196606 -53122
-206832 -65631
-206841 -65614
-206388 -62220
-206404 -62010
-199790 -51719
-199615 -51597
-196606 -53122
-196888 -53173
-195128 -61378
-195036 -61340
-213841 -54121
-213927 -54049
-199914 -53151
-199724 -52904
-197425 -51340
-197330 -51458
-196600 -65429
-196547 -65570
-195120 -68244
-195094 -68377
-213927 -54049
-213990 -53943
-202121 -56761
-201970 -56571
-199724 -52904
-199543 -52713
-196547 -65570
-196529 -65793
-195094 -68377
-195141 -68530
-213990 -53943
-214003 -53891
-201970 -56571
-201850 -56433
-199543 -52713
-199291 -52433
-196529 -65793
-196330 -65528
-195141 -68530
-195269 -68585
-214003 -53891
-214000 -53860
-201850 -56433
-202004 -56231
-196330 -65528
-196043 -65355
-195269 -68585
-195270 -68781
-214000 -53860
-214005 -53851
-202004 -56231
-202081 -56096
-196043 -65355
-195837 -65249
-196266 -55440
-196379 -55801
-195403 -56018
-195676 -56144
-214005 -53851
-214500 -53352
-203210 -58328
-203118 -58149
-202081 -56096
-202216 -55935
-195837 -65249
-195790 -65326
-195676 -56144
-195953 -56136
-196379 -55801
-196418 -56077
-203118 -58149
-202967 -57867
-202216 -55935
-202323 -55789
-195790 -65326
-195501 -65287
-195953 -56136
-196153 -56098
-196418 -56077
-196829 -57052
-202967 -57867
-203123 -57683
-202323 -55789
-202482 -55562
-196829 -57052
-196487 -57173
-196153 -56098
-195899 -55879
-195501 -65287
-195378 -65248
-203123 -57683
-203406 -57518
-202482 -55562
-202463 -55340
-202604 -55221
-202598 -55090
-195899 -55879
-195752 -55775
-195378 -65248
-195134 -65131
-195134 -65131
-194957 -65317
-207993 -53519
-208247 -53413
-204713 -63002
-204567 -62834
-203406 -57518
-203579 -57404
-202463 -55340
-202604 -55221
-202598 -55090
-202681 -54896
-195752 -55775
-195618 -55608
-194957 -65317
-194893 -65597
-208247 -53413
-208379 -53329
-204567 -62834
-204591 -62674
-203579 -57404
-203623 -57204
-202681 -54896
-202509 -54717
-197748 -51907
-197505 -51697
-195618 -55608
-195361 -55315
-208379 -53329
-208647 -53285
-204591 -62674
-204345 -62497
-203623 -57204
-203518 -56985
-202509 -54717
-202297 -54621
-197505 -51697
-197330 -51458
-195361 -55315
-195457 -55180
-194867 -65797
-195052 -66000
-208647 -53285
-208830 -53143
-204345 -62497
-204193 -62306
-203518 -56985
-203323 -56773
-202297 -54621
-202065 -54359
-195457 -55180
-195669 -55258
-195052 -66000
-194861 -66000
-208830 -53143
-209005 -53091
-203323 -56773
-203250 -56573
-195669 -55258
-195932 -55481
-196200 -52171
-196029 -52200
-209005 -53091
-209235 -53017
-203250 -56573
-203210 -56510
-197248 -63295
-197061 -63073
-209235 -53017
-209495 -53017
-203210 -56510
-204244 -56946
-209495 -53017
-209587 -53148
-199086 -57227
-198870 -58199
-204244 -56946
-204279 -56906
-209587 -53148
-209790 -53246
-197733 -57799
-197872 -57999
-204279 -56906
-204343 -56846
-204052 -55718
-204070 -55540
-209790 -53246
-210029 -53260
-197872 -57999
-197990 -57959
-204343 -56846
-204576 -56972
-204070 -55540
-204219 -55397
-210029 -53260
-210269 -53437
-205738 -59183
-205494 -59129
-197990 -57959
-198105 -57939
-204219 -55397
-204261 -55171
-196201 -63808
-196294 -63940
-210625 -54017
-209989 -54017
-210269 -53437
-210272 -53452
-205494 -59129
-205483 -58837
-198105 -57939
-198287 -57929
-204261 -55171
-204088 -55011
-196294 -63940
-196574 -63713
-211395 -54017
-210625 -54017
-210272 -53452
-210598 -53420
-205483 -58837
-205459 -58652
-198287 -57929
-198519 -58010
-204088 -55011
-203948 -54873
-196574 -63713
-196863 -63772
-211889 -54016
-211395 -54017
-210598 -53420
-211027 -53373
-205459 -58652
-205467 -58470
-198519 -58010
-198630 -58121
-203948 -54873
-203666 -54641
-196863 -63772
-197049 -63813
-211027 -53373
-211071 -53315
-211889 -54016
-211797 -53766
-205467 -58470
-205519 -58281
-198630 -58121
-198870 -58199
-203666 -54641
-203443 -54488
-197049 -63813
-197125 -63833
-207308 -63265
-207189 -63217
-201412 -54294
-201404 -54280
-196159 -53444
-196271 -53568
-195186 -59164
-195004 -59425
-207189 -63217
-207014 -63159
-201404 -54280
-201392 -54264
-196271 -53568
-196497 -53616
-207014 -63159
-206918 -63050
-202676 -59030
-202548 -59057
-201392 -54264
-201386 -54129
-196497 -53616
-196762 -53699
-206918 -63050
-206863 -62853
-202548 -59057
-202352 -59017
-199377 -56282
-199488 -56440
-201386 -54129
-201411 -54028
-196762 -53699
-196911 -53832
-209335 -57599
-209391 -57485
-206863 -62853
-206582 -62620
-199488 -56440
-199509 -56563
-201411 -54028
-201534 -53839
-209391 -57485
-209396 -57291
-199509 -56563
-199484 -56652
-201534 -53839
-201648 -53657
-209396 -57291
-209298 -57037
-199484 -56652
-199512 -56715
-201648 -53657
-201404 -53556
-199512 -56715
-199474 -56952
-202328 -53965
-202333 -54186
-201404 -53556
-201244 -53483
-203164 -62355
-202882 -62160
-202333 -54186
-202326 -54286
-201244 -53483
-201052 -53445
-196387 -55313
-196266 -55440
-209194 -51009
-209441 -51289
-209613 -56521
-209757 -56771
-209441 -51289
-209588 -51547
-202882 -62160
-202677 -62195
-202326 -54286
-202065 -54359
-201052 -53445
-200887 -53430
-209757 -56771
-209826 -56910
-209588 -51547
-209620 -51709
-202677 -62195
-202540 -62026
-200887 -53430
-200748 -53224
-209826 -56910
-209824 -56933
-209620 -51709
-209615 -51747
-202540 -62026
-202366 -61982
-203474 -58674
-203451 -58456
-200748 -53224
-200602 -53140
-209824 -56933
-209832 -56941
-217250 -52200
-217191 -52405
-209615 -51747
-209630 -51766
-202366 -61982
-202186 -61900
-203451 -58456
-203210 -58328
-203066 -55561
-202874 -55483
-200602 -53140
-200567 -53111
-214090 -58605
-211626 -58704
-209832 -56941
-209418 -56983
-208086 -56844
-208037 -57013
-217191 -52405
-217043 -52650
-209630 -51766
-209630 -51788
-202186 -61900
-201947 -61824
-200567 -53111
-200518 -53088
-211626 -58704
-211665 -58509
-208037 -57013
-207929 -57191
-209418 -56983
-209298 -57037
-217043 -52650
-216978 -52632
-209630 -51788
-208195 -51470
-201947 -61824
-201707 -61871
-200518 -53088
-200498 -53079
-195054 -58919
-195186 -59164
-211665 -58509
-211561 -58334
-207929 -57191
-207853 -57387
-216978 -52632
-216878 -54347
-208195 -51470
-207942 -51462
-201707 -61871
-201600 -62085
-200498 -53079
-200448 -53065
-206997 -68834
-206892 -68657
-211561 -58334
-211453 -58171
-207853 -57387
-207732 -57594
-216878 -54347
-217802 -54345
-206892 -68657
-206881 -68492
-200448 -53065
-199291 -52433
-195589 -63580
-195449 -63550
-194828 -56256
-195021 -56264
-211453 -58171
-211286 -57888
-207732 -57594
-207593 -57384
-208419 -55650
-208701 -55870
-208608 -54836
-208522 -54831
-217802 -54345
-217917 -54526
-206881 -68492
-207095 -68437
-195449 -63550
-195276 -63463
-195021 -56264
-195199 -56320
-211286 -57888
-211152 -57652
-208701 -55870
-208799 -56152
-208522 -54831
-208499 -54817
-217917 -54526
-217800 -54646
-207095 -68437
-207235 -68433
-207593 -57384
-207510 -57171
-203040 -52108
-203027 -52326
-196029 -52200
-195820 -52489
-195276 -63463
-195030 -63373
-195199 -56320
-195190 -56146
-211152 -57652
-210909 -57423
-208799 -56152
-208870 -56334
-208499 -54817
-208208 -54711
-217800 -54646
-216857 -55705
-207235 -68433
-207494 -68583
-207510 -57171
-207571 -56933
-195820 -52489
-195600 -52766
-195190 -56146
-195120 -55946
-195030 -63373
-194890 -63419
-210909 -57423
-210834 -57398
-208870 -56334
-208989 -56541
-216857 -55705
-216821 -56112
-208208 -54711
-208159 -54506
-207494 -68583
-207588 -68740
-207571 -56933
-207607 -56696
-195120 -55946
-195403 -56018
-210834 -57398
-210561 -57353
-208989 -56541
-209090 -56817
-216821 -56112
-216616 -58557
-208159 -54506
-207871 -54527
-207588 -68740
-207629 -68925
-199433 -66887
-199899 -68184
-207607 -56696
-207702 -56520
-216616 -58557
-216119 -58565
-210561 -57353
-210385 -57293
-209090 -56817
-209298 -57037
-209613 -56521
-209870 -56543
-207702 -56520
-207749 -56275
-207871 -54527
-207636 -54482
-199899 -68184
-199933 -68205
-216119 -58565
-215362 -58582
-210385 -57293
-210203 -57185
-209870 -56543
-210806 -56492
-209563 -54725
-208934 -54688
-199933 -68205
-199963 -68233
-199102 -65697
-199350 -66601
-204576 -56972
-204715 -56913
-203027 -52326
-203156 -52418
-196798 -63001
-196553 -62938
-211797 -53766
-211800 -53597
-206841 -65614
-206944 -65509
-206404 -62010
-206469 -61860
-205519 -58281
-205646 -58072
-200718 -55682
-200635 -55735
-203443 -54488
-203219 -54514
-197061 -63073
-196798 -63001
-196888 -53173
-197034 -53280
-211800 -53597
-211611 -53463
-206944 -65509
-206971 -65525
-198498 -63530
-198492 -63540
-206469 -61860
-206522 -61603
-205646 -58072
-205631 -57910
-200635 -55735
-200386 -55703
-211611 -53463
-211655 -53252
-206971 -65525
-206999 -65508
-198816 -63355
-198664 -63446
-206522 -61603
-206653 -61435
-205631 -57910
-205656 -57744
-200386 -55703
-200311 -55677
-211655 -53252
-211596 -53148
-206999 -65508
-207268 -65274
-198664 -63446
-198498 -63530
-206653 -61435
-206592 -61242
-205656 -57744
-205670 -57540
-197676 -57534
-197733 -57799
-200311 -55677
-200061 -55719
-203156 -52418
-203184 -52442
-211596 -53148
-211547 -52929
-207268 -65274
-207359 -64966
-206389 -64187
-206217 -64156
-206592 -61242
-206589 -61120
-205670 -57540
-205571 -57396
-200061 -55719
-199937 -55834
-196459 -57180
-196476 -57368
-211547 -52929
-211536 -52751
-207359 -64966
-207473 -64747
-206217 -64156
-206105 -64055
-205571 -57396
-205473 -57190
-199937 -55834
-199800 -55907
-196476 -57368
-196528 -57487
-207749 -56275
-207728 -56083
-209592 -55268
-209831 -55891
-211536 -52751
-211569 -52563
-207473 -64747
-207793 -64179
-206105 -64055
-206016 -64017
-197894 -59298
-197857 -59088
-205473 -57190
-205335 -57018
-196528 -57487
-196559 -57512
-207793 -64179
-207658 -64180
-207728 -56083
-207725 -55907
-209831 -55891
-210540 -55856
-206016 -64017
-205828 -63993
-197857 -59088
-197772 -58830
-196559 -57512
-196573 -57511
-207658 -64180
-207791 -63977
-207725 -55907
-207768 -55625
-205828 -63993
-205717 -63964
-197772 -58830
-197638 -58579
-197635 -53268
-197741 -53229
-196573 -57511
-196567 -57514
-203184 -52442
-202929 -52447
-207791 -63977
-207865 -63696
-207768 -55625
-207802 -55344
-205717 -63964
-205464 -63847
-197638 -58579
-197385 -58549
-203060 -53029
-202848 -53248
-196567 -57514
-196581 -57530
-207865 -63696
-207991 -63564
-207802 -55344
-207826 -55091
-205464 -63847
-205233 -63613
-197385 -58549
-197238 -58338
-202848 -53248
-202751 -53252
-196581 -57530
-197220 -57581
-207488 -51192
-207607 -51315
-207991 -63564
-207985 -63352
-207826 -55091
-207722 -54925
-205233 -63613
-205131 -63399
-202751 -53252
-202794 -53171
-207607 -51315
-207819 -51546
-197238 -58338
-197092 -58281
-197220 -57581
-197507 -57656
-207985 -63352
-207906 -63231
-207722 -54925
-207673 -54721
-205131 -63399
-204988 -63180
-197507 -57656
-197733 -57799
-204052 -55718
-203622 -55730
-202794 -53171
-202645 -53172
-199615 -51597
-199350 -51594
-197092 -58281
-196943 -58201
-207673 -54721
-207636 -54482
-198001 -66121
-197912 -66288
-204988 -63180
-204713 -63002
-203622 -55730
-203632 -55772
-202645 -53172
-202489 -52906
-199350 -51594
-199154 -51509
-196943 -58201
-196653 -58061
-196911 -53832
-196673 -53918
-197912 -66288
-197658 -66394
-206693 -60784
-206550 -60710
-199474 -56952
-199217 -56970
-202121 -56761
-202273 -56773
-197913 -56262
-197876 -56128
-203632 -55772
-203594 -55805
-202489 -52906
-202296 -52806
-202929 -52447
-202936 -52889
-199154 -51509
-198968 -51451
-196653 -58061
-196381 -57939
-197658 -66394
-197501 -66341
-206550 -60710
-206538 -60471
-199217 -56970
-199086 -57227
-202273 -56773
-202480 -56652
-197876 -56128
-197847 -55917
-203594 -55805
-203518 -55854
-202296 -52806
-202028 -52797
-198968 -51451
-198768 -51354
-196381 -57939
-196130 -57851
-196515 -53907
-196372 -53946
-197501 -66341
-197282 -66477
-206538 -60471
-206608 -60337
-202480 -56652
-202582 -56533
-197913 -56262
-198092 -56201
-197847 -55917
-197707 -55811
-203518 -55854
-203383 -55801
-202028 -52797
-201891 -52894
-198768 -51354
-198802 -51207
-196372 -53946
-196210 -54128
-212731 -55690
-212733 -55676
-197282 -66477
-197136 -66590
-206608 -60337
-206638 -60146
-202582 -56533
-202587 -56481
-198092 -56201
-198302 -56224
-197707 -55811
-197483 -55702
-203383 -55801
-203227 -55611
-203060 -53029
-202920 -52913
-201891 -52894
-201650 -52796
-196210 -54128
-195982 -54261
-207754 -52196
-207724 -51904
-206638 -60146
-206632 -59910
-202587 -56481
-202594 -56471
-198302 -56224
-198517 -56484
-197483 -55702
-197239 -55579
-203227 -55611
-203066 -55561
-201650 -52796
-201435 -52849
-197136 -66590
-197088 -66746
-195982 -54261
-196002 -54403
-207724 -51904
-207826 -51757
-206632 -59910
-206352 -59743
-198517 -56484
-198687 -56538
-202594 -56471
-202934 -56248
-205086 -55677
-205138 -55525
-201435 -52849
-201172 -52796
-197088 -66746
-196974 -66924
-197239 -55579
-197073 -55499
-196002 -54403
-196067 -54675
-207906 -63231
-207757 -63243
-206352 -59743
-206149 -59688
-198687 -56538
-198831 -56634
-202934 -56248
-202930 -56196
-205138 -55525
-205136 -55368
-196974 -66924
-196698 -67027
-197073 -55499
-196935 -55422
-196067 -54675
-196292 -54860
-207757 -63243
-207693 -63455
-212733 -55676
-212499 -55517
-206149 -59688
-205961 -59551
-198831 -56634
-198892 -56723
-202930 -56196
-202922 -56135
-205086 -55677
-204837 -55677
-196698 -67027
-196620 -67139
-196935 -55422
-196685 -55377
-196292 -54860
-196275 -55030
-207693 -63455
-207455 -63387
-212499 -55517
-212304 -55302
-205961 -59551
-205828 -59271
-198892 -56723
-198895 -56778
-202922 -56135
-203020 -55860
-204837 -55677
-204562 -55690
-196620 -67139
-196466 -67360
-196685 -55377
-196545 -55335
-196275 -55030
-196387 -55313
-212304 -55302
-212102 -55068
-207455 -63387
-207308 -63265
-205828 -59271
-205738 -59183
-198895 -56778
-198893 -56791
-203020 -55860
-203175 -55694
-204562 -55690
-204518 -55744
-196487 -57173
-196743 -57208
-196545 -55335
-196387 -55313
-211071 -53315
-211123 -53223
-204715 -56913
-204930 -56755
-197125 -63833
-197139 -63900
-211123 -53223
-211218 -53029
-204930 -56755
-205187 -56882
-207636 -54482
-207692 -54207
-197139 -63900
-197033 -64141
-214097 -58130
-214340 -58246
-211218 -53029
-211353 -52816
-205187 -56882
-205335 -57018
-197033 -64141
-196969 -64213
-195004 -59425
-194780 -59378
-214340 -58246
-214448 -58297
-212731 -55690
-212579 -55767
-211353 -52816
-211569 -52563
-196969 -64213
-196874 -64489
-214448 -58297
-214578 -58227
-212579 -55767
-212412 -55958
-207993 -53519
-207905 -53439
-205976 -57061
-206222 -56979
-196987 -61334
-196987 -61346
-214578 -58227
-214788 -58185
-212412 -55958
-212196 -56066
-207905 -53439
-207800 -53216
-202121 -56761
-201207 -56514
-195695 -59401
-195573 -59688
-214788 -58185
-214881 -58079
-212196 -56066
-212085 -56127
-207800 -53216
-207538 -53035
-201207 -56514
-201200 -56518
-214881 -58079
-215120 -57914
-212085 -56127
-211854 -56168
-201200 -56518
-200555 -56535
-207538 -53035
-207282 -53042
-199291 -52433
-199284 -52430
-215120 -57914
-215180 -57737
-211306 -55127
-211459 -55316
-207819 -51546
-207826 -51757
-203400 -60181
-203279 -60091
-200555 -56535
-200393 -56640
-207282 -53042
-207093 -52945
-199284 -52430
-198971 -52599
-196673 -53918
-196515 -53907
-215180 -57737
-215273 -57606
-211459 -55316
-211603 -55489
-203279 -60091
-203268 -59843
-200393 -56640
-200357 -56819
-207093 -52945
-206902 -52964
-198971 -52599
-198941 -52576
-195811 -67329
-196042 -67394
-215273 -57606
-215411 -57452
-211603 -55489
-211674 -55626
-203268 -59843
-203034 -59572
-200357 -56819
-200280 -56921
-206902 -52964
-206793 -52898
-198941 -52576
-198910 -52531
-196987 -61346
-197000 -61344
-215411 -57452
-215628 -57541
-211674 -55626
-211890 -55817
-204193 -62306
-203930 -62421
-203034 -59572
-202775 -59335
-200280 -56921
-200044 -56881
-206793 -52898
-206559 -52773
-198910 -52531
-198824 -52421
-196614 -61154
-196630 -60252
-215628 -57541
-215779 -57400
-211890 -55817
-211901 -55999
-203930 -62421
-203801 -62394
-202775 -59335
-202734 -59147
-200044 -56881
-199792 -57010
-206559 -52773
-206339 -52801
-198824 -52421
-198772 -52259
-196630 -60252
-196650 -60216
-215779 -57400
-215859 -57136
-211901 -55999
-211854 -56168
-203801 -62394
-203676 -62341
-202734 -59147
-202676 -59030
-199792 -57010
-199637 -56975
-206339 -52801
-206206 -52732
-198772 -52259
-198546 -52231
-205116 -51970
-205201 -51921
-196650 -60216
-196599 -60148
-215859 -57136
-216003 -56859
-203676 -62341
-203501 -62354
-199637 -56975
-199474 -56952
-206206 -52732
-206148 -52706
-198546 -52231
-198430 -52113
-205116 -51970
-204935 -51803
-196599 -60148
-196516 -60035
-203501 -62354
-203396 -62264
-202121 -56761
-202103 -57366
-206148 -52706
-205867 -52589
-198430 -52113
-198214 -51972
-204935 -51803
-204791 -51698
-196516 -60035
-196371 -59853
-211626 -58704
-210348 -58756
-198492 -63540
-198535 -63757
-203396 -62264
-203197 -62393
-202103 -57366
-202007 -57600
-205867 -52589
-205719 -52476
-198214 -51972
-197982 -51999
-207530 -51962
-207616 -51905
-196371 -59853
-196277 -59644
-210348 -58756
-210268 -58712
-198535 -63757
-198477 -63966
-202007 -57600
-201912 -57851
-197982 -51999
-197748 -51907
-207616 -51905
-207826 -51757
-196277 -59644
-196186 -59614
-212726 -51100
-212720 -51392
-210268 -58712
-210203 -58588
-198477 -63966
-198358 -64245
-201912 -57851
-201589 -58307
-207117 -53724
-206894 -53737
-207001 -51573
-207133 -51671
-196186 -59614
-196143 -59672
-203543 -51268
-203495 -51303
-197109 -68899
-197001 -68668
-210203 -58588
-209974 -58561
-198358 -64245
-198179 -64362
-207133 -51671
-207275 -51711
-203495 -51303
-203554 -51275
-196143 -59672
-195999 -59634
-209974 -58561
-209939 -58646
-198179 -64362
-197930 -64398
-207275 -51711
-207530 -51962
-203554 -51275
-203583 -51815
-195999 -59634
-195345 -59902
-207693 -63455
-207614 -63599
-209939 -58646
-209910 -58896
-211413 -54554
-211420 -54846
-197930 -64398
-197797 -64551
-206277 -55290
-206374 -55485
-195345 -59902
-195247 -59764
-209910 -58896
-210024 -58990
-211420 -54846
-211306 -55127
-197797 -64551
-197646 -64723
-207614 -63599
-207633 -63788
-206374 -55485
-206351 -55676
-210024 -58990
-210068 -59108
-197646 -64723
-197372 -64789
-207633 -63788
-207401 -63900
-198870 -58199
-198658 -59157
-206351 -55676
-206572 -55908
-206894 -53737
-206622 -53735
-194740 -53536
-194983 -53452
-215362 -58582
-214331 -58598
-208863 -55289
-209363 -56499
-208934 -54688
-208931 -54741
-199963 -68233
-200056 -68328
-204518 -55744
-204403 -55856
-196553 -62938
-196401 -62944
-213365 -51209
-213543 -51446
-214331 -58598
-214090 -58605
-209363 -56499
-209613 -56521
-208931 -54741
-208887 -54775
-213543 -51446
-213630 -51623
-200056 -68328
-200235 -68481
-204403 -55856
-204174 -55771
-196401 -62944
-196193 -62942
-214090 -58605
-214071 -58406
-210813 -56491
-210806 -56492
-208887 -54775
-208792 -54811
-213630 -51623
-213627 -51853
-200235 -68481
-200416 -68631
-202676 -59030
-202570 -58861
-199800 -55907
-199786 -56187
-204174 -55771
-204052 -55718
-197330 -51458
-197096 -51563
-196193 -62942
-196052 -63107
-213627 -51853
-213627 -51924
-214071 -58406
-214097 -58130
-210806 -56492
-210814 -56338
-208792 -54811
-208608 -54836
-200416 -68631
-200540 -68770
-202570 -58861
-202481 -58644
-199786 -56187
-199633 -56207
-196813 -68457
-196639 -68361
-196052 -63107
-195772 -63363
-197096 -51563
-196921 -51548
-210814 -56338
-210804 -56139
-213627 -51924
-213532 -52214
-200540 -68770
-200624 -68891
-197894 -59298
-197744 -59513
-202481 -58644
-202432 -58486
-199633 -56207
-199377 -56282
-195772 -63363
-195589 -63580
-196921 -51548
-196921 -51691
-210804 -56139
-210895 -56007
-210886 -55832
-210540 -55856
-213532 -52214
-213515 -52232
-197744 -59513
-197611 -59758
-202432 -58486
-202445 -58302
-206973 -56287
-206970 -56285
-197677 -54163
-197525 -54240
-196921 -51691
-196703 -51819
-210895 -56007
-210886 -55832
-211413 -54554
-211281 -54537
-212720 -51392
-212908 -51628
-197611 -59758
-197649 -59906
-202445 -58302
-202664 -58296
-197525 -54240
-197275 -54097
-195613 -58770
-195593 -59056
-196703 -51819
-196567 -51883
-211854 -56168
-211596 -56312
-211281 -54537
-211031 -54654
-212908 -51628
-213128 -51655
-197649 -59906
-197637 -60053
-202664 -58296
-202760 -58332
-197275 -54097
-197118 -53959
-195593 -59056
-195641 -59242
-196567 -51883
-196405 -51958
-211596 -56312
-211446 -56348
-209563 -54725
-209721 -54541
-211031 -54654
-210819 -54823
-213128 -51655
-213233 -51686
-197637 -60053
-197386 -60319
-202760 -58332
-202855 -58489
-195641 -59242
-195695 -59401
-197118 -53959
-196911 -53832
-196405 -51958
-196200 -52171
-213233 -51686
-213439 -51836
-207692 -54207
-207498 -54557
-211446 -56348
-211415 -56428
-210819 -54823
-210742 -54979
-209721 -54541
-209707 -54387
-197386 -60319
-197440 -60582
-202855 -58489
-203120 -58521
-196639 -68361
-196351 -68238
-213439 -51836
-213477 -52007
-211415 -56428
-211371 -56464
-210742 -54979
-210740 -55217
-209707 -54387
-209853 -54312
-197440 -60582
-197535 -60778
-203120 -58521
-203316 -58578
-207498 -54557
-207480 -54597
-213477 -52007
-213515 -52232
-211371 -56464
-211223 -56460
-210740 -55217
-210561 -55302
-209853 -54312
-209917 -54243
-197535 -60778
-197531 -61026
-203316 -58578
-203474 -58674
-207480 -54597
-207433 -54728
-211223 -56460
-210813 -56491
-210561 -55302
-210564 -55463
-209917 -54243
-209989 -54017
-197531 -61026
-197452 -61120
-207433 -54728
-207376 -54954
-210564 -55463
-210483 -55725
-204193 -62306
-204189 -62301
-197452 -61120
-197421 -61194
-197385 -57372
-197676 -57534
-207376 -54954
-207363 -55143
-210483 -55725
-210540 -55856
-197421 -61194
-197426 -61461
-197913 -56262
-198017 -56451
-207363 -55143
-207295 -55351
-194728 -63655
-194952 -63731
-198017 -56451
-198083 -56712
-207295 -55351
-207144 -55592
-204932 -53771
-204766 -53552
-205116 -51970
-205017 -52215
-196614 -61154
-196828 -61174
-194952 -63731
-195105 -63931
-198083 -56712
-197885 -56905
-207144 -55592
-207026 -55799
-204766 -53552
-204617 -53386
-196828 -61174
-196910 -61279
-195105 -63931
-195261 -64044
-211306 -55127
-211091 -55414
-197885 -56905
-197836 -57081
-207026 -55799
-206980 -55996
-199169 -53391
-199358 -53405
-204617 -53386
-204574 -53244
-196910 -61279
-196958 -61312
-195261 -64044
-195487 -63926
-211091 -55414
-210982 -55628
-198199 -61654
-198074 -61573
-197836 -57081
-197812 -57295
-206980 -55996
-206966 -56153
-205371 -54717
-205543 -54435
-199358 -53405
-199518 -53436
-204574 -53244
-204344 -52977
-196958 -61312
-196987 -61334
-197049 -53292
-197225 -53280
-195487 -63926
-195734 -63916
-210982 -55628
-210886 -55832
-204189 -62301
-204120 -62101
-198074 -61573
-197874 -61606
-197812 -57295
-197676 -57534
-206966 -56153
-206970 -56285
-205543 -54435
-205258 -54215
-199518 -53436
-199748 -53545
-204344 -52977
-204212 -52730
-196201 -67890
-196265 -67722
-195734 -63916
-195899 -63852
-204120 -62101
-203956 -61880
-197874 -61606
-197744 -61523
-206572 -55908
-206823 -56048
-205258 -54215
-205142 -54020
-197677 -54163
-197868 -54192
-199748 -53545
-200032 -53530
-197357 -53273
-197635 -53268
-201550 -51361
-201695 -51202
-196265 -67722
-196335 -67595
-195899 -63852
-196072 -63737
-203956 -61880
-203902 -61690
-197744 -61523
-197645 -61494
-206823 -56048
-206970 -56285
-197868 -54192
-197992 -54156
-205142 -54020
-204932 -53771
-200032 -53530
-200073 -53425
-196335 -67595
-196466 -67360
-196072 -63737
-196201 -63808
-197000 -61344
-197426 -61461
-197034 -53280
-197049 -53292
-209586 -62496
-209344 -62584
-203902 -61690
-203855 -61566
-197645 -61494
-197426 -61461
-205136 -55368
-205219 -55201
-197992 -54156
-198173 -53996
-200073 -53425
-200170 -53246
-195298 -59727
-195247 -59764
-209344 -62584
-209120 -62859
-203855 -61566
-203720 -61409
-205219 -55201
-205070 -55069
-198173 -53996
-198416 -53977
-200170 -53246
-199914 -53151
-196614 -61154
-196615 -61201
-195134 -65131
-194844 -65155
-195247 -59764
-195004 -59425
-199350 -66601
-199433 -66887
-198893 -56791
-199086 -57227
-203175 -55694
-203066 -55561
-196743 -57208
-196870 -57207
-196870 -57207
-197037 -57210
-194905 -52703
-195123 -52879
-200165 -62515
-199908 -62392
-206288 -51936
-206393 -51706
-197037 -57210
-197214 -57308
-195123 -52879
-195372 -52966
-208419 -55650
-208218 -55781
-199908 -62392
-199659 -62454
-197741 -53229
-197732 -53021
-206393 -51706
-206504 -51588
-197214 -57308
-197385 -57372
-195372 -52966
-195571 -53026
-199659 -62454
-199564 -62532
-197732 -53021
-197724 -52843
-206504 -51588
-206769 -51509
-195600 -52766
-195571 -53026
-197225 -53280
-197357 -53273
-199564 -62532
-199377 -62477
-197724 -52843
-197675 -52826
-204212 -52730
-204861 -52526
-206769 -51509
-207001 -51573
-199377 -62477
-199089 -62341
-197675 -52826
-197683 -52756
-204861 -52526
-204864 -52519
-205201 -51921
-205430 -51903
-199089 -62341
-198893 -62228
-197683 -52756
-197678 -52751
-204864 -52519
-204913 -52462
-205430 -51903
-205648 -51891
-198498 -63530
-198506 -63572
-198893 -62228
-198703 -62033
-205371 -54717
-205575 -54914
-197678 -52751
-197660 -52746
-205719 -52476
-205666 -52426
-204913 -52462
-204880 -52360
-205648 -51891
-205731 -51839
-198506 -63572
-198518 -63601
-198703 -62033
-198450 -61875
-205575 -54914
-205760 -54861
-197660 -52746
-197741 -52356
-205719 -52476
-206011 -52342
-204880 -52360
-205017 -52215
-205731 -51839
-205946 -51890
-207942 -51462
-207706 -51234
-198518 -63601
-199102 -65697
-198450 -61875
-198199 -61654
-205760 -54861
-205959 -54970
-204212 -52730
-204273 -52506
-197741 -52356
-197660 -52201
-206011 -52342
-206261 -52368
-205946 -51890
-206155 -51916
-201600 -62085
-201422 -62103
-205959 -54970
-206089 -55005
-204273 -52506
-204318 -52409
-206261 -52368
-206465 -52192
-206155 -51916
-206288 -51936
-201422 -62103
-201204 -62164
-206089 -55005
-206043 -55179
-204318 -52409
-204508 -52154
-206465 -52192
-206722 -52165
-201204 -62164
-200954 -62271
-206043 -55179
-206277 -55290
-206722 -52165
-206941 -52024
-204508 -52154
-204640 -51898
-196099 -53183
-196099 -53183
-200954 -62271
-200677 -62392
-206941 -52024
-207085 -52076
-204640 -51898
-204791 -51698
-195613 -58770
-195409 -58831
-196099 -53183
-195946 -53136
-200677 -62392
-200480 -62424
-207085 -52076
-207269 -52203
-203583 -51815
-203593 -52046
-195946 -53136
-195786 -53124
-195409 -58831
-195205 -58760
-200480 -62424
-200305 -62481
-207269 -52203
-207450 -52358
-203593 -52046
-203796 -52144
-195786 -53124
-195571 -53026
-194831 -66706
-195037 -66887
-209771 -54930
-209731 -55067
-211395 -54017
-211468 -54270
-200305 -62481
-200166 -62523
-207450 -52358
-207584 -52399
-203796 -52144
-203969 -52409
-195037 -66887
-195254 -66900
-209731 -55067
-209592 -55268
-211468 -54270
-211413 -54554
-200165 -62515
-200166 -62523
-203969 -52409
-204073 -52570
-207584 -52399
-207754 -52196
-196874 -64489
-196815 -64694
-195254 -66900
-195435 -66809
-210813 -56491
-210742 -56631
-204073 -52570
-204212 -52730
-205017 -52215
-205211 -52320
-195811 -67329
-195600 -67393
-196815 -64694
-196829 -64815
-195435 -66809
-195651 -67032
-210742 -56631
-210651 -56812
-205211 -52320
-205435 -52293
-195600 -67393
-195408 -67547
-195651 -67032
-195684 -67143
-196829 -64815
-196860 -64874
-210651 -56812
-210476 -57044
-205435 -52293
-205666 -52426
-195684 -67143
-195811 -67329
-196860 -64874
-196909 -65267
-196130 -57851
-195941 -58110
-195408 -67547
-195331 -67803
-210476 -57044
-210203 -57185
-196909 -65267
-196858 -65308
-195941 -58110
-195963 -58266
-195331 -67803
-195146 -68032
-196858 -65308
-196600 -65429
-195963 -58266
-196054 -58429
-196487 -57173
-196459 -57180
-195146 -68032
-195120 -68244
-197545 -51195
-197425 -51340
-210068 -59108
-210000 -59363
-212102 -55068
-211881 -54806
-207401 -63900
-207371 -64095
-203197 -62393
-203164 -62355
-198658 -59157
-198536 -59203
-210000 -59363
-210188 -59556
-211881 -54806
-211951 -54531
-214500 -53352
-214484 -53210
-207371 -64095
-207108 -64233
-198536 -59203
-198415 -59217
-210188 -59556
-210339 -59707
-209217 -55483
-209427 -55407
-211951 -54531
-211948 -54278
-207993 -53519
-207901 -53647
-214484 -53210
-214603 -53013
-207108 -64233
-206832 -64449
-198415 -59217
-198301 -59191
-206222 -56979
-206370 -56699
-214603 -53013
-214561 -52822
-210339 -59707
-210457 -59999
-209427 -55407
-209592 -55268
-211948 -54278
-211889 -54016
-207901 -53647
-207640 -53698
-206832 -64449
-206607 -64243
-198301 -59191
-198064 -59406
-205976 -57061
-205795 -56833
-206370 -56699
-206466 -56605
-210457 -59999
-210479 -60179
-209217 -55483
-209124 -55376
-207640 -53698
-207521 -53693
-214561 -52822
-214516 -52644
-206607 -64243
-206389 -64187
-198064 -59406
-197894 -59298
-205795 -56833
-205784 -56640
-206466 -56605
-206640 -56593
-210479 -60179
-210467 -60407
-209124 -55376
-209054 -55180
-214516 -52644
-214543 -52428
-205784 -56640
-205631 -56399
-206640 -56593
-206771 -56690
-207521 -53693
-207375 -53729
-203583 -51815
-203352 -52099
-210467 -60407
-210512 -60578
-209054 -55180
-208916 -55033
-214543 -52428
-214687 -52327
-199433 -66887
-199670 -69183
-199102 -65697
-198827 -65610
-206771 -56690
-206935 -56718
-205631 -56399
-205598 -56250
-207375 -53729
-207218 -53708
-203352 -52099
-203228 -52045
-210512 -60578
-210466 -60743
-208916 -55033
-208866 -54943
-214687 -52327
-214566 -52149
-198827 -65610
-198623 -65640
-200166 -62523
-200100 -62717
-206935 -56718
-207059 -56589
-205598 -56250
-205510 -56070
-207218 -53708
-207117 -53724
-203228 -52045
-203040 -52108
-210466 -60743
-210485 -60987
-214097 -58130
-214283 -57922
-210203 -57185
-210072 -57258
-208419 -55650
-208693 -55522
-208866 -54943
-208608 -54836
-214566 -52149
-214348 -52045
-198623 -65640
-198510 -65661
-200100 -62717
-199938 -62863
-207059 -56589
-206990 -56462
-205510 -56070
-205317 -55849
-210485 -60987
-210330 -61157
-214283 -57922
-214182 -57769
-210072 -57258
-209896 -57333
-208693 -55522
-208863 -55289
-208863 -55289
-209067 -55340
-214348 -52045
-214077 -52141
-198510 -65661
-198249 -65768
-199938 -62863
-199774 -62939
-206589 -61120
-206713 -61065
-206990 -56462
-206973 -56287
-214077 -52141
-213879 -52222
-210330 -61157
-210349 -61331
-214182 -57769
-213932 -57824
-209896 -57333
-209818 -57618
-209067 -55340
-209217 -55483
-198249 -65768
-198205 -65943
-199774 -62939
-199502 -63051
-206713 -61065
-206921 -60866
-205335 -57018
-205382 -56971
-206622 -53735
-206453 -53818
-213879 -52222
-213776 -52285
-209818 -57618
-209597 -57723
-210349 -61331
-210361 -61511
-213932 -57824
-213813 -57616
-198205 -65943
-198001 -66121
-199502 -63051
-199265 -63155
-206921 -60866
-207109 -60752
-205382 -56971
-205400 -56968
-202874 -55483
-203037 -55351
-206453 -53818
-206278 -53830
-213776 -52285
-213515 -52232
-210361 -61511
-210189 -61600
-209597 -57723
-209335 -57599
-213813 -57616
-213656 -57497
-199265 -63155
-199020 -63187
-207109 -60752
-207377 -60674
-205400 -56968
-205407 -56964
-203037 -55351
-203154 -55129
-202065 -54359
-201878 -54304
-206278 -53830
-206131 -53833
-210189 -61600
-210180 -61891
-213656 -57497
-213495 -57388
-199020 -63187
-198816 -63355
-207377 -60674
-207403 -60497
-205407 -56964
-205420 -56945
-203154 -55129
-203203 -54930
-201878 -54304
-201711 -54342
-206131 -53833
-206114 -53747
-202936 -52889
-202920 -52913
-210180 -61891
-210097 -61972
-213495 -57388
-213389 -57156
-207403 -60497
-207252 -60517
-205420 -56945
-205976 -57061
-203203 -54930
-203141 -54808
-201711 -54342
-201548 -54321
-206114 -53747
-206127 -53672
-202920 -52913
-202694 -52733
-197104 -64700
-196874 -64489
-210097 -61972
-209950 -62127
-213389 -57156
-213251 -56981
-216111 -56113
-216079 -56044
-207252 -60517
-207091 -60548
-203141 -54808
-202978 -54739
-201548 -54321
-201369 -54296
-206127 -53672
-206133 -53662
-202694 -52733
-202521 -52594
-209950 -62127
-209872 -62275
-213251 -56981
-213155 -56842
-216079 -56044
-216002 -56012
-207091 -60548
-206904 -60678
-202978 -54739
-203219 -54514
-201369 -54296
-201266 -54351
-206133 -53662
-206135 -53645
-202521 -52594
-202388 -52455
-209872 -62275
-209586 -62496
-213155 -56842
-212980 -56664
-216002 -56012
-215066 -55801
-198492 -63540
-198276 -63469
-206904 -60678
-206693 -60784
-205317 -55849
-205086 -55677
-202874 -55483
-202604 -55221
-201266 -54351
-201272 -54594
-206135 -53645
-205889 -53259
-202388 -52455
-202301 -52292
-212980 -56664
-212949 -56397
-215066 -55801
-214160 -55588
-198276 -63469
-198066 -63490
-201272 -54594
-201254 -54750
-205889 -53259
-205874 -53278
-202301 -52292
-202160 -52193
-195932 -55481
-196102 -55450
-212949 -56397
-212893 -56271
-214160 -55588
-213960 -54814
-198066 -63490
-197866 -63414
-201254 -54750
-201354 -54958
-205874 -53278
-205723 -53285
-202160 -52193
-201913 -52003
-196102 -55450
-196266 -55440
-212893 -56271
-212798 -56020
-213960 -54814
-214107 -54627
-197866 -63414
-197620 -63436
-201354 -54958
-201101 -55027
-202328 -53965
-201412 -54294
-201913 -52003
-201631 -51714
-196099 -53183
-196159 -53444
-212798 -56020
-212743 -55833
-214107 -54627
-214246 -54336
-197620 -63436
-197419 -63409
-201101 -55027
-200864 -55308
-201631 -51714
-201570 -51583
-212743 -55833
-212731 -55690
-214246 -54336
-214078 -54287
-197372 -64789
-197104 -64700
-197419 -63409
-197248 -63295
-200864 -55308
-200750 -55522
-201570 -51583
-201550 -51361
-195205 -58760
-195054 -58919
-214078 -54287
-213841 -54121
