-182232 3682
-182115 3899
-182528 7699
-182805 7740
-193302 8325
-193466 8531
-182115 3899
-181901 3821
-182805 7740
-182988 7782
-193466 8531
-193721 8485
-181901 3821
-181625 3939
-182988 7782
-183196 7778
-193721 8485
-193810 8320
-188452 1558
-188196 1326
-181625 3939
-181625 4122
-183196 7778
-183347 7775
-193810 8320
-193998 8267
-181625 4122
-181496 4243
-183347 7775
-183522 7790
-193998 8267
-194145 8248
-188196 1326
-188025 1474
-188025 1474
-187770 1707
-186430 3579
-186541 3514
-183522 7790
-183718 7789
-194145 8248
-194258 8076
-187770 1707
-187553 1838
-189853 2936
-189586 3004
-186541 3514
-186637 3742
-183718 7789
-183915 7836
-194258 8076
-194403 8029
-187553 1838
-187382 1747
-189586 3004
-189426 2736
-186637 3742
-186832 3755
-188958 5400
-189021 5627
-183915 7836
-184120 7738
-194403 8029
-195079 7845
-187382 1747
-187241 1731
-189426 2736
-189236 2609
-186832 3755
-186984 3745
-189021 5627
-188999 5775
-184120 7738
-184372 7626
-187241 1731
-187029 1630
-189236 2609
-188997 2367
-186984 3745
-187131 4001
-182913 6413
-182723 6573
-184372 7626
-184532 7524
-187029 1630
-186822 1626
-188997 2367
-188888 2168
-187131 4001
-187158 4248
-182723 6573
-182479 6587
-184532 7524
-184785 7378
-188888 2168
-188688 1963
-186822 1626
-186628 1605
-187158 4248
-187140 4428
-182479 6587
-182258 6419
-184785 7378
-185067 7336
-186628 1605
-186451 1598
-188688 1963
-188592 1721
-187140 4428
-187206 4602
-182258 6419
-182199 6251
-185067 7336
-185303 7328
-182199 6251
-182041 6153
-186451 1598
-186253 1461
-188592 1721
-188452 1558
-187206 4602
-187151 4764
-185303 7328
-185430 7308
-182041 6153
-181987 5942
-188452 1558
-188297 1801
-186253 1461
-186108 1359
-187795 3600
-187924 3744
-185430 7308
-185492 7344
-183757 1559
-183886 1719
-187924 3744
-188005 3803
-181987 5942
-181975 5784
-185492 7344
-185700 7545
-183886 1719
-184051 1948
-188005 3803
-188222 3868
-181975 5784
-181939 5619
-185700 7545
-185764 7357
-184051 1948
-184316 2141
-188222 3868
-188489 4108
-181939 5619
-181935 5400
-185764 7357
-185836 7208
-184316 2141
-184560 2237
-188489 4108
-188598 4344
-190323 7290
-190189 7442
-184560 2237
-184745 2293
-190189 7442
-189935 7481
-184745 2293
-184959 2475
-189935 7481
-189689 7427
-185534 1225
-185533 1460
-185533 1460
-185403 1705
-183757 1559
-183644 1674
-189689 7427
-189492 7329
-183644 1674
-183375 1805
-189492 7329
-189320 7229
-183375 1805
-183493 1973
-189320 7229
-189081 7299
-188127 1970
-187957 2146
-190507 7014
-190456 7217
-187957 2146
-187802 2303
-190456 7217
-190323 7290
-187802 2303
-187616 2282
-191010 7009
-191214 7177
-189334 1806
-189559 2099
-191214 7177
-191284 7306
-189559 2099
-189594 2290
-191284 7306
-191285 7501
-189594 2290
-189589 2465
-191285 7501
-191506 7669
-189589 2465
-189573 2696
-191506 7669
-191650 7722
-189573 2696
-189853 2936
-191650 7722
-191803 7871
-183213 2015
-183278 2213
-183278 2213
-183272 2478
-183272 2478
-183027 2712
-183027 2712
-182898 2604
-185401 6568
-185207 6319
-182898 2604
-182753 2414
-185207 6319
-184992 6449
-182753 2414
-182536 2281
-184992 6449
-184909 6653
-182536 2281
-182344 2130
-184909 6653
-184670 6771
-182344 2130
-182238 2272
-184011 6643
-183872 6692
-182238 2272
-182211 2475
-183872 6692
-183702 6719
-182211 2475
-182042 2730
-183702 6719
-183457 6602
-182042 2730
-181791 2699
-183457 6602
-183279 6565
-181791 2699
-181674 2614
-183279 6565
-183017 6540
-181674 2614
-181605 2524
-183017 6540
-182913 6413
-181605 2524
-181474 2245
-182017 5302
-181798 4910
-189589 6482
-189686 6621
-186430 2333
-186196 2470
-181798 4910
-181562 4455
-189686 6621
-189925 6727
-181562 4455
-181549 4441
-186196 2470
-186232 2725
-189925 6727
-190011 6964
-187404 6276
-187394 6444
-183465 10461
-183391 10277
-187394 6444
-187409 6719
-183391 10277
-183392 10116
-184959 2475
-184910 2581
-187409 6719
-187274 6974
-183392 10116
-183250 9938
-184910 2581
-184909 2793
-187274 6974
-187224 7241
-188999 9805
-188932 9965
-183250 9938
-183145 9660
-182457 1283
-182494 1493
-182494 1493
-182559 1609
-184909 2793
-184958 2756
-187224 7241
-187243 7487
-183145 9660
-183070 9542
-188932 9965
-188865 10140
-182559 1609
-182702 1798
-184958 2756
-185077 2656
-187243 7487
-187309 7717
-183070 9542
-183028 9367
-188865 10140
-188785 10290
-185077 2656
-185299 2810
-187309 7717
-187341 7903
-183028 9367
-183007 9269
-188785 10290
-188620 10570
-185299 2810
-185400 3029
-187341 7903
-187360 8084
-183007 9269
-183071 9006
-188620 10570
-188526 10811
-180337 2529
-180316 2817
-187360 8084
-187395 8283
-188526 10811
-188391 11071
-180316 2817
-180292 2838
-187395 8283
-187339 8560
-188391 11071
-188420 11304
-181940 1246
-181867 1419
-181867 1419
-181813 1568
-180292 2838
-180251 2879
-187339 8560
-187255 8773
-188420 11304
-188273 11589
-181813 1568
-181713 1735
-180251 2879
-180204 2957
-187161 4764
-187045 5000
-188273 11589
-188143 11724
-181713 1735
-181681 1913
-180204 2957
-180194 3078
-187045 5000
-186814 5112
-188143 11724
-187980 11770
-181681 1913
-181617 2078
-180194 3078
-180125 3096
-186814 5112
-186667 5372
-187980 11770
-187842 12001
-181617 2078
-181474 2245
-180125 3096
-180045 3200
-186667 5372
-186442 5601
-187842 12001
-187744 12175
-180045 3200
-179949 3401
-186442 5601
-186262 5722
-187744 12175
-187630 12382
-179949 3401
-179797 3560
-186262 5722
-186188 5832
-187630 12382
-187544 12508
-183757 1559
-183957 1520
-179797 3560
-179815 3745
-186188 5832
-186159 6018
-187544 12508
-187419 12684
-183957 1520
-184043 1300
-179815 3745
-179786 4003
-186159 6018
-186125 6254
-187419 12684
-187330 12853
-179786 4003
-179726 4075
-186125 6254
-186051 6495
-187330 12853
-187200 13041
-179726 4075
-179637 4238
-186051 6495
-185928 6756
-184199 14171
-184222 13795
-179637 4238
-179624 4389
-187161 4764
-187151 4764
-184222 13795
-184231 13718
-184347 1223
-184401 1451
-184401 1451
-184536 1609
-179624 4389
-179663 4587
-183660 5803
-183417 5782
-184231 13718
-184271 13462
-184536 1609
-184763 1708
-183191 2874
-183424 3007
-183417 5782
-183289 5712
-184271 13462
-184310 13200
-183493 1973
-183582 2088
-187312 3510
-187560 3600
-181549 4441
-181502 4343
-189081 7299
-188897 7343
-183582 2088
-183574 2300
-187560 3600
-187795 3600
-181502 4343
-181496 4243
-188897 7343
-188780 7363
-183574 2300
-183538 2471
-188598 4344
-188787 4534
-188780 7363
-188690 7517
-183538 2471
-183272 2597
-188787 4534
-188903 4790
-188690 7517
-188470 7717
-183272 2597
-183242 2654
-188903 4790
-188880 5063
-188470 7717
-188246 7772
-183242 2654
-183191 2874
-188880 5063
-188928 5252
-188246 7772
-188092 7849
-185114 1800
-185403 1705
-188928 5252
-188958 5400
-188092 7849
-188080 7980
-182702 1798
-182797 1958
-180245 4353
-180011 4397
-188080 7980
-187916 8137
-182797 1958
-182926 2123
-180011 4397
-179887 4428
-188297 1801
-188127 1970
-187916 8137
-187775 8274
-185406 10193
-185532 9907
-182926 2123
-183213 2015
-179887 4428
-179663 4587
-187775 8274
-187628 8476
-185532 9907
-185618 9719
-187628 8476
-187529 8676
-185618 9719
-185778 9542
-187529 8676
-187255 8773
-185778 9542
-185928 9289
-183071 9006
-182821 8957
-185928 9289
-186065 8998
-195122 5925
-194908 5877
-182821 8957
-182749 8745
-186065 8998
-186211 8790
-194908 5877
-194765 5705
-182749 8745
-182735 8518
-186211 8790
-186309 8652
-194765 5705
-194745 5559
-182735 8518
-182673 8375
-186309 8652
-186501 8554
-194745 5559
-194696 5352
-182673 8375
-182604 8175
-186501 8554
-186671 8511
-194696 5352
-194526 5409
-182604 8175
-182529 7999
-186671 8511
-186824 8486
-194526 5409
-194397 5419
-182529 7999
-182464 7748
-186824 8486
-187027 8580
-194397 5419
-194165 5282
-180245 4353
-180413 4105
-182464 7748
-182528 7699
-187027 8580
-187255 8773
-194165 5282
-193981 5185
-180413 4105
-180602 3961
-191803 7871
-191611 7911
-193981 5185
-193860 5012
-180602 3961
-180676 3795
-193860 5012
-193637 5089
-191611 7911
-191506 7916
-180676 3795
-180880 3600
-193637 5089
-193376 5106
-191506 7916
-191298 7964
-180880 3600
-181160 3391
-191298 7964
-191103 7967
-193376 5106
-193255 4959
-186232 2725
-186339 2902
-183424 3007
-183305 3204
-190011 6964
-190055 7084
-181474 2245
-181263 2394
-183305 3204
-183310 3370
-190055 7084
-190323 7290
-181263 2394
-180977 2479
-183310 3370
-183188 3576
-185928 6756
-185673 6724
-180977 2479
-180711 2525
-181799 3256
-182076 3165
-185673 6724
-185401 6568
-180711 2525
-180564 2540
-182076 3165
-182187 3112
-190797 6575
-190918 6785
-189141 1283
-189254 1518
-189254 1518
-189334 1806
-180564 2540
-180337 2529
-182187 3112
-182377 3059
-190918 6785
-191010 7009
-187616 2282
-187508 2381
-182377 3059
-182456 2977
-187508 2381
-187239 2497
-182456 2977
-182729 2954
-187239 2497
-187091 2506
-182729 2954
-182954 2984
-187091 2506
-186884 2518
-182954 2984
-183191 2874
-186884 2518
-186662 2425
-186339 2902
-186453 3085
-186662 2425
-186430 2333
-186453 3085
-186619 3254
-186619 3254
-186511 3428
-186511 3428
-186430 3579
-185403 1705
-185252 1430
-189853 2936
-190031 3187
-187200 13041
-187128 13268
-185252 1430
-185016 1247
-190031 3187
-190158 3386
-187128 13268
-186949 13419
-190158 3386
-190291 3462
-186949 13419
-186857 13670
-190291 3462
-190347 3680
-186857 13670
-186630 13857
-190347 3680
-190412 3911
-186630 13857
-186463 14008
-190412 3911
-190548 4015
-186463 14008
-186402 14168
-190548 4015
-190685 4266
-186402 14168
-186304 14372
-190685 4266
-190631 4557
-186304 14372
-186071 14480
-190631 4557
-190500 4814
-186071 14480
-185889 14714
-190500 4814
-190411 4990
-185889 14714
-185776 15003
-184763 1708
-184904 1758
-183289 5712
-183178 5716
-191103 7967
-190988 7855
-184310 13200
-184277 13060
-184904 1758
-185114 1800
-183178 5716
-183141 5721
-190988 7855
-190827 7811
-184277 13060
-184263 12820
-183141 5721
-183108 5736
-190827 7811
-190573 7862
-184263 12820
-184270 12563
-183108 5736
-183098 5734
-182528 7699
-182396 7744
-190573 7862
-190388 8050
-184270 12563
-184288 12428
-183098 5734
-182017 5302
-182396 7744
-182321 7782
-190388 8050
-190281 8188
-184288 12428
-184291 12252
-181935 5400
-182017 5302
-182321 7782
-182099 7877
-190281 8188
-190089 8273
-184291 12252
-184239 12108
-182099 7877
-181907 7949
-190089 8273
-189876 8374
-184239 12108
-184225 11848
-181907 7949
-181790 7941
-189876 8374
-189619 8542
-184225 11848
-184400 11573
-181790 7941
-181642 7935
-189619 8542
-189513 8719
-184400 11573
-184473 11406
-181642 7935
-181505 7813
-189513 8719
-189412 8870
-184473 11406
-184629 11251
-181505 7813
-181359 7601
-189412 8870
-189196 9055
-184629 11251
-184818 11005
-181359 7601
-181280 7437
-189196 9055
-189145 9213
-184818 11005
-185028 10860
-181280 7437
-181200 7273
-189145 9213
-189207 9494
-185028 10860
-185049 10727
-181200 7273
-181118 7109
-189207 9494
-189107 9578
-185049 10727
-185118 10493
-181118 7109
-181080 7051
-189107 9578
-188999 9805
-190752 7021
-190507 7014
-185118 10493
-185228 10333
-181080 7051
-181072 7010
-185228 10333
-185406 10193
-191803 7871
-191668 8118
-181072 7010
-180856 6493
-191668 8118
-191851 8319
-180856 6493
-180696 6517
-191851 8319
-192094 8459
-180696 6517
-180443 6480
-192094 8459
-192248 8282
-180443 6480
-180264 6425
-192248 8282
-192459 8249
-180264 6425
-180094 6364
-192459 8249
-192671 8161
-180094 6364
-179983 6297
-192671 8161
-192915 8185
-179983 6297
-179730 6147
-192915 8185
-193161 8226
-179730 6147
-179668 6014
-193161 8226
-193302 8325
-181160 3391
-181282 3379
-185776 15003
-185751 15229
-181282 3379
-181535 3414
-185751 15229
-185699 15378
-181535 3414
-181799 3256
-180245 4353
-180491 4417
-185699 15378
-185664 15641
-183188 3576
-183379 3570
-180491 4417
-180493 4437
-185664 15641
-185593 15894
-192573 4417
-192332 4414
-183379 3570
-183541 3473
-180493 4437
-180462 4715
-185593 15894
-185401 15936
-192332 4414
-192363 4155
-183541 3473
-183625 3437
-180462 4715
-180511 4803
-185401 15936
-185364 15924
-192363 4155
-192453 4060
-183625 3437
-183747 3640
-180511 4803
-180675 4797
-185364 15924
-185229 15805
-192453 4060
-192378 3828
-180337 2529
-180271 2283
-183747 3640
-183858 3685
-180675 4797
-180764 4801
-185229 15805
-185039 15652
-192378 3828
-192301 3563
-180271 2283
-180161 2117
-183858 3685
-184051 3646
-180764 4801
-181001 4739
-184731 6093
-184546 6053
-185039 15652
-184844 15464
-192301 3563
-192288 3412
-180161 2117
-180126 1833
-184051 3646
-184325 3613
-181001 4739
-181055 4684
-184546 6053
-184374 5935
-184844 15464
-184623 15225
-192288 3412
-192139 3254
-180126 1833
-180155 1751
-184325 3613
-184482 3470
-181055 4684
-181041 4470
-184374 5935
-184189 5835
-184623 15225
-184504 15069
-192139 3254
-191927 3123
-180155 1751
-180188 1341
-184482 3470
-184707 3538
-181041 4470
-181050 4248
-184189 5835
-183921 5758
-184504 15069
-184403 14900
-191927 3123
-191717 2915
-184707 3538
-184941 3412
-181050 4248
-181268 4171
-183921 5758
-183660 5803
-184403 14900
-184347 14810
-191717 2915
-191463 2709
-184941 3412
-185103 3621
-181268 4171
-181496 4243
-188999 5775
-189181 6030
-184347 14810
-184285 14603
-191463 2709
-191264 2511
-189181 6030
-189211 6194
-191264 2511
-191219 2348
-185103 3621
-185262 3853
-183537 10620
-183465 10461
-184285 14603
-184239 14392
-191219 2348
-191281 2214
-185262 3853
-185213 4085
-189211 6194
-189430 6373
-184239 14392
-184199 14171
-191281 2214
-191339 2005
-185213 4085
-185154 4361
-189430 6373
-189589 6482
-191339 2005
-191373 1851
-185154 4361
-185125 4529
-185125 4529
-184974 4763
-191373 1851
-191382 1648
-183188 3576
-183009 3446
-191382 1648
-191374 1452
-183009 3446
-182866 3668
-191374 1452
-191390 1297
-182866 3668
-182596 3714
-182596 3714
-182461 3779
-182461 3779
-182232 3682
-190411 4990
-190333 5181
-179668 6014
-179627 5871
-193255 4959
-193115 4935
-190333 5181
-190322 5336
-179627 5871
-179617 5787
-193115 4935
-192902 4852
-190322 5336
-190338 5546
-179617 5787
-179600 5548
-192902 4852
-192812 4648
-190338 5546
-190495 5616
-179600 5548
-179554 5287
-192812 4648
-192573 4417
-179554 5287
-179571 5082
-190495 5616
-190662 5612
-184199 14171
-183915 14062
-179571 5082
-179609 4869
-190662 5612
-190732 5734
-183915 14062
-183875 13954
-179609 4869
-179663 4587
-190732 5734
-190778 5866
-183875 13954
-183875 13815
-184974 4763
-185402 4767
-190778 5866
-190729 6092
-183875 13815
-183885 13647
-185402 4767
-187151 4764
-190729 6092
-190795 6332
-183885 13647
-183916 13417
-184974 4763
-184950 5015
-190795 6332
-190797 6575
-183916 13417
-183920 13302
-185400 3029
-185533 3148
-184950 5015
-184905 5135
-183920 13302
-183891 13027
-185533 3148
-185767 3049
-184905 5135
-185064 5424
-183891 13027
-183871 12756
-185767 3049
-185793 3169
-185064 5424
-185214 5716
-183871 12756
-183854 12571
-185793 3169
-185888 3424
-185214 5716
-185124 5889
-183854 12571
-183916 12306
-185888 3424
-186130 3518
-185124 5889
-185064 5923
-183916 12306
-183873 12099
-186130 3518
-186321 3492
-185064 5923
-184928 6014
-183873 12099
-183823 11940
-186321 3492
-186430 3579
-184928 6014
-184731 6093
-184670 6771
-184468 6757
-183823 11940
-183767 11800
-186541 3514
-186627 3488
-187161 4764
-187268 4973
-184468 6757
-184323 6784
-183767 11800
-183678 11533
-186627 3488
-186860 3376
-187268 4973
-187358 5217
-184323 6784
-184141 6754
-183678 11533
-183712 11362
-186860 3376
-186969 3208
-187358 5217
-187301 5359
-184141 6754
-184011 6643
-183712 11362
-183622 11087
-186969 3208
-187200 3104
-187301 5359
-187343 5545
-185836 7208
-185975 7018
-187368 3315
-187312 3510
-183622 11087
-183640 10944
-187200 3104
-187373 3206
-187343 5545
-187293 5831
-185975 7018
-185928 6756
-183640 10944
-183550 10775
-187373 3206
-187368 3315
-187293 5831
-187397 6098
-191010 7009
-190752 7021
-183550 10775
-183537 10620
-187397 6098
-187404 6276
