-196310 -99020
-196107 -98931
-195789 -90909
-195800 -91039
-195428 -88966
-195615 -88891
-195913 -99728
-195990 -99740
-195800 -91039
-195813 -91082
-194917 -102010
-195078 -102023
-194743 -89137
-195008 -89139
-196692 -101535
-196418 -101645
-195813 -91082
-195835 -91356
-195426 -99617
-195711 -99684
-195078 -102023
-195184 -102098
-195008 -89139
-195126 -89342
-195044 -88858
-194901 -88994
-196418 -101645
-196461 -101876
-195711 -99684
-195913 -99728
-195184 -102098
-195293 -101953
-195126 -89342
-195152 -89524
-195461 -87928
-195612 -88197
-196461 -101876
-196317 -101799
-195612 -88197
-195601 -88329
-195293 -101953
-195444 -101953
-195601 -88329
-195543 -88525
-195444 -101953
-195723 -102058
-197856 -103709
-198124 -103605
-197993 -100046
-198103 -100043
-196386 -102108
-196410 -101926
-198124 -103605
-198278 -103552
-198103 -100043
-198302 -100046
-196410 -101926
-196461 -101876
-198278 -103552
-198463 -103474
-198302 -100046
-198186 -100266
-194776 -101054
-195047 -101293
-198463 -103474
-198689 -103406
-197001 -99227
-197215 -99289
-194997 -90123
-195068 -90408
-198689 -103406
-198900 -103281
-197215 -99289
-197324 -99107
-195068 -90408
-194589 -90393
-197324 -99107
-197417 -99372
-197417 -99372
-197560 -99448
-196334 -102253
-196608 -102501
-195871 -101286
-196022 -101519
-197560 -99448
-197643 -99716
-196608 -102501
-196815 -102490
-196022 -101519
-196063 -101616
-196815 -102490
-196852 -102769
-196063 -101616
-196146 -101667
-196852 -102769
-197023 -102910
-196146 -101667
-196317 -101799
-196200 -101923
-196012 -102022
-194840 -87802
-195015 -87757
-196012 -102022
-195723 -102058
-198725 -102019
-198479 -102006
-198177 -100374
-198016 -100430
-196861 -100397
-197142 -100317
-198479 -102006
-198203 -101962
-198016 -100430
-197759 -100588
-197142 -100317
-197396 -100227
-195248 -103136
-195014 -103018
-195459 -92007
-195572 -91916
-195572 -91916
-195737 -91941
-195014 -103018
-194987 -102934
-195737 -91941
-195927 -91959
-194987 -102934
-194861 -102795
-196801 -99521
-196535 -99352
-195927 -91959
-196146 -91779
-196146 -91779
-196213 -91780
-195813 -86302
-195615 -86413
-197675 -102607
-197874 -102556
-196213 -91780
-196215 -91323
-195615 -86413
-195433 -86646
-197874 -102556
-198063 -102529
-196981 -101015
-196910 -101046
-196215 -91323
-196218 -91308
-195314 -86610
-195433 -86646
-198063 -102529
-198296 -102499
-196218 -91308
-196169 -91246
-195003 -86618
-195223 -86619
-198296 -102499
-198425 -102484
-197305 -100969
-197142 -100952
-196169 -91246
-196102 -91202
-195223 -86619
-195314 -86610
-198425 -102484
-198592 -102339
-197023 -102910
-196860 -103162
-197142 -100952
-196981 -101015
-196102 -91202
-195835 -91356
-196860 -103162
-196812 -103373
-197744 -101016
-197544 -100973
-198280 -100846
-198001 -100910
-198001 -100910
-197744 -101016
-195425 -98811
-195178 -98586
-196982 -100862
-196981 -101015
-197545 -100863
-197305 -100969
-194742 -86488
-195003 -86618
-195314 -86610
-195160 -86508
-200701 -102969
-200518 -103057
-195160 -86508
-194876 -86342
-200518 -103057
-200395 -103211
-200395 -103211
-200138 -103279
-199328 -103982
-199550 -103837
-199550 -103837
-199782 -103552
-200138 -103279
-199978 -103345
-197544 -100973
-197545 -100863
-195383 -87781
-195461 -87928
-198223 -101267
-198085 -101426
-196611 -103569
-196516 -103744
-194974 -100073
-194854 -99967
-196516 -103744
-196334 -103873
-196334 -103873
-196196 -104067
-195990 -99740
-196009 -99931
-197305 -100969
-197256 -101256
-197643 -99716
-197412 -99692
-196009 -99931
-196150 -100000
-197256 -101256
-197244 -101426
-197412 -99692
-197366 -99859
-195761 -103174
-195902 -102959
-196150 -100000
-196350 -99923
-195902 -102959
-195825 -102803
-196350 -99923
-196536 -100052
-199345 -100925
-199208 -100990
-195825 -102803
-196065 -102561
-199208 -100990
-199006 -101117
-199006 -101117
-198874 -101270
-198874 -101270
-198802 -101321
-194895 -102473
-195068 -102445
-198802 -101321
-198726 -101346
-196683 -99164
-196842 -99044
-195068 -102445
-195210 -102409
-198726 -101346
-198481 -101408
-196842 -99044
-197001 -99227
-195210 -102409
-195423 -102370
-194861 -90655
-195126 -90691
-199823 -102247
-200052 -102505
-198413 -101114
-198506 -101237
-195843 -90120
-195640 -90371
-195423 -102370
-195456 -102466
-195015 -87757
-195220 -87777
-200052 -102505
-200207 -102550
-198506 -101237
-198481 -101408
-196579 -100590
-196861 -100397
-195640 -90371
-195403 -90473
-195456 -102466
-195588 -102747
-195220 -87777
-195383 -87781
-200207 -102550
-200444 -102590
-195588 -102747
-195561 -103007
-195403 -90473
-195126 -90691
-195433 -86646
-195610 -86825
-195561 -103007
-195761 -103174
-195610 -86825
-195583 -87080
-200444 -102590
-200676 -102872
-197083 -101545
-196905 -101517
-200676 -102872
-200701 -102969
-198592 -102339
-198702 -102612
-197759 -100588
-197618 -100473
-196905 -101517
-196692 -101535
-195583 -87080
-195572 -87278
-198702 -102612
-198848 -102830
-200697 -101641
-200516 -101598
-197618 -100473
-197592 -100233
-195572 -87278
-195428 -87410
-195044 -88858
-195042 -88678
-198848 -102830
-198917 -103095
-200516 -101598
-200401 -101505
-197592 -100233
-197531 -100288
-196809 -99673
-196642 -99896
-195896 -99212
-195834 -99247
-195428 -87410
-195333 -87650
-195042 -88678
-195260 -88509
-198917 -103095
-199135 -103164
-200401 -101505
-200260 -101372
-197531 -100288
-197379 -100330
-196642 -99896
-196536 -100052
-195834 -99247
-195584 -99162
-195260 -88509
-195543 -88525
-195333 -87650
-195383 -87781
-200260 -101372
-200110 -101275
-197643 -99716
-197794 -99990
-195584 -99162
-195321 -98996
-200110 -101275
-199856 -101211
-197794 -99990
-197993 -100046
-195047 -101293
-195308 -101388
-194997 -90123
-194851 -90142
-199856 -101211
-199572 -101110
-195308 -101388
-195533 -101373
-195533 -101373
-195745 -101340
-199135 -103164
-199363 -103199
-200420 -102069
-200528 -101916
-196536 -100052
-196438 -100134
-199363 -103199
-199576 -103144
-200528 -101916
-200697 -101641
-196438 -100134
-196422 -100154
-199576 -103144
-199770 -103198
-200486 -102290
-200317 -102172
-196422 -100154
-196385 -100213
-199770 -103198
-199978 -103345
-200317 -102172
-200169 -102117
-196385 -100213
-196413 -100213
-200169 -102117
-199886 -102198
-196413 -100213
-196412 -100220
-196412 -100220
-196861 -100397
-194917 -91872
-195032 -92102
-195115 -99326
-195049 -99506
-195032 -92102
-195245 -92133
-195245 -92133
-195459 -92007
-195049 -99506
-195005 -99688
-198725 -102019
-198953 -101915
-197001 -99227
-196957 -99427
-198953 -101915
-199075 -101824
-196386 -102108
-196334 -102253
-196957 -99427
-196801 -99521
-196093 -90763
-195808 -90847
-199075 -101824
-199141 -101552
-195047 -101293
-194835 -101552
-194974 -100073
-194919 -100227
-194983 -90065
-195472 -90072
-195472 -90072
-195508 -90079
-199886 -102198
-199823 -102247
-195508 -90079
-195514 -90133
-199141 -101552
-199228 -101662
-195761 -103174
-195762 -103302
-195514 -90133
-195557 -90132
-199228 -101662
-199373 -101869
-196093 -90763
-196163 -90953
-195557 -90132
-195620 -90119
-194869 -89519
-195152 -89524
-199373 -101869
-199601 -101871
-196163 -90953
-196264 -91135
-195620 -90119
-195843 -90120
-199601 -101871
-199813 -101974
-198177 -100374
-198186 -100266
-196264 -91135
-196458 -91360
-196458 -91360
-196569 -91588
-199813 -101974
-199823 -102247
-196801 -99521
-196809 -99673
-199782 -103552
-199978 -103345
-195728 -100204
-195785 -100360
-195785 -100360
-195927 -100520
-195927 -100520
-196107 -100730
-196107 -100730
-196159 -100689
-196159 -100689
-196404 -100725
-195728 -100204
-195597 -100159
-197453 -100014
-197366 -99859
-196404 -100725
-196579 -100590
-197396 -100227
-197453 -100014
-197083 -101545
-197126 -101660
-197126 -101660
-197089 -101892
-197089 -101892
-197192 -102016
-194741 -88086
-194979 -88139
-197856 -103709
-197574 -103785
-199345 -100925
-199218 -100676
-197192 -102016
-197059 -102119
-194979 -88139
-195239 -88086
-197574 -103785
-197329 -103925
-198975 -100556
-198829 -100649
-197059 -102119
-196898 -102019
-195572 -91916
-195655 -91775
-195239 -88086
-195461 -87928
-197329 -103925
-197174 -103922
-198829 -100649
-198647 -100734
-196898 -102019
-196738 -102309
-195655 -91775
-195721 -91579
-201600 -104183
-201878 -103890
-201878 -103890
-202139 -103905
-198647 -100734
-198445 -100862
-197174 -103922
-196969 -103685
-196738 -102309
-196528 -102260
-195597 -100159
-195325 -100133
-195721 -91579
-195835 -91356
-202139 -103905
-202312 -104059
-198445 -100862
-198280 -100846
-196969 -103685
-196873 -103515
-196528 -102260
-196386 -102108
-195325 -100133
-195132 -100120
-196873 -103515
-196812 -103373
-196107 -98931
-196093 -98754
-195132 -100120
-194974 -100073
-195913 -99728
-195790 -99973
-196093 -98754
-195810 -98696
-195093 -90764
-195041 -90948
-195005 -99688
-194944 -99946
-195790 -99973
-195728 -100204
-195810 -98696
-195616 -98756
-195041 -90948
-194914 -91210
-194944 -99946
-194854 -99967
-195616 -98756
-195425 -98811
-199218 -100676
-198975 -100556
-196809 -99673
-197075 -99787
-195675 -104007
-195682 -103854
-195682 -103854
-195766 -103631
-197075 -99787
-197366 -99859
-195745 -101340
-195871 -101286
-196569 -91588
-196566 -91735
-198186 -100266
-198452 -100324
-196566 -91735
-196536 -91958
-198452 -100324
-198525 -100394
-196536 -91958
-196440 -92127
-198525 -100394
-198754 -100312
-196440 -92127
-196200 -92211
-198754 -100312
-198975 -100556
-195003 -86618
-194981 -87253
-197544 -100973
-197515 -100980
-194981 -87253
-195014 -87253
-200486 -102290
-200736 -102124
-197515 -100980
-197512 -101113
-195014 -87253
-195017 -87359
-200736 -102124
-201027 -102086
-197512 -101113
-197476 -101380
-195017 -87359
-194933 -87433
-194799 -98291
-195007 -98112
-201027 -102086
-201148 -102094
-195007 -98112
-195085 -98275
-194933 -87433
-195028 -87649
-201148 -102094
-201247 -102280
-195896 -99212
-196107 -98931
-195085 -98275
-195155 -98445
-195028 -87649
-195015 -87757
-201247 -102280
-201170 -102509
-196683 -99164
-196535 -99352
-195321 -98996
-195112 -99212
-195155 -98445
-195178 -98586
-201170 -102509
-201396 -102575
-196200 -92211
-195962 -92502
-201396 -102575
-201661 -102646
-195962 -92502
-195805 -92268
-201661 -102646
-201599 -102932
-195805 -92268
-195708 -92162
-195708 -92162
-195459 -92007
-197396 -100227
-197379 -100330
-196910 -101046
-196808 -101055
-196808 -101055
-196754 -101138
-195321 -98996
-195425 -98811
-196754 -101138
-196704 -101148
-199572 -101110
-199431 -101148
-197023 -102910
-197291 -103061
-196704 -101148
-196634 -101142
-195990 -99740
-196142 -99614
-197291 -103061
-197500 -102918
-199431 -101148
-199284 -101265
-196634 -101142
-196410 -101170
-196142 -99614
-196434 -99469
-197500 -102918
-197698 -102916
-199284 -101265
-199141 -101552
-196410 -101170
-196264 -101239
-196683 -99164
-196579 -99014
-197698 -102916
-197723 -102781
-196264 -101239
-196115 -101256
-196579 -99014
-196483 -98829
-195543 -88525
-195570 -88778
-196483 -98829
-196310 -99020
-197723 -102781
-197675 -102607
-196115 -101256
-195871 -101286
-194891 -99229
-195112 -99212
-198900 -103281
-199135 -103164
-198413 -101114
-198618 -100991
-195093 -90764
-195201 -90800
-198618 -100991
-198789 -100879
-196052 -90139
-195843 -90120
-195201 -90800
-195392 -90760
-198789 -100879
-198894 -100800
-195615 -88891
-195778 -89169
-195392 -90760
-195514 -90772
-198481 -101408
-198498 -101650
-198894 -100800
-199062 -100732
-195834 -99247
-195791 -99456
-195778 -89169
-195875 -89461
-195514 -90772
-195702 -90762
-198498 -101650
-198368 -101779
-199062 -100732
-199218 -100676
-195597 -100159
-195403 -100426
-195791 -99456
-195652 -99573
-195702 -90762
-195808 -90847
-195875 -89461
-195914 -89651
-195914 -89651
-195989 -89816
-198368 -101779
-198203 -101962
-199572 -101110
-199345 -100925
-195652 -99573
-195426 -99617
-196535 -99352
-196434 -99469
-195403 -100426
-195131 -100645
-198085 -101426
-198087 -101624
-196434 -99469
-196299 -99389
-195989 -89816
-195992 -89968
-195131 -100645
-194903 -100867
-198087 -101624
-198028 -101776
-196299 -99389
-196229 -99379
-195992 -89968
-196052 -90139
-195426 -99617
-195215 -99388
-198028 -101776
-198203 -101962
-197759 -100588
-197545 -100863
-196229 -99379
-196141 -99365
-195215 -99388
-195115 -99326
-197379 -100330
-197218 -100600
-196317 -101799
-196200 -101923
-196141 -99365
-195896 -99212
-197218 -100600
-196982 -100862
-196579 -100590
-196578 -100852
-194983 -90065
-194997 -90123
-196578 -100852
-196982 -100862
-198109 -104037
-198149 -103803
-198149 -103803
-197856 -103709
-198280 -100846
-198284 -100609
-198284 -100609
-198177 -100374
-195093 -90764
-195093 -90764
-195126 -90691
-195093 -90764
-195762 -103302
-195550 -103256
-196052 -90139
-196048 -90304
-195152 -89524
-195114 -89776
-196048 -90304
-195958 -90473
-195550 -103256
-195514 -103199
-195114 -89776
-194983 -90065
-195008 -89139
-195296 -89013
-195808 -90847
-195789 -90909
-195958 -90473
-196093 -90763
-195514 -103199
-195248 -103136
-195296 -89013
-195428 -88966
-195766 -103631
-195836 -103456
-196334 -102253
-196158 -102413
-195836 -103456
-195762 -103302
-196158 -102413
-196065 -102561
-197453 -100014
-197704 -100135
-196065 -102561
-195854 -102451
-197244 -101426
-197083 -101545
-197704 -100135
-197843 -100141
-195854 -102451
-195740 -102355
-196910 -101046
-196904 -101380
-195112 -99212
-195115 -99326
-197843 -100141
-197993 -100046
-195740 -102355
-195755 -102230
-196904 -101380
-196692 -101535
-197794 -101453
-197560 -101486
-195755 -102230
-195723 -102058
-197560 -101486
-197476 -101380
-201599 -102932
-201744 -103040
-201744 -103040
-201992 -103232
-201992 -103232
-202133 -103372
-202133 -103372
-202261 -103567
-202261 -103567
-202485 -103595
-202485 -103595
-202680 -103729
-198592 -102339
-198753 -102211
-202680 -103729
-202674 -103946
-198753 -102211
-198725 -102019
-195570 -88778
-195444 -88777
-197794 -101453
-198085 -101426
-195444 -88777
-195245 -88875
-197476 -101380
-197244 -101426
-195245 -88875
-195044 -88858
-194889 -98678
-195178 -98586
-197794 -101453
-197742 -101332
-195570 -88778
-195615 -88891
-197742 -101332
-197721 -101241
-197721 -101241
-197744 -101016
-195005 -99688
-194844 -99717
-200486 -102290
-200420 -102069
-198413 -101114
-198223 -101267
-196812 -103373
-196611 -103569
