-199638 -106755
-199780 -106761
-199780 -106761
-199942 -106771
-199942 -106771
-199975 -106602
-195824 -106029
-196111 -106041
-196111 -106041
-196244 -106026
-200700 -109427
-200468 -109281
-196244 -106026
-196449 -106315
-200468 -109281
-200420 -109003
-196206 -105579
-196175 -105821
-196175 -105821
-195994 -105923
-196923 -113176
-197108 -113128
-195994 -105923
-195824 -106029
-197108 -113128
-197295 -113142
-196100 -104534
-195863 -104490
-197295 -113142
-197485 -113068
-195863 -104490
-195665 -104303
-197485 -113068
-197629 -112972
-195665 -104303
-195592 -104149
-197629 -112972
-197849 -112821
-196196 -104067
-196150 -104281
-197849 -112821
-198111 -112571
-197280 -106645
-197451 -106782
-196150 -104281
-196100 -104534
-197451 -106782
-197660 -106805
-195868 -112516
-196041 -112684
-196041 -112684
-196232 -112740
-197660 -106805
-197859 -106903
-195818 -106027
-195824 -106029
-196232 -112740
-196383 -112841
-197859 -106903
-198054 -106942
-195150 -105932
-195411 -105864
-196383 -112841
-196649 -112910
-198054 -106942
-198331 -106726
-204400 -105913
-204487 -106033
-195411 -105864
-195615 -105770
-203126 -105935
-203326 -105820
-199075 -109866
-198900 -109893
-204742 -108331
-204521 -108386
-197742 -107222
-198020 -107204
-203286 -106255
-203074 -106425
-197750 -105508
-197747 -105559
-203326 -105820
-203619 -105805
-198900 -109893
-198678 -109789
-204521 -108386
-204294 -108598
-198020 -107204
-198254 -107191
-203074 -106425
-202979 -106612
-198678 -109789
-198480 -109637
-204294 -108598
-204118 -108710
-198254 -107191
-198433 -107156
-202979 -106612
-203007 -106887
-203619 -105805
-203789 -105813
-198480 -109637
-198302 -109591
-204118 -108710
-203969 -108723
-203007 -106887
-202931 -107075
-203789 -105813
-203968 -105923
-198302 -109591
-198135 -109654
-202931 -107075
-202912 -107365
-195150 -105932
-195050 -105700
-198135 -109654
-198169 -109800
-202912 -107365
-202649 -107640
-199975 -106602
-200215 -106442
-195050 -105700
-194949 -105536
-202649 -107640
-202499 -107837
-200215 -106442
-200444 -106424
-194949 -105536
-194793 -105296
-200444 -106424
-200480 -106269
-200480 -106269
-200698 -106172
-200698 -106172
-200700 -105973
-199412 -105945
-199245 -106153
-199245 -106153
-199239 -106314
-199239 -106314
-199338 -106601
-203968 -105923
-204083 -105841
-204083 -105841
-204222 -105853
-204222 -105853
-204400 -105913
-197182 -109004
-197364 -108974
-197364 -108974
-197524 -109014
-197524 -109014
-197309 -109204
-199149 -104232
-199328 -103982
-197309 -109204
-197245 -109383
-199328 -103982
-199550 -103837
-195501 -107052
-195428 -107221
-197245 -109383
-197052 -109628
-196173 -107073
-196411 -107217
-195428 -107221
-195385 -107378
-198331 -106726
-198512 -106903
-196607 -110802
-196384 -110992
-197103 -105805
-196866 -105814
-196384 -110992
-196202 -111159
-196866 -105814
-196793 -105563
-196793 -105563
-196666 -105580
-196334 -103873
-196196 -104067
-196666 -105580
-196500 -105699
-196500 -105699
-196509 -105493
-196509 -105493
-196345 -105471
-196345 -105471
-196206 -105579
-194920 -110629
-194941 -110763
-197747 -105559
-197498 -105560
-194941 -110763
-195177 -110700
-197498 -105560
-197435 -105613
-197435 -105613
-197243 -105646
-197243 -105646
-197103 -105805
-200380 -111377
-200606 -111462
-196202 -111159
-195995 -111183
-200606 -111462
-200724 -111592
-198433 -107156
-198512 -106903
-195177 -110700
-195332 -110682
-195995 -111183
-195784 -111251
-200724 -111592
-200903 -111660
-199065 -108223
-198880 -107955
-195332 -110682
-195516 -110620
-200903 -111660
-201076 -111761
-198880 -107955
-198824 -107738
-195784 -111251
-195652 -111268
-195516 -110620
-195701 -110497
-201076 -111761
-201326 -111872
-198824 -107738
-198641 -107631
-195652 -111268
-195472 -111326
-195701 -110497
-195891 -110300
-201326 -111872
-201431 -111887
-198641 -107631
-198528 -107397
-195891 -110300
-196032 -110250
-195472 -111326
-195300 -111359
-201431 -111887
-201636 -111891
-198528 -107397
-198433 -107156
-196032 -110250
-196198 -110269
-201636 -111891
-201655 -111598
-198512 -106903
-198691 -106834
-198691 -106834
-198849 -106688
-196173 -107073
-196000 -107081
-197402 -106219
-197255 -106165
-204487 -106033
-204720 -106234
-196649 -112910
-196923 -113176
-195615 -105770
-195724 -105854
-195385 -107378
-195486 -107544
-197255 -106165
-197105 -106013
-204720 -106234
-204912 -106390
-195724 -105854
-195818 -106027
-195486 -107544
-195579 -107736
-204912 -106390
-205092 -106583
-197105 -106013
-197103 -105805
-197747 -105559
-197604 -105722
-205092 -106583
-205251 -106803
-205251 -106803
-205334 -106913
-197604 -105722
-197521 -105895
-205334 -106913
-205386 -106940
-197521 -105895
-197469 -106070
-194874 -107716
-195142 -107708
-205386 -106940
-205664 -107167
-197469 -106070
-197402 -106219
-195142 -107708
-195360 -107691
-205664 -107167
-205808 -107211
-195360 -107691
-195579 -107736
-205808 -107211
-205996 -107198
-205996 -107198
-206142 -107296
-206142 -107296
-206380 -107580
-206380 -107580
-206373 -107865
-206373 -107865
-206643 -108102
-199650 -105171
-199558 -105301
-206643 -108102
-206817 -108279
-198111 -112571
-198228 -112794
-206817 -108279
-206878 -108400
-199053 -104366
-199335 -104317
-202759 -104119
-202908 -104200
-198228 -112794
-198449 -112687
-206878 -108400
-206972 -108464
-199335 -104317
-199399 -104390
-202908 -104200
-203073 -104322
-198449 -112687
-198644 -112572
-206972 -108464
-207239 -108615
-199399 -104390
-199588 -104633
-203073 -104322
-203071 -104548
-198644 -112572
-198893 -112412
-207239 -108615
-207493 -108639
-200700 -105973
-200956 -105948
-199588 -104633
-199807 -104406
-203071 -104548
-203110 -104675
-198893 -112412
-199008 -112207
-207493 -108639
-207390 -108681
-200956 -105948
-201056 -105877
-203110 -104675
-203158 -104684
-199807 -104406
-200069 -104435
-199008 -112207
-199216 -112063
-207390 -108681
-207239 -108902
-203158 -104684
-203432 -104723
-200069 -104435
-200166 -104449
-199216 -112063
-199264 -111786
-203432 -104723
-203520 -104788
-200166 -104449
-200363 -104439
-199264 -111786
-199392 -111675
-203520 -104788
-203719 -104834
-200363 -104439
-200545 -104401
-199392 -111675
-199561 -111601
-207239 -108902
-206995 -109039
-203719 -104834
-203912 -105098
-206995 -109039
-206856 -108961
-202139 -108195
-201923 -108284
-203912 -105098
-203934 -105299
-202499 -107837
-202319 -107993
-197052 -109628
-196957 -109804
-196411 -107217
-196577 -107342
-196449 -106315
-196351 -106591
-202319 -107993
-202139 -108195
-199124 -105134
-199018 -105030
-196198 -110269
-196438 -110216
-196577 -107342
-196683 -107332
-196351 -106591
-196120 -106725
-199018 -105030
-199026 -104774
-196438 -110216
-196676 -110189
-196683 -107332
-196866 -107308
-196120 -106725
-195895 -106535
-201056 -105877
-201269 -105795
-199026 -104774
-198883 -104557
-196676 -110189
-196879 -110256
-196866 -107308
-197100 -107386
-195895 -106535
-195688 -106484
-201269 -105795
-201377 -105666
-198883 -104557
-199053 -104366
-197004 -110156
-196879 -110256
-195688 -106484
-195677 -106287
-201377 -105666
-201655 -105542
-195677 -106287
-195818 -106027
-199561 -111601
-199719 -111430
-203969 -108723
-203759 -108528
-201655 -105542
-201807 -105562
-202500 -104178
-202759 -104119
-199719 -111430
-199980 -111178
-203759 -108528
-203559 -108488
-201807 -105562
-201924 -105728
-196957 -109804
-197062 -109888
-195592 -104149
-195401 -104110
-199980 -111178
-200116 -111028
-203559 -108488
-203298 -108513
-201924 -105728
-202141 -105527
-197062 -109888
-197004 -110156
-195401 -104110
-195210 -104130
-200116 -111028
-200290 -111049
-203298 -108513
-203105 -108435
-202141 -105527
-202235 -105745
-195210 -104130
-195113 -104037
-200290 -111049
-200349 -111205
-203105 -108435
-202830 -108430
-202235 -105745
-202498 -105834
-195113 -104037
-194856 -103987
-200349 -111205
-200380 -111377
-202830 -108430
-202672 -108416
-198039 -110603
-198089 -110764
-202672 -108416
-202526 -108368
-203934 -105299
-204012 -105501
-198089 -110764
-198123 -110896
-202526 -108368
-202318 -108313
-204012 -105501
-204130 -105692
-198123 -110896
-198130 -111108
-202318 -108313
-202139 -108195
-204130 -105692
-204400 -105913
-201600 -104183
-201878 -103890
-196923 -113176
-196832 -113224
-198130 -111108
-198338 -111259
-196832 -113224
-196823 -113238
-198338 -111259
-198419 -111363
-196823 -113238
-196808 -113243
-202139 -103905
-202312 -104059
-198419 -111363
-198458 -111600
-202312 -104059
-202500 -104178
-196808 -113243
-196510 -113252
-201655 -111598
-201619 -111321
-196510 -113252
-196510 -113259
-201619 -111321
-201572 -111069
-196510 -113259
-196419 -113358
-201572 -111069
-201628 -110953
-196419 -113358
-196287 -113431
-201628 -110953
-201767 -110787
-202640 -109912
-202356 -109780
-196287 -113431
-196087 -113703
-195592 -104149
-195675 -104007
-201767 -110787
-201951 -110689
-202356 -109780
-202216 -109698
-196087 -113703
-196069 -113836
-195675 -104007
-195682 -103854
-201951 -110689
-202097 -110556
-202216 -109698
-202052 -109642
-196069 -113836
-196033 -113920
-206856 -108961
-206694 -109004
-198849 -106688
-199049 -106663
-196000 -107081
-195808 -107051
-206694 -109004
-206598 -109059
-199049 -106663
-199338 -106601
-195808 -107051
-195681 -107034
-206598 -109059
-206354 -108973
-195681 -107034
-195501 -107052
-206354 -108973
-206107 -109037
-196120 -106725
-196130 -106936
-206107 -109037
-205857 -108921
-196130 -106936
-196173 -107073
-205857 -108921
-205788 -108797
-196926 -108102
-196868 -108243
-196100 -104534
-195964 -104722
-196868 -108243
-196868 -108430
-195964 -104722
-195827 -104965
-196868 -108430
-196839 -108651
-195827 -104965
-195793 -105147
-196839 -108651
-196877 -108827
-195793 -105147
-195889 -105282
-196877 -108827
-196901 -108958
-195889 -105282
-195941 -105444
-196901 -108958
-197182 -109004
-195941 -105444
-196206 -105579
-199124 -105134
-198926 -105129
-195501 -107052
-195248 -106887
-198926 -105129
-198752 -105081
-195248 -106887
-195040 -106889
-198752 -105081
-198632 -105085
-195040 -106889
-194874 -106869
-198632 -105085
-198437 -105121
-198437 -105121
-198256 -105203
-198256 -105203
-198114 -105286
-200420 -109003
-200431 -108812
-199338 -106601
-199488 -106761
-198114 -105286
-197973 -105377
-199488 -106761
-199638 -106755
-197973 -105377
-197750 -105508
-202052 -109642
-201803 -109564
-196449 -106315
-196658 -106383
-201803 -109564
-201664 -109583
-196658 -106383
-196923 -106507
-201664 -109583
-201501 -109544
-196923 -106507
-197122 -106606
-201501 -109544
-201217 -109543
-200545 -104401
-200806 -104334
-197122 -106606
-197280 -106645
-201217 -109543
-201020 -109548
-200806 -104334
-201057 -104272
-201020 -109548
-200914 -109528
-201057 -104272
-201229 -104224
-200914 -109528
-200700 -109427
-201229 -104224
-201435 -104196
-201435 -104196
-201600 -104183
-198458 -111600
-198371 -111828
-203969 -108723
-203897 -108917
-199053 -104366
-199149 -104232
-197004 -110156
-197177 -110382
-198371 -111828
-198289 -112111
-203897 -108917
-203656 -109102
-199149 -104232
-198939 -104302
-197177 -110382
-197247 -110521
-198289 -112111
-198295 -112369
-203656 -109102
-203477 -109290
-197280 -106645
-197404 -106460
-198939 -104302
-198828 -104317
-197247 -110521
-197306 -110558
-198295 -112369
-198111 -112571
-197306 -110558
-197321 -110573
-203477 -109290
-203195 -109492
-197404 -106460
-197402 -106219
-198828 -104317
-198707 -104244
-197321 -110573
-197718 -110585
-203195 -109492
-203059 -109689
-198707 -104244
-198514 -104201
-197718 -110585
-197770 -110608
-203059 -109689
-202893 -109798
-198514 -104201
-198262 -104155
-197770 -110608
-197868 -110629
-202893 -109798
-202640 -109912
-199558 -105301
-199497 -105554
-198262 -104155
-198109 -104037
-197868 -110629
-198039 -110603
-200420 -109003
-200277 -109195
-199497 -105554
-199733 -105749
-199650 -105171
-199407 -105203
-198109 -104037
-198149 -103803
-198169 -109800
-198169 -110038
-200277 -109195
-200132 -109356
-199733 -105749
-199547 -105701
-199407 -105203
-199124 -105134
-194793 -112038
-195015 -112063
-198169 -110038
-198162 -110192
-200132 -109356
-200063 -109392
-199547 -105701
-199412 -105945
-195015 -112063
-195277 -112164
-198162 -110192
-198129 -110392
-200063 -109392
-199861 -109402
-195277 -112164
-195523 -112207
-198129 -110392
-198039 -110603
-199861 -109402
-199670 -109491
-200218 -105226
-200025 -105188
-197100 -107386
-197271 -107413
-195523 -112207
-195599 -112329
-194757 -106056
-195003 -106110
-199670 -109491
-199497 -109581
-197271 -107413
-197399 -107479
-202498 -105834
-202656 -105898
-200025 -105188
-199923 -105106
-195599 -112329
-195868 -112516
-195003 -106110
-195150 -105932
-199497 -109581
-199291 -109810
-197399 -107479
-197666 -107311
-202656 -105898
-202911 -105834
-199923 -105106
-199650 -105171
-199291 -109810
-199075 -109866
-197666 -107311
-197742 -107222
-202911 -105834
-203126 -105935
-196033 -113920
-196035 -113937
-202097 -110556
-202199 -110384
-201923 -108284
-201801 -108205
-201056 -105877
-200926 -105703
-196035 -113937
-196043 -113944
-202199 -110384
-202242 -110235
-198230 -108519
-198261 -108392
-201801 -108205
-201559 -108338
-196043 -113944
-194961 -114748
-202242 -110235
-202481 -110064
-198261 -108392
-198360 -108174
-201559 -108338
-201392 -108312
-200926 -105703
-200649 -105591
-195579 -107736
-195818 -107780
-202481 -110064
-202640 -109912
-201392 -108312
-201234 -108300
-198360 -108174
-198564 -108176
-200649 -105591
-200368 -105414
-195818 -107780
-196094 -107846
-194961 -114748
-194914 -114777
-201234 -108300
-201161 -108356
-198564 -108176
-198832 -108275
-200368 -105414
-200218 -105226
-196094 -107846
-196313 -107817
-195300 -111359
-195142 -111405
-201161 -108356
-200932 -108597
-198832 -108275
-199065 -108223
-196313 -107817
-196451 -107858
-195142 -111405
-194936 -111490
-200932 -108597
-200709 -108777
-196926 -108102
-197185 -108203
-196451 -107858
-196648 -107987
-200709 -108777
-200431 -108812
-197185 -108203
-197339 -108384
-196648 -107987
-196926 -108102
-200431 -108812
-200396 -108621
-197339 -108384
-197579 -108349
-200396 -108621
-200414 -108376
-197579 -108349
-197830 -108201
-200414 -108376
-200290 -108429
-197830 -108201
-197975 -108374
-200290 -108429
-200108 -108543
-197975 -108374
-198230 -108519
-200108 -108543
-199899 -108547
-199899 -108547
-199800 -108374
-202680 -103729
-202674 -103946
-202674 -103946
-202759 -104119
-199800 -108374
-199647 -108300
-205788 -108797
-205684 -108564
-199647 -108300
-199436 -108285
-205684 -108564
-205573 -108415
-199436 -108285
-199183 -108275
-205573 -108415
-205419 -108320
-199183 -108275
-199065 -108223
-205419 -108320
-205360 -108379
-203968 -105923
-203803 -106035
-196879 -110256
-196840 -110496
-205360 -108379
-205120 -108341
-203803 -106035
-203672 -106016
-196840 -110496
-196966 -110700
-205120 -108341
-204848 -108407
-203672 -106016
-203386 -106085
-196966 -110700
-196800 -110761
-204848 -108407
-204742 -108331
-203386 -106085
-203286 -106255
-196800 -110761
-196607 -110802
