-178648 -33185
-178459 -33347
-178771 -29829
-178772 -30601
-186279 -26212
-186028 -25992
-164020 -28798
-164049 -28885
-178459 -33347
-178214 -33355
-178772 -30601
-178813 -30620
-186028 -25992
-185972 -25856
-164049 -28885
-164082 -29112
-178214 -33355
-178025 -33265
-177436 -31112
-177271 -31116
-178813 -30620
-179062 -30730
-185972 -25856
-185984 -25631
-164082 -29112
-164111 -29313
-178025 -33265
-177818 -32978
-177271 -31116
-177099 -31234
-179062 -30730
-179182 -30922
-185984 -25631
-185995 -25455
-164111 -29313
-164197 -29473
-163640 -27610
-163426 -27417
-177099 -31234
-176828 -31133
-179182 -30922
-179132 -31196
-185995 -25455
-186060 -25280
-164197 -29473
-164326 -29677
-163426 -27417
-163296 -27380
-179132 -31196
-178996 -31458
-164326 -29677
-164423 -29862
-163296 -27380
-163027 -27235
-178996 -31458
-178724 -31607
-164423 -29862
-164475 -30075
-163027 -27235
-162884 -27201
-178724 -31607
-178573 -31658
-175190 -32823
-175220 -32680
-175109 -30841
-175144 -30585
-171467 -21201
-171638 -21350
-164475 -30075
-164542 -30197
-162884 -27201
-162682 -27169
-178430 -33802
-178462 -33673
-178462 -33673
-178640 -33508
-178573 -31658
-178427 -31529
-175144 -30585
-175217 -30481
-171638 -21350
-171734 -21454
-162682 -27169
-162526 -27070
-178640 -33508
-178832 -33564
-178427 -31529
-178313 -31317
-173248 -31757
-172960 -31963
-175217 -30481
-175158 -30236
-169251 -29006
-169123 -28960
-171734 -21454
-171692 -21666
-163728 -33173
-163217 -33370
-162526 -27070
-162304 -27004
-178832 -33564
-179003 -33657
-178313 -31317
-178133 -31224
-172960 -31963
-172707 -32028
-169123 -28960
-168920 -28781
-162324 -32401
-162502 -32584
-168920 -28781
-168725 -28671
-172184 -27963
-172369 -27739
-162502 -32584
-162686 -32792
-168725 -28671
-168502 -28623
-172369 -27739
-172606 -27550
-162686 -32792
-162768 -32917
-172606 -27550
-172732 -27393
-162768 -32917
-162905 -33093
-172732 -27393
-172954 -27266
-162905 -33093
-163102 -33265
-172954 -27266
-173147 -26998
-163102 -33265
-163217 -33370
-171326 -26781
-171408 -26893
-171408 -26893
-171446 -27077
-171446 -27077
-171476 -27276
-170000 -28178
-169843 -28292
-171476 -27276
-171482 -27465
-169843 -28292
-169636 -28542
-171482 -27465
-171634 -27638
-180275 -33882
-180191 -33663
-180191 -33663
-180067 -33411
-169636 -28542
-169504 -28757
-171634 -27638
-171925 -27814
-171925 -27814
-172184 -27963
-180067 -33411
-179877 -33230
-185886 -29608
-185667 -29517
-174738 -33656
-174809 -33766
-169504 -28757
-169251 -29006
-185667 -29517
-185401 -29381
-164502 -28043
-164285 -28098
-164285 -28098
-164090 -28210
-164090 -28210
-163935 -28298
-163935 -28298
-163937 -28504
-163937 -28504
-163961 -28647
-163961 -28647
-164020 -28798
-178187 -16200
-177560 -16201
-177560 -16201
-177556 -16198
-177556 -16198
-177544 -16171
-177544 -16171
-177413 -16026
-181619 -27773
-181456 -27908
-172178 -19390
-171965 -19360
-181456 -27908
-181240 -28070
-171965 -19360
-171866 -19372
-181240 -28070
-181056 -28316
-171866 -19372
-171667 -19485
-181056 -28316
-180905 -28400
-180905 -28400
-180739 -28297
-180739 -28297
-180468 -28191
-180468 -28191
-180204 -28225
-180204 -28225
-180001 -28300
-162114 -17483
-162122 -17622
-176999 -28257
-176849 -28333
-162122 -17622
-162166 -17840
-172170 -23056
-172137 -23045
-171992 -17844
-172154 -17653
-167401 -29581
-167483 -29859
-172137 -23045
-172106 -22981
-172154 -17653
-172387 -17435
-162924 -18130
-163023 -18206
-167483 -29859
-167685 -29960
-173265 -31090
-173043 -31189
-166701 -24869
-166811 -24996
-172106 -22981
-172123 -22876
-172387 -17435
-172517 -17374
-161844 -24252
-161671 -24145
-163023 -18206
-163232 -18283
-182545 -27829
-182352 -27763
-167685 -29960
-167973 -29998
-173043 -31189
-172857 -31141
-172123 -22876
-172156 -22747
-172517 -17374
-172683 -17247
-161671 -24145
-161455 -24137
-163232 -18283
-163172 -18390
-178133 -31224
-178033 -31014
-182352 -27763
-182244 -27768
-176400 -17433
-176400 -15872
-167973 -29998
-168219 -30171
-173941 -24930
-173852 -24991
-172156 -22747
-172321 -22807
-172683 -17247
-172890 -17201
-161455 -24137
-161244 -24162
-163172 -18390
-163124 -18574
-178033 -31014
-177837 -30768
-182244 -27768
-182023 -27874
-172321 -22807
-172551 -22747
-170014 -18924
-169778 -18662
-161244 -24162
-160983 -24137
-163799 -23113
-163627 -23128
-163124 -18574
-163270 -18820
-182023 -27874
-181840 -27956
-172551 -22747
-172603 -22575
-169778 -18662
-169649 -18495
-163627 -23128
-163361 -23102
-163270 -18820
-163398 -19017
-186413 -30166
-186582 -30010
-181840 -27956
-181619 -27773
-172603 -22575
-172646 -22415
-169649 -18495
-169539 -18276
-163361 -23102
-163116 -23018
-163398 -19017
-163620 -18999
-186582 -30010
-186811 -29831
-168502 -28623
-168243 -28510
-169539 -18276
-169272 -18164
-163116 -23018
-162959 -22835
-163620 -18999
-163754 -19093
-186811 -29831
-186724 -29651
-168243 -28510
-168007 -28459
-171467 -21201
-171742 -21337
-169272 -18164
-169148 -18161
-162959 -22835
-162755 -22780
-163754 -19093
-164002 -19058
-186724 -29651
-186558 -29717
-168007 -28459
-167726 -28461
-171742 -21337
-171821 -21301
-172220 -20335
-172391 -20193
-169148 -18161
-168977 -18089
-162755 -22780
-162512 -22681
-164002 -19058
-164257 -19251
-186558 -29717
-186393 -29785
-167726 -28461
-167556 -28614
-173005 -26485
-172846 -26636
-171821 -21301
-171800 -21173
-172391 -20193
-172633 -20021
-168977 -18089
-168812 -18005
-162512 -22681
-162271 -22817
-164257 -19251
-164354 -19334
-167556 -28614
-167316 -28842
-172846 -26636
-172653 -26668
-171800 -21173
-171843 -20971
-172633 -20021
-172848 -19785
-162271 -22817
-162000 -22862
-164354 -19334
-164561 -19329
-167316 -28842
-167303 -29015
-172653 -26668
-172497 -26586
-171843 -20971
-172034 -20851
-172848 -19785
-172992 -19596
-164561 -19329
-164733 -19353
-167303 -29015
-167360 -29151
-172497 -26586
-172318 -26576
-172034 -20851
-172313 -20711
-170014 -18924
-170151 -19038
-164733 -19353
-164817 -19499
-167360 -29151
-167453 -29405
-172318 -26576
-172118 -26511
-170151 -19038
-170330 -19171
-164817 -19499
-164852 -19581
-167453 -29405
-167401 -29581
-172118 -26511
-171941 -26458
-170330 -19171
-170558 -19364
-164852 -19581
-164766 -19801
-175622 -29158
-175469 -29330
-171941 -26458
-171799 -26285
-170558 -19364
-170792 -19599
-160110 -19738
-159843 -19539
-175469 -29330
-175328 -29575
-171799 -26285
-171627 -26134
-170792 -19599
-170695 -19841
-177198 -29539
-177145 -29256
-170695 -19841
-170432 -19990
-177145 -29256
-177116 -29114
-170432 -19990
-170260 -19960
-177116 -29114
-177031 -28832
-170260 -19960
-170048 -20042
-170048 -20042
-169824 -20126
-169824 -20126
-169749 -20208
-162304 -27004
-162000 -25748
-162000 -25748
-161954 -25567
-163640 -27610
-163887 -27389
-161954 -25567
-161902 -25538
-163887 -27389
-164129 -27326
-161902 -25538
-161908 -25451
-164129 -27326
-164234 -27347
-161908 -25451
-161943 -25349
-183696 -31433
-183449 -31366
-177837 -30768
-177785 -30522
-164234 -27347
-164278 -27345
-161943 -25349
-161970 -25286
-183449 -31366
-183199 -31511
-177785 -30522
-177526 -30249
-164278 -27345
-164314 -27379
-161970 -25286
-161767 -24723
-183199 -31511
-183239 -31637
-177526 -30249
-177419 -30166
-172798 -22967
-172799 -22164
-164314 -27379
-164321 -27380
-161767 -24723
-161794 -24675
-183239 -31637
-183186 -31868
-177419 -30166
-177341 -29893
-164321 -27380
-163799 -26709
-161794 -24675
-161908 -24484
-183186 -31868
-183159 -32067
-177341 -29893
-177294 -29718
-174006 -22954
-174150 -22847
-163799 -26709
-163159 -25902
-161908 -24484
-161844 -24252
-183159 -32067
-183152 -32182
-177294 -29718
-177198 -29539
-163159 -25902
-163136 -25833
-183152 -32182
-182999 -32259
-163136 -25833
-163127 -25746
-182999 -32259
-182729 -32280
-173353 -29358
-173381 -29505
-163127 -25746
-163101 -25732
-182729 -32280
-182469 -32272
-173381 -29505
-173335 -29592
-163101 -25732
-162996 -25676
-182469 -32272
-182220 -32139
-173335 -29592
-173285 -29806
-162996 -25676
-162988 -25414
-182220 -32139
-181949 -32291
-173285 -29806
-173274 -29863
-162988 -25414
-162888 -25139
-181949 -32291
-181764 -32277
-173274 -29863
-173257 -30120
-162335 -33708
-162754 -34198
-165132 -26238
-165854 -25773
-162888 -25139
-162877 -25053
-181764 -32277
-181636 -32281
-173257 -30120
-173157 -30249
-165854 -25773
-166285 -26138
-162877 -25053
-162922 -24986
-181636 -32281
-181443 -32292
-173157 -30249
-173089 -30386
-166285 -26138
-166463 -26433
-162922 -24986
-162982 -24983
-181443 -32292
-181312 -32269
-183600 -26538
-183543 -26660
-173089 -30386
-173139 -30600
-162982 -24983
-162998 -24985
-181312 -32269
-181135 -32199
-183543 -26660
-183547 -26817
-173139 -30600
-173277 -30761
-162998 -24985
-163145 -24684
-181135 -32199
-180972 -32168
-183547 -26817
-183570 -27001
-163145 -24684
-163158 -24413
-180972 -32168
-180790 -32163
-184319 -27001
-184367 -26731
-180790 -32163
-180637 -32262
-184367 -26731
-184424 -26598
-176849 -28333
-176688 -28345
-169749 -20208
-169683 -20331
-162166 -17840
-162263 -17908
-176688 -28345
-176401 -28358
-169683 -20331
-169633 -20352
-162263 -17908
-162546 -17953
-169633 -20352
-169228 -20381
-161277 -22024
-161316 -21946
-162546 -17953
-162700 -17977
-178180 -16074
-178187 -16200
-169228 -20381
-169114 -20368
-161316 -21946
-161384 -21897
-162700 -17977
-162878 -18017
-161384 -21897
-161400 -21877
-162878 -18017
-162924 -18130
-161400 -21877
-161436 -21601
-164738 -17381
-164725 -17195
-161436 -21601
-161402 -21397
-164725 -17195
-164589 -17140
-165197 -28734
-165296 -28467
-161402 -21397
-161464 -21246
-164589 -17140
-164427 -16979
-165296 -28467
-165287 -28313
-161464 -21246
-161607 -21078
-164427 -16979
-164286 -16749
-184134 -22379
-184315 -22631
-165287 -28313
-165265 -28159
-161607 -21078
-161729 -20828
-164286 -16749
-164368 -16563
-184315 -22631
-184155 -22882
-169114 -20368
-169005 -20292
-165265 -28159
-165284 -27956
-161729 -20828
-161722 -20658
-164368 -16563
-164236 -16328
-184155 -22882
-184146 -23172
-172957 -19403
-172826 -19467
-165284 -27956
-165167 -27779
-161722 -20658
-161723 -20420
-164236 -16328
-164157 -16205
-184146 -23172
-184247 -23306
-172218 -20158
-172220 -20335
-172826 -19467
-172748 -19397
-165167 -27779
-165117 -27671
-161723 -20420
-161878 -20260
-164157 -16205
-164299 -15972
-184247 -23306
-184134 -23519
-172748 -19397
-172685 -19355
-165117 -27671
-165015 -27476
-161878 -20260
-161846 -20059
-172685 -19355
-172645 -19306
-165015 -27476
-164935 -27256
-161846 -20059
-161877 -19804
-161816 -18097
-161637 -17888
-172645 -19306
-172650 -18862
-164935 -27256
-164950 -27001
-161877 -19804
-161762 -19617
-161637 -17888
-161524 -17771
-163274 -24408
-163555 -24390
-161762 -19617
-161742 -19461
-161524 -17771
-161325 -17739
-163555 -24390
-163793 -24477
-161742 -19461
-161615 -19271
-161325 -17739
-161032 -17681
-163793 -24477
-163981 -24521
-161615 -19271
-161466 -19132
-161032 -17681
-160837 -17577
-163981 -24521
-164184 -24508
-161466 -19132
-161341 -18955
-160837 -17577
-160729 -17509
-170778 -21645
-170763 -21425
-164184 -24508
-164340 -24286
-161341 -18955
-161307 -18809
-170763 -21425
-170750 -21172
-164340 -24286
-164538 -24201
-161307 -18809
-161136 -18594
-170750 -21172
-170775 -21087
-164538 -24201
-164716 -24128
-161277 -22024
-161133 -21919
-180001 -28300
-179746 -28558
-164716 -24128
-164806 -24162
-161133 -21919
-160970 -21841
-180637 -32262
-180465 -32323
-168646 -30714
-168793 -30679
-180465 -32323
-180281 -32369
-168793 -30679
-168979 -30608
-180281 -32369
-180055 -32594
-168979 -30608
-169086 -30595
-170129 -30601
-170227 -30838
-160769 -18302
-160492 -18556
-174476 -25737
-174308 -25746
-180055 -32594
-179901 -32725
-170227 -30838
-170198 -30992
-169086 -30595
-169285 -30599
-165286 -24213
-165059 -24197
-160492 -18556
-160626 -18735
-179901 -32725
-179851 -32792
-170198 -30992
-170174 -31141
-169285 -30599
-169478 -30498
-174308 -25746
-174159 -25690
-160626 -18735
-160464 -18905
-159578 -24960
-159703 -24806
-179851 -32792
-179562 -32742
-170174 -31141
-170121 -31405
-169478 -30498
-169638 -30460
-174159 -25690
-173898 -25510
-160464 -18905
-160385 -19166
-159703 -24806
-159801 -24638
-179562 -32742
-179504 -32692
-170121 -31405
-170077 -31504
-169638 -30460
-169798 -30217
-173898 -25510
-173901 -25247
-172235 -23683
-172002 -23895
-160385 -19166
-160406 -19346
-159801 -24638
-159855 -24615
-173732 -32773
-173798 -32695
-170077 -31504
-170053 -31703
-168646 -30714
-168483 -30437
-173901 -25247
-173852 -24991
-172002 -23895
-171918 -24032
-160406 -19346
-160349 -19626
-159855 -24615
-159890 -24594
-173798 -32695
-173893 -32428
-170053 -31703
-170014 -31945
-168483 -30437
-168443 -30206
-171918 -24032
-171749 -24147
-160349 -19626
-160110 -19738
-159890 -24594
-159911 -24596
-173893 -32428
-173985 -32261
-168443 -30206
-168219 -30171
-171749 -24147
-171541 -24135
-159911 -24596
-159932 -24575
-173985 -32261
-174207 -32308
-171541 -24135
-171391 -24138
-159932 -24575
-160503 -24516
-159675 -16270
-159631 -16483
-182834 -23100
-182911 -22915
-174207 -32308
-174439 -32157
-171391 -24138
-171235 -24131
-159578 -24960
-159173 -24263
-159631 -16483
-159610 -16768
-182911 -22915
-182917 -22727
-174439 -32157
-174600 -32226
-171235 -24131
-170985 -24108
-179060 -24201
-179213 -23920
-182917 -22727
-183097 -22632
-174600 -32226
-174792 -32408
-173816 -30013
-173833 -30298
-179213 -23920
-179379 -23969
-183097 -22632
-183256 -22713
-173442 -32243
-173479 -32493
-173833 -30298
-173797 -30495
-179379 -23969
-179642 -23862
-183256 -22713
-183371 -22871
-173479 -32493
-173732 -32773
-173797 -30495
-173854 -30683
-179642 -23862
-179805 -23742
-183371 -22871
-183406 -23102
-179805 -23742
-180001 -23575
-179060 -24201
-179026 -24172
-165059 -24197
-165413 -23905
-177628 -27565
-177726 -27360
-172798 -22967
-173070 -23064
-164766 -19801
-164284 -20621
-177726 -27360
-177772 -27248
-173070 -23064
-173308 -22837
-164284 -20621
-164188 -20794
-177772 -27248
-177758 -26999
-173816 -30013
-173899 -29891
-173308 -22837
-173415 -22846
-164188 -20794
-164185 -20832
-177758 -26999
-177510 -26712
-173899 -29891
-174077 -29715
-173415 -22846
-173540 -22856
-164185 -20832
-164176 -20867
-184424 -26598
-184283 -26398
-160970 -21841
-160743 -21723
-184283 -26398
-184108 -26497
-160743 -21723
-160652 -21698
-171326 -26781
-171085 -26753
-161431 -29738
-159807 -30471
-160652 -21698
-160425 -21576
-172857 -31141
-172678 -30951
-171085 -26753
-170925 -27001
-160425 -21576
-160270 -21557
-159649 -29906
-159807 -30471
-172678 -30951
-172663 -30756
-164950 -27001
-164808 -26791
-160270 -21557
-160008 -21596
-172663 -30756
-172687 -30467
-164808 -26791
-164547 -26801
-172687 -30467
-172718 -30293
-164547 -26801
-164418 -26656
-172718 -30293
-172759 -30138
-172759 -30138
-172657 -29997
-172657 -29997
-172655 -29824
-191185 -26999
-191235 -26760
-172655 -29824
-172705 -29622
-191235 -26760
-191374 -26613
-174120 -33634
-174251 -33699
-172705 -29622
-172680 -29513
-191374 -26613
-191548 -26328
-174251 -33699
-174441 -33637
-172680 -29513
-172444 -29395
-176828 -31133
-176583 -30759
-191548 -26328
-191731 -26162
-176583 -30759
-176572 -30726
-191731 -26162
-191846 -26022
-176572 -30726
-176512 -30685
-191846 -26022
-191881 -25854
-176512 -30685
-176405 -30589
-191881 -25854
-191709 -25623
-176405 -30589
-176353 -30474
-183570 -27001
-183470 -27194
-191709 -25623
-191884 -25455
-176353 -30474
-176328 -30443
-183470 -27194
-183382 -27413
-191884 -25455
-191920 -25272
-176328 -30443
-176316 -30435
-176431 -29105
-176350 -29255
-183382 -27413
-183182 -27310
-191920 -25272
-191948 -25055
-176316 -30435
-176321 -29511
-176350 -29255
-176312 -29491
-183182 -27310
-183013 -27397
-191948 -25055
-191948 -24842
-176321 -29511
-176312 -29491
-182157 -29488
-182008 -29254
-183013 -27397
-182777 -27548
-191948 -24842
-191676 -24560
-177837 -30768
-177608 -30879
-182008 -29254
-181885 -29109
-182777 -27548
-182677 -27721
-191676 -24560
-191879 -24339
-177608 -30879
-177436 -31112
-181885 -29109
-181819 -28882
-182677 -27721
-182545 -27829
-191879 -24339
-192083 -24254
-179746 -28558
-179482 -28701
-179482 -28701
-179429 -28219
-179429 -28219
-179431 -28208
-179431 -28208
-179425 -28174
-161816 -18097
-161860 -18251
-179425 -28174
-179380 -27763
-161860 -18251
-161886 -18432
-179380 -27763
-179372 -27751
-161886 -18432
-162022 -18617
-179372 -27751
-179380 -27719
-162022 -18617
-162048 -18695
-173604 -21619
-173503 -21598
-162048 -18695
-162070 -18729
-173503 -21598
-173292 -21553
-162070 -18729
-162074 -18750
-165629 -17501
-165674 -17658
-173292 -21553
-173065 -21404
-162074 -18750
-162067 -18756
-165674 -17658
-165736 -17814
-173065 -21404
-173043 -21165
-162067 -18756
-162066 -18772
-165736 -17814
-165848 -17999
-173043 -21165
-172764 -20943
-170775 -21087
-170943 -21163
-162066 -18772
-162924 -18130
-165848 -17999
-166045 -18180
-170943 -21163
-171121 -21217
-172764 -20943
-172962 -20759
-166045 -18180
-166285 -18257
-171121 -21217
-171265 -21145
-172962 -20759
-172798 -20674
-166285 -18257
-166422 -18506
-181855 -18641
-182000 -18698
-174713 -21633
-174809 -21432
-171265 -21145
-171467 -21201
-166422 -18506
-166680 -18747
-182000 -18698
-182197 -18667
-174809 -21432
-175042 -21194
-168430 -21220
-168608 -21135
-166680 -18747
-166752 -18920
-182197 -18667
-182420 -18631
-168608 -21135
-168764 -20965
-173423 -20555
-173554 -20463
-166752 -18920
-166789 -18970
-182420 -18631
-182591 -18627
-168764 -20965
-168874 -20737
-173554 -20463
-173837 -20449
-166789 -18970
-166818 -18999
-163640 -27610
-163687 -27768
-168874 -20737
-168881 -20521
-173837 -20449
-174100 -20517
-166818 -18999
-166840 -19063
-163687 -27768
-163744 -27951
-168881 -20521
-169005 -20292
-174100 -20517
-174533 -21327
-166840 -19063
-166677 -19436
-168812 -18005
-168775 -18164
-163744 -27951
-163831 -28079
-174533 -21327
-174545 -21332
-167287 -20706
-167474 -20664
-168775 -18164
-168752 -18307
-163831 -28079
-163935 -28298
-163817 -17498
-164050 -17753
-174545 -21332
-174599 -21345
-167474 -20664
-167679 -20644
-174549 -18697
-174601 -18694
-168752 -18307
-168727 -18501
-164050 -17753
-164319 -18018
-179026 -24172
-178942 -23969
-174599 -21345
-174713 -21633
-167679 -20644
-167859 -20719
-168727 -18501
-168767 -18723
-172890 -17201
-172804 -17131
-164319 -18018
-164610 -18169
-178942 -23969
-178907 -23847
-173632 -21405
-173604 -21619
-167859 -20719
-168044 -20751
-168767 -18723
-168836 -18953
-172804 -17131
-172137 -16612
-164610 -18169
-164813 -18432
-177510 -26712
-177355 -26521
-174077 -29715
-173968 -29551
-173540 -22856
-173808 -22881
-163217 -33370
-162335 -33708
-164806 -24162
-165059 -24197
-164176 -20867
-164137 -20975
-177628 -27565
-177342 -27445
-173968 -29551
-173868 -29322
-173808 -22881
-174006 -22954
-164137 -20975
-164127 -21153
-177342 -27445
-177098 -27393
-175041 -30002
-175085 -29795
-168927 -17519
-168875 -17780
-164127 -21153
-164201 -21334
-179375 -29993
-179481 -29811
-177098 -27393
-176947 -27405
-168875 -17780
-168812 -18005
-164201 -21334
-164475 -21471
-179481 -29811
-179548 -29640
-176947 -27405
-176745 -27375
-164475 -21471
-164702 -21529
-179548 -29640
-179541 -29517
-176745 -27375
-176545 -27427
-174364 -25200
-174451 -25294
-164702 -21529
-164811 -21773
-179541 -29517
-179543 -29321
-176545 -27427
-176400 -27380
-174451 -25294
-174424 -25384
-164811 -21773
-164949 -21988
-179543 -29321
-179663 -29185
-174424 -25384
-174460 -25421
-164949 -21988
-165053 -22251
-179663 -29185
-179558 -28907
-174460 -25421
-174465 -25435
-165053 -22251
-165117 -22449
-179558 -28907
-179482 -28701
-174465 -25435
-174475 -25451
-165117 -22449
-165171 -22565
-174475 -25451
-174476 -25737
-174188 -24668
-173941 -24930
-165171 -22565
-165168 -22601
-165168 -22601
-165172 -22617
-183910 -24142
-183914 -24190
-167298 -24525
-167115 -24528
-165172 -22617
-165189 -22835
-183914 -24190
-183959 -24240
-167115 -24528
-166933 -24637
-165189 -22835
-165413 -23905
-183959 -24240
-183971 -24250
-166933 -24637
-166701 -24869
-183971 -24250
-183968 -24761
-183968 -24761
-184034 -24800
-175575 -32352
-175720 -32095
-165380 -31621
-165379 -31623
-177031 -28832
-176998 -28598
-184034 -24800
-184241 -24933
-175720 -32095
-175795 -31861
-173509 -25726
-173508 -25439
-164657 -30601
-164726 -30772
-176998 -28598
-176997 -28368
-184241 -24933
-184533 -25097
-175795 -31861
-175949 -31664
-173508 -25439
-173458 -25253
-172798 -20674
-172630 -20758
-164726 -30772
-164860 -30924
-175949 -31664
-176076 -31487
-176997 -28368
-176999 -28257
-184533 -25097
-184732 -25284
-170446 -33435
-170529 -33362
-171842 -25080
-172045 -25202
-172630 -20758
-172432 -20699
-164860 -30924
-164954 -31148
-176076 -31487
-176166 -31365
-176400 -27380
-176258 -27349
-184732 -25284
-184949 -25378
-176230 -17711
-176505 -17748
-170529 -33362
-170739 -33251
-172045 -25202
-172797 -25462
-172432 -20699
-172313 -20711
-164954 -31148
-165104 -31420
-176258 -27349
-176083 -27307
-184949 -25378
-185198 -25239
-176505 -17748
-176603 -17899
-170739 -33251
-170911 -33299
-172797 -25462
-173509 -25726
-172026 -20496
-171955 -20666
-165104 -31420
-165380 -31621
-176083 -27307
-175877 -27288
-185198 -25239
-185454 -25217
-180001 -23575
-180143 -23558
-176603 -17899
-176694 -18044
-170911 -33299
-171105 -33355
-171955 -20666
-172109 -20753
-175877 -27288
-175656 -27294
-185454 -25217
-185710 -25230
-180143 -23558
-180392 -23600
-176694 -18044
-176871 -18245
-171105 -33355
-171335 -33487
-172109 -20753
-172313 -20711
-181819 -28882
-181877 -28721
-192083 -24254
-192256 -24109
-181877 -28721
-181943 -28562
-192256 -24109
-192468 -23944
-181943 -28562
-182059 -28305
-192468 -23944
-192479 -23783
-182059 -28305
-181957 -28094
-192479 -23783
-192383 -23612
-172646 -22415
-172439 -22383
-181957 -28094
-181840 -27956
-192383 -23612
-192111 -23681
-167757 -22425
-168048 -22331
-192111 -23681
-191930 -23397
-168048 -22331
-168300 -22293
-163427 -31111
-163598 -30876
-159217 -33968
-160200 -33510
-179504 -32692
-179461 -32611
-168300 -22293
-168479 -22301
-163598 -30876
-163726 -30803
-160200 -33510
-160207 -33527
-168479 -22301
-168668 -22285
-160207 -33527
-160234 -33587
-163726 -30803
-163976 -30633
-168668 -22285
-168826 -22357
-160234 -33587
-160255 -33672
-163976 -30633
-164107 -30566
-173147 -26998
-173090 -26824
-168826 -22357
-168994 -22387
-160255 -33672
-160278 -33741
-164107 -30566
-164301 -30535
-173090 -26824
-173047 -26732
-168994 -22387
-169198 -22383
-164301 -30535
-164375 -30404
-173047 -26732
-173005 -26485
-164375 -30404
-164542 -30197
-160008 -21596
-159758 -21614
-165306 -29471
-165429 -29277
-161726 -28165
-162588 -28122
-159758 -21614
-159692 -21630
-165429 -29277
-165287 -29053
-162588 -28122
-162702 -27777
-159692 -21630
-159595 -21674
-160333 -33800
-161007 -33402
-175093 -31085
-175254 -31290
-161007 -33402
-161360 -34130
-165287 -29053
-165215 -28920
-162702 -27777
-162942 -27798
-159595 -21674
-159565 -21686
-175254 -31290
-175215 -31496
-162335 -33708
-162000 -33836
-165215 -28920
-165197 -28734
-162942 -27798
-163228 -28162
-162000 -22862
-161767 -22719
-159565 -21686
-159544 -21682
-179877 -33230
-179657 -32994
-175215 -31496
-174994 -31535
-165306 -29471
-165221 -29282
-163228 -28162
-162758 -28420
-161767 -22719
-161681 -22526
-159544 -21682
-159530 -21685
-179657 -32994
-179649 -32934
-174994 -31535
-174967 -31681
-165221 -29282
-164933 -29171
-162758 -28420
-162770 -28444
-161681 -22526
-161598 -22361
-159530 -21685
-159018 -22458
-179649 -32934
-179504 -32692
-174967 -31681
-174976 -31834
-164933 -29171
-164806 -28999
-162770 -28444
-162800 -28483
-161598 -22361
-161492 -22190
-174976 -31834
-175055 -32087
-164806 -28999
-164793 -28799
-162800 -28483
-162853 -28766
-161492 -22190
-161277 -22024
-175055 -32087
-175131 -32336
-162853 -28766
-163127 -29001
-175527 -33863
-175518 -33670
-175518 -33670
-175573 -33440
-175131 -32336
-175173 -32483
-167757 -22425
-167791 -22316
-163127 -29001
-163285 -29069
-175573 -33440
-175519 -33315
-175173 -32483
-175220 -32680
-174150 -22847
-174307 -22564
-167791 -22316
-167846 -22067
-163285 -29069
-163311 -29057
-175519 -33315
-175444 -33107
-174792 -32408
-174851 -32580
-174307 -22564
-174348 -22373
-167846 -22067
-167991 -21961
-163311 -29057
-163559 -29848
-178907 -23847
-178898 -23699
-176871 -18245
-176927 -18521
-168044 -20751
-168323 -20857
-168836 -18953
-168832 -19115
-160460 -17182
-160414 -17197
-178898 -23699
-178793 -23472
-176927 -18521
-176930 -18675
-168323 -20857
-168415 -21005
-168832 -19115
-168820 -19240
-160158 -16957
-160323 -17011
-178793 -23472
-178950 -23319
-176930 -18675
-176958 -18862
-181855 -18641
-181800 -18356
-168415 -21005
-168430 -21220
-168820 -19240
-168810 -19431
-160323 -17011
-160414 -17197
-178950 -23319
-178953 -23171
-176958 -18862
-176878 -19055
-181800 -18356
-181700 -18103
-175431 -21095
-175277 -21182
-168810 -19431
-168877 -19600
-178953 -23171
-179169 -22883
-176878 -19055
-177098 -19174
-181700 -18103
-181462 -17861
-175277 -21182
-175042 -21194
-168877 -19600
-168954 -19801
-179169 -22883
-179223 -22687
-177098 -19174
-177262 -19044
-181462 -17861
-181274 -17763
-168954 -19801
-169019 -20091
-179223 -22687
-179334 -22519
-177262 -19044
-177430 -18817
-181274 -17763
-181177 -17657
-169019 -20091
-169005 -20292
-179334 -22519
-179381 -22384
-177430 -18817
-177616 -18751
-181177 -17657
-181135 -17421
-179381 -22384
-179173 -22374
-177616 -18751
-177629 -18972
-181135 -17421
-181134 -17378
-174597 -28270
-174511 -28262
-179173 -22374
-179025 -22249
-177629 -18972
-177673 -19126
-181134 -17378
-179177 -17325
-174689 -27457
-174709 -27668
-175042 -21194
-175073 -20994
-171667 -19485
-171427 -19653
-179025 -22249
-178928 -21966
-177673 -19126
-177773 -19306
-179177 -17325
-178200 -17220
-174709 -27668
-174659 -27838
-175073 -20994
-174979 -20868
-171427 -19653
-171229 -19666
-178928 -21966
-179033 -21798
-177773 -19306
-177811 -19482
-178200 -17220
-178100 -17209
-174659 -27838
-174648 -28085
-174979 -20868
-174962 -20632
-171229 -19666
-171059 -19837
-172137 -16612
-172804 -15821
-179033 -21798
-179225 -21725
-177811 -19482
-178000 -19635
-178100 -17209
-178037 -17101
-174648 -28085
-174597 -28270
-174962 -20632
-174830 -20456
-171059 -19837
-170938 -20053
-176999 -28257
-176957 -28067
-179225 -21725
-179267 -21451
-178000 -19635
-178200 -19655
-178037 -17101
-177930 -16906
-174830 -20456
-174654 -20333
-170938 -20053
-170916 -20285
-160460 -17182
-160489 -17175
-176957 -28067
-177195 -27941
-179267 -21451
-179268 -21238
-182591 -18627
-182710 -18632
-174654 -20333
-174460 -20162
-160519 -16989
-160460 -17182
-177195 -27941
-177411 -27750
-179268 -21238
-179372 -21079
-178200 -19655
-178460 -19577
-182710 -18632
-182940 -18551
-162105 -17141
-162000 -17158
-177411 -27750
-177628 -27565
-179026 -24172
-177879 -23202
-178460 -19577
-178655 -19499
-182940 -18551
-183164 -18589
-162000 -17158
-160489 -17175
-178655 -19499
-178873 -19497
-183164 -18589
-183347 -18541
-178873 -19497
-179069 -19598
-191930 -23397
-191801 -23259
-159476 -17693
-158585 -17637
-179069 -19598
-179256 -19601
-191801 -23259
-191630 -23353
-179256 -19601
-179373 -19449
-191630 -23353
-191456 -23238
-172137 -16612
-171938 -16531
-171788 -17943
-171992 -17844
-179373 -19449
-179648 -19482
-191456 -23238
-191490 -22999
-171938 -16531
-171797 -16576
-179648 -19482
-179876 -19520
-191490 -22999
-191569 -22810
-171797 -16576
-171548 -16521
-179876 -19520
-180098 -19486
-182591 -18627
-182775 -18853
-191569 -22810
-191607 -22684
-171548 -16521
-171374 -16364
-162057 -16479
-162160 -16744
-185710 -25230
-185927 -25226
-180392 -23600
-180547 -23644
-175656 -27294
-175386 -27306
-167991 -21961
-168206 -21922
-164813 -18432
-164951 -18631
-185927 -25226
-186060 -25280
-180547 -23644
-180787 -23691
-175386 -27306
-175223 -27369
-168206 -21922
-168255 -21713
-164951 -18631
-165196 -18900
-180787 -23691
-180895 -23743
-175223 -27369
-174970 -27484
-168255 -21713
-168317 -21508
-165196 -18900
-165452 -19183
-180895 -23743
-181101 -23793
-174970 -27484
-174689 -27457
-168317 -21508
-168444 -21332
-165452 -19183
-165582 -19290
-181101 -23793
-181226 -23561
-171232 -25223
-171513 -25134
-168444 -21332
-168430 -21220
-165582 -19290
-165852 -19293
-181226 -23561
-181275 -23401
-171513 -25134
-171698 -24986
-165852 -19293
-166053 -19325
-171698 -24986
-171842 -25080
-166053 -19325
-166267 -19322
-171232 -25223
-171092 -24969
-166267 -19322
-166348 -19334
-166623 -31575
-166565 -31389
-171092 -24969
-171016 -24784
-172768 -22166
-172646 -22415
-166348 -19334
-166489 -19341
-166565 -31389
-166454 -31239
-171016 -24784
-171103 -24609
-166489 -19341
-166677 -19436
-166454 -31239
-166309 -31166
-166309 -31166
-166131 -31040
-166131 -31040
-166049 -30896
-179003 -33657
-178993 -33660
-174699 -27341
-174689 -27457
-166049 -30896
-165989 -30742
-178993 -33660
-178532 -34456
-165989 -30742
-165978 -30599
-174404 -19426
-174405 -19426
-176699 -24635
-176977 -24810
-169198 -22383
-169485 -22210
-174266 -19025
-174427 -19245
-163427 -31111
-163422 -31375
-176977 -24810
-177113 -24897
-169485 -22210
-169767 -21998
-174427 -19245
-174404 -19426
-163422 -31375
-163417 -31559
-177113 -24897
-177174 -25111
-169767 -21998
-169958 -22021
-163417 -31559
-163423 -31715
-177174 -25111
-177095 -25345
-169958 -22021
-170152 -21967
-166677 -19436
-166374 -20125
-163423 -31715
-163440 -31919
-186413 -30166
-186566 -30264
-184134 -23519
-184099 -23698
-170152 -21967
-170294 -21901
-166374 -20125
-166396 -20126
-163440 -31919
-163701 -32170
-186566 -30264
-186784 -30332
-184099 -23698
-184049 -23845
-173458 -25253
-173361 -25289
-170294 -21901
-170491 -21885
-166396 -20126
-166441 -20126
-163701 -32170
-163794 -32295
-186784 -30332
-186976 -30361
-173361 -25289
-173328 -25294
-173264 -23843
-173284 -23670
-170491 -21885
-170747 -21845
-166441 -20126
-166464 -20223
-163794 -32295
-163946 -32542
-186976 -30361
-187099 -30327
-173328 -25294
-173305 -25308
-173284 -23670
-173313 -23500
-166464 -20223
-166562 -20224
-163946 -32542
-163950 -32702
-182775 -18853
-182852 -19144
-171335 -33487
-171500 -33588
-174851 -32580
-174986 -32644
-174348 -22373
-174364 -22258
-163559 -29848
-163502 -30030
-182852 -19144
-182871 -19291
-171500 -33588
-171620 -33624
-174986 -32644
-175220 -32680
-174364 -22258
-174207 -22127
-163502 -30030
-163145 -30037
-164418 -26656
-164651 -26489
-182871 -19291
-182844 -19450
-171620 -33624
-171806 -33547
-163145 -30037
-163427 -31111
-164651 -26489
-164843 -26394
-182844 -19450
-183085 -19503
-172457 -33623
-172285 -33668
-164843 -26394
-165132 -26238
-183085 -19503
-183170 -19604
-172285 -33668
-172138 -33520
-164418 -26656
-164154 -26435
-183170 -19604
-183402 -19883
-172138 -33520
-171917 -33595
-164154 -26435
-164005 -26348
-183402 -19883
-183424 -20088
-171917 -33595
-171806 -33547
-164005 -26348
-163910 -26217
-158944 -27343
-159340 -28801
-183424 -20088
-183361 -20255
-174441 -33637
-174622 -33528
-163910 -26217
-163800 -25984
-159340 -28801
-159649 -29906
-183361 -20255
-183089 -20436
-174622 -33528
-174738 -33656
-163800 -25984
-163327 -24839
-179003 -33657
-179001 -33486
-183089 -20436
-183278 -20617
-163327 -24839
-163370 -24553
-179001 -33486
-178981 -33336
-183278 -20617
-183380 -20887
-163370 -24553
-163336 -24543
-178981 -33336
-178933 -33167
-183380 -20887
-183515 -20854
-163336 -24543
-163274 -24408
-178933 -33167
-178955 -33028
-183515 -20854
-183705 -20815
-183705 -20815
-183910 -20810
-174663 -32616
-174724 -32899
-172444 -29395
-172419 -29165
-183910 -20810
-184021 -20993
-174724 -32899
-174719 -33008
-172419 -29165
-172418 -29001
-158922 -29765
-159649 -29906
-184021 -20993
-184001 -21128
-174719 -33008
-174752 -33214
-172418 -29001
-172398 -28849
-184001 -21128
-184184 -21386
-174752 -33214
-174764 -33349
-172398 -28849
-172531 -28710
-184184 -21386
-184407 -21491
-174764 -33349
-174788 -33461
-172531 -28710
-172632 -28534
-183859 -34008
-183812 -33717
-184407 -21491
-184622 -21546
-174788 -33461
-174738 -33656
-173868 -29322
-173643 -29252
-183812 -33717
-183878 -33603
-183878 -33603
-183869 -33402
-184622 -21546
-184819 -21469
-173643 -29252
-173353 -29358
-183869 -33402
-183790 -33157
-184819 -21469
-184977 -21600
-183790 -33157
-183923 -32960
-183923 -32960
-183956 -32724
-165209 -33638
-165225 -33416
-183956 -32724
-183938 -32568
-165225 -33416
-165235 -33265
-160008 -21596
-160005 -21097
-180098 -19486
-180339 -19468
-173313 -23500
-173520 -23300
-166562 -20224
-166827 -20408
-171374 -16364
-171214 -16098
-162160 -16744
-162117 -16958
-180339 -19468
-180538 -19355
-173520 -23300
-173680 -23205
-166827 -20408
-167061 -20588
-162117 -16958
-162105 -17141
-159236 -20756
-159395 -20863
-180538 -19355
-180812 -19322
-173680 -23205
-173834 -23219
-167061 -20588
-167287 -20706
-159395 -20863
-159663 -20907
-180812 -19322
-181054 -19181
-172957 -19403
-173002 -19185
-159663 -20907
-159730 -21122
-181054 -19181
-181289 -19101
-173002 -19185
-173084 -18989
-159730 -21122
-160005 -21097
-181289 -19101
-181516 -18992
-181516 -18992
-181733 -18952
-181733 -18952
-181825 -18765
-168502 -28623
-168641 -28348
-165286 -24213
-165495 -24139
-184049 -23845
-184001 -23927
-181825 -18765
-181855 -18641
-168641 -28348
-168590 -28222
-165495 -24139
-165783 -24105
-160414 -17197
-160364 -17384
-184001 -23927
-183910 -24142
-168590 -28222
-168493 -28094
-165783 -24105
-165955 -24212
-160364 -17384
-160265 -17551
-168493 -28094
-168493 -27883
-172178 -19390
-172322 -19233
-165955 -24212
-166160 -24370
-160265 -17551
-160180 -17814
-168493 -27883
-168761 -27866
-166160 -24370
-166249 -24587
-172322 -19233
-172333 -19005
-160110 -19738
-160155 -19918
-160180 -17814
-159759 -17753
-168761 -27866
-169008 -27761
-166249 -24587
-166500 -24652
-172333 -19005
-172469 -18899
-160676 -24054
-160836 -24102
-160155 -19918
-160009 -20209
-159759 -17753
-159762 -17714
-169008 -27761
-169198 -27733
-166500 -24652
-166701 -24869
-172469 -18899
-172650 -18862
-160836 -24102
-160983 -24137
-160009 -20209
-160020 -20433
-159762 -17714
-159721 -17678
-160020 -20433
-160099 -20662
-159721 -17678
-159695 -17576
-176152 -17805
-176230 -17711
-160099 -20662
-160320 -20933
-176152 -17805
-176077 -17631
-160320 -20933
-160201 -21107
-176077 -17631
-176044 -17451
-160201 -21107
-160005 -21097
-176044 -17451
-175925 -17291
-175925 -17291
-175837 -17019
-175837 -17019
-175610 -16995
-175431 -21095
-175517 -21026
-175517 -21026
-175739 -20901
-175610 -16995
-175362 -17173
-175739 -20901
-175842 -20751
-175362 -17173
-175229 -17171
-175842 -20751
-175957 -20575
-175229 -17171
-175005 -17329
-187099 -30327
-187284 -30253
-191607 -22684
-191755 -22558
-173305 -25308
-173266 -25317
-163950 -32702
-163902 -32855
-187284 -30253
-187362 -30004
-191755 -22558
-191829 -22442
-173266 -25317
-173264 -23843
-163902 -32855
-163842 -33008
-187362 -30004
-187501 -29858
-191829 -22442
-191875 -22236
-168792 -25262
-169064 -25285
-163842 -33008
-163728 -33173
-187501 -29858
-187460 -29598
-191875 -22236
-192047 -22120
-172857 -31141
-172748 -31185
-169064 -25285
-169251 -25279
-187460 -29598
-187624 -29422
-192047 -22120
-192196 -21945
-172748 -31185
-172536 -31402
-169251 -25279
-169523 -25275
-187624 -29422
-187729 -29206
-192196 -21945
-191933 -21731
-172536 -31402
-172329 -31471
-169523 -25275
-169768 -25197
-187729 -29206
-187694 -29019
-191933 -21731
-191732 -21480
-172329 -31471
-172126 -31449
-169768 -25197
-170004 -25156
-185401 -29381
-185234 -29138
-187694 -29019
-187710 -28776
-191732 -21480
-191467 -21439
-172126 -31449
-172020 -31464
-170004 -25156
-170237 -25095
-185234 -29138
-185188 -28918
-187710 -28776
-187820 -28529
-191467 -21439
-191280 -21247
-172020 -31464
-171972 -31440
-170237 -25095
-170422 -25003
-185188 -28918
-185057 -28860
-187820 -28529
-187707 -28262
-191280 -21247
-191077 -21128
-171972 -31440
-171906 -31430
-170422 -25003
-170599 -24943
-185057 -28860
-184832 -28801
-187707 -28262
-187628 -28028
-191077 -21128
-190800 -21063
-171906 -31430
-171643 -31321
-170599 -24943
-170772 -24775
-165132 -26238
-165451 -25382
-187628 -28028
-187516 -27896
-173353 -29358
-173160 -29108
-170772 -24775
-170913 -24666
-165451 -25382
-165423 -25381
-187516 -27896
-187282 -27849
-173160 -29108
-172969 -29122
-170913 -24666
-171103 -24609
-165423 -25381
-165356 -25369
-161844 -24252
-162019 -24230
-187282 -27849
-187136 -27872
-172969 -29122
-172797 -29084
-165356 -25369
-165267 -25401
-162019 -24230
-162161 -24312
-172797 -29084
-172619 -28852
-165267 -25401
-165128 -25274
-162161 -24312
-162422 -24532
-177198 -32192
-176955 -32218
-172619 -28852
-172651 -28588
-165128 -25274
-164988 -25037
-162422 -24532
-162592 -24460
-176955 -32218
-176802 -32368
-172651 -28588
-172632 -28534
-164988 -25037
-165228 -25030
-162592 -24460
-162788 -24466
-176802 -32368
-176558 -32466
-165228 -25030
-165447 -24997
-162788 -24466
-162948 -24449
-176558 -32466
-176321 -32614
-165447 -24997
-165556 -24878
-162948 -24449
-163158 -24413
-176321 -32614
-176060 -32641
-172707 -32028
-172450 -32237
-174161 -29296
-174037 -29264
-167298 -24525
-167444 -24378
-165556 -24878
-165606 -24641
-176060 -32641
-175946 -32634
-172450 -32237
-172328 -32215
-174037 -29264
-173868 -29322
-167444 -24378
-167629 -24218
-165606 -24641
-165597 -24436
-175946 -32634
-175891 -32646
-172328 -32215
-172147 -32232
-167629 -24218
-167903 -24184
-170729 -23388
-170762 -23151
-165597 -24436
-165480 -24313
-175891 -32646
-175869 -32662
-172147 -32232
-171889 -32286
-167903 -24184
-168016 -24148
-170762 -23151
-170674 -22930
-165480 -24313
-165286 -24213
-175869 -32662
-175853 -32663
-171889 -32286
-171686 -32222
-168016 -24148
-168238 -24057
-170674 -22930
-170670 -22780
-183938 -32568
-183901 -32426
-165235 -33265
-165260 -33092
-183901 -32426
-183885 -32246
-165260 -33092
-165340 -32898
-183885 -32246
-183832 -31996
-165340 -32898
-165349 -32720
-183832 -31996
-183723 -31862
-165349 -32720
-165381 -32579
-183723 -31862
-183714 -31696
-165381 -32579
-165446 -32410
-179461 -32611
-179346 -32411
-183714 -31696
-183696 -31433
-174120 -33634
-174053 -33432
-171955 -22149
-172128 -22144
-179346 -32411
-179212 -32262
-172128 -22144
-172311 -22229
-179212 -32262
-179101 -32086
-172311 -22229
-172352 -22240
-179101 -32086
-178917 -31939
-172352 -22240
-172439 -22383
-178917 -31939
-178708 -31847
-184134 -22379
-184044 -22276
-165379 -31623
-165600 -31673
-164542 -30197
-164640 -30307
-178708 -31847
-178587 -31836
-184044 -22276
-183930 -22051
-165600 -31673
-165796 -31727
-164640 -30307
-164677 -30438
-178587 -31836
-178422 -31668
-183930 -22051
-183732 -21876
-165796 -31727
-166000 -31797
-164677 -30438
-164657 -30601
-163335 -34007
-163728 -33173
-178422 -31668
-178315 -31489
-183732 -21876
-183608 -21724
-170103 -30525
-170129 -30601
-166000 -31797
-166264 -31721
-178315 -31489
-178133 -31224
-183608 -21724
-183355 -21490
-166264 -31721
-166479 -31715
-183355 -21490
-183228 -21552
-166479 -31715
-166623 -31575
-183228 -21552
-183041 -21522
-171643 -31321
-171698 -31589
-174085 -33810
-174120 -33634
-183041 -21522
-182894 -21506
-171698 -31589
-171491 -31705
-182894 -21506
-182736 -21531
-171491 -31705
-171264 -31790
-182736 -21531
-182574 -21265
-171264 -31790
-171116 -31793
-170925 -27001
-170725 -27221
-182574 -21265
-182397 -21277
-171116 -31793
-170900 -31670
-170725 -27221
-170586 -27347
-182397 -21277
-182117 -21305
-182117 -21305
-181888 -21173
-170586 -27347
-170482 -27542
-170482 -27542
-170345 -27570
-181888 -21173
-181604 -21084
-170345 -27570
-170309 -27719
-181604 -21084
-181417 -21150
-176199 -19989
-175868 -19728
-170670 -22780
-170557 -22559
-175868 -19728
-175693 -19701
-170557 -22559
-170627 -22380
-170627 -22380
-170722 -22175
-175693 -19701
-175420 -19773
-170722 -22175
-170760 -21981
-175420 -19773
-175276 -19848
-170760 -21981
-170747 -21845
-175276 -19848
-175147 -19934
-175147 -19934
-174885 -19934
-174885 -19934
-174833 -19980
-174833 -19980
-174826 -19997
-167298 -24525
-167317 -23400
-174826 -19997
-174808 -20012
-167317 -23400
-167287 -20706
-174808 -20012
-174460 -20162
-175005 -17329
-174875 -17350
-174460 -20162
-174226 -20013
-174875 -17350
-174696 -17372
-158642 -22969
-160503 -24516
-174226 -20013
-173978 -19807
-174601 -18694
-174812 -18822
-174696 -17372
-174578 -17480
-162057 -16479
-162000 -16492
-174812 -18822
-174844 -18972
-174578 -17480
-174351 -17522
-162000 -16492
-161472 -16762
-174844 -18972
-174962 -19194
-174351 -17522
-174168 -17564
-161136 -18594
-161627 -18162
-161472 -16762
-161431 -16817
-174962 -19194
-175098 -19151
-174168 -17564
-173879 -17682
-161627 -18162
-161650 -18150
-161431 -16817
-161351 -16932
-172218 -20158
-172218 -20158
-175098 -19151
-175291 -19121
-173879 -17682
-173694 -17692
-161650 -18150
-161713 -18136
-161351 -16932
-161119 -17026
-172178 -19390
-172269 -19676
-175291 -19121
-175517 -19256
-173694 -17692
-173499 -17678
-161713 -18136
-161816 -18097
-161119 -17026
-160845 -16986
-172269 -19676
-172289 -19876
-161136 -18594
-160962 -18491
-160845 -16986
-160693 -16976
-175073 -23355
-174860 -23123
-170747 -21845
-170778 -21645
-172289 -19876
-172218 -20158
-160962 -18491
-160769 -18302
-160693 -16976
-160519 -16989
-174860 -23123
-174685 -22944
-171829 -19909
-171974 -19948
-174685 -22944
-174410 -22863
-171974 -19948
-172218 -20158
-174410 -22863
-174150 -22847
-176511 -24484
-176400 -24419
-176372 -19019
-176262 -19025
-176400 -24419
-176217 -24376
-176262 -19025
-176060 -19132
-175853 -32663
-175444 -33107
-175957 -20575
-176184 -20294
-171686 -32222
-171564 -32256
-176184 -20294
-176191 -20126
-174053 -33432
-173901 -33513
-175444 -33107
-175484 -32896
-171564 -32256
-171339 -32034
-176191 -20126
-176199 -19989
-173901 -33513
-173724 -33603
-175484 -32896
-175529 -32750
-171339 -32034
-171166 -32143
-168219 -30171
-167956 -30309
-173724 -33603
-173539 -33668
-175529 -32750
-175487 -32581
-167956 -30309
-167776 -30318
-174511 -28262
-174401 -28467
-173539 -33668
-173502 -33885
-175487 -32581
-175575 -32352
-167776 -30318
-167658 -30269
-174401 -28467
-174392 -28670
-175444 -33107
-175190 -32823
-167658 -30269
-167393 -30321
-174392 -28670
-174402 -28953
-181619 -27773
-181411 -27564
-167393 -30321
-167272 -30288
-174402 -28953
-174348 -29158
-181411 -27564
-181224 -27401
-167272 -30288
-167095 -30073
-174348 -29158
-174161 -29296
-170985 -24108
-170941 -23929
-181224 -27401
-181341 -27155
-167095 -30073
-167057 -29973
-170941 -23929
-170870 -23707
-181341 -27155
-181250 -26942
-167057 -29973
-167089 -29680
-172802 -33775
-172457 -33623
-167089 -29680
-167061 -29388
-171666 -33057
-171736 -32768
-167061 -29388
-167113 -29109
-164927 -33827
-165209 -33638
-186060 -25280
-186232 -25085
-171164 -32143
-171312 -32405
-167113 -29109
-167062 -28949
-184832 -28801
-184700 -28716
-186232 -25085
-186083 -24947
-171312 -32405
-171393 -32541
-167062 -28949
-167058 -28800
-184700 -28716
-184457 -28561
-186083 -24947
-186209 -24838
-171393 -32541
-171381 -32565
-186209 -24838
-186151 -24636
-171381 -32565
-171429 -32646
-167058 -28800
-167192 -28583
-170729 -23388
-170529 -23450
-186151 -24636
-185952 -24462
-171429 -32646
-171433 -32765
-173816 -30013
-174000 -30026
-167192 -28583
-167170 -28338
-175203 -26168
-175197 -26227
-170529 -23450
-170306 -23544
-170775 -21087
-170791 -20990
-185952 -24462
-185706 -24205
-171433 -32765
-171492 -32979
-173277 -30761
-173275 -30846
-174000 -30026
-174123 -30178
-167170 -28338
-167187 -28065
-175197 -26227
-174818 -26217
-170306 -23544
-170099 -23618
-174818 -26217
-174781 -26053
-176431 -29105
-176168 -29189
-185706 -24205
-185501 -23979
-171492 -32979
-171666 -33057
-173275 -30846
-173265 -31090
-174123 -30178
-174374 -30235
-167187 -28065
-167215 -27810
-170099 -23618
-169921 -23744
-176168 -29189
-176007 -29172
-185501 -23979
-185293 -23915
-174374 -30235
-174486 -30267
-167215 -27810
-167020 -27569
-174699 -27341
-174439 -27102
-174781 -26053
-174829 -25883
-169921 -23744
-169778 -23881
-175887 -30950
-175752 -30933
-176007 -29172
-175836 -29272
-185293 -23915
-185043 -23823
-174486 -30267
-174717 -30228
-167020 -27569
-166817 -27319
-174439 -27102
-174351 -27014
-174829 -25883
-174801 -25781
-169778 -23881
-169620 -23979
-175836 -29272
-175622 -29158
-185043 -23823
-184904 -23754
-175752 -30933
-175487 -31059
-174717 -30228
-174800 -30163
-166817 -27319
-166919 -27147
-174351 -27014
-174065 -26863
-174801 -25781
-174820 -25583
-169620 -23979
-169361 -24007
-159290 -26285
-159359 -26077
-184904 -23754
-184659 -23676
-175487 -31059
-175288 -31032
-174800 -30163
-175041 -30002
-166919 -27147
-166971 -27022
-174065 -26863
-173804 -26892
-174820 -25583
-174918 -25437
-169361 -24007
-169115 -23968
-159359 -26077
-159660 -26022
-184659 -23676
-184503 -23822
-175288 -31032
-175093 -31085
-166971 -27022
-167001 -26956
-173804 -26892
-173566 -26888
-174918 -25437
-175010 -25288
-169115 -23968
-168958 -24065
-159660 -26022
-159628 -25990
-181417 -21150
-181183 -21152
-170309 -27719
-170099 -27932
-181183 -21152
-181083 -21241
-170099 -27932
-170000 -28178
-183696 -31433
-183767 -31236
-181083 -21241
-180887 -21301
-183767 -31236
-183664 -31099
-180887 -21301
-180753 -21200
-183664 -31099
-183434 -30937
-180753 -21200
-180508 -21265
-183434 -30937
-183372 -30804
-180508 -21265
-180240 -21237
-161935 -26936
-161726 -28165
-183372 -30804
-183424 -30623
-180240 -21237
-180012 -21274
-183424 -30623
-183221 -30373
-180012 -21274
-179771 -21136
-171955 -22149
-171672 -22176
-183221 -30373
-183196 -30163
-179771 -21136
-179580 -21100
-171672 -22176
-171497 -22160
-183196 -30163
-183076 -30013
-179580 -21100
-179372 -21079
-171497 -22160
-171367 -22102
-183076 -30013
-182812 -29937
-184977 -21600
-184915 -21773
-171367 -22102
-171105 -21955
-182812 -29937
-182592 -29735
-184915 -21773
-184646 -21952
-171105 -21955
-170971 -21810
-182592 -29735
-182344 -29664
-184646 -21952
-184532 -22098
-170971 -21810
-170778 -21645
-182344 -29664
-182157 -29488
-184532 -22098
-184394 -22249
-184394 -22249
-184134 -22379
-171806 -33547
-171689 -33412
-171689 -33412
-171700 -33230
-171700 -33230
-171666 -33057
-177474 -33542
-177713 -33267
-176217 -24376
-176072 -24322
-176060 -19132
-175906 -19228
-168958 -24065
-168702 -24017
-176072 -24322
-175822 -24301
-190800 -21063
-190626 -20874
-175906 -19228
-175784 -19235
-168702 -24017
-168561 -24048
-172992 -19596
-173216 -19541
-190626 -20874
-190580 -20677
-168561 -24048
-168472 -24085
-173216 -19541
-173449 -19391
-175784 -19235
-175517 -19256
-190580 -20677
-190352 -20512
-176230 -17711
-176400 -17433
-168472 -24085
-168238 -24057
-173449 -19391
-173701 -19147
-175517 -19256
-174569 -18517
-190352 -20512
-190257 -20533
-174364 -25200
-174622 -25175
-173264 -23843
-173115 -23968
-172992 -19596
-172957 -19403
-174569 -18517
-174469 -18433
-190257 -20533
-190087 -20575
-173941 -24930
-174160 -25013
-173115 -23968
-172944 -24083
-174469 -18433
-174425 -18403
-160519 -16989
-160539 -16782
-159501 -19195
-158661 -19573
-190087 -20575
-189910 -20560
-174160 -25013
-174364 -25200
-172797 -23637
-172826 -23713
-160539 -16782
-160619 -16652
-189910 -20560
-189699 -20287
-172826 -23713
-172944 -24083
-160619 -16652
-160656 -16539
-189699 -20287
-189656 -20064
-160656 -16539
-160662 -16545
-189656 -20064
-189683 -19829
-160662 -16545
-160701 -16552
-189683 -19829
-189597 -19606
-160701 -16552
-161014 -16552
-189597 -19606
-189556 -19476
-161014 -16552
-161018 -16303
-189556 -19476
-189514 -19290
-161018 -16303
-162000 -16301
-189514 -19290
-189573 -19098
-162000 -16301
-162070 -16299
-159115 -24947
-159295 -25194
-189573 -19098
-189463 -18919
-159295 -25194
-159578 -24960
-189463 -18919
-189275 -18845
-189275 -18845
-188989 -18788
-187382 -18544
-187200 -18546
-188989 -18788
-188896 -18731
-187200 -18546
-185400 -18539
-172235 -23683
-172291 -23543
-159501 -19195
-160201 -18084
-188896 -18731
-188693 -18581
-185400 -18539
-183347 -18541
-170870 -23707
-170962 -23694
-160201 -18084
-160249 -17996
-188693 -18581
-188548 -18735
-187382 -18544
-187444 -18328
-170962 -23694
-171022 -23659
-160249 -17996
-160724 -17505
-188548 -18735
-188377 -18669
-187444 -18328
-187415 -18176
-171022 -23659
-171055 -23641
-159611 -18432
-159501 -19195
-188377 -18669
-188221 -18926
-187415 -18176
-187356 -18028
-171055 -23641
-171069 -23649
-162070 -16299
-162057 -16479
-159501 -19195
-158527 -18627
-188221 -18926
-188001 -19041
-187356 -18028
-187411 -17912
-171069 -23649
-171470 -23291
-188001 -19041
-187887 -19084
-187411 -17912
-187447 -17737
-171470 -23291
-171485 -23219
-159695 -17576
-159476 -17693
-177713 -33267
-177818 -32978
-184503 -23822
-184274 -23821
-175109 -30841
-175093 -31085
-173566 -26888
-173436 -26813
-175010 -25288
-175135 -25023
-161431 -29738
-161362 -29995
-159628 -25990
-159583 -25855
-159521 -31715
-159425 -31879
-184274 -23821
-184049 -23845
-173436 -26813
-173239 -26658
-175135 -25023
-175186 -25012
-161362 -29995
-161349 -30131
-159807 -30471
-159139 -30767
-159583 -25855
-159539 -25625
-159425 -31879
-159362 -31903
-159521 -31715
-159675 -31799
-173239 -26658
-173005 -26485
-175186 -25012
-175239 -25000
-161349 -30131
-161380 -30311
-159675 -31799
-159445 -32282
-159362 -31903
-159345 -31937
-176400 -26901
-176225 -26782
-181353 -26109
-181432 -26301
-177096 -25666
-177072 -25892
-175239 -25000
-175932 -24679
-159445 -32282
-159445 -32285
-159345 -31937
-159342 -31955
-176225 -26782
-176073 -26860
-181432 -26301
-181400 -26558
-175932 -24679
-175912 -24585
-159445 -32285
-159453 -32303
-159342 -31955
-158400 -32349
-176073 -26860
-175862 -26832
-181400 -26558
-181313 -26793
-175912 -24585
-175822 -24301
-159453 -32303
-159470 -32332
-175862 -26832
-175638 -26942
-181313 -26793
-181250 -26942
-174476 -25737
-174473 -26161
-159470 -32332
-159537 -32375
-184108 -26497
-183991 -26449
-175638 -26942
-175399 -26995
-174473 -26161
-174604 -26192
-160198 -25860
-160305 -25998
-159537 -32375
-159536 -32449
-183991 -26449
-183801 -26391
-175399 -26995
-175144 -27032
-174604 -26192
-174818 -26217
-160305 -25998
-160536 -26154
-159536 -32449
-159525 -32475
-183801 -26391
-183600 -26538
-177095 -25345
-177087 -25470
-175144 -27032
-175051 -27087
-166811 -24996
-167059 -24955
-160536 -26154
-160710 -26356
-159525 -32475
-159516 -32501
-177087 -25470
-177096 -25666
-175051 -27087
-174886 -27168
-167059 -24955
-167125 -24868
-160710 -26356
-160863 -26590
-159516 -32501
-159542 -32508
-173265 -31090
-173243 -31253
-169198 -27733
-169404 -27563
-174886 -27168
-174699 -27341
-175203 -26168
-175445 -26185
-167125 -24868
-167220 -24719
-160863 -26590
-161059 -26523
-159542 -32508
-158402 -33251
-173243 -31253
-173249 -31485
-169404 -27563
-169613 -27539
-175445 -26185
-175646 -26157
-167220 -24719
-167425 -24688
-161059 -26523
-161329 -26499
-173249 -31485
-173248 -31757
-169613 -27539
-169859 -27534
-175646 -26157
-175792 -26146
-167425 -24688
-167677 -24531
-161329 -26499
-161517 -26698
-169859 -27534
-169977 -27461
-175792 -26146
-176044 -26070
-167677 -24531
-167932 -24590
-161517 -26698
-161720 -26857
-176044 -26070
-176263 -26033
-169977 -27461
-169855 -27243
-167932 -24590
-168045 -24626
-161720 -26857
-161935 -26936
-177355 -26521
-177161 -26235
-176263 -26033
-176391 -26105
-169855 -27243
-169625 -26971
-168045 -24626
-168234 -24738
-165978 -30599
-165936 -30436
-161935 -26936
-161954 -26931
-179993 -33784
-179863 -33494
-179863 -33494
-179877 -33230
-177161 -26235
-177083 -26084
-176391 -26105
-176599 -26055
-169625 -26971
-169587 -26793
-168234 -24738
-168411 -24898
-165936 -30436
-165942 -30195
-177083 -26084
-177072 -25892
-176599 -26055
-176785 -25977
-169587 -26793
-169476 -26658
-168411 -24898
-168634 -24984
-165942 -30195
-165965 -30004
-160983 -24137
-160947 -25068
-159539 -25625
-159698 -25634
-176785 -25977
-177072 -25892
-169476 -26658
-169200 -26488
-168634 -24984
-168792 -25262
-165965 -30004
-165971 -29771
-160947 -25068
-160930 -25074
-159698 -25634
-159866 -25677
-165971 -29771
-166037 -29560
-160930 -25074
-160913 -25104
-159866 -25677
-160057 -25779
-173852 -24991
-173720 -25165
-166037 -29560
-166077 -29346
-160913 -25104
-160945 -25328
-160057 -25779
-160198 -25860
-173720 -25165
-173458 -25253
-166077 -29346
-166157 -29199
-160945 -25328
-161035 -25415
-166157 -29199
-165961 -28992
-161380 -30311
-161130 -30697
-161035 -25415
-161219 -25557
-170446 -33435
-170369 -33560
-170369 -33560
-170137 -33640
-170137 -33640
-170018 -33820
-173248 -31757
-173401 -32013
-173401 -32013
-173442 -32243
-184457 -28561
-184365 -28427
-179461 -32611
-178955 -33028
-184365 -28427
-184208 -28247
-184208 -28247
-184089 -27968
-184089 -27968
-184289 -27744
-184289 -27744
-184362 -27544
-184362 -27544
-184467 -27360
-184467 -27360
-184295 -27238
-187887 -19084
-187690 -19200
-187447 -17737
-187572 -17481
-168238 -24057
-168286 -23874
-170870 -23707
-170795 -23546
-187690 -19200
-187618 -19154
-187572 -17481
-187504 -17286
-168286 -23874
-168296 -23627
-170795 -23546
-170729 -23388
-173701 -19147
-173897 -19090
-187618 -19154
-187568 -18967
-187504 -17286
-187501 -17180
-168296 -23627
-168222 -23477
-173897 -19090
-173999 -19006
-187568 -18967
-187472 -18775
-187501 -17180
-187497 -16950
-168222 -23477
-168223 -23229
-173423 -20555
-173298 -20319
-173999 -19006
-174266 -19025
-187472 -18775
-187382 -18544
-187497 -16950
-187413 -16767
-168223 -23229
-168066 -23027
-173298 -20319
-173406 -20157
-173701 -19147
-173441 -18938
-187413 -16767
-187133 -16552
-168066 -23027
-168062 -22767
-173406 -20157
-173669 -19989
-187133 -16552
-186944 -16280
-168062 -22767
-167892 -22515
-173669 -19989
-173838 -19952
-178045 -21244
-177847 -21193
-186944 -16280
-186848 -16141
-167892 -22515
-167757 -22425
-173838 -19952
-173978 -19807
-173499 -17678
-172890 -17201
-177847 -21193
-177662 -21083
-177662 -21083
-177438 -20964
-160503 -24516
-160699 -24530
-177438 -20964
-177251 -20882
-160699 -24530
-160709 -24377
-177251 -20882
-177240 -20863
-160709 -24377
-160681 -24239
-177240 -20863
-176586 -21016
-174622 -25175
-174832 -25016
-160681 -24239
-160676 -24054
-160676 -24054
-159018 -22458
-176586 -21016
-176574 -21015
-174832 -25016
-174795 -24830
-174188 -24668
-174457 -24555
-176574 -21015
-176520 -20990
-174795 -24830
-174931 -24671
-174457 -24555
-174480 -24347
-163158 -24413
-163274 -24408
-176520 -20990
-176422 -21013
-174931 -24671
-175077 -24576
-174480 -24347
-174450 -24103
-171485 -23219
-171777 -23411
-176422 -21013
-176277 -21070
-183347 -18541
-183245 -18353
-175077 -24576
-175145 -24419
-174450 -24103
-174602 -24000
-171777 -23411
-171913 -23476
-176277 -21070
-176099 -21173
-183245 -18353
-183185 -18133
-174188 -24668
-173997 -24428
-175145 -24419
-175110 -24212
-171913 -23476
-171964 -23575
-172439 -22383
-172249 -22514
-176099 -21173
-176003 -21346
-183185 -18133
-183122 -17922
-173997 -24428
-173909 -24172
-175110 -24212
-175195 -23988
-171964 -23575
-172235 -23683
-172249 -22514
-172113 -22551
-176003 -21346
-175867 -21473
-183122 -17922
-183066 -17653
-173909 -24172
-173837 -23926
-172113 -22551
-171848 -22623
-175867 -21473
-175431 -21095
-183066 -17653
-183283 -17512
-173837 -23926
-173879 -23672
-172291 -23543
-172526 -23577
-171848 -22623
-171566 -22868
-183283 -17512
-183336 -17288
-173879 -23672
-173850 -23486
-172526 -23577
-172613 -23596
-171566 -22868
-171456 -22984
-183336 -17288
-183356 -17111
-172613 -23596
-172797 -23637
-173850 -23486
-173834 -23219
-171456 -22984
-171237 -23035
-183356 -17111
-183304 -16981
-171237 -23035
-171485 -23219
-177436 -31112
-177275 -31369
-161130 -30697
-159521 -31715
-165961 -28992
-165781 -29050
-161219 -25557
-160994 -25816
-177275 -31369
-177222 -31530
-175085 -29795
-174855 -29712
-165781 -29050
-165630 -29269
-160994 -25816
-160889 -25916
-177222 -31530
-177241 -31681
-174855 -29712
-174655 -29727
-165630 -29269
-165445 -29451
-160889 -25916
-160936 -26059
-177773 -32411
-177781 -32603
-177241 -31681
-177365 -31905
-174655 -29727
-174528 -29677
-165445 -29451
-165306 -29471
-160936 -26059
-160915 -26098
-177781 -32603
-177807 -32743
-177365 -31905
-177198 -32192
-190502 -30594
-190525 -30357
-174528 -29677
-174339 -29450
-160915 -26098
-160910 -26117
-177807 -32743
-177818 -32978
-190525 -30357
-190557 -30220
-168883 -31041
-168826 -30887
-174339 -29450
-174161 -29296
-169200 -26488
-168998 -26367
-160910 -26117
-161234 -26094
-159295 -25194
-159403 -25341
-190557 -30220
-190758 -29952
-168826 -30887
-168646 -30714
-168998 -26367
-168786 -26262
-161234 -26094
-161954 -26931
-159403 -25341
-159539 -25625
-190758 -29952
-190805 -29854
-168786 -26262
-168645 -26249
-190805 -29854
-190636 -29641
-169830 -32150
-169569 -32055
-168645 -26249
-168525 -26204
-190636 -29641
-190562 -29489
-169569 -32055
-169411 -32010
-175691 -28800
-175664 -29001
-168525 -26204
-168348 -26109
-159283 -31665
-159521 -31715
-190562 -29489
-190621 -29290
-169411 -32010
-169144 -32155
-175664 -29001
-175622 -29158
-168348 -26109
-168206 -25924
-190621 -29290
-190650 -29040
-168206 -25924
-168308 -25708
-190650 -29040
-190741 -28830
-168308 -25708
-168383 -25517
-168383 -25517
-168616 -25427
-176828 -31133
-176683 -31119
-190741 -28830
-190904 -28647
-181250 -26942
-181085 -27051
-169144 -32155
-169054 -31950
-175109 -30841
-174881 -30844
-176683 -31119
-176469 -31209
-190904 -28647
-191013 -28455
-181085 -27051
-180880 -27159
-169054 -31950
-168850 -31705
-174881 -30844
-174806 -30936
-168616 -25427
-168792 -25262
-176469 -31209
-176302 -31323
-191013 -28455
-190870 -28245
-180880 -27159
-180782 -27243
-168850 -31705
-168887 -31553
-174806 -30936
-174709 -31007
-173005 -26485
-173509 -25726
-175203 -26168
-175192 -25679
-176302 -31323
-176166 -31365
-190870 -28245
-190784 -28067
-180782 -27243
-180563 -27478
-168887 -31553
-168888 -31368
-174709 -31007
-174433 -30934
-175158 -30236
-175041 -30002
-175192 -25679
-175204 -25628
-190784 -28067
-190897 -27816
-180563 -27478
-180367 -27637
-168888 -31368
-168853 -31181
-174433 -30934
-174271 -30848
-175158 -30236
-175267 -30071
-174597 -28270
-174838 -28507
-175204 -25628
-175237 -25590
-180367 -27637
-180127 -27533
-177198 -32192
-177344 -32215
-190897 -27816
-191147 -27657
-168853 -31181
-168883 -31041
-174271 -30848
-174051 -30782
-175267 -30071
-175273 -29871
-175237 -25590
-175443 -25555
-174838 -28507
-175067 -28693
-177344 -32215
-177523 -32189
-191147 -27657
-191246 -27407
-180127 -27533
-179878 -27569
-170026 -32094
-169830 -32150
-174051 -30782
-173854 -30683
-175273 -29871
-175302 -29722
-175443 -25555
-175722 -25520
-179878 -27569
-179606 -27575
-177523 -32189
-177696 -32123
-175887 -30950
-176166 -31365
-191246 -27407
-191336 -27307
-171166 -32143
-171164 -32143
-175302 -29722
-175328 -29575
-175067 -28693
-175162 -28910
-175722 -25520
-175906 -25374
-179606 -27575
-179380 -27719
-177696 -32123
-177849 -32013
-182157 -29488
-181956 -29465
-191336 -27307
-191404 -27193
-170900 -31670
-171164 -32143
-175162 -28910
-175079 -29093
-177849 -32013
-177807 -32183
-181956 -29465
-181843 -29437
-179380 -27719
-179379 -26537
-175906 -25374
-176122 -25226
-191404 -27193
-191185 -26999
-175079 -29093
-175058 -29273
-176122 -25226
-176265 -25113
-175058 -29273
-175043 -29511
-177807 -32183
-177773 -32411
-179379 -26537
-179364 -26533
-181843 -29437
-181661 -29532
-184295 -27238
-184319 -27001
-159695 -17576
-159631 -17446
-159631 -17446
-159570 -17218
-159570 -17218
-159567 -17054
-159567 -17054
-159610 -16768
-172799 -22164
-172768 -22166
-171692 -21666
-171868 -21658
-171868 -21658
-172068 -21684
-172068 -21684
-172247 -21696
-168217 -33830
-168364 -33715
-168830 -16159
-168964 -16445
-168364 -33715
-168577 -33500
-172247 -21696
-172409 -21667
-168964 -16445
-169003 -16653
-168577 -33500
-168577 -33364
-172632 -28534
-172486 -28265
-172409 -21667
-172675 -21884
-169003 -16653
-168947 -16876
-168577 -33364
-168579 -33098
-172486 -28265
-172458 -28100
-172675 -21884
-172651 -22001
-168947 -16876
-168964 -16951
-168579 -33098
-168667 -32955
-172458 -28100
-172184 -27963
-172651 -22001
-172768 -22166
-168964 -16951
-168950 -17212
-168667 -32955
-168947 -32828
-173604 -21619
-173542 -21769
-168950 -17212
-168908 -17384
-168947 -32828
-168916 -32639
-173542 -21769
-173506 -21963
-168908 -17384
-168927 -17519
-168916 -32639
-169194 -32674
-173506 -21963
-173357 -22034
-168927 -17519
-165629 -17501
-172436 -33779
-172457 -33623
-169194 -32674
-169294 -32663
-173357 -22034
-173164 -22034
-169294 -32663
-169350 -32410
-173164 -22034
-173000 -22060
-173000 -22060
-172799 -22164
-167877 -33881
-167872 -33653
-167872 -33653
-167998 -33509
-174511 -28262
-174489 -28247
-167998 -33509
-167914 -33299
-174489 -28247
-174463 -28269
-171955 -22149
-171855 -21938
-160729 -17509
-160724 -17505
-176199 -19989
-176341 -19775
-183304 -16981
-183269 -16879
-173834 -23219
-174006 -22954
-160158 -16957
-160195 -16707
-176341 -19775
-176425 -19532
-183269 -16879
-183302 -16642
-160195 -16707
-160212 -16529
-176425 -19532
-176429 -19345
-183302 -16642
-183239 -16368
-172797 -23637
-172798 -22967
-172220 -20335
-172026 -20496
-160212 -16529
-160269 -16381
-159927 -16089
-159675 -16270
-176429 -19345
-176523 -19221
-183239 -16368
-183273 -16163
-172026 -20496
-171839 -20341
-160269 -16381
-160195 -16218
-176523 -19221
-176372 -19019
-183273 -16163
-183199 -15981
-171839 -20341
-171717 -20288
-159610 -16768
-160158 -16957
-171717 -20288
-171692 -20253
-171692 -20253
-171680 -20227
-171680 -20227
-171682 -20213
-171682 -20213
-171727 -20171
-171727 -20171
-172218 -20158
-172026 -20496
-171335 -20446
-178187 -16200
-177995 -16468
-162147 -16017
-162070 -16299
-177995 -16468
-177879 -16674
-177879 -16674
-177930 -16906
-170791 -20990
-170622 -20975
-159611 -18432
-159499 -18087
-170622 -20975
-170468 -20958
-172826 -19467
-172559 -19478
-159499 -18087
-159476 -17693
-178045 -21244
-178083 -21572
-170468 -20958
-170319 -20802
-171335 -20446
-171300 -20013
-172559 -19478
-172511 -19439
-158522 -17862
-159611 -18432
-178083 -21572
-178091 -21590
-170319 -20802
-170184 -20774
-171300 -20013
-171863 -20008
-172511 -19439
-172463 -19438
-178091 -21590
-178068 -21708
-170184 -20774
-170022 -20792
-171863 -20008
-171858 -19978
-172463 -19438
-172178 -19390
-178068 -21708
-178113 -21899
-170022 -20792
-169819 -20675
-171858 -19978
-171829 -19909
-175005 -17329
-174695 -17721
-159843 -19539
-159749 -19333
-178113 -21899
-178105 -21953
-169819 -20675
-169646 -20587
-170916 -20285
-171078 -20347
-174695 -17721
-174696 -17774
-159749 -19333
-159501 -19195
-178105 -21953
-178406 -22363
-169646 -20587
-169633 -20552
-171078 -20347
-171335 -20446
-174696 -17774
-174702 -17859
-178406 -22363
-178403 -22375
-169633 -20552
-169248 -20497
-171667 -19485
-171732 -19680
-174702 -17859
-174650 -18082
-178403 -22375
-178423 -22404
-169248 -20497
-169190 -20444
-171732 -19680
-171829 -19909
-174650 -18082
-174574 -18269
-181661 -29532
-181452 -29521
-179364 -26533
-179320 -26464
-176265 -25113
-176460 -24900
-167914 -33299
-167832 -33065
-169350 -32410
-169144 -32155
-175043 -29511
-175085 -29795
-186393 -29785
-186151 -29637
-181452 -29521
-181179 -29502
-177031 -28832
-176834 -28830
-179320 -26464
-179252 -26397
-176460 -24900
-176496 -24681
-167832 -33065
-167806 -32819
-165446 -32410
-165582 -32137
-167806 -32819
-167665 -32683
-186151 -29637
-185886 -29608
-181179 -29502
-181025 -29661
-176834 -28830
-176705 -28914
-179252 -26397
-179057 -26421
-176496 -24681
-176511 -24484
-165582 -32137
-165482 -31953
-181025 -29661
-180912 -29813
-176705 -28914
-176431 -29105
-179057 -26421
-178846 -26403
-167665 -32683
-167594 -32656
-165482 -31953
-165415 -31840
-167594 -32656
-167505 -32381
-180912 -29813
-180638 -30056
-178846 -26403
-178615 -26358
-165415 -31840
-165379 -31623
-180638 -30056
-180352 -30111
-178615 -26358
-178397 -26267
-167505 -32381
-167430 -32166
-180352 -30111
-180183 -30162
-178397 -26267
-178277 -26306
-167430 -32166
-167311 -32104
-180183 -30162
-179978 -30201
-178277 -26306
-178025 -26193
-167311 -32104
-167101 -31951
-179978 -30201
-179813 -30156
-178025 -26193
-177860 -26037
-167101 -31951
-166846 -31820
-179813 -30156
-179653 -30223
-177860 -26037
-177581 -25833
-166846 -31820
-166623 -31575
-179653 -30223
-179375 -29993
-177581 -25833
-177308 -25869
-161431 -29738
-161618 -28799
-177308 -25869
-177096 -25666
-161618 -28799
-161726 -28165
-169798 -30217
-169794 -30089
-169794 -30089
-169701 -29900
-170446 -33435
-170243 -33224
-169701 -29900
-169458 -29787
-170243 -33224
-170139 -33056
-169458 -29787
-169359 -29630
-176312 -29491
-176583 -29607
-170139 -33056
-170122 -32871
-169359 -29630
-169303 -29349
-176583 -29607
-176748 -29605
-170122 -32871
-170117 -32764
-169303 -29349
-169231 -29155
-176748 -29605
-176885 -29688
-170117 -32764
-170120 -32558
-170089 -32408
-169830 -32150
-169231 -29155
-169251 -29006
-186413 -30166
-186350 -30353
-176885 -29688
-177117 -29663
-170120 -32558
-170089 -32408
-161380 -30311
-161460 -30604
-186350 -30353
-186443 -30565
-177117 -29663
-177198 -29539
-175190 -32823
-174994 -32888
-161460 -30604
-161545 -30832
-186443 -30565
-186522 -30782
-174053 -33432
-173935 -33160
-174994 -32888
-174878 -32847
-171232 -25223
-171338 -25409
-161545 -30832
-161580 -31015
-186522 -30782
-186471 -30913
-173935 -33160
-173817 -32889
-174878 -32847
-174779 -32782
-171338 -25409
-171457 -25637
-161580 -31015
-161583 -31175
-174463 -28269
-174456 -28279
-171855 -21938
-171692 -21666
-174456 -28279
-173902 -28497
-173902 -28497
-173797 -28401
-173797 -28401
-173726 -28230
-173726 -28230
-173542 -28159
-173542 -28159
-173341 -28164
-173341 -28164
-173361 -27952
-173361 -27952
-173420 -27791
-173420 -27791
-173451 -27781
-173451 -27781
-173483 -27765
-173483 -27765
-173493 -27721
-173493 -27721
-173500 -27725
-174266 -19025
-174371 -18859
-173500 -27725
-173508 -27723
-174371 -18859
-174549 -18697
-176372 -19019
-176418 -18785
-173508 -27723
-173005 -26485
-176418 -18785
-176434 -18495
-176434 -18495
-176404 -18311
-190534 -33735
-190637 -33451
-190637 -33451
-190671 -33253
-176404 -18311
-176484 -18096
-190671 -33253
-190881 -32963
-176484 -18096
-176299 -17912
-190881 -32963
-190979 -32719
-176299 -17912
-176152 -17805
-190979 -32719
-190966 -32504
-174207 -22127
-174114 -22129
-173084 -18989
-173203 -18955
-190966 -32504
-190995 -32244
-174114 -22129
-173879 -22007
-173203 -18955
-173441 -18938
-190995 -32244
-190887 -32129
-173879 -22007
-173886 -21769
-172650 -18862
-172910 -18898
-190887 -32129
-190817 -31926
-173886 -21769
-174003 -21614
-172910 -18898
-173084 -18989
-190817 -31926
-190822 -31643
-174003 -21614
-173850 -21485
-178423 -22404
-178463 -22534
-169190 -20444
-169114 -20368
-174574 -18269
-174425 -18403
-160724 -17505
-160658 -17331
-178463 -22534
-178220 -22791
-174425 -18403
-174363 -18275
-160658 -17331
-160489 -17175
-178220 -22791
-177927 -22810
-174363 -18275
-174240 -18266
-165629 -17501
-165678 -17379
-177927 -22810
-177849 -22894
-166463 -26433
-166693 -26310
-174240 -18266
-174144 -18187
-165678 -17379
-165729 -17287
-177849 -22894
-177922 -22968
-166693 -26310
-166722 -26086
-174144 -18187
-173935 -18024
-165729 -17287
-165604 -17047
-177922 -22968
-177879 -23202
-166722 -26086
-166741 -26036
-173935 -18024
-173499 -17678
-165604 -17047
-165401 -16905
-177879 -23202
-176849 -22322
-166741 -26036
-166752 -25979
-170791 -20990
-170959 -20707
-165401 -16905
-165307 -16974
-176849 -22322
-175867 -21473
-166752 -25979
-166764 -25961
-170959 -20707
-170977 -20575
-165307 -16974
-165080 -17108
-159675 -16270
-159484 -15928
-166764 -25961
-167223 -25435
-170977 -20575
-170916 -20285
-165080 -17108
-164934 -17239
-179372 -21079
-179238 -20863
-167223 -25435
-166811 -24996
-172944 -24083
-172784 -24154
-164934 -17239
-164738 -17381
-179238 -20863
-179154 -21108
-172784 -24154
-172621 -24303
-164738 -17381
-164930 -17427
-179154 -21108
-178998 -21386
-172621 -24303
-172489 -24396
-164930 -17427
-164856 -17461
-178998 -21386
-178773 -21312
-172489 -24396
-172371 -24596
-164856 -17461
-164816 -17479
-178773 -21312
-178583 -21281
-172371 -24596
-172378 -24618
-164816 -17479
-164809 -17492
-178583 -21281
-178308 -21190
-172378 -24618
-172219 -25063
-174602 -24000
-174854 -23865
-164809 -17492
-163817 -17498
-178308 -21190
-178045 -21244
-172219 -25063
-172181 -25062
-174854 -23865
-174961 -23726
-162727 -15048
-163201 -16196
-172181 -25062
-172111 -25083
-174961 -23726
-175077 -23635
-163201 -16196
-163817 -17498
-172111 -25083
-172021 -25078
-175077 -23635
-175073 -23355
-174404 -19426
-174483 -19427
-163817 -17498
-163802 -17495
-172021 -25078
-171842 -25080
-174483 -19427
-174625 -19454
-160729 -17509
-160607 -17792
-163802 -17495
-162114 -17483
-176699 -24635
-176847 -24558
-177930 -16906
-177841 -17058
-174625 -19454
-174873 -19516
-160607 -17792
-160612 -18002
-176847 -24558
-176885 -24488
-177841 -17058
-177586 -16960
-174873 -19516
-174947 -19520
-160612 -18002
-160703 -18181
-176885 -24488
-176939 -24439
-177586 -16960
-177369 -16994
-174947 -19520
-175063 -19475
-160703 -18181
-160769 -18302
-176939 -24439
-177725 -23400
-177369 -16994
-177256 -17206
-175063 -19475
-175248 -19362
-177725 -23400
-177879 -23202
-177256 -17206
-177185 -17384
-175248 -19362
-175517 -19256
-190822 -31643
-190853 -31591
-186471 -30913
-186377 -31035
-174779 -32782
-174663 -32616
-171457 -25637
-171576 -25744
-161583 -31175
-161587 -31357
-190853 -31591
-190679 -31389
-186377 -31035
-186408 -31236
-174663 -32616
-174435 -32635
-171576 -25744
-171817 -25729
-161587 -31357
-161631 -31572
-190679 -31389
-190612 -31136
-186408 -31236
-186538 -31512
-174435 -32635
-174206 -32646
-170026 -32094
-170900 -31670
-171817 -25729
-171900 -25860
-161631 -31572
-161699 -31790
-186538 -31512
-186817 -31667
-190612 -31136
-190396 -30899
-174206 -32646
-174048 -32827
-170014 -31945
-170026 -32094
-175328 -29575
-175548 -29640
-171900 -25860
-171627 -26134
-161699 -31790
-161844 -31940
-186817 -31667
-186918 -31869
-190396 -30899
-190492 -30737
-174048 -32827
-173817 -32889
-175548 -29640
-175881 -30274
-161844 -31940
-162054 -32224
-175881 -30274
-176102 -30583
-186918 -31869
-186689 -32060
-190492 -30737
-190502 -30594
-162054 -32224
-162324 -32401
-186689 -32060
-186488 -31988
-176102 -30583
-176092 -30633
-186488 -31988
-186217 -32195
-176092 -30633
-176074 -30701
-170999 -30454
-170849 -30554
-186217 -32195
-186223 -32379
-176074 -30701
-176046 -30782
-170849 -30554
-170613 -30534
-186223 -32379
-186082 -32522
-176046 -30782
-175887 -30950
-170613 -30534
-170484 -30516
-186082 -32522
-185936 -32645
-171736 -32768
-172027 -32837
-170484 -30516
-170308 -30499
-185936 -32645
-185761 -32705
-172027 -32837
-172197 -32825
-170308 -30499
-170103 -30525
-185761 -32705
-185623 -32770
-172197 -32825
-172479 -32889
-171627 -26134
-171441 -26266
-185623 -32770
-185619 -32964
-172479 -32889
-172689 -32819
-171441 -26266
-171329 -26149
-185619 -32964
-185531 -33085
-172689 -32819
-172801 -32869
-173854 -30683
-173695 -30797
-171329 -26149
-171113 -26168
-185531 -33085
-185375 -33256
-187136 -27872
-186875 -27775
-173695 -30797
-173519 -30817
-171113 -26168
-170956 -26321
-185375 -33256
-185351 -33514
-186875 -27775
-186778 -27605
-181353 -26109
-181500 -26064
-173817 -32889
-173732 -32773
-173519 -30817
-173277 -30761
-170956 -26321
-170964 -26540
-185351 -33514
-185317 -33727
-186778 -27605
-186788 -27421
-181500 -26064
-181722 -25924
-170964 -26540
-171202 -26653
-186788 -27421
-186707 -27139
-181722 -25924
-181877 -25750
-171202 -26653
-171326 -26781
-186707 -27139
-186618 -26969
-181877 -25750
-181945 -25539
-169798 -30217
-169941 -30427
-179375 -29993
-179108 -30006
-186618 -26969
-186537 -26827
-181945 -25539
-182149 -25430
-172801 -32869
-173017 -32694
-169941 -30427
-170103 -30525
-179108 -30006
-178861 -29805
-186537 -26827
-186478 -26695
-182149 -25430
-182363 -25331
-173017 -32694
-173143 -32624
-178955 -33028
-178779 -33137
-178861 -29805
-178789 -29810
-186478 -26695
-186355 -26499
-182363 -25331
-182617 -25245
-173143 -32624
-173226 -32530
-177346 -33892
-177365 -33694
-177365 -33694
-177474 -33542
-178779 -33137
-178648 -33185
-178789 -29810
-178771 -29829
-186355 -26499
-186279 -26212
-182617 -25245
-182788 -25212
-173226 -32530
-173442 -32243
-167001 -26956
-166995 -26938
-173850 -21485
-173632 -21405
-166995 -26938
-166993 -26884
-174713 -21633
-174666 -21821
-166993 -26884
-166463 -26433
-174666 -21821
-174538 -21937
-176401 -28358
-176151 -28285
-174538 -21937
-174371 -22021
-176151 -28285
-175932 -28352
-174371 -22021
-174207 -22127
-175932 -28352
-175719 -28502
-175719 -28502
-175730 -28638
-175730 -28638
-175691 -28800
-159290 -19774
-159502 -19764
-159502 -19764
-159651 -19667
-159651 -19667
-159843 -19539
-173978 -19807
-174049 -19566
-164793 -28799
-164948 -28555
-174049 -19566
-174190 -19496
-164948 -28555
-165005 -28287
-174190 -19496
-174405 -19426
-165005 -28287
-164896 -28094
-164896 -28094
-164711 -28012
-164711 -28012
-164502 -28043
-182788 -25212
-182864 -25081
-176699 -24635
-176511 -24484
-177185 -17384
-177128 -17444
-173632 -21405
-173689 -21217
-182864 -25081
-183104 -24980
-177128 -17444
-177132 -17455
-173689 -21217
-173803 -21099
-183104 -24980
-183202 -24817
-177132 -17455
-177166 -17495
-173803 -21099
-173878 -20864
-183202 -24817
-183203 -24593
-175822 -24301
-175730 -24305
-177166 -17495
-176400 -17433
-175195 -23988
-175195 -23988
-173878 -20864
-173780 -20611
-183203 -24593
-183257 -24393
-172444 -29395
-172375 -29630
-171103 -24609
-170992 -24349
-175730 -24305
-175516 -24173
-175195 -23988
-175153 -23764
-173780 -20611
-173650 -20623
-183257 -24393
-183406 -24249
-172375 -29630
-172207 -29833
-170992 -24349
-170985 -24108
-175516 -24173
-175423 -24080
-175153 -23764
-175168 -23541
-173650 -20623
-173423 -20555
-183406 -24249
-183662 -24144
-172207 -29833
-172137 -30032
-175423 -24080
-175195 -23988
-175168 -23541
-175073 -23355
-183662 -24144
-183910 -24142
-172137 -30032
-171953 -30200
-181353 -26109
-180255 -25200
-171953 -30200
-171669 -30433
-180255 -25200
-179060 -24201
-183406 -23102
-183597 -23202
-171669 -30433
-171464 -30376
-181353 -26109
-180000 -25871
-183597 -23202
-183729 -23304
-171464 -30376
-171233 -30467
-162304 -27004
-162094 -27002
-180000 -25871
-177095 -25345
-183729 -23304
-183811 -23480
-171233 -30467
-170999 -30454
-162094 -27002
-161954 -26931
-162105 -17141
-162116 -17369
-183811 -23480
-183925 -23550
-165413 -23905
-165122 -23830
-162116 -17369
-162114 -17483
-160195 -16218
-160398 -15963
-183925 -23550
-184134 -23519
-165122 -23830
-164906 -23752
-181275 -23401
-181432 -23326
-173441 -18938
-173691 -18802
-164906 -23752
-164674 -23593
-181432 -23326
-181645 -23416
-173691 -18802
-173982 -18707
-164674 -23593
-164622 -23463
-181645 -23416
-181879 -23429
-173982 -18707
-174144 -18613
-164622 -23463
-164441 -23306
-177355 -26521
-177305 -26751
-181879 -23429
-182066 -23501
-174144 -18613
-174391 -18659
-164441 -23306
-164191 -23273
-177305 -26751
-177198 -26960
-182066 -23501
-182201 -23510
-174391 -18659
-174549 -18697
-164191 -23273
-163993 -23229
-177198 -26960
-176960 -26979
-182201 -23510
-182472 -23547
-170014 -18924
-170999 -18452
-163993 -23229
-163799 -23113
-176960 -26979
-176711 -26998
-182472 -23547
-182604 -23380
-170999 -18452
-171644 -18149
-160146 -16093
-160195 -16218
-176711 -26998
-176497 -27010
-182604 -23380
-182748 -23255
-171644 -18149
-171726 -18077
-176497 -27010
-176400 -26901
-182748 -23255
-182834 -23100
-171726 -18077
-171788 -17943
-172291 -23543
-172170 -23056
