-199909 -83706
-199817 -83542
-205131 -72647
-204895 -72806
-207315 -69076
-207054 -69103
-197214 -71272
-197360 -71421
-199817 -83542
-199783 -83402
-198979 -75623
-199100 -75876
-204895 -72806
-204757 -72923
-197360 -71421
-197506 -71692
-207054 -69103
-206997 -68834
-198480 -85566
-198629 -85367
-199783 -83402
-199560 -83126
-199100 -75876
-199133 -76065
-202821 -73990
-202996 -73745
-204757 -72923
-204594 -73110
-197506 -71692
-197588 -71806
-197296 -69116
-197109 -68899
-198629 -85367
-198797 -85190
-199133 -76065
-199179 -76274
-204594 -73110
-204600 -73283
-205037 -72870
-205303 -73028
-197588 -71806
-197678 -72021
-197109 -68899
-197001 -68668
-208610 -77402
-208682 -77537
-198797 -85190
-198871 -85014
-199179 -76274
-199083 -76513
-204600 -73283
-204532 -73405
-205303 -73028
-205594 -73046
-197678 -72021
-197726 -72192
-197040 -71180
-196796 -71144
-195067 -73674
-195087 -73888
-208682 -77537
-208485 -77724
-198871 -85014
-198977 -84849
-199083 -76513
-199031 -76756
-204532 -73405
-204309 -73450
-205594 -73046
-205859 -73091
-197726 -72192
-197945 -72386
-196796 -71144
-196672 -71108
-195087 -73888
-195055 -74119
-208485 -77724
-208588 -77870
-196094 -82979
-196243 -83168
-196204 -78961
-195957 -78908
-199031 -76756
-198988 -76993
-199523 -75962
-199780 -75780
-207623 -74626
-207895 -74877
-204309 -73450
-204074 -73384
-205859 -73091
-206019 -73075
-197945 -72386
-198150 -72559
-196672 -71108
-196482 -71096
-208588 -77870
-208378 -78066
-196243 -83168
-196369 -83230
-195957 -78908
-195695 -78993
-207895 -74877
-208135 -74943
-198988 -76993
-198817 -77113
-199780 -75780
-199982 -75882
-204074 -73384
-204043 -73346
-206019 -73075
-206305 -73134
-198302 -72550
-198238 -72455
-196482 -71096
-196229 -71211
-208378 -78066
-208562 -78338
-196369 -83230
-196558 -83370
-195695 -78993
-195483 -78983
-198817 -77113
-198603 -77254
-199982 -75882
-200126 -75839
-204043 -73346
-204039 -73317
-206305 -73134
-206565 -73204
-198238 -72455
-198339 -72183
-196229 -71211
-195965 -71270
-195099 -74553
-194812 -74826
-208667 -79200
-208765 -79401
-208562 -78338
-208523 -78513
-196558 -83370
-196756 -83631
-198603 -77254
-198510 -77400
-200126 -75839
-200175 -75929
-204039 -73317
-204044 -73295
-206565 -73204
-206634 -73251
-198339 -72183
-198373 -72072
-195965 -71270
-195913 -71237
-195483 -78983
-195405 -78988
-208765 -79401
-208725 -79527
-208523 -78513
-208685 -78655
-196756 -83631
-196943 -83834
-195651 -80794
-195337 -80926
-208345 -72000
-208303 -71947
-199800 -75633
-199673 -75803
-204044 -73295
-204046 -73287
-206634 -73251
-206702 -73404
-198373 -72072
-198488 -71862
-195913 -71237
-195867 -71248
-208725 -79527
-208542 -79638
-196943 -83834
-197210 -83867
-195337 -80926
-195333 -80919
-208303 -71947
-208287 -71896
-199673 -75803
-199523 -75962
-204046 -73287
-203676 -73333
-198488 -71862
-198585 -71953
-195867 -71248
-195853 -71247
-208542 -79638
-208292 -79692
-197210 -83867
-197366 -83983
-195333 -80919
-194808 -81128
-194726 -81924
-195008 -81759
-208287 -71896
-209273 -71129
-203676 -73333
-203398 -73235
-198585 -71953
-198724 -71970
-195853 -71247
-196056 -71571
-208292 -79692
-208156 -79669
-197366 -83983
-197408 -84183
-195008 -81759
-195116 -81795
-209273 -71129
-208824 -70200
-198724 -71970
-198887 -71947
-196056 -71571
-196046 -71671
-208156 -79669
-208036 -79670
-197408 -84183
-197516 -84286
-195116 -81795
-195218 -81756
-208824 -70200
-208021 -68520
-197366 -74793
-197288 -74631
-198887 -71947
-199137 -71873
-203478 -70199
-203669 -70262
-196046 -71671
-196033 -71847
-208036 -79670
-207853 -79665
-197516 -84286
-197428 -84552
-195218 -81756
-195574 -81309
-197288 -74631
-197178 -74501
-203669 -70262
-203773 -70257
-196033 -71847
-195872 -72112
-207853 -79665
-207733 -79549
-197428 -84552
-197323 -84766
-195574 -81309
-195603 -81334
-203773 -70257
-203814 -70239
-197178 -74501
-196978 -74612
-207733 -79549
-207566 -79577
-195603 -81334
-195754 -81447
-202060 -73553
-202092 -73795
-203814 -70239
-203824 -70247
-196978 -74612
-196914 -74760
-196997 -70544
-197096 -70792
-207566 -79577
-207402 -79646
-195754 -81447
-195947 -81449
-202092 -73795
-202088 -74084
-203824 -70247
-204665 -70578
-196516 -75331
-196299 -75443
-196914 -74760
-196911 -74969
-197096 -70792
-197040 -70934
-207402 -79646
-207299 -79709
-202088 -74084
-202142 -74225
-204665 -70578
-204669 -70589
-196299 -75443
-196222 -75576
-196911 -74969
-196857 -75161
-197040 -70934
-197040 -71180
-207299 -79709
-207057 -79822
-204669 -70589
-204856 -70608
-196857 -75161
-196682 -75240
-204856 -70608
-205064 -70643
-196682 -75240
-196516 -75331
-205064 -70643
-205183 -70634
-199437 -79710
-199574 -79728
-204972 -77720
-205052 -77872
-195788 -83106
-195605 -83158
-196202 -80770
-196238 -80827
-201587 -78341
-201332 -78424
-202393 -76100
-202416 -76336
-206724 -73572
-206797 -73799
-199574 -79728
-199757 -79640
-205052 -77872
-205297 -77868
-196874 -85792
-196650 -85801
-202416 -76336
-202317 -76612
-200175 -75929
-200341 -75923
-199757 -79640
-199790 -79546
-205297 -77868
-205532 -78005
-196650 -85801
-196443 -85895
-200341 -75923
-200248 -76162
-199790 -79546
-199808 -79368
-205532 -78005
-205639 -78153
-195933 -86140
-195813 -86302
-200248 -76162
-200247 -76279
-205131 -72647
-205037 -72870
-196443 -85895
-196216 -85987
-199808 -79368
-199842 -79247
-205639 -78153
-205785 -78321
-195813 -86302
-195615 -86413
-196216 -85987
-195933 -86140
-200247 -76279
-200263 -76474
-195270 -68781
-195185 -68908
-199842 -79247
-199720 -79044
-205785 -78321
-205835 -78515
-195933 -86140
-195702 -86050
-195185 -68908
-195154 -69133
-199720 -79044
-199481 -78817
-205835 -78515
-205882 -78747
-195702 -86050
-195649 -85779
-195154 -69133
-195148 -69299
-200754 -80579
-200646 -80850
-200646 -80850
-200659 -81050
-200659 -81050
-200494 -81250
-196081 -82947
-195985 -82686
-200494 -81250
-200337 -81397
-195985 -82686
-195952 -82535
-200337 -81397
-200208 -81565
-205377 -80031
-205100 -80080
-195952 -82535
-195940 -82373
-200208 -81565
-200208 -81718
-205100 -80080
-204840 -80155
-195940 -82373
-195938 -82174
-199588 -74996
-199471 -75134
-204840 -80155
-204646 -80271
-195938 -82174
-195935 -82163
-199471 -75134
-199406 -75330
-204646 -80271
-204416 -80091
-195935 -82163
-195929 -82153
-199406 -75330
-199305 -75475
-197210 -72618
-196989 -72727
-204416 -80091
-204141 -80078
-195929 -82153
-195020 -82022
-199305 -75475
-199116 -75753
-196989 -72727
-196752 -72838
-204141 -80078
-203907 -80151
-195020 -82022
-194909 -81990
-199116 -75753
-198979 -75623
-196752 -72838
-196612 -72925
-196612 -72925
-196581 -72901
-205037 -72870
-204931 -73116
-196581 -72901
-196305 -73009
-204931 -73116
-205167 -73333
-196305 -73009
-196195 -73181
-195160 -86508
-194876 -86342
-205167 -73333
-204940 -73619
-196195 -73181
-196093 -73422
-198935 -86377
-198689 -86353
-204940 -73619
-204863 -73820
-196093 -73422
-195849 -73525
-198689 -86353
-198561 -86337
-204863 -73820
-204817 -74005
-195849 -73525
-195661 -73683
-198561 -86337
-198306 -86337
-202414 -76648
-202540 -76889
-204817 -74005
-204698 -74162
-195661 -73683
-195513 -73730
-196204 -78961
-196227 -79138
-208347 -74589
-208514 -74388
-201011 -77351
-200888 -77627
-204711 -75296
-204689 -75545
-196761 -72020
-196607 -72037
-195542 -69879
-195584 -69901
-196227 -79138
-196290 -79292
-208514 -74388
-208755 -74505
-200888 -77627
-200670 -77842
-204689 -75545
-204714 -75757
-196607 -72037
-196455 -72087
-195584 -69901
-195756 -70002
-196290 -79292
-196399 -79574
-208755 -74505
-208693 -74315
-204714 -75757
-204621 -75889
-196455 -72087
-196317 -72068
-195756 -70002
-195941 -70115
-196099 -81331
-196288 -81377
-196399 -79574
-196653 -79536
-195378 -84826
-195157 -84864
-208693 -74315
-208845 -74206
-204621 -75889
-204674 -76086
-198737 -74103
-198609 -74170
-196317 -72068
-196194 -72003
-195941 -70115
-195952 -70385
-202836 -79846
-202602 -80038
-195605 -83158
-195735 -83408
-196288 -81377
-196447 -81421
-196653 -79536
-196857 -79440
-208845 -74206
-208792 -74047
-204674 -76086
-204478 -76297
-198609 -74170
-198411 -74279
-196194 -72003
-196127 -72022
-195157 -84864
-194922 -85025
-202602 -80038
-202388 -80165
-195735 -83408
-195819 -83666
-196447 -81421
-196634 -81468
-208792 -74047
-208855 -73801
-200492 -76925
-200371 -76972
-204478 -76297
-204335 -76224
-198411 -74279
-198281 -74566
-205183 -70634
-205090 -70847
-196127 -72022
-195872 -72112
-202388 -80165
-202217 -80227
-195819 -83666
-195785 -83776
-196634 -81468
-196806 -81461
-196923 -76879
-196911 -77102
-200371 -76972
-200483 -77059
-204335 -76224
-204201 -76237
-198281 -74566
-198124 -74700
-205090 -70847
-204851 -70854
-197323 -84766
-197075 -84902
-202217 -80227
-202047 -80177
-195785 -83776
-195638 -83975
-200483 -77059
-200345 -77254
-204201 -76237
-203997 -76268
-198124 -74700
-197904 -74794
-204851 -70854
-204649 -71013
-198365 -69607
-198407 -69726
-196806 -81461
-196773 -81700
-196911 -77102
-196802 -77312
-202047 -80177
-201817 -80194
-197075 -84902
-196924 -85041
-195638 -83975
-195452 -84165
-196773 -81700
-197048 -81928
-200345 -77254
-200433 -77359
-203997 -76268
-204037 -76523
-197904 -74794
-197639 -74774
-204649 -71013
-204482 -71249
-198407 -69726
-198672 -69853
-196802 -77312
-196866 -77459
-201817 -80194
-201525 -80203
-196924 -85041
-196810 -85183
-197048 -81928
-197074 -82130
-204037 -76523
-203987 -76706
-197639 -74774
-197366 -74793
-198672 -69853
-198777 -70068
-196866 -77459
-196783 -77511
-195452 -84165
-195270 -84307
-201525 -80203
-201252 -80221
-196810 -85183
-196735 -85383
-197074 -82130
-197054 -82397
-196783 -77511
-196512 -77363
-203987 -76706
-203972 -76889
-198777 -70068
-198845 -70274
-195270 -84307
-195290 -84560
-201252 -80221
-201010 -80291
-196512 -77363
-196247 -77484
-195290 -84560
-195378 -84826
-203972 -76889
-203848 -77133
-197258 -70037
-197332 -70151
-201010 -80291
-200880 -80479
-196247 -77484
-196184 -77540
-197332 -70151
-197323 -70345
-200880 -80479
-200754 -80579
-196184 -77540
-196143 -77641
-197323 -70345
-197404 -70570
-197054 -82397
-196886 -82400
-196143 -77641
-195856 -77649
-197404 -70570
-197434 -70739
-196886 -82400
-196749 -82489
-195856 -77649
-195628 -77630
-197434 -70739
-197629 -70766
-206997 -68834
-206892 -68657
-196749 -82489
-196622 -82547
-195628 -77630
-195603 -77830
-202520 -72000
-202507 -72188
-197629 -70766
-197815 -70884
-196622 -82547
-196428 -82708
-195603 -77830
-195375 -77992
-202507 -72188
-202480 -72300
-197815 -70884
-198034 -70914
-196956 -85452
-196927 -85584
-196428 -82708
-196281 -82781
-195375 -77992
-195164 -78126
-200433 -77359
-200548 -77112
-198718 -75483
-198727 -75260
-202480 -72300
-202448 -72497
-198034 -70914
-198138 -70661
-196927 -85584
-196874 -85792
-196281 -82781
-196094 -82979
-195164 -78126
-194984 -78237
-200548 -77112
-200685 -77107
-198727 -75260
-198596 -75000
-202448 -72497
-202400 -72641
-198138 -70661
-198264 -70628
-202836 -79846
-202729 -79878
-194984 -78237
-194789 -78303
-200685 -77107
-200719 -77175
-198596 -75000
-198572 -74785
-206797 -73799
-206831 -74053
-202400 -72641
-202418 -72861
-198264 -70628
-198535 -70603
-202729 -79878
-202464 -79820
-195902 -85633
-195649 -85779
-200719 -77175
-200851 -77237
-198572 -74785
-198636 -74647
-206831 -74053
-207037 -74217
-202418 -72861
-202402 -73052
-198535 -70603
-198741 -70391
-207588 -68740
-207629 -68925
-202464 -79820
-202385 -79824
-198636 -74647
-198756 -74399
-207037 -74217
-207262 -74217
-202402 -73052
-202228 -73188
-198741 -70391
-198845 -70274
-207629 -68925
-207492 -69116
-200754 -80579
-200719 -80309
-202385 -79824
-202331 -79821
-196656 -78928
-196702 -79072
-209155 -73126
-209398 -72856
-198756 -74399
-198759 -74239
-207262 -74217
-207417 -74304
-202228 -73188
-202097 -73374
-207492 -69116
-207315 -69076
-197942 -80485
-197871 -80510
-195513 -73730
-195362 -73771
-197871 -80510
-197932 -80760
-200263 -76474
-200490 -76371
-195362 -73771
-195199 -73755
-197932 -80760
-198118 -81013
-200490 -76371
-200511 -76580
-195199 -73755
-195067 -73674
-195538 -69877
-195542 -69879
-198118 -81013
-198346 -81169
-200511 -76580
-200496 -76680
-204482 -71249
-204261 -71221
-198346 -81169
-198459 -81445
-200496 -76680
-200492 -76925
-200111 -73827
-199910 -73733
-204261 -71221
-203993 -71194
-198459 -81445
-198341 -81563
-195233 -79032
-195066 -78937
-204972 -77720
-204794 -77649
-199910 -73733
-199714 -73664
-203993 -71194
-203889 -71330
-198259 -82501
-198132 -82527
-198341 -81563
-198082 -81690
-195066 -78937
-194850 -79004
-201295 -78076
-201112 -78085
-204794 -77649
-204504 -77642
-199714 -73664
-199629 -73583
-203889 -71330
-203603 -71341
-198132 -82527
-197963 -82464
-198082 -81690
-197878 -81851
-201112 -78085
-200980 -77983
-199629 -73583
-199620 -73364
-203603 -71341
-203354 -71348
-197963 -82464
-197832 -82514
-197878 -81851
-197690 -82067
-204972 -77682
-204823 -77436
-199620 -73364
-199696 -73088
-203354 -71348
-203229 -71471
-205882 -78747
-206031 -78880
-197832 -82514
-197553 -82380
-197690 -82067
-197458 -82192
-204823 -77436
-204652 -77265
-201903 -74754
-201724 -74785
-199696 -73088
-199859 -72930
-203229 -71471
-203037 -71562
-206031 -78880
-206184 -78962
-197553 -82380
-197327 -82334
-197458 -82192
-197327 -82334
-204652 -77265
-204472 -77301
-201724 -74785
-201626 -74878
-199152 -73173
-199273 -73246
-199859 -72930
-199800 -72657
-203037 -71562
-202924 -71657
-206184 -78962
-206369 -79014
-204472 -77301
-204375 -77218
-201626 -74878
-201558 -74924
-199273 -73246
-199410 -73526
-206369 -79014
-206576 -79186
-204375 -77218
-204186 -77134
-201558 -74924
-201332 -74916
-199410 -73526
-199280 -73558
-206576 -79186
-206712 -79376
-204186 -77134
-204115 -77090
-201332 -74916
-201134 -74787
-199280 -73558
-199114 -73522
-197942 -80485
-198186 -80311
-206712 -79376
-206850 -79495
-204115 -77090
-203848 -77133
-201134 -74787
-201044 -74713
-199114 -73522
-198914 -73811
-202924 -71657
-202752 -71745
-198186 -80311
-198440 -80075
-206850 -79495
-206956 -79737
-204972 -77720
-204972 -77682
-201044 -74713
-200816 -74727
-198914 -73811
-198737 -74103
-202752 -71745
-202520 -72000
-198440 -80075
-198679 -80082
-206956 -79737
-207057 -79822
-196735 -85383
-196565 -85413
-200816 -74727
-200693 -74727
-198679 -80082
-198935 -80014
-196565 -85413
-196408 -85437
-200693 -74727
-200580 -74983
-196408 -85437
-196255 -85465
-200580 -74983
-200501 -75156
-196255 -85465
-196057 -85558
-200501 -75156
-200442 -75319
-196057 -85558
-195902 -85633
-200442 -75319
-200166 -75542
-200166 -75542
-200056 -75565
-200111 -73827
-200079 -74011
-200056 -75565
-199800 -75633
-200079 -74011
-200102 -74190
-194810 -80484
-195407 -80252
-200102 -74190
-199961 -74468
-209398 -72856
-209239 -72702
-202540 -76889
-202811 -77077
-198759 -74239
-198737 -74103
-204698 -74162
-204771 -74344
-209239 -72702
-209348 -72549
-202811 -77077
-203054 -77122
-204771 -74344
-204796 -74471
-198259 -82501
-198427 -82552
-209348 -72549
-209149 -72413
-203054 -77122
-203248 -77150
-204796 -74471
-204705 -74756
-197684 -72742
-197594 -72963
-198427 -82552
-198664 -82540
-201928 -78818
-201688 -78814
-195055 -74119
-195105 -74368
-209149 -72413
-208893 -72213
-203248 -77150
-203532 -77142
-204705 -74756
-204672 -74982
-197594 -72963
-197334 -73084
-198664 -82540
-198853 -82605
-201688 -78814
-201583 -78854
-201600 -78522
-201444 -78555
-208893 -72213
-208651 -72079
-203532 -77142
-203709 -77147
-204672 -74982
-204712 -75186
-197334 -73084
-197169 -73138
-198853 -82605
-199041 -82671
-201583 -78854
-201653 -78640
-201444 -78555
-201345 -78622
-208651 -72079
-208491 -72121
-203709 -77147
-203848 -77133
-204712 -75186
-204104 -75184
-197169 -73138
-197167 -73730
-199041 -82671
-199208 -82758
-201653 -78640
-201600 -78522
-201345 -78622
-201332 -78424
-195651 -80794
-195569 -80610
-208491 -72121
-208345 -72000
-204104 -75184
-204104 -75136
-197167 -73730
-197224 -73805
-199208 -82758
-199417 -82892
-197871 -80510
-197711 -80554
-204104 -75136
-204076 -75093
-197224 -73805
-197249 -73887
-199417 -82892
-199560 -83126
-197711 -80554
-197495 -80596
-195105 -74368
-195099 -74553
-204076 -75093
-204003 -75015
-197249 -73887
-197259 -74045
-197495 -80596
-197290 -80616
-204003 -75015
-203830 -74922
-197259 -74045
-197152 -74234
-197290 -80616
-197185 -80715
-199481 -78817
-199196 -78824
-199523 -75962
-199434 -75962
-203830 -74922
-203674 -74643
-197152 -74234
-197408 -74446
-199196 -78824
-199051 -78850
-195947 -81449
-196099 -81331
-197185 -80715
-196924 -80749
-199434 -75962
-199304 -75907
-203674 -74643
-203466 -74419
-197408 -74446
-197427 -74543
-198302 -72550
-198488 -72553
-195407 -80252
-195489 -80050
-199051 -78850
-198848 -78922
-195947 -81449
-195742 -81002
-196924 -80749
-196641 -80703
-199304 -75907
-199116 -75753
-197427 -74543
-197366 -74793
-203466 -74419
-203410 -74214
-198488 -72553
-198659 -72614
-198848 -78922
-198684 -78895
-195742 -81002
-195651 -80794
-196641 -80703
-196469 -80652
-203410 -74214
-203239 -74177
-198659 -72614
-198893 -72819
-195489 -80050
-195692 -80124
-203907 -80151
-203617 -79908
-198684 -78895
-198462 -78894
-195692 -80124
-195934 -80384
-203239 -74177
-203100 -74119
-198893 -72819
-198976 -73006
-195872 -72112
-195591 -72098
-195367 -76324
-195358 -76424
-203617 -79908
-203498 -79731
-198462 -78894
-198258 -78846
-195605 -83158
-195510 -83159
-203100 -74119
-203023 -73954
-198976 -73006
-198931 -73187
-195934 -80384
-196055 -80393
-195591 -72098
-195354 -72140
-203498 -79731
-203339 -79538
-198258 -78846
-198037 -78795
-196055 -80393
-196266 -80458
-195510 -83159
-195225 -83265
-198979 -75623
-198709 -75592
-203023 -73954
-202996 -73745
-198365 -69607
-198203 -69662
-195354 -72140
-195102 -72202
-203339 -79538
-203175 -79497
-196266 -80458
-196423 -80261
-195225 -83265
-195043 -83405
-198709 -75592
-198718 -75483
-198203 -69662
-198062 -69449
-195102 -72202
-194970 -72328
-194826 -73607
-195067 -73674
-203175 -79497
-202998 -79532
-196423 -80261
-196671 -80533
-195043 -83405
-194778 -83329
-198062 -69449
-198030 -69327
-194970 -72328
-194757 -72420
-200022 -84537
-199858 -84538
-202998 -79532
-202940 -79667
-196671 -80533
-196469 -80652
-198030 -69327
-197976 -69252
-199858 -84538
-199648 -84467
-202940 -79667
-202836 -79846
-199800 -72657
-199574 -72550
-197976 -69252
-197684 -69246
-199648 -84467
-199523 -84522
-199574 -72550
-199425 -72638
-197684 -69246
-197676 -69237
-194818 -70786
-194951 -70702
-199523 -84522
-199353 -84576
-199425 -72638
-199194 -72633
-197676 -69237
-197654 -69221
-195358 -76424
-195172 -76645
-194951 -70702
-195217 -70625
-199353 -84576
-199256 -84612
-200670 -77842
-200786 -77828
-199194 -72633
-199130 -72878
-197654 -69221
-197561 -69108
-195172 -76645
-195116 -76807
-195217 -70625
-195397 -70626
-198306 -86337
-198068 -86296
-200719 -80309
-200613 -80162
-202331 -79821
-202326 -79581
-196094 -82979
-196081 -82947
-198068 -86296
-197887 -86263
-200613 -80162
-200521 -79946
-202326 -79581
-202080 -79605
-208135 -74943
-208196 -75172
-197887 -86263
-197758 -86259
-200521 -79946
-200325 -79678
-202080 -79605
-202005 -79658
-208196 -75172
-208200 -75368
-197758 -86259
-197642 -86078
-200325 -79678
-200483 -79684
-202005 -79658
-201813 -79589
-197642 -86078
-197425 -85988
-200483 -79684
-200691 -79626
-201813 -79589
-201714 -79537
-200540 -68770
-200624 -68891
-197425 -85988
-197186 -85910
-200691 -79626
-200783 -79710
-201714 -79537
-201520 -79526
-200624 -68891
-200739 -69070
-200783 -79710
-200905 -79732
-198037 -78795
-198068 -79036
-204504 -77642
-204348 -77644
-197186 -85910
-197040 -85923
-202097 -73374
-202060 -73553
-200739 -69070
-200840 -69292
-200905 -79732
-201083 -79709
-198068 -79036
-198358 -79227
-204348 -77644
-204146 -77560
-204504 -77642
-204449 -77847
-198150 -72559
-198302 -72550
-200840 -69292
-200946 -69564
-197040 -85923
-196874 -85792
-201083 -79709
-201320 -79583
-198358 -79227
-198312 -79448
-204449 -77847
-204429 -77964
-204146 -77560
-203993 -77735
-200946 -69564
-201207 -69822
-201320 -79583
-201520 -79526
-198312 -79448
-198313 -79540
-201928 -78818
-201864 -79036
-204429 -77964
-204386 -78175
-203993 -77735
-203844 -77581
-201207 -69822
-201424 -70071
-197296 -69116
-197034 -69240
-204386 -78175
-204472 -78358
-198313 -79540
-198336 -79596
-201864 -79036
-201707 -79189
-203844 -77581
-203642 -77570
-201424 -70071
-201442 -70081
-197034 -69240
-196985 -69517
-204472 -78358
-204489 -78567
-198336 -79596
-198000 -79714
-201707 -79189
-201562 -79244
-208200 -75368
-208141 -75516
-203642 -77570
-203489 -77678
-201442 -70081
-201455 -70072
-196222 -75576
-195943 -75712
-196985 -69517
-197076 -69701
-204489 -78567
-204615 -78817
-198000 -79714
-197544 -79881
-201562 -79244
-201520 -79526
-203489 -77678
-203283 -77876
-208141 -75516
-208323 -75748
-201455 -70072
-201496 -70074
-195943 -75712
-195730 -75964
-197076 -69701
-197156 -69823
-197544 -79881
-197164 -79691
-204615 -78817
-204650 -79037
-203283 -77876
-203168 -77895
-208323 -75748
-208241 -75961
-201496 -70074
-201499 -69401
-195730 -75964
-195481 -76084
-197156 -69823
-197258 -70037
-200208 -81718
-200250 -81933
-204650 -79037
-204683 -79201
-203168 -77895
-202890 -77861
-197164 -79691
-197144 -79677
-208241 -75961
-208303 -76102
-201499 -69401
-203418 -69409
-204712 -75186
-204711 -75296
-195481 -76084
-195367 -76324
-208685 -78655
-208613 -78859
-200250 -81933
-200322 -82043
-202890 -77861
-202614 -78105
-208303 -76102
-208259 -76390
-203418 -69409
-203411 -70220
-197144 -79677
-197086 -79610
-208613 -78859
-208586 -78957
-200322 -82043
-200370 -82232
-202614 -78105
-202543 -78368
-197086 -79610
-196857 -79440
-208259 -76390
-208517 -76604
-203411 -70220
-203440 -70224
-208586 -78957
-208667 -79200
-200370 -82232
-200327 -82519
-202543 -78368
-202338 -78476
-208517 -76604
-208270 -76740
-203440 -70224
-203478 -70199
-200327 -82519
-200273 -82690
-202338 -78476
-202162 -78627
-208270 -76740
-208432 -77014
-200273 -82690
-200264 -82918
-200208 -81718
-200003 -81891
-202162 -78627
-201928 -78818
-208432 -77014
-208534 -77237
-195649 -85779
-195412 -85880
-200264 -82918
-200196 -83078
-200003 -81891
-199866 -81906
-200980 -77983
-200880 -78089
-195412 -85880
-195197 -86078
-208534 -77237
-208610 -77402
-200196 -83078
-200142 -83273
-199866 -81906
-199632 -81707
-200880 -78089
-200715 -78318
-195197 -86078
-195092 -86120
-200022 -84537
-199937 -84691
-200142 -83273
-199954 -83448
-199632 -81707
-199404 -81684
-200715 -78318
-200439 -78348
-195092 -86120
-195037 -86141
-199937 -84691
-199902 -84858
-199954 -83448
-199909 -83706
-199404 -81684
-199269 -81748
-200439 -78348
-200265 -78425
-200111 -73827
-200316 -73731
-197040 -71180
-197214 -71272
-195037 -86141
-194874 -86103
-197385 -78589
-197532 -78352
-196702 -79072
-196756 -79208
-199961 -74468
-199777 -74725
-207417 -74304
-207513 -74452
-197532 -78352
-197739 -78162
-196756 -79208
-196857 -79440
-202317 -76612
-202414 -76648
-199777 -74725
-199588 -74996
-207513 -74452
-207623 -74626
-203398 -73235
-203112 -73229
-197739 -78162
-197966 -77959
-195902 -85633
-195761 -85397
-203112 -73229
-203006 -73226
-196971 -72067
-196761 -72020
-197966 -77959
-198097 -77709
-195761 -85397
-195795 -85336
-198510 -77400
-198371 -77601
-202317 -76612
-202115 -76815
-203006 -73226
-203025 -73392
-195795 -85336
-195652 -84941
-198371 -77601
-198097 -77709
-202115 -76815
-201915 -76863
-203025 -73392
-203050 -73551
-195652 -84941
-195618 -84895
-201915 -76863
-201658 -76893
-203050 -73551
-202996 -73745
-199560 -83126
-199498 -83278
-197385 -78589
-197206 -78720
-195618 -84895
-195378 -84826
-201658 -76893
-201397 -77069
-199498 -83278
-199380 -83443
-197206 -78720
-197095 -78835
-201397 -77069
-201263 -77209
-199380 -83443
-199272 -83666
-197095 -78835
-196882 -78723
-198097 -77709
-198053 -77522
-201263 -77209
-201011 -77351
-199272 -83666
-199061 -83822
-196882 -78723
-196656 -78928
-198053 -77522
-198054 -77402
-200851 -77237
-201011 -77351
-198931 -73187
-199152 -73173
-198150 -72559
-197891 -72616
-199061 -83822
-198919 -83886
-196956 -85452
-196735 -85383
-195233 -79032
-195122 -79265
-198054 -77402
-198046 -77342
-197891 -72616
-197684 -72742
-198919 -83886
-198768 -83999
-197942 -80485
-198158 -80538
-195122 -79265
-195247 -79471
-198046 -77342
-197608 -76815
-202414 -76648
-202365 -76919
-198768 -83999
-198556 -84167
-198158 -80538
-198274 -80718
-195247 -79471
-195259 -79596
-201332 -78424
-201216 -78349
-202365 -76919
-202228 -77177
-197608 -76815
-197587 -76815
-198274 -80718
-198474 -80682
-195259 -79596
-195401 -79830
-201216 -78349
-201280 -78195
-202228 -77177
-202036 -77315
-197587 -76815
-197383 -76834
-198474 -80682
-198710 -80806
-195401 -79830
-195489 -80050
-202036 -77315
-201985 -77497
-197383 -76834
-197231 -76841
-198710 -80806
-198878 -80917
-208855 -73801
-208780 -73596
-201985 -77497
-202069 -77654
-197231 -76841
-197226 -76919
-196997 -70544
-196741 -70491
-198878 -80917
-199009 -80947
-208780 -73596
-208890 -73443
-197226 -76919
-197180 -76930
-196741 -70491
-196550 -70411
-199009 -80947
-199255 -81156
-208890 -73443
-209086 -73360
-201903 -74754
-202056 -74848
-197684 -72742
-197496 -72626
-197180 -76930
-196923 -76879
-196550 -70411
-196260 -70333
-199255 -81156
-199310 -81245
-196656 -78928
-196403 -78863
-209086 -73360
-209155 -73126
-202056 -74848
-201948 -75080
-197496 -72626
-197210 -72618
-196260 -70333
-196102 -70381
-199310 -81245
-199301 -81509
-196469 -80652
-196238 -80827
-196403 -78863
-196204 -78961
-201948 -75080
-202136 -75175
-196102 -70381
-195952 -70385
-199301 -81509
-199269 -81748
-195569 -80610
-195956 -80459
-202069 -77654
-202008 -77865
-202136 -75175
-202233 -75420
-195956 -80459
-195993 -80536
-202008 -77865
-201821 -78074
-202233 -75420
-202349 -75619
-197258 -70037
-197048 -70238
-196081 -82947
-195922 -83077
-195993 -80536
-196079 -80505
-201821 -78074
-201682 -78226
-202349 -75619
-202235 -75855
-197048 -70238
-197031 -70357
-195922 -83077
-195788 -83106
-196079 -80505
-196202 -80770
-201682 -78226
-201587 -78341
-202235 -75855
-202393 -76100
-206702 -73404
-206724 -73572
-197031 -70357
-196997 -70544
-199902 -84858
-199768 -85098
-199256 -84612
-198977 -84849
-200265 -78425
-199980 -78508
-200786 -77828
-200972 -77794
-200316 -73731
-200591 -73741
-199130 -72878
-199156 -72996
-197561 -69108
-197296 -69116
-195116 -76807
-194914 -76986
-195397 -70626
-195624 -70588
-199768 -85098
-199665 -85357
-198556 -84167
-198621 -84176
-199980 -78508
-199745 -78646
-200972 -77794
-200980 -77983
-200591 -73741
-200801 -73773
-199156 -72996
-199152 -73173
-205183 -70634
-205432 -72004
-195624 -70588
-195729 -70557
-199665 -85357
-199597 -85539
-198621 -84176
-198702 -84226
-199745 -78646
-199481 -78817
-196956 -85452
-197228 -85616
-200801 -73773
-200912 -73686
-205432 -72004
-205412 -72065
-195729 -70557
-195952 -70385
-199597 -85539
-199584 -85707
-198702 -84226
-198732 -84239
-197228 -85616
-197463 -85727
-200912 -73686
-200970 -73700
-205412 -72065
-205352 -72058
-197463 -85727
-197621 -85781
-199584 -85707
-199574 -85927
-198732 -84239
-198873 -84602
-200970 -73700
-200993 -73683
-205352 -72058
-205306 -72121
-199574 -85927
-199538 -86137
-197621 -85781
-197779 -85821
-198873 -84602
-198977 -84849
-200993 -73683
-200998 -73657
-205306 -72121
-205224 -72323
-199538 -86137
-199444 -86297
-197779 -85821
-197942 -85960
-200998 -73657
-202060 -73553
-205224 -72323
-205184 -72524
-199433 -66887
-199670 -69183
-199444 -86297
-199251 -86382
-197942 -85960
-198121 -85881
-207057 -79822
-206799 -79878
-202142 -74225
-202063 -74456
-205184 -72524
-205131 -72647
-199137 -71873
-199169 -71785
-199670 -69183
-199630 -69192
-199251 -86382
-199094 -86269
-198121 -85881
-198316 -85740
-206799 -79878
-206589 -79936
-202063 -74456
-202061 -74617
-199169 -71785
-199275 -71502
-199630 -69192
-199596 -69238
-204683 -79201
-204863 -79392
-199094 -86269
-198935 -86377
-198316 -85740
-198480 -85566
-199909 -83706
-200001 -83814
-199269 -81748
-199031 -81974
-206589 -79936
-206420 -80039
-202061 -74617
-201903 -74754
-199275 -71502
-199420 -71309
-199596 -69238
-199564 -69256
-195405 -78988
-195233 -79032
-198480 -85566
-198627 -85633
-200001 -83814
-199902 -84029
-199031 -81974
-198863 -82204
-206420 -80039
-206267 -79994
-204863 -79392
-205105 -79521
-199420 -71309
-199273 -71162
-199564 -69256
-199524 -69312
-198627 -85633
-198861 -85701
-199902 -84029
-199862 -84274
-198863 -82204
-198696 -82330
-206267 -79994
-206066 -80098
-205105 -79521
-205204 -79610
-199273 -71162
-199170 -70931
-199524 -69312
-199300 -69351
-198861 -85701
-198882 -85975
-199862 -84274
-200022 -84537
-198696 -82330
-198550 -82497
-206066 -80098
-205878 -80007
-205204 -79610
-205349 -79785
-199170 -70931
-199071 -70710
-199300 -69351
-199019 -69298
-196238 -80827
-196128 -80975
-196923 -76879
-196825 -76704
-198882 -85975
-198855 -86119
-198556 -84167
-198493 -84306
-198550 -82497
-198346 -82448
-205878 -80007
-205627 -80029
-205349 -79785
-205377 -80031
-199071 -70710
-198981 -70531
-199019 -69298
-198788 -69404
-196128 -80975
-196098 -81111
-196825 -76704
-196720 -76688
-198855 -86119
-198935 -86377
-198493 -84306
-198278 -84507
-198346 -82448
-198259 -82501
-205627 -80029
-205377 -80031
-198981 -70531
-198845 -70274
-198788 -69404
-198646 -69517
-196098 -81111
-196099 -81331
-196720 -76688
-196517 -76543
-198278 -84507
-198157 -84570
-198646 -69517
-198365 -69607
-196517 -76543
-196310 -76366
-198157 -84570
-197978 -84669
-196310 -76366
-196410 -76114
-197978 -84669
-197782 -84798
-196410 -76114
-196272 -76061
-197782 -84798
-197609 -84803
-208200 -75368
-208439 -75245
-196272 -76061
-196176 -76055
-197210 -72618
-197141 -72155
-195148 -69299
-195387 -69443
-197609 -84803
-197323 -84766
-198037 -78795
-197896 -78531
-208439 -75245
-208292 -74990
-196176 -76055
-196131 -76041
-197141 -72155
-197130 -72150
-195387 -69443
-195497 -69533
-197896 -78531
-197686 -78558
-208292 -74990
-208559 -74877
-202142 -74225
-202359 -74288
-196131 -76041
-196230 -75632
-201433 -77981
-201295 -78076
-197130 -72150
-197106 -72152
-195497 -69533
-195530 -69561
-197327 -82334
-197054 -82397
-197686 -78558
-197565 -78565
-195407 -80252
-195569 -80610
-208559 -74877
-208611 -74742
-202359 -74288
-202624 -74216
-196230 -75632
-196222 -75576
-197106 -72152
-197048 -72146
-195530 -69561
-195543 -69566
-198935 -80014
-199200 -79934
-197565 -78565
-197385 -78589
-208611 -74742
-208350 -74701
-201280 -78195
-201433 -77981
-202624 -74216
-202821 -73990
-197048 -72146
-196971 -72067
-195543 -69566
-195538 -69877
-199200 -79934
-199437 -79710
-208350 -74701
-208347 -74589
