-217765 -30392
-217841 -30568
-221362 -17697
-221524 -17814
-209974 -17423
-210056 -17641
-217841 -30568
-217838 -30787
-221524 -17814
-221733 -18000
-210056 -17641
-210154 -17815
-226800 -32400
-226561 -32209
-229525 -33821
-229627 -33580
-226561 -32209
-226363 -32127
-217838 -30787
-217613 -31059
-221733 -18000
-221854 -18104
-210154 -17815
-210275 -18057
-202142 -27950
-202176 -27680
-226363 -32127
-226201 -32057
-217613 -31059
-217453 -31172
-221854 -18104
-222311 -18514
-210275 -18057
-210403 -18259
-226201 -32057
-226139 -31899
-217453 -31172
-217543 -31368
-222311 -18514
-222371 -18561
-218611 -18406
-218529 -18151
-210403 -18259
-210650 -18437
-203239 -17998
-203366 -17860
-226139 -31899
-226084 -31747
-217543 -31368
-217523 -31529
-222371 -18561
-222624 -18733
-210650 -18437
-210780 -18448
-218529 -18151
-217021 -18152
-203366 -17860
-203250 -17667
-226084 -31747
-225949 -31672
-217523 -31529
-217511 -31667
-222624 -18733
-222747 -18826
-210780 -18448
-210934 -18637
-217021 -18152
-216974 -18075
-203250 -17667
-203240 -17534
-221471 -32398
-221336 -32151
-222747 -18826
-222939 -19017
-210934 -18637
-211149 -18733
-216974 -18075
-216893 -17947
-203240 -17534
-203198 -17302
-221336 -32151
-221403 -31952
-222939 -19017
-223040 -19095
-211149 -18733
-211322 -18852
-216893 -17947
-216741 -17673
-203198 -17302
-203202 -17215
-199806 -17001
-199736 -17047
-221403 -31952
-221483 -31746
-223040 -19095
-223245 -19175
-211322 -18852
-211451 -19045
-216741 -17673
-216600 -17658
-203202 -17215
-203054 -16988
-199736 -17047
-199685 -16863
-221483 -31746
-221697 -31674
-223245 -19175
-223509 -19534
-211451 -19045
-211597 -19192
-216600 -17658
-216389 -17742
-203054 -16988
-202773 -16699
-199685 -16863
-199790 -16632
-221697 -31674
-221895 -31390
-223509 -19534
-223568 -19654
-211597 -19192
-211721 -19410
-216389 -17742
-216300 -17730
-229033 -28688
-229037 -28905
-202773 -16699
-202569 -16441
-221895 -31390
-222166 -31275
-208297 -20161
-207306 -18001
-211721 -19410
-211769 -19566
-216300 -17730
-216173 -17658
-229037 -28905
-229199 -29093
-202569 -16441
-202356 -16571
-211769 -19566
-211821 -19769
-216173 -17658
-216000 -17594
-229199 -29093
-229255 -29293
-207306 -18001
-205200 -13532
-202356 -16571
-202226 -16626
-211821 -19769
-211830 -19999
-216000 -17594
-215864 -17543
-229255 -29293
-229487 -29514
-202226 -16626
-202188 -16792
-211830 -19999
-211792 -20269
-215864 -17543
-215799 -17529
-229487 -29514
-229486 -29771
-202188 -16792
-202250 -16976
-224529 -31470
-224411 -31643
-211792 -20269
-211849 -20418
-208297 -20161
-208027 -20014
-215799 -17529
-214813 -19018
-229486 -29771
-229647 -29998
-202250 -16976
-202242 -17223
-224411 -31643
-224243 -31780
-211849 -20418
-211797 -20574
-208027 -20014
-207770 -19970
-214813 -19018
-214928 -19278
-229647 -29998
-229891 -29845
-202242 -17223
-202100 -17399
-224243 -31780
-224367 -31953
-211797 -20574
-211778 -20755
-207770 -19970
-207750 -20096
-214928 -19278
-215008 -19482
-229891 -29845
-230077 -29982
-202100 -17399
-201913 -17364
-224367 -31953
-224384 -32192
-211778 -20755
-211797 -20879
-207750 -20096
-207764 -20285
-215008 -19482
-214963 -19733
-230077 -29982
-230194 -30107
-201913 -17364
-201763 -17459
-224384 -32192
-224436 -32437
-211797 -20879
-211738 -21031
-207764 -20285
-207536 -20344
-214963 -19733
-214788 -19788
-218611 -18406
-218652 -18593
-230194 -30107
-230315 -30274
-201692 -17238
-201773 -17161
-201598 -16379
-201404 -16362
-224436 -32437
-224413 -32643
-211738 -21031
-211748 -21274
-214788 -19788
-214566 -19718
-218652 -18593
-218812 -18708
-230315 -30274
-230179 -30388
-207536 -20344
-207404 -20145
-201404 -16362
-201263 -16459
-224413 -32643
-224389 -32744
-225949 -31672
-225949 -31672
-211748 -21274
-211780 -21555
-214566 -19718
-214435 -19807
-218812 -18708
-218937 -18899
-230179 -30388
-230276 -30618
-207404 -20145
-207224 -20026
-201263 -16459
-200990 -16618
-224389 -32744
-224378 -32821
-211780 -21555
-211717 -21752
-214435 -19807
-214376 -19940
-218937 -18899
-219097 -19081
-228601 -30978
-228533 -30834
-230276 -30618
-230202 -30781
-205200 -25561
-205331 -25819
-207224 -20026
-207043 -19986
-200990 -16618
-200754 -16662
-224440 -30646
-224520 -30377
-222988 -28224
-223249 -28418
-220651 -27689
-220770 -27919
-227892 -26266
-227746 -26489
-198029 -28117
-198057 -27937
-201614 -23756
-201462 -23625
-198721 -20682
-198563 -20856
-224520 -30377
-224638 -30148
-223249 -28418
-223334 -28540
-220770 -27919
-220805 -28141
-227746 -26489
-227865 -26665
-198057 -27937
-198283 -27821
-201462 -23625
-201206 -23530
-198563 -20856
-198326 -21039
-224638 -30148
-224850 -30036
-223334 -28540
-223415 -28735
-220805 -28141
-220816 -28361
-227865 -26665
-227924 -26791
-198283 -27821
-198352 -27619
-201206 -23530
-200914 -23254
-198326 -21039
-198219 -21239
-224850 -30036
-225065 -30184
-223415 -28735
-223195 -28969
-220816 -28361
-220798 -28482
-227924 -26791
-227921 -26977
-198352 -27619
-198264 -27494
-200914 -23254
-200771 -23138
-198219 -21239
-198086 -21369
-225065 -30184
-225197 -29949
-223195 -28969
-223040 -29202
-220798 -28482
-220642 -28653
-227921 -26977
-228108 -27095
-198264 -27494
-198237 -27321
-200771 -23138
-200811 -22886
-198086 -21369
-198125 -21517
-225197 -29949
-225306 -29778
-223040 -29202
-222966 -29322
-220642 -28653
-220448 -28755
-228108 -27095
-228335 -27373
-198237 -27321
-198233 -27112
-198341 -26985
-198528 -26965
-200811 -22886
-200722 -22607
-198125 -21517
-198194 -21642
-225306 -29778
-225509 -29660
-222966 -29322
-222892 -29497
-220448 -28755
-220268 -28775
-228335 -27373
-228191 -27653
-198233 -27112
-198341 -26985
-198528 -26965
-198544 -26833
-200722 -22607
-200536 -22707
-198194 -21642
-198434 -21719
-225509 -29660
-225657 -29449
-222892 -29497
-222918 -29684
-220268 -28775
-220122 -28801
-228191 -27653
-228421 -27895
-207571 -30600
-207652 -30358
-198544 -26833
-198739 -26651
-200536 -22707
-200402 -22922
-198434 -21719
-198598 -21888
-207652 -30358
-207611 -30164
-222918 -29684
-222908 -29846
-225657 -29449
-225658 -29245
-228421 -27895
-228696 -28078
-198739 -26651
-198693 -26468
-200402 -22922
-200179 -23007
-198598 -21888
-198795 -21935
-222908 -29846
-222858 -29984
-225658 -29245
-225764 -29089
-228696 -28078
-228982 -28261
-207611 -30164
-207647 -29960
-198693 -26468
-198711 -26248
-200179 -23007
-200038 -23014
-198795 -21935
-199029 -21803
-222858 -29984
-222974 -30206
-207647 -29960
-207589 -29798
-225764 -29089
-225953 -28929
-228982 -28261
-229086 -28378
-198711 -26248
-198751 -26026
-200038 -23014
-199868 -23052
-199029 -21803
-199175 -21790
-222974 -30206
-223089 -30391
-225953 -28929
-226154 -28851
-229086 -28378
-229038 -28530
-207589 -29798
-207508 -29590
-198751 -26026
-198873 -25953
-199868 -23052
-199762 -23169
-199175 -21790
-199183 -22014
-223089 -30391
-223125 -30546
-226154 -28851
-226270 -28754
-229038 -28530
-229033 -28688
-207508 -29590
-207600 -29434
-198873 -25953
-198859 -25834
-199762 -23169
-199606 -23278
-199183 -22014
-199070 -22126
-223125 -30546
-223121 -30683
-226270 -28754
-226318 -28712
-207600 -29434
-207753 -29390
-198859 -25834
-198869 -25659
-199606 -23278
-199346 -23402
-199070 -22126
-199214 -22352
-230694 -19318
-230547 -19072
-223121 -30683
-223143 -30896
-207753 -29390
-207821 -29138
-226318 -28712
-227193 -28717
-226282 -23153
-226114 -23142
-230547 -19072
-230466 -18945
-198869 -25659
-198896 -25556
-199214 -22352
-199168 -22599
-223143 -30896
-223080 -31066
-207821 -29138
-207994 -28987
-209968 -25200
-210190 -25074
-226114 -23142
-225918 -23134
-227193 -28717
-228600 -28714
-230466 -18945
-230239 -18869
-198896 -25556
-198827 -25335
-199168 -22599
-199087 -22727
-223080 -31066
-223164 -31258
-207994 -28987
-208147 -28755
-210190 -25074
-210263 -24984
-225918 -23134
-225744 -23216
-228600 -28714
-229033 -28688
-230239 -18869
-230102 -18741
-198827 -25335
-198899 -25143
-199087 -22727
-198887 -22918
-223164 -31258
-223184 -31417
-208147 -28755
-208196 -28637
-210263 -24984
-210403 -24756
-225744 -23216
-225566 -23222
-218611 -18406
-219287 -18405
-230102 -18741
-230005 -18712
-198899 -25143
-198833 -25019
-198887 -22918
-198891 -23051
-223184 -31417
-223129 -31608
-208196 -28637
-208204 -28372
-210403 -24756
-210493 -24492
-225566 -23222
-225282 -23078
-219287 -18405
-220654 -16962
-230005 -18712
-229769 -18548
-198833 -25019
-198752 -24726
-198891 -23051
-198918 -23226
-223129 -31608
-222993 -31757
-208204 -28372
-208325 -28125
-210493 -24492
-210527 -24293
-225282 -23078
-225168 -23033
-229769 -18548
-229556 -18459
-198752 -24726
-198738 -24638
-198918 -23226
-198775 -23427
-222993 -31757
-222849 -31905
-208325 -28125
-208365 -28014
-210527 -24293
-210473 -24011
-225168 -23033
-224954 -23062
-229556 -18459
-229291 -18405
-205415 -33054
-205413 -32911
-198738 -24638
-198733 -24385
-198775 -23427
-198716 -23520
-227157 -34130
-225031 -33600
-225031 -33600
-225036 -33586
-222166 -31275
-222320 -31417
-208365 -28014
-208403 -27739
-210473 -24011
-210215 -23731
-224954 -23062
-224817 -22920
-229291 -18405
-229001 -18497
-205413 -32911
-205417 -32692
-198716 -23520
-198659 -23807
-225036 -33586
-225047 -33463
-222320 -31417
-222532 -31472
-208403 -27739
-208485 -27571
-210215 -23731
-210021 -23574
-226282 -23153
-226468 -23440
-224817 -22920
-224635 -22877
-229001 -18497
-228821 -18551
-205417 -32692
-205528 -32516
-198659 -23807
-198666 -23948
-208485 -27571
-208590 -27426
-222532 -31472
-222679 -31639
-225047 -33463
-225125 -33273
-210021 -23574
-209885 -23384
-226468 -23440
-226601 -23721
-224635 -22877
-224411 -22776
-228821 -18551
-228540 -18552
-205528 -32516
-205763 -32308
-198666 -23948
-198609 -24118
-212857 -31691
-214200 -31691
-225555 -22348
-225703 -22481
-202176 -27680
-202221 -27558
-205331 -25819
-205526 -26063
-201773 -17161
-201849 -17014
-214200 -31691
-216000 -31682
-225703 -22481
-225845 -22605
-202221 -27558
-202205 -27324
-205526 -26063
-205777 -26320
-201849 -17014
-201841 -16851
-216000 -31682
-217511 -31667
-225845 -22605
-225936 -22739
-202205 -27324
-202204 -27203
-205777 -26320
-205836 -26471
-201841 -16851
-201791 -16559
-210637 -33844
-210910 -33622
-210910 -33622
-211037 -33384
-210393 -31677
-210600 -31689
-225936 -22739
-226035 -22901
-202204 -27203
-202200 -27001
-205836 -26471
-205929 -26719
-201791 -16559
-201598 -16379
-211037 -33384
-211136 -33135
-210600 -31689
-212857 -31691
-226035 -22901
-226282 -23153
-211136 -33135
-211088 -32855
-209329 -26435
-210600 -26459
-198437 -32409
-198593 -32152
-211088 -32855
-210941 -32676
-210600 -26459
-210758 -26403
-198593 -32152
-198625 -31967
-210941 -32676
-210955 -32510
-210758 -26403
-210860 -26265
-198625 -31967
-198701 -31833
-210955 -32510
-210944 -32395
-210860 -26265
-210712 -26021
-198701 -31833
-198869 -31776
-210944 -32395
-210795 -32188
-210712 -26021
-210736 -25882
-228598 -32951
-228665 -32748
-198869 -31776
-198921 -31498
-210736 -25882
-210638 -25635
-229627 -33580
-229562 -33365
-228665 -32748
-228571 -32547
-198921 -31498
-198884 -31328
-210638 -25635
-210682 -25397
-229562 -33365
-229608 -33228
-228571 -32547
-228405 -32395
-198884 -31328
-198671 -31362
-220122 -28801
-220104 -29050
-210682 -25397
-210896 -25361
-229608 -33228
-229600 -33090
-228405 -32395
-228312 -32429
-198671 -31362
-198556 -31451
-202162 -33877
-202160 -32400
-220104 -29050
-220090 -29194
-210896 -25361
-211047 -25211
-229600 -33090
-229635 -32886
-228312 -32429
-228345 -32710
-202160 -32400
-202164 -32399
-198556 -31451
-198371 -31582
-217511 -31667
-221400 -31677
-220090 -29194
-220011 -29414
-211047 -25211
-211147 -25062
-229635 -32886
-229632 -32697
-228345 -32710
-228176 -32717
-202164 -32399
-202173 -30259
-198371 -31582
-198279 -31450
-221400 -31677
-221697 -31674
-220011 -29414
-219932 -29673
-211147 -25062
-211313 -24915
-228176 -32717
-228088 -32547
-229632 -32697
-229625 -32551
-198279 -31450
-198407 -31203
-219932 -29673
-220148 -29769
-209291 -26482
-209422 -26619
-211313 -24915
-211479 -24764
-229625 -32551
-229534 -32338
-228088 -32547
-228033 -32400
-198407 -31203
-198585 -30940
-220148 -29769
-220401 -29727
-209422 -26619
-209565 -26850
-211479 -24764
-211625 -24595
-198585 -30940
-198614 -30746
-204836 -25203
-205008 -25371
-220401 -29727
-220587 -29727
-209565 -26850
-209566 -26975
-211625 -24595
-211657 -24395
-198614 -30746
-198704 -30601
-205008 -25371
-205200 -25561
-231314 -22511
-230336 -22827
-220587 -29727
-220636 -29556
-209566 -26975
-209578 -27207
-211657 -24395
-211796 -24280
-230336 -22827
-230302 -22896
-220636 -29556
-220688 -29368
-209578 -27207
-209544 -27456
-211796 -24280
-211926 -24003
-230302 -22896
-230227 -22988
-220688 -29368
-220809 -29213
-209544 -27456
-209792 -27718
-211926 -24003
-211933 -23806
-230227 -22988
-230347 -23231
-220809 -29213
-220956 -29055
-209792 -27718
-209842 -27950
-211933 -23806
-211906 -23529
-230347 -23231
-230254 -23472
-220956 -29055
-221076 -28836
-209842 -27950
-210001 -28095
-211906 -23529
-211808 -23265
-230254 -23472
-230066 -23530
-212401 -33342
-212511 -33068
-224378 -32821
-224395 -33103
-209885 -23384
-209758 -23311
-224411 -22776
-224216 -22810
-211717 -21752
-211690 -21882
-214376 -19940
-214435 -20166
-219097 -19081
-219246 -19196
-228533 -30834
-228481 -30723
-230202 -30781
-230172 -30944
-200754 -16662
-200541 -16833
-224395 -33103
-224389 -33247
-212511 -33068
-212381 -32861
-209758 -23311
-209743 -23287
-224216 -22810
-224135 -22590
-211690 -21882
-211786 -22106
-214435 -20166
-214565 -20406
-219246 -19196
-219167 -19360
-228481 -30723
-228425 -30652
-230172 -30944
-230418 -31080
-200541 -16833
-200335 -16880
-224389 -33247
-224355 -33405
-212381 -32861
-212295 -32654
-209743 -23287
-208956 -21601
-224135 -22590
-223955 -22375
-211786 -22106
-211866 -22370
-214565 -20406
-214601 -20675
-219167 -19360
-218930 -19437
-228425 -30652
-228420 -30600
-230418 -31080
-230521 -31324
-200335 -16880
-200150 -16887
-224355 -33405
-224370 -33620
-212295 -32654
-212448 -32542
-223955 -22375
-223732 -22282
-211866 -22370
-212079 -22516
-208956 -21601
-208297 -20161
-214601 -20675
-214431 -20936
-218930 -19437
-218777 -19333
-228420 -30600
-226158 -30600
-230521 -31324
-230739 -31421
-200150 -16887
-199974 -16914
-224370 -33620
-224601 -33757
-212448 -32542
-212560 -32337
-226158 -30600
-226160 -30605
-212079 -22516
-212067 -22753
-223732 -22282
-223562 -22337
-214431 -20936
-214240 -21189
-218777 -19333
-218641 -19159
-199974 -16914
-199806 -17001
-212560 -32337
-212391 -32098
-226160 -30605
-226136 -30796
-212067 -22753
-211878 -22972
-223562 -22337
-223388 -22453
-214240 -21189
-214193 -21323
-218641 -19159
-218546 -19091
-212391 -32098
-212515 -31884
-226136 -30796
-225927 -30953
-223388 -22453
-223240 -22483
-214193 -21323
-214056 -21404
-218546 -19091
-218254 -19065
-199790 -16632
-199607 -16647
-210795 -32188
-210695 -32318
-212515 -31884
-212639 -31786
-225927 -30953
-225811 -31137
-223240 -22483
-222975 -22548
-214056 -21404
-213950 -21621
-218254 -19065
-218055 -19001
-199607 -16647
-199440 -16693
-210695 -32318
-210476 -32207
-212639 -31786
-212857 -31691
-225811 -31137
-225910 -31325
-222975 -22548
-222858 -22510
-213950 -21621
-213818 -21800
-218055 -19001
-218088 -19258
-199440 -16693
-199167 -16727
-210476 -32207
-210272 -32271
-225910 -31325
-226008 -31370
-209329 -26435
-209425 -26149
-222858 -22510
-222623 -22494
-213818 -21800
-213712 -22000
-218088 -19258
-218138 -19418
-199167 -16727
-198933 -16782
-210272 -32271
-210012 -32451
-226008 -31370
-225909 -31509
-209425 -26149
-209403 -26032
-222623 -22494
-222571 -22373
-213712 -22000
-213671 -22222
-218138 -19418
-218057 -19557
-202200 -27001
-202353 -26761
-198933 -16782
-198663 -16695
-210012 -32451
-209896 -32513
-225909 -31509
-225949 -31672
-209403 -26032
-209450 -25853
-222571 -22373
-222569 -22183
-213671 -22222
-213603 -22367
-218057 -19557
-218269 -19777
-202353 -26761
-202432 -26635
-198663 -16695
-198485 -16581
-209896 -32513
-209736 -32761
-209450 -25853
-209543 -25708
-213603 -22367
-213643 -22549
-222569 -22183
-222407 -22129
-218269 -19777
-218296 -19970
-202432 -26635
-202484 -26376
-198485 -16581
-198289 -16594
-209736 -32761
-209504 -32901
-209543 -25708
-209683 -25519
-213643 -22549
-213750 -22676
-222407 -22129
-222327 -22337
-218296 -19970
-218322 -20240
-202484 -26376
-202377 -26289
-198289 -16594
-198073 -16483
-209504 -32901
-209335 -33115
-209683 -25519
-209791 -25467
-213750 -22676
-213629 -22867
-222327 -22337
-222230 -22520
-218322 -20240
-218323 -20527
-202377 -26289
-202431 -26055
-198073 -16483
-197930 -16529
-209335 -33115
-209066 -33398
-222849 -31905
-223003 -31961
-209791 -25467
-209968 -25200
-213629 -22867
-213535 -23075
-222230 -22520
-222471 -22544
-218323 -20527
-218166 -20548
-202431 -26055
-202432 -25836
-197930 -16529
-197739 -16358
-209066 -33398
-209082 -33619
-223003 -31961
-223187 -31826
-213535 -23075
-213516 -23203
-222471 -22544
-222604 -22675
-218166 -20548
-218030 -20597
-202432 -25836
-202296 -25720
-197739 -16358
-197745 -16174
-209082 -33619
-208867 -33747
-223187 -31826
-223345 -31669
-215534 -24536
-216000 -24769
-213516 -23203
-213532 -23259
-222604 -22675
-222473 -22913
-218030 -20597
-217928 -20817
-202296 -25720
-202389 -25438
-197745 -16174
-197708 -16045
-223345 -31669
-223498 -31688
-216000 -24769
-216533 -25046
-213532 -23259
-214594 -23257
-222473 -22913
-222437 -23135
-217928 -20817
-218072 -21099
-202389 -25438
-202345 -25202
-223498 -31688
-223648 -31685
-216533 -25046
-217008 -25200
-214594 -23257
-214615 -23300
-222437 -23135
-222190 -23054
-218072 -21099
-217987 -21230
-226769 -16282
-226667 -16511
-223648 -31685
-223763 -31435
-217008 -25200
-217800 -25498
-214615 -23300
-214833 -23271
-222190 -23054
-222223 -23334
-217987 -21230
-218003 -21404
-226667 -16511
-226496 -16608
-203749 -21594
-203944 -21771
-223763 -31435
-223776 -31341
-217800 -25498
-218440 -25728
-222223 -23334
-222156 -23465
-214833 -23271
-215020 -23221
-218003 -21404
-218116 -21529
-226496 -16608
-226363 -16597
-203944 -21771
-204204 -21861
-223776 -31341
-223899 -31137
-218440 -25728
-218424 -25752
-222156 -23465
-222033 -23643
-215020 -23221
-215224 -23264
-218116 -21529
-218256 -21756
-226363 -16597
-226189 -16840
-204204 -21861
-204288 -22064
-223899 -31137
-223901 -30939
-218424 -25752
-218334 -26003
-222033 -23643
-222069 -23815
-215224 -23264
-215386 -23225
-218256 -21756
-218129 -21852
-226189 -16840
-226030 -16818
-204288 -22064
-204276 -22204
-225125 -33273
-225263 -32992
-222679 -31639
-222849 -31905
-208590 -27426
-208670 -27196
-226601 -23721
-226648 -23933
-211808 -23265
-211822 -23093
-198609 -24118
-198733 -24385
-207043 -19986
-206799 -20008
-225263 -32992
-225200 -32722
-208670 -27196
-208771 -27019
-226648 -23933
-226690 -24124
-211822 -23093
-211878 -22972
-206799 -20008
-206725 -20111
-225200 -32722
-225262 -32522
-208771 -27019
-208869 -26900
-226690 -24124
-226746 -24244
-199346 -23402
-199112 -23601
-206725 -20111
-206486 -20230
-225262 -32522
-225456 -32401
-208869 -26900
-208972 -26719
-226746 -24244
-226825 -24419
-199112 -23601
-199004 -23749
-206486 -20230
-206202 -20248
-208972 -26719
-209128 -26546
-226825 -24419
-226935 -24586
-199004 -23749
-198899 -23933
-201748 -20442
-201894 -20297
-206202 -20248
-206318 -20492
-209128 -26546
-209291 -26482
-226935 -24586
-226950 -24618
-198899 -23933
-198740 -24072
-206318 -20492
-206317 -20670
-201894 -20297
-202035 -20291
-226461 -16147
-226566 -16231
-226566 -16231
-226769 -16282
-226950 -24618
-226972 -24639
-198740 -24072
-198688 -24179
-206317 -20670
-206146 -20930
-202035 -20291
-202240 -20239
-226972 -24639
-227442 -24645
-198688 -24179
-198733 -24385
-206146 -20930
-205993 -21006
-202240 -20239
-202378 -20226
-205993 -21006
-205800 -21112
-202378 -20226
-202550 -20190
-205800 -21112
-205604 -21178
-202550 -20190
-202742 -20163
-227918 -33755
-227883 -33646
-227883 -33646
-227950 -33476
-204828 -28799
-204652 -28989
-205604 -21178
-205421 -21260
-202742 -20163
-203023 -20165
-199006 -19855
-199095 -19687
-227950 -33476
-228159 -33391
-204652 -28989
-204465 -29168
-205421 -21260
-205177 -21343
-203023 -20165
-203265 -20257
-199095 -19687
-199185 -19490
-228159 -33391
-228247 -33223
-204465 -29168
-204175 -29373
-205177 -21343
-204971 -21572
-203265 -20257
-203479 -20112
-199185 -19490
-199441 -19463
-228247 -33223
-228448 -33089
-204175 -29373
-204038 -29535
-204971 -21572
-204820 -21644
-203479 -20112
-203697 -19957
-199441 -19463
-199564 -19469
-228448 -33089
-228598 -32951
-204038 -29535
-203767 -29728
-204820 -21644
-204604 -21600
-203697 -19957
-203794 -19712
-199564 -19469
-199726 -19234
-203767 -29728
-203517 -29737
-204604 -21600
-204417 -21529
-203794 -19712
-203858 -19527
-199726 -19234
-199811 -19070
-210193 -16115
-210438 -16209
-224529 -31470
-224807 -31559
-210438 -16209
-210574 -16162
-203517 -29737
-203326 -29823
-204417 -21529
-204270 -21503
-203858 -19527
-203758 -19380
-199811 -19070
-199972 -19025
-224807 -31559
-224967 -31423
-203326 -29823
-203143 -29934
-204270 -21503
-204052 -21498
-203758 -19380
-203849 -19278
-199972 -19025
-200123 -19069
-224967 -31423
-225195 -31486
-203143 -29934
-202942 -29738
-204052 -21498
-203866 -21579
-203849 -19278
-203989 -19041
-200123 -19069
-200142 -18830
-225195 -31486
-225471 -31597
-202942 -29738
-202666 -29845
-203866 -21579
-203749 -21594
-203989 -19041
-203827 -18795
-200142 -18830
-199948 -18728
-225471 -31597
-225637 -31679
-202666 -29845
-202467 -29921
-203827 -18795
-203545 -18567
-199948 -18728
-199715 -18638
-225637 -31679
-225785 -31713
-202467 -29921
-202337 -29954
-199715 -18638
-199633 -18559
-203545 -18567
-203306 -18326
-225785 -31713
-225949 -31672
-202337 -29954
-202310 -30092
-199633 -18559
-199526 -18445
-203306 -18326
-203204 -18189
-202310 -30092
-202173 -30259
-199526 -18445
-199285 -18192
-203204 -18189
-203239 -17998
-223901 -30939
-224166 -30872
-221076 -28836
-221327 -29003
-210001 -28095
-210176 -28205
-228540 -18552
-228357 -18530
-205763 -32308
-205900 -32138
-196861 -33857
-197032 -33585
-221327 -29003
-221370 -29223
-210176 -28205
-210144 -28340
-228357 -18530
-228109 -18415
-205900 -32138
-206063 -32062
-197032 -33585
-197193 -33463
-221370 -29223
-221259 -29504
-210144 -28340
-210060 -28620
-228109 -18415
-228065 -18272
-206063 -32062
-206310 -32050
-197193 -33463
-196956 -33260
-221259 -29504
-221231 -29623
-210060 -28620
-209970 -28834
-228065 -18272
-228024 -18161
-206310 -32050
-206543 -31974
-196956 -33260
-196907 -33136
-221231 -29623
-221226 -29808
-209970 -28834
-209836 -29085
-228024 -18161
-228008 -17964
-206543 -31974
-206712 -31857
-196907 -33136
-196896 -32960
-221226 -29808
-221301 -30055
-209836 -29085
-209850 -29174
-228008 -17964
-227839 -17787
-206712 -31857
-206716 -31634
-196896 -32960
-197152 -32782
-225456 -32401
-225503 -32157
-221301 -30055
-221318 -30285
-209850 -29174
-209958 -29441
-227839 -17787
-227655 -17579
-206716 -31634
-206867 -31624
-197152 -32782
-197335 -32714
-225503 -32157
-225625 -31990
-221318 -30285
-221327 -30421
-209958 -29441
-209952 -29606
-227655 -17579
-227606 -17369
-197335 -32714
-197571 -32682
-206867 -31624
-207024 -31538
-225625 -31990
-225773 -31843
-221327 -30421
-221279 -30619
-209952 -29606
-209969 -29801
-227606 -17369
-227543 -17242
-197571 -32682
-197683 -32593
-207024 -31538
-207261 -31534
-225773 -31843
-225949 -31672
-221279 -30619
-221476 -30865
-209969 -29801
-210000 -30012
-226189 -16840
-226112 -17120
-227543 -17242
-227373 -17152
-197683 -32593
-197897 -32660
-207261 -31534
-207344 -31386
-221476 -30865
-221426 -31099
-210000 -30012
-210117 -30292
-226112 -17120
-226062 -17276
-227373 -17152
-227187 -17077
-197897 -32660
-198076 -32531
-207344 -31386
-207377 -31185
-221426 -31099
-221434 -31246
-210117 -30292
-210220 -30414
-226062 -17276
-225842 -17411
-227187 -17077
-226922 -16977
-198076 -32531
-198207 -32562
-207377 -31185
-207438 -30927
-221434 -31246
-221668 -31232
-210220 -30414
-210301 -30630
-225842 -17411
-225712 -17547
-226922 -16977
-226736 -16802
-198207 -32562
-198437 -32409
-207438 -30927
-207541 -30803
-204378 -33796
-204390 -33585
-221668 -31232
-221861 -31131
-210301 -30630
-210258 -30873
-225712 -17547
-225805 -17752
-226736 -16802
-226770 -16619
-228033 -32400
-227987 -32227
-204390 -33585
-204470 -33429
-207541 -30803
-207571 -30600
-221861 -31131
-222058 -31144
-210258 -30873
-210206 -30970
-225805 -17752
-225812 -17902
-227987 -32227
-227886 -32087
-226770 -16619
-226894 -16402
-204470 -33429
-204600 -33272
-222058 -31144
-222166 -31275
-210206 -30970
-210328 -31225
-225812 -17902
-225643 -17698
-227886 -32087
-227879 -31894
-226894 -16402
-226769 -16282
-204600 -33272
-204822 -33246
-210328 -31225
-210180 -31340
-225643 -17698
-225574 -17647
-227879 -31894
-227752 -32122
-204822 -33246
-205041 -33201
-209388 -16019
-209517 -16204
-210180 -31340
-210075 -31453
-225574 -17647
-225539 -17640
-209517 -16204
-209638 -16426
-227752 -32122
-227614 -32256
-205041 -33201
-205228 -33203
-210075 -31453
-210195 -31588
-225539 -17640
-225276 -18001
-209638 -16426
-209747 -16609
-227614 -32256
-227556 -32308
-205228 -33203
-205415 -33054
-210195 -31588
-210393 -31677
-222663 -26989
-222752 -27204
-225276 -18001
-223568 -19654
-209747 -16609
-209751 -16738
-227556 -32308
-227540 -32377
-222752 -27204
-222634 -27477
-220654 -16962
-220709 -17096
-209751 -16738
-209766 -16908
-227540 -32377
-227560 -32387
-222634 -27477
-222573 -27754
-220709 -17096
-220746 -17146
-209766 -16908
-209865 -17086
-227560 -32387
-227561 -32390
-222573 -27754
-222814 -27961
-220746 -17146
-221107 -17475
-209865 -17086
-209895 -17331
-227561 -32390
-227552 -32401
-222814 -27961
-222988 -28224
-221107 -17475
-221362 -17697
-209895 -17331
-209974 -17423
-227552 -32401
-226800 -32400
-218334 -26003
-218286 -26186
-222069 -23815
-222086 -23988
-215386 -23225
-215513 -23487
-226030 -16818
-225966 -16759
-230066 -23530
-230032 -23768
-204276 -22204
-204249 -22486
-199285 -18192
-199403 -17913
-218286 -26186
-218291 -26328
-222086 -23988
-221950 -24126
-215513 -23487
-215753 -23630
-225966 -16759
-225735 -16664
-230032 -23768
-230060 -24006
-204249 -22486
-204264 -22724
-199403 -17913
-199582 -17695
-218291 -26328
-218328 -26522
-221950 -24126
-222034 -24360
-215753 -23630
-215798 -23874
-225735 -16664
-225565 -16651
-230060 -24006
-230048 -24226
-204264 -22724
-204354 -22897
-199582 -17695
-199593 -17527
-218328 -26522
-218335 -26693
-222034 -24360
-222239 -24541
-215798 -23874
-215796 -24022
-225565 -16651
-225463 -16703
-230048 -24226
-229982 -24453
-204354 -22897
-204447 -23023
-199593 -17527
-199781 -17311
-218335 -26693
-218366 -26975
-222239 -24541
-222260 -24728
-215796 -24022
-215756 -24217
-225463 -16703
-225418 -16692
-229982 -24453
-229908 -24551
-204447 -23023
-204573 -23291
-199781 -17311
-199736 -17047
-221739 -33726
-221804 -33460
-221804 -33460
-221860 -33324
-218366 -26975
-218429 -27164
-222260 -24728
-222339 -24869
-215756 -24217
-215655 -24433
-225418 -16692
-225139 -16617
-229908 -24551
-229927 -24629
-204573 -23291
-204652 -23480
-221860 -33324
-221578 -33278
-218429 -27164
-218445 -27302
-222339 -24869
-222501 -25045
-215655 -24433
-215534 -24536
-225139 -16617
-224859 -16561
-229927 -24629
-228599 -24644
-204652 -23480
-204650 -23747
-221578 -33278
-221497 -33214
-218445 -27302
-218394 -27562
-222501 -25045
-222554 -25219
-215534 -24536
-214200 -23859
-224859 -16561
-224624 -16515
-228599 -24644
-227442 -24645
-204650 -23747
-204715 -23999
-221497 -33214
-221539 -32948
-218394 -27562
-218272 -27732
-222554 -25219
-222662 -25430
-214200 -23859
-213460 -23474
-224624 -16515
-224352 -16405
-229534 -32338
-229433 -32130
-198314 -28356
-198029 -28117
-205929 -26719
-205905 -26939
-204715 -23999
-204750 -24182
-221539 -32948
-221576 -32691
-218272 -27732
-218046 -27869
-222662 -25430
-222898 -25450
-213460 -23474
-212684 -22999
-224352 -16405
-224288 -16192
-229433 -32130
-229499 -31944
-205905 -26939
-205686 -27119
-204750 -24182
-204700 -24407
-221576 -32691
-221471 -32398
-218046 -27869
-218024 -28046
-222898 -25450
-222902 -25662
-212684 -22999
-212400 -22996
-224288 -16192
-223997 -16174
-229499 -31944
-229418 -31804
-205686 -27119
-205491 -27198
-204700 -24407
-204652 -24508
-224529 -31470
-224346 -31338
-218024 -28046
-217932 -28212
-222902 -25662
-222965 -25716
-212400 -22996
-211878 -22972
-223997 -16174
-223829 -16062
-229418 -31804
-229369 -31578
-205491 -27198
-205354 -27318
-204652 -24508
-204654 -24705
-224346 -31338
-224105 -31280
-217932 -28212
-217888 -28398
-222965 -25716
-223163 -25803
-229369 -31578
-229256 -31333
-205354 -27318
-205304 -27532
-204654 -24705
-204765 -24890
-224105 -31280
-224052 -31187
-217888 -28398
-217832 -28561
-223163 -25803
-223360 -25965
-229256 -31333
-229060 -31381
-205304 -27532
-205028 -27800
-204765 -24890
-204820 -25038
-224052 -31187
-224066 -30989
-217832 -28561
-217763 -28727
-223360 -25965
-223141 -26191
-223568 -19654
-223699 -19882
-229060 -31381
-228859 -31209
-205028 -27800
-204854 -27999
-204820 -25038
-204836 -25203
-224066 -30989
-224166 -30872
-217763 -28727
-217635 -28991
-223141 -26191
-222981 -26237
-223699 -19882
-223774 -19981
-220654 -16962
-220575 -16782
-228859 -31209
-228601 -30978
-204854 -27999
-204917 -28253
-202345 -25202
-202356 -24981
-217635 -28991
-217561 -29215
-222981 -26237
-222808 -26262
-223774 -19981
-224051 -20411
-220575 -16782
-220496 -16661
-204917 -28253
-204968 -28482
-202356 -24981
-202187 -24905
-217561 -29215
-217637 -29460
-222808 -26262
-222626 -26391
-224051 -20411
-224383 -20937
-220496 -16661
-220202 -16358
-204968 -28482
-204849 -28606
-202187 -24905
-202159 -24757
-217637 -29460
-217649 -29555
-222626 -26391
-222668 -26563
-224383 -20937
-224719 -21294
-220202 -16358
-219994 -16200
-204849 -28606
-204828 -28799
-202159 -24757
-202154 -24481
-217649 -29555
-217650 -29783
-222668 -26563
-222559 -26753
-224719 -21294
-224798 -21369
-219994 -16200
-219632 -15923
-202154 -24481
-202131 -24227
-199006 -19855
-198999 -20040
-217650 -29783
-217656 -29892
-222559 -26753
-222663 -26989
-224798 -21369
-225026 -21603
-202131 -24227
-201963 -24019
-198999 -20040
-198983 -20180
-217656 -29892
-217623 -30084
-225026 -21603
-225180 -21877
-201963 -24019
-201841 -23986
-198983 -20180
-198922 -20289
-224166 -30872
-224419 -30912
-217623 -30084
-217727 -30212
-225180 -21877
-225326 -22072
-201841 -23986
-201804 -23758
-198922 -20289
-198851 -20463
-224419 -30912
-224440 -30646
-217727 -30212
-217765 -30392
-225326 -22072
-225555 -22348
-201804 -23758
-201614 -23756
-198851 -20463
-198721 -20682
-218129 -21852
-218046 -22039
-202173 -30259
-202172 -29671
-199006 -19855
-200036 -19851
-212444 -33726
-212407 -33677
-212407 -33677
-212234 -33507
-218046 -22039
-217922 -22175
-202172 -29671
-202160 -29662
-200036 -19851
-200061 -19838
-212234 -33507
-212401 -33342
-217922 -22175
-218003 -22343
-227882 -26025
-227892 -26266
-202160 -29662
-202113 -29537
-200061 -19838
-200144 -19850
-218003 -22343
-217988 -22500
-202113 -29537
-202080 -29373
-200144 -19850
-200250 -19948
-217988 -22500
-217950 -22724
-202080 -29373
-201913 -29136
-200250 -19948
-200439 -20061
-210795 -32188
-210771 -31988
-217950 -22724
-217969 -22750
-201913 -29136
-201884 -28911
-200439 -20061
-200569 -19984
-210771 -31988
-210582 -31953
-217969 -22750
-217955 -24967
-201884 -28911
-201821 -28644
-200569 -19984
-200696 -19758
-205605 -33833
-205474 -33678
-217955 -24967
-219600 -24976
-210582 -31953
-210393 -31677
-205474 -33678
-205530 -33398
-201821 -28644
-201941 -28565
-200696 -19758
-200873 -19709
-219600 -24976
-219887 -24982
-205530 -33398
-205550 -33197
-201941 -28565
-201987 -28293
-200873 -19709
-201014 -19607
-199790 -16632
-199926 -16354
-219887 -24982
-219941 -25163
-205550 -33197
-205415 -33054
-201014 -19607
-201112 -19450
-199926 -16354
-200106 -16300
-219941 -25163
-220139 -25291
-201112 -19450
-201252 -19443
-200106 -16300
-200354 -16263
-220139 -25291
-220252 -25365
-201252 -19443
-201485 -19347
-200354 -16263
-200358 -16008
-220252 -25365
-220272 -25613
-201485 -19347
-201353 -19565
-220272 -25613
-220374 -25857
-198704 -30601
-198735 -30375
-201353 -19565
-201372 -19764
-220374 -25857
-220282 -26118
-227442 -24645
-227355 -24935
-198735 -30375
-198770 -30173
-201372 -19764
-201362 -19884
-220282 -26118
-220467 -26174
-227355 -24935
-227286 -25102
-198770 -30173
-198747 -29939
-201362 -19884
-201457 -20161
-209291 -26482
-209329 -26435
-220467 -26174
-220592 -26277
-227286 -25102
-227437 -25259
-198747 -29939
-198766 -29736
-201457 -20161
-201589 -20215
-220592 -26277
-220751 -26533
-227437 -25259
-227610 -25441
-198766 -29736
-198802 -29527
-201589 -20215
-201748 -20442
-220751 -26533
-220787 -26683
-227610 -25441
-227716 -25488
-198802 -29527
-198708 -29272
-220787 -26683
-220729 -26893
-227716 -25488
-227907 -25608
-198708 -29272
-198482 -29059
-220729 -26893
-220678 -27081
-227907 -25608
-227930 -25745
-198482 -29059
-198523 -28830
-220678 -27081
-220643 -27312
-227930 -25745
-227970 -25931
-198523 -28830
-198233 -28590
-201987 -28293
-202043 -28116
-220643 -27312
-220683 -27459
-227970 -25931
-227882 -26025
-198233 -28590
-198314 -28356
-202043 -28116
-202142 -27950
-201763 -17459
-201692 -17238
-220683 -27459
-220651 -27689
