-157042 -68675
-157213 -68492
-155569 -58979
-155373 -58824
-158803 -61765
-158837 -62020
-147694 -67812
-147230 -68026
-147384 -67439
-147253 -67210
-145963 -63000
-146112 -63171
-153855 -60669
-153917 -60800
-146093 -56311
-145842 -56438
-157213 -68492
-157458 -68465
-155373 -58824
-155367 -58637
-158837 -62020
-158850 -62128
-147253 -67210
-147303 -66946
-146112 -63171
-146237 -63359
-153917 -60800
-153928 -61001
-145696 -55083
-145794 -55498
-146486 -52027
-146377 -52110
-157023 -68046
-157232 -68252
-156554 -60534
-156372 -60414
-158850 -62128
-158931 -62388
-147303 -66946
-147267 -66756
-151294 -66440
-151151 -66259
-146237 -63359
-146196 -63642
-145794 -55498
-145737 -56128
-146377 -52110
-146368 -52062
-157232 -68252
-157104 -68496
-156578 -67489
-156483 -67701
-156372 -60414
-156206 -60237
-158886 -54940
-158761 -54700
-158931 -62388
-158842 -62625
-147267 -66756
-147306 -66635
-151151 -66259
-150937 -66169
-146196 -63642
-146184 -63823
-145737 -56128
-145730 -56141
-146368 -52062
-145838 -51985
-157104 -68496
-157042 -68675
-156483 -67701
-156410 -67911
-156206 -60237
-156064 -60148
-158842 -62625
-158706 -62742
-158761 -54700
-158796 -54625
-147306 -66635
-147328 -66380
-146184 -63823
-145932 -63945
-145730 -56141
-145729 -56153
-145838 -51985
-145475 -52093
-156410 -67911
-156348 -67977
-155583 -62694
-155556 -62488
-156064 -60148
-155949 -60084
-158796 -54625
-158939 -54662
-151392 -68560
-151657 -68488
-151392 -66304
-151294 -66440
-145932 -63945
-145800 -64041
-145729 -56153
-145761 -56225
-145475 -52093
-145481 -52071
-156348 -67977
-156133 -67894
-155556 -62488
-155486 -62259
-155949 -60084
-155763 -59986
-158939 -54662
-159082 -54641
-152156 -64037
-151992 -63787
-145761 -56225
-145842 -56438
-145481 -52071
-145443 -52000
-156133 -67894
-155908 -67923
-155583 -62694
-155593 -62883
-155486 -62259
-155335 -62296
-155763 -59986
-155527 -59922
-159082 -54641
-159267 -54399
-150476 -64580
-150547 -64830
-151992 -63787
-152122 -63549
-145443 -52000
-145385 -51872
-155593 -62883
-155644 -62991
-155335 -62296
-155100 -62109
-155527 -59922
-155268 -60100
-159267 -54399
-159420 -54307
-150547 -64830
-150786 -65050
-152122 -63549
-152236 -63345
-150797 -51908
-150635 -52095
-156852 -66383
-156655 -66271
-155644 -62991
-155620 -63224
-145978 -66572
-146038 -66779
-150786 -65050
-151051 -65192
-145508 -59134
-145377 -59193
-156655 -66271
-156492 -66045
-146038 -66779
-145918 -66993
-151051 -65192
-151192 -65229
-145377 -59193
-145311 -59336
-156492 -66045
-156249 -65855
-145918 -66993
-145822 -67186
-151192 -65229
-151377 -65324
-145311 -59336
-145305 -59493
-157458 -68465
-157584 -68622
-158234 -65330
-158142 -65081
-145822 -67186
-145969 -67273
-144107 -66400
-143963 -66373
-145305 -59493
-145298 -59740
-155086 -68616
-155103 -68489
-158142 -65081
-157976 -65021
-145969 -67273
-146252 -67419
-143963 -66373
-143782 -66294
-150029 -61154
-150305 -61201
-145298 -59740
-145286 -59945
-152726 -51570
-152714 -51557
-157976 -65021
-157858 -64921
-147884 -68177
-147711 -68308
-146252 -67419
-146503 -67345
-143782 -66294
-143808 -66173
-150305 -61201
-150522 -61358
-152714 -51557
-152696 -51546
-157858 -64921
-157688 -64820
-147711 -68308
-147834 -68438
-144107 -66400
-143413 -67249
-143808 -66173
-143851 -65966
-150522 -61358
-150728 -61593
-152696 -51546
-152747 -51494
-159383 -62173
-159172 -62179
-155268 -60100
-155499 -60242
-157688 -64820
-157545 -64529
-159172 -62179
-159112 -62040
-147834 -68438
-147818 -68601
-143851 -65966
-143838 -65919
-152747 -51494
-152448 -51115
-143413 -67249
-143397 -67225
-156852 -66383
-156966 -66242
-155499 -60242
-155379 -60481
-158248 -64819
-158247 -64952
-159112 -62040
-158985 -61912
-146003 -68564
-146274 -68482
-143397 -67225
-143377 -67225
-156966 -66242
-157003 -66046
-155379 -60481
-155297 -60702
-158247 -64952
-158266 -65113
-158985 -61912
-158803 -61765
-146274 -68482
-146298 -68393
-143377 -67225
-143308 -67237
-142679 -62317
-142670 -62455
-157003 -66046
-157130 -65901
-155297 -60702
-155231 -60915
-158266 -65113
-158234 -65330
-146298 -68393
-146349 -68193
-143308 -67237
-143312 -67298
-142670 -62455
-142593 -62678
-154800 -51160
-155052 -51561
-157130 -65901
-157248 -66009
-155231 -60915
-155251 -61067
-152156 -64037
-152203 -64244
-143312 -67298
-143087 -67341
-142593 -62678
-142573 -63201
-155100 -62109
-154858 -62358
-155251 -61067
-155438 -61291
-152203 -64244
-152166 -64343
-154858 -62358
-154637 -62377
-155438 -61291
-155542 -61583
-155917 -54301
-155781 -54457
-152166 -64343
-151950 -64557
-155781 -54457
-155753 -54623
-151392 -68560
-151214 -68468
-151950 -64557
-151795 -64840
-154637 -62377
-154383 -62498
-145352 -68690
-145559 -68787
-145559 -68787
-145774 -68801
-145774 -68801
-146021 -68909
-156270 -64610
-156191 -64449
-156191 -64449
-156185 -64171
-156185 -64171
-156064 -64002
-156064 -64002
-156005 -63834
-156005 -63834
-155808 -63562
-155808 -63562
-155717 -63367
-155717 -63367
-155620 -63224
-148102 -63960
-147999 -64115
-147999 -64115
-147882 -64253
-147882 -64253
-148037 -64397
-148037 -64397
-148104 -64605
-149996 -64486
-150211 -64506
-150211 -64506
-150476 -64580
-155753 -54623
-155747 -54738
-151795 -64840
-151717 -64882
-145050 -56933
-145286 -56926
-153042 -53121
-153219 -53338
-142235 -52371
-142199 -52416
-155747 -54738
-155689 -54926
-156712 -53334
-156528 -53248
-151717 -64882
-151565 -65069
-145286 -56926
-145446 -56931
-150481 -54363
-149397 -55340
-142199 -52416
-142021 -52608
-151565 -65069
-151377 -65324
-145446 -56931
-145625 -56734
-149397 -55340
-149269 -55447
-143413 -53206
-143556 -53333
-142021 -52608
-141433 -52891
-156712 -53334
-156874 -53134
-143693 -57599
-143611 -57820
-149964 -53703
-149582 -54018
-143437 -57516
-143693 -57599
-156874 -53134
-157013 -53134
-143611 -57820
-143519 -57943
-149582 -54018
-150041 -54497
-144084 -53311
-144160 -53526
-157013 -53134
-157198 -53052
-150041 -54497
-149269 -55447
-144160 -53526
-144130 -53702
-143519 -57943
-143582 -58120
-157198 -53052
-157363 -52973
-149269 -55447
-149190 -54879
-144130 -53702
-144163 -53830
-143582 -58120
-143633 -58324
-156712 -53334
-156331 -52222
-143633 -58324
-143706 -58408
-149190 -54879
-148927 -54464
-146220 -52821
-145988 -52876
-150172 -52111
-149902 -52237
-151533 -66765
-151735 -66772
-143706 -58408
-143699 -58621
-150186 -56914
-150228 -56788
-149902 -52237
-149530 -52188
-151735 -66772
-151878 -66813
-146411 -57596
-146304 -57320
-150292 -56121
-150134 -56202
-149530 -52188
-149539 -52180
-151878 -66813
-152033 -66725
-146304 -57320
-146118 -57386
-150134 -56202
-149941 -56189
-149539 -52180
-149557 -52162
-141635 -53006
-141764 -53217
-151380 -66896
-151232 -66786
-146118 -57386
-145955 -57403
-149941 -56189
-149908 -56385
-149557 -52162
-149608 -52146
-141764 -53217
-141858 -53299
-159191 -66897
-159046 -66626
-145955 -57403
-145795 -57504
-149908 -56385
-149875 -56653
-149608 -52146
-149610 -52067
-141858 -53299
-142142 -53318
-151380 -66896
-151533 -66765
-149875 -56653
-150003 -56866
-149610 -52067
-149591 -51937
-142308 -53304
-142142 -53318
-157556 -57919
-157609 -58075
-144454 -66555
-144659 -66656
-150003 -56866
-150186 -56914
-149591 -51937
-149635 -51749
-142142 -53318
-141993 -53089
-157609 -58075
-157594 -58247
-144659 -66656
-144774 -66740
-149965 -65306
-149815 -65119
-149635 -51749
-149638 -51604
-141993 -53089
-141865 -52958
-157594 -58247
-157652 -58518
-144774 -66740
-145023 -66875
-149815 -65119
-149653 -64868
-154338 -53152
-154046 -53421
-149638 -51604
-149639 -51324
-141865 -52958
-141635 -53006
-157652 -58518
-157647 -58666
-149665 -66862
-149545 -66894
-154046 -53421
-153808 -53582
-145988 -52876
-146412 -53379
-149639 -51324
-149519 -51173
-157647 -58666
-157629 -58815
-149255 -66648
-149545 -66894
-153808 -53582
-153618 -53681
-146412 -53379
-146412 -53392
-157629 -58815
-157486 -59057
-145023 -66875
-145242 -66786
-153618 -53681
-153450 -53801
-146412 -53392
-146559 -54049
-144792 -52826
-144723 -53083
-145242 -66786
-145516 -66739
-146559 -54049
-146537 -54061
-153450 -53801
-153292 -53528
-144723 -53083
-144650 -53115
-140436 -55377
-140305 -55389
-145516 -66739
-145641 -66473
-146537 -54061
-146562 -54165
-153292 -53528
-153219 -53338
-144650 -53115
-144384 -53207
-140391 -54337
-140392 -54471
-145641 -66473
-145624 -66290
-146562 -54165
-146529 -54274
-153450 -53801
-153305 -53772
-144384 -53207
-144328 -53169
-142522 -56160
-142742 -56128
-140392 -54471
-140390 -54725
-145511 -57357
-145293 -57433
-146032 -54213
-146529 -54274
-144328 -53169
-144084 -53311
-142742 -56128
-142827 -56294
-140390 -54725
-140375 -54968
-151214 -68468
-150975 -68358
-154343 -66116
-154554 -66382
-154383 -62498
-154349 -62631
-151696 -68539
-151912 -68336
-148960 -67326
-148700 -67350
-147328 -66380
-147398 -66201
-154349 -62631
-154382 -62824
-151912 -68336
-152199 -68301
-148700 -67350
-148490 -67353
-147398 -66201
-147637 -66165
-149136 -65869
-149106 -65814
-154382 -62824
-154335 -63019
-157244 -67123
-157045 -67207
-156249 -65855
-156246 -65636
-151657 -68488
-151696 -68539
-147637 -66165
-147824 -66068
-154335 -63019
-154212 -63199
-157045 -67207
-156915 -67252
-154747 -68147
-154877 -68406
-156246 -65636
-156461 -65440
-158606 -62819
-158479 -62976
-147824 -66068
-148116 -66262
-148297 -61338
-148035 -61616
-151475 -68993
-151317 -68820
-154877 -68406
-155103 -68489
-156915 -67252
-156773 -67344
-156461 -65440
-156561 -65245
-158479 -62976
-158242 -63198
-151317 -68820
-151392 -68560
-148116 -66262
-148254 -66380
-148035 -61616
-148205 -61805
-145445 -60804
-145288 -61012
-156773 -67344
-156567 -67378
-156561 -65245
-156707 -65028
-150166 -68076
-149972 -68279
-145342 -67852
-145093 -67851
-148205 -61805
-148340 -62003
-145288 -61012
-145071 -61043
-156567 -67378
-156624 -67102
-156707 -65028
-156788 -64969
-149972 -68279
-149725 -68368
-145093 -67851
-144903 -67909
-146692 -62455
-146908 -62546
-148340 -62003
-148226 -62227
-145071 -61043
-144881 -61097
-156624 -67102
-156759 -66922
-156788 -64969
-156803 -64733
-155620 -63224
-155371 -63985
-149725 -68368
-149514 -68527
-144903 -67909
-144750 -67976
-146908 -62546
-147041 -62490
-146082 -61738
-146011 -61935
-144881 -61097
-144717 -61212
-156759 -66922
-156958 -66720
-156803 -64733
-156612 -64480
-149514 -68527
-149281 -68448
-154212 -63199
-154413 -63334
-147041 -62490
-147172 -62470
-146011 -61935
-145971 -62220
-144717 -61212
-144541 -61482
-156612 -64480
-156571 -64251
-149281 -68448
-149085 -68463
-153322 -67365
-153461 -67485
-153787 -67162
-153533 -67181
-154413 -63334
-154618 -63446
-147172 -62470
-147416 -62391
-144541 -61482
-144281 -61495
-148766 -61420
-148823 -61666
-149085 -68463
-148984 -68497
-153461 -67485
-153500 -67692
-153533 -67181
-153322 -67365
-154618 -63446
-154660 -63539
-148823 -61666
-148836 -61780
-147818 -68601
-148000 -68633
-148984 -68497
-148747 -68253
-153500 -67692
-153273 -67809
-148320 -67267
-148490 -67353
-154660 -63539
-154707 -63775
-148836 -61780
-148812 -61993
-141438 -51525
-141717 -51401
-154707 -63775
-154880 -63557
-148000 -68633
-148205 -68653
-148747 -68253
-148658 -68086
-148812 -61993
-148742 -62216
-141717 -51401
-141982 -51486
-154880 -63557
-154968 -63476
-148205 -68653
-148411 -68713
-148658 -68086
-148549 -67918
-141438 -51525
-141413 -51394
-155363 -68295
-155103 -68489
-154968 -63476
-155162 -63709
-148411 -68713
-148555 -68789
-150085 -66085
-149864 -66358
-144468 -62085
-144248 -62145
-143994 -60879
-144219 -61110
-156133 -68910
-155994 -68784
-144647 -51208
-144757 -51329
-155994 -68784
-155782 -69019
-155162 -63709
-155371 -63985
-148555 -68789
-148717 -68961
-151657 -68488
-151536 -68347
-149864 -66358
-149625 -66255
-144219 -61110
-144289 -61293
-149224 -59235
-149190 -59422
-144757 -51329
-144872 -51504
-151536 -68347
-151355 -68174
-149625 -66255
-149490 -66112
-144434 -63506
-144110 -63466
-144289 -61293
-144281 -61495
-149190 -59422
-149257 -59633
-144872 -51504
-144899 -51492
-142177 -58994
-142202 -59014
-151355 -68174
-151155 -68166
-149490 -66112
-149288 -66005
-144110 -63466
-144108 -63474
-149257 -59633
-149031 -59703
-144899 -51492
-144898 -51485
-142202 -59014
-142473 -59296
-150031 -68986
-150134 -68740
-151155 -68166
-151055 -68186
-149288 -66005
-149136 -65869
-144108 -63474
-144076 -63520
-149031 -59703
-148878 -59845
-148904 -55780
-149183 -55770
-144898 -51485
-145408 -51403
-151055 -68186
-150810 -68162
-151392 -66304
-151563 -66338
-149701 -65736
-149510 -65711
-144076 -63520
-144020 -63579
-152606 -60890
-152487 -60754
-147599 -59594
-147392 -59682
-149183 -55770
-149400 -55877
-155750 -65906
-155569 -65946
-151004 -68476
-150963 -68355
-149510 -65711
-149322 -65726
-144020 -63579
-143909 -63587
-152487 -60754
-152414 -60699
-147392 -59682
-147210 -59843
-149885 -69034
-149823 -68811
-155569 -65946
-155409 -65999
-149823 -68811
-149582 -68756
-149322 -65726
-149106 -65814
-143909 -63587
-143683 -63655
-152414 -60699
-152200 -60720
-146396 -59449
-146626 -59411
-155409 -65999
-155308 -66143
-149582 -68756
-149514 -68527
-148490 -67353
-148549 -67178
-148911 -65782
-149106 -65814
-143683 -63655
-143580 -63793
-152200 -60720
-152012 -60731
-146626 -59411
-146851 -59386
-151185 -63925
-150950 -63962
-141651 -52029
-141555 -52051
-150950 -63962
-150911 -64079
-150911 -64079
-150902 -64264
-150902 -64264
-150759 -64413
-150759 -64413
-150476 -64580
-142153 -51906
-141651 -52029
-141651 -52029
-141584 -51804
-141584 -51804
-141438 -51525
-146439 -51744
-146486 -52027
-147990 -51723
-147935 -51989
-147935 -51989
-147603 -51937
-147603 -51937
-146439 -51744
-145328 -64524
-145601 -64506
-145601 -64506
-145801 -64481
-153662 -63181
-153634 -63446
-143057 -53910
-143317 -53896
-153634 -63446
-153499 -63594
-153499 -63594
-153370 -63840
-153370 -63840
-153393 -63985
-153393 -63985
-153267 -64158
-153267 -64158
-153169 -64351
-153169 -64351
-152951 -64534
-152951 -64534
-152928 -64297
-155308 -66143
-155205 -66346
-146851 -59386
-147067 -59538
-145293 -57433
-145132 -57552
-144084 -53311
-144116 -53099
-142827 -56294
-142970 -56127
-140375 -54968
-140372 -55073
-141887 -54118
-141599 -54075
-154343 -66116
-154554 -66144
-147067 -59538
-147148 -59666
-145132 -57552
-144987 -57505
-144116 -53099
-144088 -52923
-142970 -56127
-143182 -56039
-140372 -55073
-140352 -55092
-141599 -54075
-141588 -54099
-154554 -66144
-154666 -66181
-147148 -59666
-147210 -59843
-144987 -57505
-144825 -57485
-144088 -52923
-143958 -52834
-140352 -55092
-140343 -55143
-141588 -54099
-141588 -54270
-158227 -55799
-158352 -55870
-154666 -66181
-154853 -66208
-143958 -52834
-143793 -52815
-140343 -55143
-140305 -55389
-141292 -54196
-141431 -54247
-154853 -66208
-155060 -66236
-156700 -57911
-156505 -57920
-155516 -53460
-155315 -53456
-158505 -55756
-158352 -55870
-154183 -65151
-154320 -65243
-147493 -57907
-147507 -58065
-143793 -52815
-143639 -52770
-142744 -54986
-142859 -55170
-141431 -54247
-141588 -54270
-156505 -57920
-156353 -57893
-155060 -66236
-155205 -66346
-155315 -53456
-155148 -53471
-147507 -58065
-147494 -58203
-143639 -52770
-143607 -52677
-142859 -55170
-143101 -55359
-148503 -64636
-148486 -64904
-156353 -57893
-156086 -58036
-155148 -53471
-154937 -53664
-151563 -66338
-151650 -66216
-147494 -58203
-147537 -58470
-143607 -52677
-143567 -52580
-143101 -55359
-143269 -55254
-148486 -64904
-148436 -65154
-156086 -58036
-155875 -58065
-154937 -53664
-154745 -53788
-147537 -58470
-147249 -58485
-143269 -55254
-143448 -55121
-143567 -52580
-143550 -52541
-155875 -58065
-155740 -58036
-148436 -65154
-148557 -65190
-147249 -58485
-147111 -58445
-141569 -55184
-141465 -55194
-143550 -52541
-143540 -52527
-155908 -67923
-155933 -67809
-150751 -66064
-150488 -66147
-148557 -65190
-148782 -65133
-147111 -58445
-146953 -58487
-141465 -55194
-141430 -55220
-143540 -52527
-143538 -52521
-155933 -67809
-155688 -67579
-150488 -66147
-150487 -66319
-148782 -65133
-148938 -65022
-146953 -58487
-146794 -58589
-153054 -53938
-153294 -54172
-141430 -55220
-141393 -55255
-143538 -52521
-143867 -52139
-155296 -65188
-155304 -65183
-155287 -58583
-155104 -58400
-148549 -67918
-148473 -67875
-150487 -66319
-150299 -66205
-153294 -54172
-153565 -54132
-141393 -55255
-141384 -55261
-142308 -53304
-142520 -53286
-155104 -58400
-154874 -58274
-156150 -51703
-156331 -52222
-148549 -67918
-148680 -67773
-150299 -66205
-150085 -66085
-144597 -52136
-144671 -52257
-140421 -58824
-140598 -58873
-141384 -55261
-140436 -55377
-142235 -52371
-142267 -52602
-154874 -58274
-154676 -58197
-156331 -52222
-155297 -51912
-148680 -67773
-148897 -67779
-144671 -52257
-144738 -52499
-140598 -58873
-140774 -58913
-141909 -54042
-141989 -54090
-142267 -52602
-142243 -52763
-155809 -64876
-155623 -64910
-155297 -51912
-155052 -51561
-148897 -67779
-148959 -67539
-154676 -58197
-154496 -58140
-144738 -52499
-144775 -52692
-140774 -58913
-140917 -58962
-141989 -54090
-142012 -54124
-142243 -52763
-142295 -52846
-155520 -67897
-155246 -67794
-155623 -64910
-155463 -64872
-151437 -65739
-151486 -66027
-154496 -58140
-154255 -58110
-144595 -55474
-144716 -55587
-144775 -52692
-144792 -52826
-140917 -58962
-141077 -59021
-142012 -54124
-142281 -54215
-142295 -52846
-142303 -52869
-155246 -67794
-155027 -67643
-155463 -64872
-155386 -65044
-151486 -66027
-151392 -66304
-154255 -58110
-154048 -58096
-144716 -55587
-144487 -55850
-146486 -52027
-146425 -52201
-141077 -59021
-141238 -58957
-142281 -54215
-142493 -54067
-142303 -52869
-142320 -53019
-140458 -51912
-140527 -52204
-155688 -67579
-155544 -67683
-155386 -65044
-155304 -65183
-146097 -66128
-145839 -66191
-154048 -58096
-153876 -58117
-146032 -54213
-145849 -53995
-146425 -52201
-146220 -52821
-141238 -58957
-141427 -58938
-142320 -53019
-142308 -53304
-155544 -67683
-155520 -67897
-155371 -63985
-155271 -64260
-145839 -66191
-145624 -66290
-153876 -58117
-153742 -58164
-145849 -53995
-145798 -53941
-141427 -58938
-141600 -58997
-155271 -64260
-155222 -64505
-145624 -66290
-145706 -66033
-145798 -53941
-145514 -53615
-141600 -58997
-141665 -59003
-155222 -64505
-155205 -64743
-151935 -66277
-152085 -66189
-149882 -57478
-149820 -57432
-149403 -53485
-149561 -53720
-141665 -59003
-141894 -59024
-155205 -64743
-155298 -64970
-155689 -54926
-155545 -55173
-152085 -66189
-152267 -66160
-149820 -57432
-149830 -57376
-149561 -53720
-149755 -53763
-141894 -59024
-142177 -58994
-155298 -64970
-155304 -65183
-155545 -55173
-155276 -55395
-156528 -53248
-156289 -53223
-148437 -67669
-148473 -67875
-152267 -66160
-152358 -66102
-144825 -57485
-144712 -57775
-149830 -57376
-149975 -57358
-150966 -56251
-150819 -56224
-152179 -54696
-152152 -54449
-149755 -53763
-149861 -53629
-155276 -55395
-155044 -55583
-156289 -53223
-156129 -53243
-145342 -67852
-145446 -67861
-152358 -66102
-152584 -66140
-144712 -57775
-144490 -58058
-149975 -57358
-150162 -57414
-150819 -56224
-150663 -56175
-145514 -53615
-144749 -53773
-159349 -58992
-159158 -59006
-146503 -67345
-146604 -67076
-152928 -64297
-152886 -64125
-152012 -60731
-151867 -60714
-146604 -67076
-146789 -67011
-152886 -64125
-152597 -64126
-156792 -68899
-157042 -68675
-153592 -68751
-153746 -68839
-146789 -67011
-146656 -66848
-152597 -64126
-152488 -64006
-144062 -58851
-144146 -59081
-142469 -51237
-142470 -51304
-146656 -66848
-146466 -66730
-152488 -64006
-152343 -64019
-144146 -59081
-144236 -59231
-142470 -51304
-141982 -51486
-146466 -66730
-146348 -66645
-152343 -64019
-152156 -64037
-144236 -59231
-144407 -59229
-153427 -51468
-153467 -50907
-157545 -64529
-157550 -64315
-149864 -66358
-149856 -66565
-144553 -59101
-144805 -59215
-142808 -66057
-142885 -66211
-157458 -68465
-157371 -68300
-157550 -64315
-157528 -64127
-149856 -66565
-149864 -66691
-144805 -59215
-144979 -59074
-146666 -56841
-146609 -56900
-142885 -66211
-142977 -66473
-157371 -68300
-157434 -68130
-157528 -64127
-157341 -64011
-149864 -66691
-149665 -66862
-152881 -60026
-152981 -60245
-144979 -59074
-145097 -59055
-142977 -66473
-143015 -66579
-157434 -68130
-157492 -67965
-157341 -64011
-157132 -64009
-157889 -66128
-157829 -66340
-152981 -60245
-152851 -60391
-145097 -59055
-145273 -58998
-143015 -66579
-143025 -66789
-157492 -67965
-157680 -67871
-157132 -64009
-157006 -63945
-157829 -66340
-157953 -66487
-152851 -60391
-152624 -60399
-145273 -58998
-145508 -59134
-143025 -66789
-143047 -66990
-157006 -63945
-156932 -63694
-157680 -67871
-157728 -67672
-157953 -66487
-158038 -66606
-145328 -64524
-145425 -64704
-152624 -60399
-152714 -60587
-143047 -66990
-143054 -66949
-156932 -63694
-156930 -63458
-158038 -66606
-158229 -66696
-145425 -64704
-145434 -64822
-152714 -60587
-152714 -60695
-143054 -66949
-143056 -66996
-141625 -60820
-141862 -60893
-156930 -63458
-156888 -63297
-155100 -62109
-155052 -62008
-158229 -66696
-158441 -66745
-145434 -64822
-145433 -64862
-152714 -60695
-152606 -60890
-148671 -58218
-148693 -58405
-143056 -66996
-143029 -67008
-156888 -63297
-156646 -63106
-158441 -66745
-158648 -66845
-145433 -64862
-145524 -65153
-148693 -58405
-148614 -58565
-146321 -56623
-146082 -56780
-143029 -67008
-143059 -67112
-143231 -60345
-143184 -60566
-156646 -63106
-156386 -63142
-145524 -65153
-145608 -65297
-147855 -62452
-148013 -62616
-148614 -58565
-148748 -58835
-146082 -56780
-145865 -56870
-143059 -67112
-143087 -67341
-143184 -60566
-143229 -60705
-156386 -63142
-156197 -63065
-145608 -65297
-145518 -65545
-148013 -62616
-148222 -62762
-148748 -58835
-149022 -58970
-144487 -55850
-144483 -56118
-143229 -60705
-143412 -60654
-156197 -63065
-156000 -63071
-154554 -66382
-154771 -66442
-145518 -65545
-145254 -65801
-148222 -62762
-148499 -62848
-146364 -59607
-146360 -59794
-149022 -58970
-149224 -59235
-144483 -56118
-144615 -56368
-143412 -60654
-143550 -60623
-155331 -69040
-155390 -68811
-154771 -66442
-154855 -66616
-156000 -63071
-155992 -63001
-148499 -62848
-148324 -63001
-146360 -59794
-146326 -60081
-146794 -58589
-146556 -58506
-144615 -56368
-144803 -56633
-143550 -60623
-143777 -60682
-154855 -66616
-155102 -66850
-158242 -63198
-158017 -63391
-143777 -60682
-143994 -60879
-146326 -60081
-146199 -60239
-146556 -58506
-146414 -58757
-144803 -56633
-144848 -56892
-155102 -66850
-155354 -66797
-158017 -63391
-158028 -63582
-153651 -61361
-153497 -61624
-146199 -60239
-146119 -60432
-145104 -60107
-145160 -60310
-146414 -58757
-146414 -58967
-141342 -56279
-141476 -56320
-158028 -63582
-158015 -63762
-152033 -66725
-152263 -66715
-153497 -61624
-153249 -61771
-145160 -60310
-145206 -60436
-146414 -58967
-146420 -59234
-141476 -56320
-141530 -56352
-158015 -63762
-157996 -63894
-152263 -66715
-152536 -66663
-153249 -61771
-153015 -61749
-145206 -60436
-144962 -60472
-145684 -58306
-145812 -58477
-141530 -56352
-141634 -56469
-149545 -66894
-149399 -67060
-158683 -66807
-158648 -66845
-157996 -63894
-157864 -64074
-143983 -68402
-143835 -68534
-153015 -61749
-152724 -61919
-144962 -60472
-144905 -60655
-145812 -58477
-146009 -58629
-141634 -56469
-141663 -56497
-154082 -66167
-154122 -66364
-149399 -67060
-149252 -67222
-157864 -64074
-157747 -64275
-143835 -68534
-143660 -68588
-152724 -61919
-152543 -62155
-144905 -60655
-145102 -60826
-146009 -58629
-146074 -58814
-143062 -68215
-143082 -68007
-141663 -56497
-141660 -56510
-150162 -57414
-150312 -57479
-143580 -63793
-143456 -63953
-150312 -57479
-150540 -57488
-143456 -63953
-143274 -63880
-150540 -57488
-150730 -57418
-143274 -63880
-143120 -63902
-150730 -57418
-150902 -57265
-143120 -63902
-142967 -63983
-159128 -57381
-159251 -57523
-144461 -57265
-144589 -57468
-144589 -57468
-144825 -57485
-151143 -63557
-151357 -63814
-151357 -63814
-151185 -63925
-143677 -57135
-143727 -57326
-147771 -63376
-147992 -63424
-143727 -57326
-143437 -57516
-147992 -63424
-148213 -63473
-148213 -63473
-148187 -63649
-148187 -63649
-148069 -63813
-148069 -63813
-148102 -63960
-144825 -68953
-144902 -68790
-144902 -68790
-145154 -68691
-150624 -63896
-150855 -63891
-145154 -68691
-145352 -68690
-150855 -63891
-151020 -63897
-151020 -63897
-151185 -63925
-145511 -57357
-145795 -57504
-157033 -56829
-157087 -57018
-155044 -55583
-154831 -55480
-156129 -53243
-155939 -53280
-143660 -68588
-143578 -68701
-149252 -67222
-149149 -67298
-151650 -66216
-151935 -66277
-152543 -62155
-152265 -62215
-145102 -60826
-145258 -60815
-150663 -56175
-150492 -56205
-145091 -52984
-144837 -53224
-141660 -56510
-141663 -56532
-154831 -55480
-154624 -55552
-149149 -67298
-148960 -67326
-147601 -65399
-147791 -65420
-152265 -62215
-151995 -62386
-145258 -60815
-145445 -60804
-150492 -56205
-150292 -56121
-144837 -53224
-144858 -53401
-143578 -68701
-143421 -68848
-141663 -56532
-141807 -56878
-142760 -53162
-142520 -53286
-147791 -65420
-147955 -65637
-151995 -62386
-151874 -62476
-146555 -60603
-146681 -60571
-145865 -56870
-145625 -56734
-154624 -55552
-154449 -55802
-144858 -53401
-144837 -53600
-142985 -52563
-142919 -52578
-147955 -65637
-148073 -65824
-151874 -62476
-151754 -62486
-146681 -60571
-146855 -60595
-144837 -53600
-144749 -53773
-140459 -58533
-140459 -58533
-142919 -52578
-142911 -52575
-155086 -68616
-154800 -68754
-148073 -65824
-148158 -65946
-151754 -62486
-151577 -62476
-146855 -60595
-147115 -60603
-140447 -58532
-140447 -58532
-142911 -52575
-142627 -52782
-154800 -68754
-154591 -68900
-148158 -65946
-148128 -66127
-147115 -60603
-147304 -60537
-142627 -52782
-142448 -52995
-148128 -66127
-148116 -66262
-153731 -65129
-153978 -65122
-147304 -60537
-147404 -60674
-141847 -57949
-142123 -58939
-142448 -52995
-142476 -53044
-154591 -68900
-154407 -68803
-155740 -58036
-155734 -57858
-155729 -55801
-155778 -55633
-154407 -68803
-154241 -68917
-153978 -65122
-154183 -65151
-147404 -60674
-147466 -60841
-148927 -54464
-148580 -54681
-142123 -58939
-142177 -58994
-142476 -53044
-142520 -53286
-155734 -57858
-155615 -57712
-155778 -55633
-155831 -55502
-158400 -56758
-158192 -56771
-145466 -60834
-145564 -60794
-148580 -54681
-147939 -54363
-142416 -65163
-142416 -65163
-155831 -55502
-155886 -55305
-158192 -56771
-158002 -56708
-152152 -54449
-151929 -54359
-142404 -65142
-142404 -65142
-141847 -57949
-141653 -58034
-156013 -66217
-155917 -66106
-155886 -55305
-155918 -55084
-158002 -56708
-157826 -56774
-151929 -54359
-151747 -54377
-141653 -58034
-141483 -58000
-142187 -57837
-142411 -58027
-155917 -66106
-155750 -65906
-157826 -56774
-157596 -56813
-151747 -54377
-151585 -54599
-142411 -58027
-142417 -58015
-141483 -58000
-141339 -57978
-157596 -56813
-157311 -56637
-151948 -65679
-151889 -65836
-151585 -54599
-151311 -54598
-142417 -58015
-143286 -58406
-141339 -57978
-141106 -57856
-142922 -53754
-142702 -53730
-157311 -56637
-157174 -56588
-151889 -65836
-151842 -65993
-143286 -58406
-143306 -58460
-141106 -57856
-141040 -57825
-143413 -53206
-143341 -53383
-157174 -56588
-156972 -56593
-151842 -65993
-151650 -66216
-143306 -58460
-143353 -58435
-141040 -57825
-141066 -57804
-143341 -53383
-143283 -53538
-153760 -66126
-153636 -66115
-145445 -60804
-145466 -60834
-143353 -58435
-143506 -58507
-141066 -57804
-141076 -57787
-143283 -53538
-143087 -53712
-144750 -67976
-144396 -67505
-153636 -66115
-153523 -65898
-141076 -57787
-140215 -57930
-143087 -53712
-142922 -53754
-144396 -67505
-144349 -67522
-153523 -65898
-153322 -65824
-140652 -59401
-140707 -59669
-142100 -53541
-142344 -53686
-144349 -67522
-144285 -67532
-153322 -65824
-153192 -65643
-151311 -54598
-151087 -54610
-140707 -59669
-140734 -59876
-141708 -55694
-141518 -55882
-142344 -53686
-142507 -53632
-144285 -67532
-144155 -67516
-152951 -64534
-153161 -64631
-151579 -59175
-151472 -59253
-151087 -54610
-150874 -54554
-140734 -59876
-140786 -60154
-141518 -55882
-141491 -55949
-142507 -53632
-142702 -53730
-144155 -67516
-144024 -67603
-153161 -64631
-153395 -64814
-151472 -59253
-151283 -59356
-150874 -54554
-150732 -54413
-140786 -60154
-140911 -60338
-142456 -56792
-142460 -56842
-141491 -55949
-141472 -55988
-142702 -53730
-142695 -53453
-144024 -67603
-144033 -68029
-153395 -64814
-153525 -64967
-144248 -62145
-144082 -62048
-151283 -59356
-151281 -59458
-146666 -56841
-146760 -56660
-150732 -54413
-150481 -54363
-140911 -60338
-140919 -60616
-141472 -55988
-141342 -56279
-142695 -53453
-142723 -53398
-144033 -68029
-144026 -68015
-153525 -64967
-153731 -65129
-144082 -62048
-143988 -62097
-151281 -59458
-151352 -59699
-146760 -56660
-146915 -56536
-153942 -55319
-154072 -55224
-140919 -60616
-140802 -60823
-140436 -55377
-140507 -55608
-142723 -53398
-142760 -53162
-144026 -68015
-143937 -67967
-143988 -62097
-143782 -62172
-146915 -56536
-146935 -56333
-154072 -55224
-154261 -55153
-150593 -53612
-150425 -53571
-140507 -55608
-140744 -55720
-157747 -64275
-157545 -64529
-145446 -67861
-145361 -67621
-154122 -66364
-154147 -66547
-146074 -58814
-146217 -58936
-145361 -67621
-145340 -67556
-154147 -66547
-154220 -66751
-146217 -58936
-146252 -59081
-145340 -67556
-145244 -67461
-154220 -66751
-154424 -66817
-146252 -59081
-146420 -59234
-145244 -67461
-145207 -67421
-144975 -61200
-144768 -61358
-145207 -67421
-145211 -67416
-150937 -66169
-150839 -66371
-148766 -61420
-148986 -61381
-144768 -61358
-144496 -61561
-144553 -59101
-144407 -59229
-144310 -51296
-144152 -51416
-145211 -67416
-145023 -66875
-150839 -66371
-150638 -66380
-144496 -61561
-144515 -61759
-148599 -61319
-148766 -61420
-144152 -51416
-144008 -51374
-158576 -51424
-158400 -51356
-146745 -67858
-146692 -67576
-150638 -66380
-150523 -66592
-149877 -63644
-150049 -63757
-144515 -61759
-144484 -61945
-140365 -51186
-140339 -51469
-159023 -51359
-158887 -51415
-146692 -67576
-146503 -67345
-150523 -66592
-150423 -66785
-150049 -63757
-150280 -63787
-144484 -61945
-144468 -62085
-152558 -59307
-152472 -59427
-140339 -51469
-140401 -51619
-158887 -51415
-158707 -51372
-148135 -67670
-148028 -67714
-150423 -66785
-150242 -66729
-150280 -63787
-150428 -63797
-144281 -61495
-144055 -61707
-152472 -59427
-152284 -59554
-140401 -51619
-140458 -51912
-150428 -63797
-150624 -63896
-155782 -65705
-155650 -65576
-158707 -51372
-158576 -51424
-148028 -67714
-148003 -67808
-150242 -66729
-150105 -66821
-144055 -61707
-143921 -61877
-152284 -59554
-152286 -59714
-151156 -51206
-150797 -51908
-155650 -65576
-155539 -65576
-159046 -66626
-158886 -66723
-148003 -67808
-147970 -67828
-143921 -61877
-143663 -61965
-148599 -61319
-148459 -61356
-152286 -59714
-152303 -59906
-158639 -68885
-158548 -68682
-155539 -65576
-155463 -65440
-158886 -66723
-158683 -66807
-147970 -67828
-147694 -67812
-143663 -61965
-143585 -62016
-148459 -61356
-148297 -61338
-152303 -59906
-152141 -60188
-155463 -65440
-155296 -65188
-147384 -67439
-147342 -67653
-154554 -66382
-154499 -66651
-143585 -62016
-143530 -62053
-148986 -61381
-149189 -61258
-152141 -60188
-151978 -60165
-142907 -51728
-142153 -51906
-147342 -67653
-147329 -67749
-154499 -66651
-154424 -66817
-144467 -65786
-144328 -65451
-149189 -61258
-149236 -61043
-151978 -60165
-151824 -60361
-145827 -51690
-145785 -51709
-143530 -62053
-143490 -62070
-158683 -66807
-158506 -66592
-144750 -67976
-144512 -68259
-147329 -67749
-147601 -67816
-144328 -65451
-144322 -65446
-149236 -61043
-149348 -60929
-151824 -60361
-151540 -60219
-145785 -51709
-145776 -51709
-143490 -62070
-143476 -62066
-158634 -50898
-158576 -51424
-158506 -66592
-158531 -66429
-144512 -68259
-144357 -68299
-144322 -65446
-144331 -65431
-149348 -60929
-149573 -60958
-151540 -60219
-151504 -60097
-145776 -51709
-145766 -51717
-143476 -62066
-143462 -62051
-158531 -66429
-158766 -66368
-144357 -68299
-144205 -68340
-144331 -65431
-144342 -65383
-149573 -60958
-149856 -61004
-151504 -60097
-151354 -59852
-145766 -51717
-145385 -51872
-143462 -62051
-142453 -61681
-158766 -66368
-158909 -66206
-144205 -68340
-143983 -68402
-144342 -65383
-144389 -65300
-153651 -61361
-153554 -61194
-151354 -59852
-151352 -59699
-158909 -66206
-158953 -65957
-144389 -65300
-144413 -65140
-153554 -61194
-153332 -61044
-142801 -60283
-142987 -60231
-158953 -65957
-159104 -65685
-144413 -65140
-144580 -65033
-153332 -61044
-153066 -61147
-142987 -60231
-143231 -60345
-144580 -65033
-144679 -64916
-145249 -63406
-145169 -63564
-153066 -61147
-152948 -61256
-143231 -60345
-143475 -60306
-144679 -64916
-144799 -64728
-145169 -63564
-145063 -63717
-152948 -61256
-152734 -61372
-143475 -60306
-143718 -60248
-159390 -51305
-159245 -51288
-159245 -51288
-159023 -51359
-148911 -65782
-149068 -65537
-145063 -63717
-144805 -63841
-152734 -61372
-152617 -61134
-143718 -60248
-144003 -60142
-155411 -66538
-155354 -66797
-149068 -65537
-149175 -65338
-144434 -63506
-144544 -63453
-152617 -61134
-152606 -60890
-159454 -64829
-159224 -64874
-153228 -52351
-153423 -52340
-153423 -52340
-153598 -52518
-153598 -52518
-153749 -52540
-153749 -52540
-153903 -52598
-157087 -57018
-157061 -57162
-149175 -65338
-149116 -65187
-154261 -55153
-154445 -55101
-150425 -53571
-150251 -53543
-140744 -55720
-140897 -55778
-157556 -57919
-157735 -57919
-157061 -57162
-157085 -57317
-149116 -65187
-148938 -65022
-144595 -55474
-144370 -55302
-154445 -55101
-154563 -55174
-150251 -53543
-149964 -53703
-140897 -55778
-141058 -55770
-157085 -57317
-157185 -57495
-157735 -57919
-157912 -58008
-150937 -66169
-150751 -66064
-144370 -55302
-144158 -55425
-154563 -55174
-154725 -55151
-149861 -53629
-149964 -53703
-141058 -55770
-140999 -55933
-154725 -55151
-154861 -55184
-157912 -58008
-158068 -57977
-154343 -66116
-154082 -66167
-151437 -65739
-151661 -65672
-144158 -55425
-144073 -55550
-140999 -55933
-140963 -56154
-154861 -55184
-155049 -55093
-158396 -67203
-158582 -67097
-158068 -57977
-158289 -57913
-154082 -66167
-153826 -65946
-151661 -65672
-151948 -65679
-149947 -59662
-150122 -59490
-144073 -55550
-143912 -55608
-140963 -56154
-141201 -56190
-155052 -62008
-155175 -61931
-156972 -56593
-157033 -56829
-155049 -55093
-155152 -55004
-158582 -67097
-158648 -66845
-151377 -65324
-151430 -65493
-150122 -59490
-150157 -59315
-149864 -57483
-149882 -57478
-143912 -55608
-143802 -55678
-141201 -56190
-141342 -56279
-155175 -61931
-155184 -61679
-155152 -55004
-155366 -54950
-151430 -65493
-151437 -65739
-150157 -59315
-150204 -59132
-149060 -57015
-149243 -57192
-143802 -55678
-143613 -55800
-155184 -61679
-155357 -61635
-155366 -54950
-155503 -54841
-149965 -65306
-149913 -65473
-150829 -58878
-151026 -59041
-149882 -57478
-150156 -57764
-149243 -57192
-149435 -57207
-155357 -61635
-155542 -61583
-155503 -54841
-155689 -54926
-149913 -65473
-149701 -65736
-151026 -59041
-151168 -58980
-150156 -57764
-150059 -57996
-149435 -57207
-149633 -57242
-155052 -62008
-154762 -61833
-145680 -60615
-145564 -60794
-151168 -58980
-151431 -58978
-149251 -57769
-149361 -57952
-149633 -57242
-149864 -57483
-153942 -55319
-153965 -55108
-154762 -61833
-154739 -61693
-157889 -66128
-158036 -66123
-151431 -58978
-151579 -59175
-149361 -57952
-149579 -57936
-153965 -55108
-154079 -54960
-154739 -61693
-154576 -61522
-158036 -66123
-158204 -66141
-159023 -51359
-159271 -51536
-153418 -68366
-153151 -68231
-149579 -57936
-149695 -57882
-154079 -54960
-154116 -54832
-141433 -52891
-141280 -53240
-158204 -66141
-158436 -66071
-159251 -57523
-159171 -57774
-159271 -51536
-159456 -51683
-154576 -61522
-154373 -61380
-149695 -57882
-149865 -57924
-154116 -54832
-154000 -54577
-141196 -53684
-141126 -54028
-141280 -53240
-141196 -53684
-158436 -66071
-158495 -65828
-159171 -57774
-159327 -58012
-150975 -68358
-150810 -68162
-154373 -61380
-154203 -61353
-149865 -57924
-150059 -57996
-141126 -54028
-141292 -54196
-158495 -65828
-158718 -65593
-150975 -68358
-150963 -68355
-154203 -61353
-154066 -61273
-149224 -59235
-149437 -59352
-152199 -68301
-152346 -68340
-153794 -67131
-154006 -67043
-152584 -66140
-152689 -66066
-149437 -59352
-149553 -59191
-152346 -68340
-152506 -68131
-154006 -67043
-154261 -67228
-152689 -66066
-152899 -66048
-149553 -59191
-149691 -59167
-149691 -59167
-149872 -59271
-158405 -53926
-158450 -54162
-149872 -59271
-150036 -59443
-150888 -58759
-150829 -58878
-158450 -54162
-158553 -54390
-146097 -66128
-146198 -65868
-150036 -59443
-149947 -59662
-147614 -57065
-147531 -57285
-148860 -52932
-149861 -53629
-156528 -53248
-156340 -53014
-158553 -54390
-158564 -54554
-146198 -65868
-146085 -65586
-144490 -58058
-144333 -58272
-147531 -57285
-147304 -57556
-158564 -54554
-158589 -54766
-146085 -65586
-146003 -65390
-144333 -58272
-144236 -58428
-147304 -57556
-147294 -57831
-150593 -53612
-150794 -53623
-158589 -54766
-158414 -54928
-146003 -65390
-146169 -65160
-144236 -58428
-144184 -58628
-147294 -57831
-147493 -57907
-150794 -53623
-150944 -53747
-158414 -54928
-158144 -55110
-152378 -67744
-152171 -67962
-146169 -65160
-146257 -65029
-144184 -58628
-144062 -58851
-150944 -53747
-150990 -53818
-141847 -57949
-142075 -57830
-144544 -63453
-144774 -63554
-143937 -67967
-143713 -68158
-151232 -66786
-151100 -66723
-143782 -62172
-143794 -62439
-146505 -50939
-145800 -51292
-143713 -68158
-143600 -68289
-144774 -63554
-144895 -63657
-143794 -62439
-143602 -62512
-145800 -51292
-145670 -51361
-143600 -68289
-143536 -68346
-144895 -63657
-144805 -63841
-143602 -62512
-143478 -62409
-145670 -51361
-145408 -51403
-155992 -63001
-155880 -62768
-143536 -68346
-143509 -68374
-143478 -62409
-143416 -62147
-141413 -51394
-141491 -51287
-155880 -62768
-155863 -62567
-149877 -63644
-149979 -63815
-153928 -61001
-153734 -61075
-143509 -68374
-143494 -68398
-143416 -62147
-143192 -62196
-141491 -51287
-141468 -51170
-155863 -62567
-155583 -62694
-149979 -63815
-149836 -64022
-153734 -61075
-153651 -61361
-143494 -68398
-143070 -68939
-143192 -62196
-143045 -62205
-149836 -64022
-149877 -64225
-147466 -60841
-147662 -60907
-142987 -68749
-143070 -68939
-143045 -62205
-142862 -62231
-147694 -67812
-147601 -67816
-149877 -64225
-149996 -64486
-147662 -60907
-147908 -61015
-142862 -62231
-142679 -62317
-153892 -68939
-154084 -68742
-141481 -51139
-141992 -51276
-147239 -68187
-147069 -68477
-147694 -67812
-147694 -67812
-147908 -61015
-148164 -61239
-153427 -51468
-153009 -51837
-147069 -68477
-146981 -68478
-153273 -67809
-153018 -67632
-151563 -66338
-151684 -66501
-148164 -61239
-148297 -61338
-153009 -51837
-152726 -51570
-140460 -51226
-140527 -51293
-146981 -68478
-146813 -68434
-151684 -66501
-151533 -66765
-146191 -62376
-146295 -62428
-148642 -60292
-148685 -60559
-140527 -51293
-140543 -51302
-146813 -68434
-146587 -68604
-146295 -62428
-146489 -62463
-148685 -60559
-148934 -60777
-140543 -51302
-140549 -51311
-146587 -68604
-146539 -68793
-146489 -62463
-146692 -62455
-148934 -60777
-148851 -60925
-140549 -51311
-140559 -51310
-158706 -62742
-158747 -62947
-146539 -68793
-146482 -68935
-152842 -67730
-152613 -67726
-148938 -65022
-148926 -64914
-147416 -62391
-147595 -62476
-148851 -60925
-148877 -61098
-140559 -51310
-141413 -51394
-158747 -62947
-158745 -63079
-152613 -67726
-152378 -67744
-145869 -62807
-145963 -63000
-147595 -62476
-147719 -62474
-148877 -61098
-148694 -61208
-146482 -68935
-146297 -68710
-158745 -63079
-158817 -63245
-146297 -68710
-146082 -68645
-148959 -67539
-149183 -67551
-147719 -62474
-147855 -62452
-148694 -61208
-148599 -61319
-148878 -59845
-148717 -59934
-158817 -63245
-158886 -63447
-146082 -68645
-146003 -68564
-149183 -67551
-149299 -67676
-148865 -62450
-148940 -62677
-148717 -59934
-148629 -60064
-158548 -68682
-158318 -68906
-158886 -63447
-159131 -63573
-149299 -67676
-149477 -67667
-148940 -62677
-149106 -62658
-153928 -61001
-154066 -61273
-148629 -60064
-148642 -60292
-159131 -63573
-159345 -63686
-149477 -67667
-149617 -67712
-149106 -62658
-149234 -62676
-148642 -60292
-148537 -60231
-144008 -51374
-143949 -51110
-149617 -67712
-149738 -67492
-149234 -62676
-149311 -62886
-148537 -60231
-148338 -60056
-157584 -68622
-157765 -68663
-152378 -67744
-152285 -67461
-149311 -62886
-149425 -62942
-148338 -60056
-148179 -59966
-155052 -51561
-154814 -51705
-157765 -68663
-157862 -68920
-149425 -62942
-149631 -62972
-148179 -59966
-148035 -59798
-154814 -51705
-154691 -51810
-148035 -59798
-147819 -59647
-145466 -60834
-145433 -61002
-147819 -59647
-147599 -59594
-154691 -51810
-154379 -51571
-142075 -57830
-142191 -57811
-157584 -68622
-157540 -68894
-145514 -53615
-145988 -52876
-150730 -52594
-150793 -52862
-150793 -52862
-150840 -53070
-150840 -53070
-150799 -53273
-150799 -53273
-150812 -53369
-150812 -53369
-150593 -53612
-140039 -56753
-139917 -56980
-139917 -56980
-139881 -57080
-139881 -57080
-139927 -57163
-141555 -52051
-140872 -52164
-139927 -57163
-139993 -57302
-140872 -52164
-140871 -52142
-139993 -57302
-140095 -57593
-140871 -52142
-140840 -52100
-140095 -57593
-140197 -57856
-140840 -52100
-140825 -52085
-140197 -57856
-140215 -57930
-140825 -52085
-140800 -52037
-157284 -57602
-157388 -57815
-140800 -52037
-140701 -51948
-157388 -57815
-157556 -57919
-140701 -51948
-140458 -51912
-159251 -57523
-159038 -57542
-159038 -57542
-158875 -57493
-158875 -57493
-158741 -57655
-158741 -57655
-158546 -57658
-158546 -57658
-158289 -57913
-157033 -56829
-156983 -57119
-156983 -57119
-156781 -57308
-156781 -57308
-156813 -57596
-158144 -55110
-158171 -55346
-152171 -67962
-152131 -68124
-144921 -62670
-145078 -62709
-144062 -58851
-143891 -58763
-145684 -58306
-145682 -58539
-150966 -56251
-151080 -56070
-150990 -53818
-151117 -54073
-153903 -52598
-154069 -52761
-142912 -59445
-142822 -59627
-158171 -55346
-158149 -55556
-152131 -68124
-152199 -68301
-145078 -62709
-145247 -62756
-143891 -58763
-143699 -58621
-145682 -58539
-145545 -58674
-151080 -56070
-151170 -55839
-151117 -54073
-151268 -54333
-154069 -52761
-154207 -52411
-142822 -59627
-142775 -59629
-142291 -56213
-142354 -56316
-155520 -67897
-155434 -68067
-158149 -55556
-158227 -55799
-154261 -67228
-154424 -67001
-145247 -62756
-145513 -62914
-145545 -58674
-145483 -58905
-151170 -55839
-151391 -55579
-151268 -54333
-151311 -54598
-142775 -59629
-142737 -59660
-142354 -56316
-142335 -56517
-155434 -68067
-155363 -68295
-154424 -67001
-154424 -66817
-149653 -64868
-149426 -64898
-145513 -62914
-145738 -62957
-145483 -58905
-145508 -59134
-151391 -55579
-151551 -55375
-144163 -53830
-144312 -54083
-142737 -59660
-142832 -60022
-142335 -56517
-142456 -56792
-158886 -54940
-158948 -55060
-149426 -64898
-149264 -64840
-149963 -62045
-149809 -62203
-150204 -59132
-150397 -59077
-149269 -55447
-149184 -55530
-151551 -55375
-151723 -55496
-144312 -54083
-144485 -54006
-142832 -60022
-142837 -60028
-157929 -67216
-158208 -67067
-158718 -65593
-158951 -65678
-158948 -55060
-158954 -55101
-149264 -64840
-149120 -64823
-149809 -62203
-149706 -62454
-150397 -59077
-150544 -58918
-149184 -55530
-148904 -55780
-151723 -55496
-151988 -55511
-142837 -60028
-142801 -60283
-155918 -55084
-157189 -55776
-158208 -67067
-158396 -67203
-158951 -65678
-159104 -65685
-158954 -55101
-158952 -55146
-149120 -64823
-148926 -64914
-149706 -62454
-149762 -62745
-150544 -58918
-150611 -58860
-151988 -55511
-151990 -55352
-155957 -65653
-155782 -65705
-157929 -67216
-157636 -67015
-158952 -55146
-159047 -55407
-149762 -62745
-149631 -62972
-152881 -60026
-153160 -60161
-150611 -58860
-150829 -58878
-151990 -55352
-151997 -55152
-159367 -57320
-159128 -57381
-157636 -67015
-157451 -67049
-159128 -57381
-159048 -57129
-159047 -55407
-159282 -55496
-153160 -60161
-153362 -60234
-150121 -58203
-149948 -58361
-151997 -55152
-151964 -55015
-159048 -57129
-159131 -56985
-159282 -55496
-159479 -55713
-153151 -68231
-152965 -68262
-151232 -66786
-151189 -66959
-149948 -58361
-149871 -58549
-151964 -55015
-151940 -54834
-154000 -54577
-154093 -54313
-152965 -68262
-152781 -68186
-151189 -66959
-151268 -67115
-149871 -58549
-149867 -58835
-145865 -56870
-145642 -57086
-151940 -54834
-152179 -54696
-154093 -54313
-154132 -54222
-141909 -54042
-141887 -54118
-152781 -68186
-152607 -68138
-151268 -67115
-151226 -67164
-149867 -58835
-149943 -58969
-145642 -57086
-145511 -57357
-154132 -54222
-154394 -54003
-141196 -53684
-141249 -53765
-143097 -52985
-143175 -53064
-151226 -67164
-151169 -67116
-151935 -66277
-152196 -66482
-149943 -58969
-150204 -59132
-154000 -54577
-153771 -54377
-142801 -60283
-142642 -60530
-141249 -53765
-141536 -53735
-143175 -53064
-143413 -53206
-159158 -59006
-158866 -58956
-151169 -67116
-151127 -67163
-152196 -66482
-152033 -66725
-153771 -54377
-153565 -54132
-142642 -60530
-142555 -60642
-141536 -53735
-141618 -53804
-158866 -58956
-158688 -59041
-151127 -67163
-151104 -67151
-148750 -66620
-148971 -66723
-146676 -61763
-146536 -61904
-142555 -60642
-142382 -60619
-141618 -53804
-141705 -54056
-158688 -59041
-158580 -59040
-151104 -67151
-151074 -67144
-148971 -66723
-149255 -66648
-146536 -61904
-146374 -61929
-142382 -60619
-142242 -60758
-141708 -55694
-141960 -55885
-141705 -54056
-141887 -54118
-158580 -59040
-158606 -58957
-153151 -68231
-153201 -68172
-151074 -67144
-151065 -67139
-151294 -66440
-151100 -66723
-146374 -61929
-146212 -61871
-142473 -59296
-142200 -59648
-140215 -57930
-140227 -58119
-141960 -55885
-141852 -56006
-143584 -54046
-143653 -54093
-156852 -66383
-157110 -66443
-158606 -58957
-158578 -58682
-151065 -67139
-150583 -67175
-151867 -60714
-151830 -60960
-150228 -56788
-150384 -56741
-143920 -53840
-143653 -54093
-142200 -59648
-141612 -60424
-140227 -58119
-140261 -58251
-141852 -56006
-142099 -56008
-157110 -66443
-156958 -66720
-158578 -58682
-158338 -58432
-151830 -60960
-152035 -61065
-150384 -56741
-150585 -56679
-141612 -60424
-141734 -60378
-140261 -58251
-140439 -58481
-142099 -56008
-142291 -56213
-155101 -52913
-154895 -52868
-158338 -58432
-158362 -58357
-158505 -55756
-158732 -55572
-145869 -62807
-145738 -62957
-152035 -61065
-152074 -61284
-150585 -56679
-150742 -56787
-141734 -60378
-141842 -60334
-140439 -58481
-140452 -58541
-142291 -56213
-142522 -56160
-141569 -55184
-141834 -55241
-154895 -52868
-154708 -52914
-158362 -58357
-158372 -58275
-158732 -55572
-158919 -55359
-145446 -67861
-145648 -67880
-152074 -61284
-152004 -61554
-154066 -61273
-154081 -61434
-148119 -56778
-147887 -56599
-154449 -55802
-154195 -55938
-141842 -60334
-142047 -60312
-140452 -58541
-140421 -58824
-154708 -52914
-154500 -53090
-158372 -58275
-158362 -58233
-158919 -55359
-158910 -55218
-145648 -67880
-145810 -67905
-152004 -61554
-151835 -61777
-154081 -61434
-154124 -61651
-153362 -60234
-153595 -60200
-147887 -56599
-147601 -56547
-154195 -55938
-154097 -56181
-142047 -60312
-142135 -60537
-158362 -58233
-158373 -58208
-158910 -55218
-158886 -54940
-159104 -65685
-159229 -65622
-145810 -67905
-145969 -67959
-151835 -61777
-151665 -61881
-154124 -61651
-154152 -61861
-153595 -60200
-153787 -59995
-148791 -56680
-148534 -56692
-154500 -53090
-154338 -53152
-142135 -60537
-142242 -60758
-145969 -67959
-146160 -68179
-152584 -66140
-152624 -66336
-154764 -60052
-154757 -60257
-158373 -58208
-158289 -57913
-159224 -64874
-159140 -64878
-159229 -65622
-159359 -65618
-151665 -61881
-151485 -61964
-154152 -61861
-154026 -61848
-153787 -59995
-153874 -59879
-148534 -56692
-148354 -56659
-146257 -65029
-146380 -64846
-145433 -61002
-145273 -61153
-154379 -51571
-154011 -51508
-157248 -66009
-157391 -66084
-153662 -63181
-153793 -63303
-145273 -61153
-145120 -61193
-154011 -51508
-153673 -51807
-151079 -68908
-151186 -68766
-157391 -66084
-157583 -66003
-151186 -68766
-151158 -68594
-153793 -63303
-153885 -63466
-145120 -61193
-144975 -61200
-157583 -66003
-157790 -66000
-151158 -68594
-151004 -68476
-153018 -67632
-152842 -67730
-153885 -63466
-153844 -63652
-155390 -68811
-155665 -68884
-157790 -66000
-157889 -66128
-153844 -63652
-153906 -63481
-153673 -51807
-153602 -51518
-153826 -65946
-153760 -66126
-153906 -63481
-154009 -63249
-153602 -51518
-153539 -51457
-155665 -68884
-155864 -68754
-144647 -51208
-144465 -51300
-154009 -63249
-154212 -63199
-153539 -51457
-153427 -51468
-144465 -51300
-144334 -51350
-140893 -63664
-140982 -63658
-140982 -63658
-141282 -63516
-141282 -63516
-141813 -63584
-154320 -65243
-154566 -65494
-145249 -63406
-145206 -63648
-141813 -63584
-141977 -63562
-144305 -51200
-144334 -51350
-154566 -65494
-154525 -65747
-145206 -63648
-145120 -63928
-144310 -51296
-144334 -51350
-141977 -63562
-142127 -63284
-154525 -65747
-154392 -65795
-145120 -63928
-145115 -64027
-146396 -59449
-146364 -59607
-146568 -51315
-146762 -51324
-142127 -63284
-142302 -63263
-154392 -65795
-154318 -65876
-145115 -64027
-145065 -64270
-146762 -51324
-147617 -50992
-142302 -63263
-142573 -63201
-154318 -65876
-154343 -66116
-145065 -64270
-144838 -64358
-152179 -54696
-152472 -54739
-141088 -62808
-141089 -63091
-144838 -64358
-144764 -64424
-141089 -63091
-141078 -63220
-144805 -63841
-144771 -63996
-150286 -62418
-150237 -62481
-144008 -51374
-143816 -51705
-141078 -63220
-141087 -63358
-159158 -59006
-158992 -59142
-144771 -63996
-144725 -64136
-149963 -62045
-150111 -62235
-143816 -51705
-143803 -51704
-141087 -63358
-141018 -63497
-158992 -59142
-158737 -59325
-144725 -64136
-144764 -64424
-150111 -62235
-150237 -62481
-143803 -51704
-143762 -51721
-141018 -63497
-140893 -63664
-158737 -59325
-158600 -59329
-153444 -68826
-153592 -68751
-149942 -63367
-149877 -63644
-143762 -51721
-143678 -51712
-141992 -51276
-142253 -51191
-158600 -59329
-158368 -59244
-159191 -66897
-159397 -67010
-151004 -68476
-150902 -68636
-143678 -51712
-143588 -51769
-141992 -51276
-142007 -51186
-158368 -59244
-158304 -59392
-150902 -68636
-150842 -68829
-151612 -62340
-151577 -62476
-143588 -51769
-143365 -51778
-156813 -57596
-156741 -57727
-156741 -57727
-156700 -57911
-142760 -53162
-143097 -52985
-154069 -52761
-154267 -53157
-154267 -53157
-154281 -53157
-154281 -53157
-154312 -53148
-154312 -53148
-154338 -53152
-154394 -54003
-154592 -54274
-142979 -68857
-142987 -68749
-154592 -54274
-154641 -54452
-154641 -54452
-154798 -54495
-154798 -54495
-154937 -54410
-154937 -54410
-154834 -54240
-154834 -54240
-154876 -54043
-154876 -54043
-154745 -53788
-148399 -52963
-148613 -53097
-143437 -57516
-143243 -57487
-143243 -57487
-143097 -57498
-143097 -57498
-142861 -57601
-142861 -57601
-142533 -57759
-142533 -57759
-142404 -57715
-152841 -53104
-153042 -53121
-142404 -57715
-142187 -57837
-142191 -57811
-142187 -57837
-142460 -56842
-142242 -57083
-158304 -59392
-158401 -59571
-159140 -64878
-158866 -64697
-146160 -68179
-146349 -68193
-152624 -66336
-152676 -66500
-149701 -65736
-149931 -65899
-154026 -61848
-153833 -61680
-150728 -61593
-150911 -61542
-153874 -59879
-153830 -59657
-148354 -56659
-148119 -56778
-146035 -56524
-146168 -56508
-158866 -64697
-158653 -64690
-153201 -68172
-153380 -68144
-152676 -66500
-152536 -66663
-149931 -65899
-150085 -66085
-153833 -61680
-153633 -61726
-150911 -61542
-151077 -61504
-153830 -59657
-154080 -59600
-154040 -55956
-153969 -55735
-153009 -51837
-152615 -51912
-143317 -53896
-143584 -54046
-158653 -64690
-158588 -64661
-153380 -68144
-153511 -68063
-145978 -66572
-146228 -66602
-153633 -61726
-153611 -61846
-151077 -61504
-151039 -61710
-154080 -59600
-154190 -59775
-153969 -55735
-153895 -55551
-152615 -51912
-152535 -52051
-143556 -53333
-143577 -53507
-158588 -64661
-158444 -64739
-146349 -68193
-146522 -68179
-146228 -66602
-146348 -66645
-153611 -61846
-153705 -62043
-151039 -61710
-151049 -61939
-154190 -59775
-154463 -59750
-153895 -55551
-153942 -55319
-152535 -52051
-152405 -52433
-143577 -53507
-143511 -53915
-158444 -64739
-158248 -64819
-146522 -68179
-146655 -68088
-153705 -62043
-153693 -62335
-151049 -61939
-151260 -61905
-154463 -59750
-154586 -59924
-152405 -52433
-152552 -52700
-143511 -53915
-143520 -53923
-142142 -53318
-142100 -53541
-146655 -68088
-146745 -67858
-148503 -64636
-148684 -64738
-153693 -62335
-153407 -62590
-151260 -61905
-151485 -61964
-154586 -59924
-154764 -60052
-151780 -52693
-152093 -52594
-143520 -53923
-143523 -53946
-146168 -56508
-146340 -56538
-158834 -68205
-158666 -68094
-148684 -64738
-148926 -64914
-153407 -62590
-153275 -62763
-150029 -61154
-150063 -61371
-152093 -52594
-152552 -52700
-143523 -53946
-143584 -54046
-153275 -62763
-153207 -62945
-150063 -61371
-149953 -61523
-151763 -52131
-151815 -52259
-142100 -53541
-142078 -53456
-150751 -66064
-150588 -65813
-151948 -65679
-152201 -65604
-143761 -62859
-143936 -62860
-149953 -61523
-149939 -61750
-151815 -52259
-151780 -52693
-140802 -60823
-140948 -61015
-142078 -53456
-141817 -53481
-150588 -65813
-150418 -65637
-152201 -65604
-152432 -65409
-146380 -64846
-146546 -64880
-143936 -62860
-144075 -62922
-149939 -61750
-149856 -61900
-140948 -61015
-141004 -61202
-141817 -53481
-141768 -53464
-150418 -65637
-150295 -65439
-152432 -65409
-152617 -65245
-146546 -64880
-146709 -64820
-144075 -62922
-144204 -62850
-149856 -61900
-149633 -61655
-140305 -55389
-140296 -55447
-141768 -53464
-141697 -53513
-146340 -56538
-146506 -56417
-157728 -67672
-157827 -67401
-150295 -65439
-150080 -65490
-152617 -65245
-152676 -65037
-146709 -64820
-146873 -64644
-144204 -62850
-144383 -62802
-149633 -61655
-149400 -61529
-148878 -59845
-149082 -59992
-144461 -57265
-144669 -57108
-140296 -55447
-140236 -55684
-141697 -53513
-141746 -53664
-156270 -64610
-156013 -64611
-157827 -67401
-157929 -67216
-150080 -65490
-149965 -65306
-152676 -65037
-152718 -64818
-144383 -62802
-144651 -62749
-149082 -59992
-149273 -60204
-144669 -57108
-144848 -56892
-140236 -55684
-140202 -55802
-141746 -53664
-141787 -53812
-156013 -64611
-155809 -64876
-147884 -68177
-147295 -68188
-148135 -67670
-147992 -67466
-144651 -62749
-144921 -62670
-149273 -60204
-149394 -60171
-143401 -65623
-142879 -65954
-140202 -55802
-140194 -56073
-141787 -53812
-141909 -54042
-147295 -68188
-147239 -68187
-147992 -67466
-148179 -67313
-149394 -60171
-149570 -60215
-142879 -65954
-142862 -65951
-140194 -56073
-140199 -56144
-147239 -68187
-147230 -68026
-148179 -67313
-148320 -67267
-149570 -60215
-149776 -60114
-142862 -65951
-142810 -65985
-140199 -56144
-140157 -56436
-141555 -52051
-141709 -52295
-155957 -65653
-156190 -65465
-148135 -67670
-148135 -67670
-149776 -60114
-149887 -60018
-147436 -55665
-147726 -55701
-142810 -65985
-142808 -66057
-140157 -56436
-140092 -56569
-141709 -52295
-141707 -52531
-156190 -65465
-156143 -65226
-148135 -67670
-148437 -67669
-149136 -65869
-149104 -66078
-149887 -60018
-149902 -59852
-142808 -66057
-142775 -65943
-140092 -56569
-140039 -56753
-141707 -52531
-141680 -52635
-156143 -65226
-156127 -65117
-148437 -67669
-148386 -67441
-149104 -66078
-149180 -66315
-149902 -59852
-149947 -59662
-144487 -55850
-144649 -55968
-142775 -65943
-142714 -65731
-141680 -52635
-141683 -52671
-156127 -65117
-156417 -64957
-157486 -59057
-157465 -59243
-148386 -67441
-148320 -67267
-149180 -66315
-149181 -66479
-149996 -64486
-149779 -64677
-144649 -55968
-144801 -56106
-142714 -65731
-142695 -65666
-141694 -54373
-141531 -54613
-141683 -52671
-141357 -52596
-156417 -64957
-156319 -64724
-157465 -59243
-157530 -59417
-149181 -66479
-149255 -66648
-149779 -64677
-149653 -64868
-144801 -56106
-144974 -56235
-142695 -65666
-142659 -65588
-141531 -54613
-141507 -54675
-141357 -52596
-141331 -52574
-156319 -64724
-156270 -64610
-157530 -59417
-157481 -59700
-147328 -66380
-147063 -66387
-146380 -64846
-146380 -64846
-144974 -56235
-145026 -56473
-142659 -65588
-142507 -65325
-141507 -54675
-141505 -54772
-141331 -52574
-141296 -52514
-155809 -64876
-155914 -65010
-157327 -60664
-157257 -60929
-157481 -59700
-157433 -59839
-147063 -66387
-146931 -66585
-146380 -64846
-146377 -64844
-145026 -56473
-145099 -56579
-142507 -65325
-142418 -65130
-141505 -54772
-141659 -54789
-141296 -52514
-141377 -52434
-155914 -65010
-155906 -65167
-157257 -60929
-157137 -61067
-157433 -59839
-157327 -60021
-154261 -67228
-154439 -67232
-146931 -66585
-146811 -66538
-147251 -64752
-147529 -64639
-145099 -56579
-145148 -56595
-142418 -65130
-142452 -65126
-141659 -54789
-141670 -54963
-141377 -52434
-141385 -52368
-154757 -60257
-154644 -60418
-150842 -68829
-150703 -68813
-150703 -68813
-150540 -68825
-154644 -60418
-154375 -60561
-150540 -68825
-150268 -68721
-150583 -67175
-150388 -66990
-154375 -60561
-154171 -60736
-150268 -68721
-150134 -68740
-150388 -66990
-150105 -66821
-154171 -60736
-154052 -60704
-155390 -68811
-155188 -68820
-154052 -60704
-153855 -60669
-155188 -68820
-155086 -68616
-143761 -62859
-143762 -62912
-147818 -68601
-147656 -68729
-143762 -62912
-143165 -63454
-146676 -61763
-146793 -62054
-147656 -68729
-147466 -68838
-148549 -67178
-148689 -67080
-146793 -62054
-146789 -62216
-143165 -63454
-142573 -63201
-148689 -67080
-148672 -66871
-146789 -62216
-146692 -62455
-147466 -68838
-147377 -68673
-147377 -68673
-147222 -68463
-148672 -66871
-148750 -66620
-148226 -62227
-148046 -62292
-147222 -68463
-147295 -68188
-148549 -67178
-148390 -67031
-148046 -62292
-147855 -62452
-148390 -67031
-148311 -66766
-148865 -62450
-149096 -62339
-148311 -66766
-148272 -66608
-149096 -62339
-149239 -62360
-148272 -66608
-148254 -66380
-149239 -62360
-149392 -62319
-151100 -66723
-150824 -66864
-149392 -62319
-149679 -62157
-150824 -66864
-150615 -67021
-149679 -62157
-149963 -62045
-150615 -67021
-150583 -67175
-148742 -62216
-148865 -62450
-142922 -53754
-142493 -54067
-153207 -62945
-152918 -63136
-152918 -63136
-152722 -63278
-141385 -52368
-141379 -52334
-153787 -67162
-153794 -67131
-152722 -63278
-152522 -63395
-151867 -60714
-151714 -60537
-152522 -63395
-152236 -63345
-151714 -60537
-151824 -60361
-142907 -51728
-143143 -51690
-143143 -51690
-143365 -51778
-142242 -57083
-142094 -57332
-147939 -54363
-148265 -55123
-142094 -57332
-142061 -57581
-148265 -55123
-148244 -55135
-142061 -57581
-142191 -57811
-148244 -55135
-148214 -55172
-150742 -56787
-150723 -57018
-148214 -55172
-148101 -55259
-150723 -57018
-150902 -57265
-148101 -55259
-148114 -55414
-148114 -55414
-147928 -55556
-147928 -55556
-147726 -55701
-142922 -53754
-143057 -53910
-142107 -55262
-141952 -55378
-141952 -55378
-141780 -55519
-141780 -55519
-141708 -55694
-144749 -53773
-144393 -53844
-150888 -58759
-151114 -58661
-144393 -53844
-144393 -53854
-151114 -58661
-151365 -58516
-144393 -53854
-144415 -53890
-151365 -58516
-151612 -58478
-144415 -53890
-144453 -53946
-151612 -58478
-151828 -58643
-144453 -53946
-144485 -54006
-154799 -57082
-154606 -57314
-151828 -58643
-151984 -58682
-151984 -58682
-152172 -58686
-154606 -57314
-154500 -57324
-154745 -53788
-154516 -53618
-152172 -58686
-152398 -58691
-154500 -57324
-154263 -57506
-152398 -58691
-152667 -58543
-154263 -57506
-154118 -57575
-154516 -53618
-154341 -53730
-152667 -58543
-152756 -58502
-154118 -57575
-153998 -57613
-154341 -53730
-154394 -54003
-152756 -58502
-152973 -58706
-153998 -57613
-153810 -57746
-150121 -58203
-150333 -58267
-150333 -58267
-150504 -58169
-147529 -64639
-147694 -64681
-157451 -67049
-157244 -67123
-155906 -65167
-155953 -65317
-157137 -61067
-157009 -61170
-157327 -60021
-157204 -60210
-154439 -67232
-154578 -67203
-146811 -66538
-146606 -66575
-145148 -56595
-145168 -56585
-142452 -65126
-142382 -65124
-141670 -54963
-141569 -55184
-155953 -65317
-155896 -65513
-157009 -61170
-156839 -61074
-154578 -67203
-154824 -67286
-146606 -66575
-146348 -66645
-147694 -64681
-147840 -64822
-145168 -56585
-145167 -56595
-142382 -65124
-142357 -65099
-141379 -52334
-141378 -52321
-154824 -67286
-154866 -67497
-155896 -65513
-155957 -65653
-151696 -68539
-151841 -68830
-152899 -66048
-153159 -66081
-147840 -64822
-148104 -64605
-144003 -60142
-144143 -60138
-145167 -56595
-145178 -56604
-148613 -53097
-148565 -53197
-142357 -65099
-142318 -65024
-141378 -52321
-140527 -52204
-154866 -67497
-155027 -67643
-153159 -66081
-153272 -66295
-153192 -65643
-153293 -65465
-153855 -60669
-153581 -60395
-144143 -60138
-144299 -60103
-145178 -56604
-145625 -56734
-148565 -53197
-148545 -53417
-142318 -65024
-142173 -64791
-153272 -66295
-153562 -66350
-153581 -60395
-153362 -60234
-144299 -60103
-144557 -60108
-148545 -53417
-148562 -53560
-152726 -51570
-152362 -51699
-157327 -60664
-157258 -60447
-153562 -66350
-153736 -66630
-144557 -60108
-144714 -60122
-148562 -53560
-148516 -53716
-152362 -51699
-152030 -51757
-157258 -60447
-157204 -60210
-153760 -66126
-153706 -66380
-144714 -60122
-144887 -60176
-148516 -53716
-148457 -53830
-152042 -51118
-151870 -51349
-153706 -66380
-153736 -66630
-144887 -60176
-145104 -60107
-148457 -53830
-148495 -54108
-151870 -51349
-152030 -51757
-145801 -64481
-146031 -64488
-148495 -54108
-148628 -54242
-153794 -67131
-153684 -66941
-146031 -64488
-146222 -64589
-148628 -54242
-148565 -54420
-146439 -51744
-146518 -51502
-159294 -65984
-159227 -66099
-159227 -66099
-159092 -66292
-153684 -66941
-153722 -66816
-146222 -64589
-146377 -64844
-148565 -54420
-148755 -54456
-146518 -51502
-146568 -51315
-159092 -66292
-159102 -66466
-153722 -66816
-153736 -66630
-148755 -54456
-148927 -54464
-159102 -66466
-159046 -66626
-144799 -64728
-143401 -65623
-143622 -54365
-143787 -54408
-143506 -58507
-143258 -58756
-148722 -66515
-148750 -66620
-143787 -54408
-143989 -54409
-143258 -58756
-143045 -58765
-154764 -60052
-155047 -60106
-152718 -64818
-152829 -64560
-143989 -54409
-144143 -54451
-143045 -58765
-142863 -58867
-142744 -54986
-142656 -55230
-155047 -60106
-155268 -60100
-153018 -67632
-152911 -67448
-153192 -65643
-152949 -65773
-152829 -64560
-152951 -64534
-148119 -56778
-147851 -56884
-144143 -54451
-144341 -54379
-142863 -58867
-142948 -59130
-142656 -55230
-142539 -55421
-152949 -65773
-152899 -66048
-147851 -56884
-147614 -57065
-145336 -54993
-145530 -55124
-152152 -54449
-152220 -54421
-142948 -59130
-143045 -59291
-142539 -55421
-142624 -55625
-141834 -55241
-142107 -55262
-150728 -61593
-150472 -61688
-145530 -55124
-145696 -55083
-143045 -59291
-142912 -59445
-140039 -56753
-140776 -56822
-142624 -55625
-142617 -55681
-156958 -66720
-157105 -66959
-150472 -61688
-150539 -61916
-150824 -52311
-150730 -52594
-140776 -56822
-140781 -56824
-142617 -55681
-142603 -55708
-157105 -66959
-157244 -67123
-150539 -61916
-150370 -62200
-145795 -57504
-145642 -57773
-140781 -56824
-140810 -56839
-142603 -55708
-142595 -55728
-143020 -52416
-142985 -52563
-148722 -66515
-148609 -66587
-150370 -62200
-150286 -62418
-146119 -60432
-146337 -60516
-145642 -57773
-145544 -57916
-140810 -56839
-140824 -56856
-142595 -55728
-142597 -55733
-148609 -66587
-148403 -66512
-145706 -66033
-145460 -65876
-146337 -60516
-146549 -60632
-145544 -57916
-145556 -58174
-140824 -56856
-140963 -56852
-142597 -55733
-142522 -56160
-142107 -55262
-142279 -55079
-148403 -66512
-148254 -66380
-145460 -65876
-145254 -65801
-149856 -61004
-150029 -61154
-146555 -60603
-146549 -60632
-145556 -58174
-145684 -58306
-140963 -56852
-141142 -56860
-155688 -67579
-155628 -67473
-146119 -60432
-145963 -60487
-143622 -54365
-143448 -55121
-141142 -56860
-141306 -56926
-142791 -51058
-142907 -51728
-147884 -68177
-148123 -67981
-147416 -62391
-147442 -62526
-148123 -67981
-148359 -67896
-147442 -62526
-147462 -62710
-142279 -55079
-142463 -55008
-148359 -67896
-148473 -67875
-147462 -62710
-147446 -62884
-146591 -61054
-146475 -61248
-153273 -67809
-153194 -68012
-147446 -62884
-147305 -63019
-146475 -61248
-146340 -61448
-153194 -68012
-153201 -68172
-147305 -63019
-147448 -63176
-146340 -61448
-146318 -61735
-150810 -68162
-150623 -68124
-147448 -63176
-147480 -63366
-146318 -61735
-146212 -61871
-147480 -63366
-147771 -63376
-150623 -68124
-150474 -68055
-146082 -61738
-146212 -61871
-156839 -61074
-156824 -61365
-150474 -68055
-150319 -68041
-156824 -61365
-156778 -61557
-150319 -68041
-150166 -68076
-155027 -67643
-154829 -67770
-156778 -61557
-156711 -61667
-154829 -67770
-154694 -67891
-156711 -61667
-156516 -61841
-154694 -67891
-154747 -68147
-156516 -61841
-156366 -61804
-156366 -61804
-156096 -61751
-156096 -61751
-155913 -61722
-159491 -64115
-159271 -64146
-155913 -61722
-155790 -61625
-159271 -64146
-159131 -64145
-155790 -61625
-155542 -61583
-159131 -64145
-158967 -64145
-158967 -64145
-158779 -64280
-158779 -64280
-158699 -64265
-159362 -67740
-159225 -67567
-158699 -64265
-158583 -64008
-159225 -67567
-158969 -67562
-158583 -64008
-158383 -63717
-152506 -68131
-152607 -68138
-151884 -62791
-151784 -62980
-158383 -63717
-158344 -63476
-152607 -68138
-152802 -68062
-151784 -62980
-151676 -63197
-158344 -63476
-158242 -63198
-152802 -68062
-152839 -67891
-151676 -63197
-151499 -63378
-148324 -63001
-148102 -63117
-152839 -67891
-152842 -67730
-151499 -63378
-151257 -63416
-148102 -63117
-147961 -63160
-141357 -64235
-141504 -64285
-150504 -58169
-150708 -58236
-146940 -55025
-147075 -55065
-155918 -55084
-155926 -54873
-150708 -58236
-150890 -58464
-148904 -55780
-148882 -55800
-155926 -54873
-155938 -54691
-150890 -58464
-150957 -58593
-148882 -55800
-148791 -56680
-155938 -54691
-155988 -54492
-150957 -58593
-150888 -58759
-159402 -56678
-159113 -56441
-155988 -54492
-155917 -54301
-159113 -56441
-159012 -56271
-159012 -56271
-158809 -56373
-145696 -55083
-145967 -55034
-142456 -56792
-142745 -56684
-141635 -53006
-141433 -52891
-156340 -53014
-156212 -52947
-158809 -56373
-158802 -56157
-142745 -56684
-142841 -56758
-156212 -52947
-156002 -52874
-158802 -56157
-158695 -55938
-142841 -56758
-143017 -56803
-156002 -52874
-155816 -52815
-158695 -55938
-158505 -55756
-143017 -56803
-143149 -56886
-155816 -52815
-155681 -52762
-143149 -56886
-143387 -57129
-155681 -52762
-155434 -52741
-143387 -57129
-143677 -57135
-155434 -52741
-155238 -52827
-145967 -55034
-146119 -55008
-155238 -52827
-155101 -52913
-146321 -56623
-146317 -56747
-146119 -55008
-146278 -54899
-148671 -58218
-148826 -58089
-146317 -56747
-146314 -56957
-146278 -54899
-146559 -54904
-148826 -58089
-149033 -58035
-146314 -56957
-146161 -57140
-146321 -56623
-146506 -56417
-146559 -54904
-146784 -54885
-149033 -58035
-149251 -57769
-146161 -57140
-146374 -57096
-146784 -54885
-146940 -55025
-146377 -52110
-146252 -52202
-143182 -56039
-143437 -56080
-147493 -57907
-147685 -57873
-146374 -57096
-146609 -56900
-146252 -52202
-145799 -52548
-143437 -56080
-143569 -56224
-147685 -57873
-147946 -57876
-145799 -52548
-145336 -52907
-143569 -56224
-143816 -56465
-147946 -57876
-148094 -57844
-143816 -56465
-144002 -56601
-145336 -52907
-145296 -52898
-148094 -57844
-148310 -57831
-145296 -52898
-145199 -52913
-148310 -57831
-148441 -58055
-145199 -52913
-145091 -52984
-148441 -58055
-148671 -58218
-151411 -52987
-151376 -52732
-157618 -51620
-157673 -51694
-151376 -52732
-151780 -52693
-155615 -57712
-155535 -57770
-157189 -55776
-156963 -55947
-157673 -51694
-157776 -51943
-151411 -52987
-151084 -52985
-152378 -67744
-152434 -67916
-151257 -63416
-151143 -63557
-147961 -63160
-147911 -63249
-145963 -60487
-145680 -60615
-141306 -56926
-141463 -57022
-152434 -67916
-152506 -68131
-147911 -63249
-147771 -63376
-150311 -62797
-150580 -63009
-151352 -59699
-151107 -59746
-141463 -57022
-141674 -57061
-150580 -63009
-150754 -63068
-150311 -62797
-150097 -63039
-151107 -59746
-150986 -59965
-141674 -57061
-141807 -56878
-140391 -54337
-140652 -54413
-150754 -63068
-150907 -63140
-150097 -63039
-149961 -63150
-150986 -59965
-150842 -60213
-140652 -54413
-140665 -54380
-158234 -65330
-158370 -65510
-149961 -63150
-149942 -63367
-150907 -63140
-151004 -63310
-150842 -60213
-150883 -60442
-147075 -55065
-147366 -55268
-140665 -54380
-140692 -54397
-158370 -65510
-158548 -65536
-143838 -65919
-143574 -65956
-151004 -63310
-151143 -63557
-149631 -62972
-149808 -63196
-150883 -60442
-150689 -60626
-149400 -55877
-149550 -55873
-147366 -55268
-147336 -55466
-140692 -54397
-140711 -54380
-144977 -59667
-145033 -59794
-158548 -65536
-158718 -65593
-149808 -63196
-149942 -63367
-145126 -60042
-145104 -60107
-149550 -55873
-149725 -55871
-147336 -55466
-147436 -55665
-143574 -65956
-143379 -65998
-140711 -54380
-141001 -54268
-149725 -55871
-149922 -55846
-143379 -65998
-143342 -65780
-141001 -54268
-141083 -54194
-146420 -59234
-146396 -59449
-149922 -55846
-150143 -55870
-143342 -65780
-143401 -65623
-141083 -54194
-141292 -54196
-144244 -64257
-144226 -64628
-145971 -62220
-145383 -62156
-150143 -55870
-150292 -56121
-142473 -59296
-142663 -59321
-155864 -68754
-155909 -68733
-158969 -67562
-159011 -67302
-144226 -64628
-144216 -64634
-145383 -62156
-145376 -62159
-142663 -59321
-142912 -59445
-155363 -68295
-155600 -68380
-159011 -67302
-159105 -67218
-144216 -64634
-144170 -64632
-145376 -62159
-145283 -62250
-145666 -60067
-145650 -60335
-155600 -68380
-155636 -68551
-159105 -67218
-159026 -67026
-144170 -64632
-144120 -64679
-145283 -62250
-145198 -62352
-146890 -61118
-146879 -61297
-145650 -60335
-145680 -60615
-148613 -53097
-148795 -53293
-155636 -68551
-155864 -68754
-159026 -67026
-159191 -66897
-144120 -64679
-144028 -64765
-145198 -62352
-145149 -62328
-146879 -61297
-146775 -61501
-149060 -57015
-148779 -57038
-148795 -53293
-149025 -53358
-144028 -64765
-144020 -64771
-145149 -62328
-144758 -62011
-146775 -61501
-146676 -61763
-148779 -57038
-148622 -57191
-153054 -53938
-152796 -54073
-149025 -53358
-149224 -53460
-144020 -64771
-143101 -64763
-144758 -62011
-144578 -62084
-145666 -60067
-145484 -59994
-148622 -57191
-148818 -57363
-152796 -54073
-152671 -54255
-149224 -53460
-149403 -53485
-155939 -53280
-155733 -53296
-144578 -62084
-144468 -62085
-145484 -59994
-145286 -59945
-148818 -57363
-148998 -57491
-152671 -54255
-152476 -54352
-143101 -64763
-143072 -64758
-155733 -53296
-155516 -53460
-148998 -57491
-149251 -57769
-150966 -56251
-151087 -56320
-152476 -54352
-152220 -54421
-143072 -64758
-142936 -64789
-157248 -66009
-157262 -66242
-153418 -68366
-153364 -68586
-147466 -60841
-147199 -61061
-151087 -56320
-151259 -56381
-151768 -53330
-152016 -54161
-151768 -53330
-151509 -53398
-142936 -64789
-142696 -64803
-157262 -66242
-157268 -66466
-153364 -68586
-153592 -68751
-147199 -61061
-147053 -61101
-151259 -56381
-151458 -56434
-152016 -54161
-152061 -54169
-151509 -53398
-151384 -53405
-142696 -64803
-142508 -64751
-157268 -66466
-157260 -66597
-147053 -61101
-146890 -61118
-151458 -56434
-151644 -56627
-152061 -54169
-152100 -54164
-151384 -53405
-151390 -53161
-142987 -68749
-143009 -68594
-142508 -64751
-142378 -64742
-157260 -66597
-157207 -66833
-146591 -61054
-146752 -61085
-147210 -59843
-146927 -59913
-151644 -56627
-151807 -56592
-152100 -54164
-152191 -54186
-151390 -53161
-151411 -52987
-143009 -68594
-143034 -68403
-142378 -64742
-142173 -64791
-157207 -66833
-157451 -67049
-156249 -65855
-155962 -65954
-148959 -67539
-148960 -67326
-145706 -66033
-145481 -66164
-146752 -61085
-146890 -61118
-146927 -59913
-146952 -60076
-151807 -56592
-152012 -56748
-152191 -54186
-152220 -54421
-143034 -68403
-143072 -68229
-145481 -66164
-145229 -66202
-155962 -65954
-155746 -65884
-158803 -61765
-158786 -61729
-146952 -60076
-146685 -60194
-153810 -57746
-153902 -57547
-152012 -56748
-152144 -56886
-146032 -54213
-145666 -54213
-143072 -68229
-143062 -68215
-141504 -64285
-141511 -64272
-141982 -51486
-142125 -51625
-141511 -64272
-141529 -64272
-142125 -51625
-142296 -51654
-141529 -64272
-141537 -64277
-142296 -51654
-142388 -51499
-141537 -64277
-141977 -64281
-142388 -51499
-142650 -51433
-141977 -64281
-142052 -64215
-142650 -51433
-142791 -51547
-142052 -64215
-142328 -64118
-142791 -51547
-142907 -51728
-142328 -64118
-142563 -64065
-142563 -64065
-142759 -64080
-144248 -62145
-144042 -62412
-142759 -64080
-142967 -63983
-148787 -50805
-149002 -51348
-144042 -62412
-143892 -62578
-149002 -51348
-148509 -51483
-142967 -63983
-143127 -64047
-143892 -62578
-143761 -62859
-148509 -51483
-147990 -51723
-143127 -64047
-143284 -64145
-143284 -64145
-143443 -64161
-143443 -64161
-143629 -64246
-147650 -51199
-147712 -51286
-143629 -64246
-143887 -64197
-147712 -51286
-147930 -51525
-143887 -64197
-144034 -64203
-147930 -51525
-147990 -51723
-144034 -64203
-144244 -64257
-156601 -50959
-156150 -51703
-144805 -63841
-144525 -64033
-144525 -64033
-144244 -64257
-146568 -51315
-146582 -51263
-158803 -61765
-158513 -61849
-146582 -51263
-146229 -51520
-155535 -57770
-155455 -58023
-157776 -51943
-157886 -52176
-153902 -57547
-154086 -57292
-155455 -58023
-155260 -58051
-157886 -52176
-157945 -52273
-154086 -57292
-154091 -57035
-155260 -58051
-155280 -57848
-157945 -52273
-157972 -52423
-154091 -57035
-153949 -56850
-155280 -57848
-155283 -57690
-158471 -53859
-158405 -53926
-153949 -56850
-153994 -56662
-148399 -52963
-148195 -53141
-143020 -52416
-142376 -52418
-155283 -57690
-155163 -57402
-153994 -56662
-153968 -56427
-146529 -54274
-147049 -54282
-153305 -53772
-153054 -53938
-148195 -53141
-148195 -53285
-142153 -51906
-142244 -52083
-155163 -57402
-155210 -57130
-153968 -56427
-154097 -56181
-147049 -54282
-147060 -54587
-148195 -53285
-148234 -53453
-142244 -52083
-142275 -52225
-155210 -57130
-154957 -56965
-147060 -54587
-147051 -54969
-148234 -53453
-147472 -53241
-142275 -52225
-142376 -52418
-154957 -56965
-154799 -57082
-147051 -54969
-147034 -54973
-147472 -53241
-147456 -52799
-142376 -52418
-142235 -52371
-150059 -57996
-150121 -58203
-147034 -54973
-146940 -55025
-147456 -52799
-146220 -52821
-142907 -51728
-142945 -52008
-158391 -53922
-158405 -53926
-143189 -56013
-143182 -56039
-142463 -55008
-142744 -54986
-142945 -52008
-143010 -52172
-158391 -53922
-158222 -53684
-142493 -54067
-142442 -54302
-143010 -52172
-143020 -52416
-158222 -53684
-158180 -53548
-154691 -51810
-154540 -51985
-142442 -54302
-142444 -54531
-158180 -53548
-158119 -53366
-154540 -51985
-154408 -52186
-142444 -54531
-142465 -54755
-155615 -57712
-155615 -57602
-158119 -53366
-158146 -53120
-154408 -52186
-154207 -52411
-142465 -54755
-142463 -55008
-158146 -53120
-158092 -52923
-153673 -51807
-153865 -52053
-141796 -54313
-141914 -54547
-158092 -52923
-158085 -52734
-153865 -52053
-154137 -51960
-141914 -54547
-142077 -54747
-158085 -52734
-158052 -52593
-154137 -51960
-154177 -52201
-142077 -54747
-142300 -54878
-158052 -52593
-157972 -52423
-154177 -52201
-154207 -52411
-142300 -54878
-142463 -55008
-156697 -53917
-156613 -53642
-144343 -54398
-144478 -54807
-148602 -52202
-148803 -52223
-156613 -53642
-156599 -53554
-144478 -54807
-144995 -54697
-148803 -52223
-148916 -52311
-156599 -53554
-156712 -53334
-144995 -54697
-145336 -54993
-148916 -52311
-148964 -52316
-148964 -52316
-149015 -52346
-149015 -52346
-149041 -52410
-149041 -52410
-149404 -52335
-156963 -55947
-156984 -56100
-158666 -68094
-158785 -67856
-158513 -61849
-158325 -61995
-145229 -66202
-145136 -66385
-145971 -62220
-146191 -62376
-145564 -60794
-145772 -60838
-146685 -60194
-146506 -60359
-152144 -56886
-152377 -57060
-145666 -54213
-145155 -54351
-151084 -52985
-150730 -52594
-155628 -67473
-155848 -67348
-156839 -61074
-156600 -61053
-156984 -56100
-157008 -56339
-158785 -67856
-158879 -67802
-158325 -61995
-158043 -62024
-145136 -66385
-145046 -66536
-145772 -60838
-145925 -61130
-146506 -60359
-146555 -60603
-145155 -54351
-144567 -54031
-143082 -68007
-143096 -67786
-155848 -67348
-156071 -67224
-156600 -61053
-156390 -60930
-157008 -56339
-156972 -56593
-158879 -67802
-158969 -67562
-158043 -62024
-157894 -62146
-145046 -66536
-144942 -66586
-145925 -61130
-146000 -61283
-144567 -54031
-144563 -54051
-143096 -67786
-143096 -67631
-141357 -64235
-141614 -64428
-156071 -67224
-156299 -67496
-156390 -60930
-156390 -60782
-158666 -68094
-158522 -68040
-157894 -62146
-157910 -62399
-144942 -66586
-144741 -66561
-146000 -61283
-146053 -61488
-144563 -54051
-144536 -54128
-143096 -67631
-143087 -67341
-141614 -64428
-141727 -64467
-156299 -67496
-156578 -67489
-156390 -60782
-156554 -60534
-158522 -68040
-158366 -68027
-157910 -62399
-158022 -62485
-144741 -66561
-144454 -66555
-152236 -63345
-152122 -63218
-146053 -61488
-146082 -61738
-144536 -54128
-144479 -54276
-141727 -64467
-141918 -64547
-158022 -62485
-158220 -62602
-158866 -60553
-158882 -60816
-149545 -66894
-149696 -67020
-153293 -65465
-153142 -65376
-152122 -63218
-152050 -63021
-144479 -54276
-144343 -54398
-141918 -64547
-142173 -64791
-142985 -52563
-143066 -52761
-158220 -62602
-158489 -62576
-158882 -60816
-158950 -61043
-149696 -67020
-149662 -67217
-153142 -65376
-152903 -65484
-152050 -63021
-151884 -62791
-145666 -60067
-145788 -59791
-153742 -58164
-153571 -58211
-144341 -54379
-144343 -54398
-143066 -52761
-143097 -52985
-158489 -62576
-158606 -62819
-158950 -61043
-158948 -61318
-149662 -67217
-149738 -67492
-152903 -65484
-152893 -65315
-145788 -59791
-145966 -59613
-153571 -58211
-153349 -58246
-145091 -52984
-145059 -52782
-156578 -67489
-156567 -67378
-158706 -62742
-158606 -62819
-158948 -61318
-159079 -61423
-154084 -68742
-154327 -68528
-152893 -65315
-152853 -65141
-145966 -59613
-146194 -59509
-153349 -58246
-153186 -58329
-145059 -52782
-144792 -52826
-156150 -51703
-156345 -51735
-158401 -59571
-158602 -59829
-159079 -61423
-159010 -61558
-154327 -68528
-154461 -68366
-152853 -65141
-152845 -65051
-146194 -59509
-146364 -59607
-153186 -58329
-153085 -58522
-141088 -62808
-141341 -62605
-156345 -51735
-156600 -51683
-158602 -59829
-158783 -59913
-158391 -53922
-158334 -53999
-159010 -61558
-158786 -61729
-154461 -68366
-154558 -68172
-152845 -65051
-152718 -64818
-153085 -58522
-152973 -58706
-141341 -62605
-141509 -62481
-156600 -51683
-156708 -51655
-158786 -61729
-158540 -61646
-158783 -59913
-158917 -60203
-158334 -53999
-158064 -54387
-154558 -68172
-154747 -68147
-153293 -65465
-153536 -65291
-145286 -59945
-145126 -60042
-141509 -62481
-141664 -62392
-156708 -51655
-157309 -51654
-158540 -61646
-158474 -61526
-158064 -54387
-157114 -54386
-158917 -60203
-158863 -60276
-154084 -68742
-154098 -68488
-150105 -66821
-149905 -66999
-153536 -65291
-153731 -65129
-144407 -59229
-144588 -59486
-146935 -56333
-146668 -56536
-141664 -62392
-141786 -62307
-157114 -54386
-157081 -54360
-157309 -51654
-157353 -51745
-158474 -61526
-158257 -61254
-158863 -60276
-158726 -60401
-154098 -68488
-153993 -68303
-149905 -66999
-149665 -66862
-144588 -59486
-144574 -59597
-146668 -56536
-146506 -56417
-141786 -62307
-141914 -62247
-157081 -54360
-157033 -54307
-157353 -51745
-157358 -51879
-158257 -61254
-158004 -61032
-158726 -60401
-158866 -60553
-153993 -68303
-153939 -68041
-149738 -67492
-149929 -67504
-152468 -67476
-152621 -67461
-147251 -64752
-147190 -64800
-144574 -59597
-144751 -59663
-145842 -56438
-146035 -56524
-157033 -54307
-157062 -54218
-157358 -51879
-157309 -51920
-158004 -61032
-157850 -60832
-153939 -68041
-153670 -68123
-149929 -67504
-150053 -67582
-152621 -67461
-152911 -67448
-146097 -66128
-146064 -66365
-147190 -64800
-146778 -65190
-146549 -60632
-146683 -60824
-144751 -59663
-144977 -59667
-157062 -54218
-156924 -54127
-157309 -51920
-157152 -52200
-157850 -60832
-157603 -60798
-153670 -68123
-153418 -68366
-150053 -67582
-150040 -67685
-152536 -66663
-152796 -66689
-146064 -66365
-145939 -66455
-146778 -65190
-146777 -65224
-151612 -62340
-151721 -62136
-146683 -60824
-146591 -61054
-157603 -60798
-157508 -60852
-156924 -54127
-156697 -53917
-157152 -52200
-157061 -52381
-150963 -68355
-150747 -68461
-150040 -67685
-150065 -67870
-152796 -66689
-152735 -66875
-145939 -66455
-145978 -66572
-146777 -65224
-146776 -65360
-151721 -62136
-151874 -62003
-145033 -59794
-145126 -60042
-157508 -60852
-157327 -60664
-157061 -52381
-157079 -52420
-150747 -68461
-150570 -68350
-150065 -67870
-150166 -68076
-152735 -66875
-152639 -67035
-144454 -66555
-144270 -66505
-146776 -65360
-147012 -65333
-151874 -62003
-152096 -61828
-152880 -59358
-152832 -59524
-147601 -56547
-147452 -56333
-157079 -52420
-157116 -52598
-150570 -68350
-150337 -68336
-153511 -68063
-153720 -67994
-152639 -67035
-152507 -67244
-144270 -66505
-144107 -66400
-147012 -65333
-147221 -65194
-152096 -61828
-152201 -61758
-152832 -59524
-152773 -59695
-147452 -56333
-147264 -56427
-152472 -54739
-152431 -54865
-157116 -52598
-157191 -52852
-150337 -68336
-150165 -68569
-153720 -67994
-153844 -67977
-152507 -67244
-152468 -67476
-147221 -65194
-147429 -65338
-152201 -61758
-152430 -61586
-152773 -59695
-152647 -59877
-147264 -56427
-147030 -56458
-152431 -54865
-152464 -55137
-141138 -61707
-141167 -61829
-155354 -66797
-155573 -66945
-157191 -52852
-157363 -52973
-150165 -68569
-150134 -68740
-153844 -67977
-153958 -67801
-152285 -67461
-152468 -67476
-147429 -65338
-147601 -65399
-152430 -61586
-152613 -61627
-152647 -59877
-152881 -60026
-147030 -56458
-146935 -56333
-152464 -55137
-152653 -55379
-155628 -67473
-155560 -67221
-157972 -52423
-157947 -52611
-153958 -67801
-153944 -67630
-152613 -61627
-152734 -61372
-152653 -55379
-152892 -55545
-141170 -62024
-141188 -62140
-155560 -67221
-155573 -66945
-157947 -52611
-157971 -52734
-153944 -67630
-153987 -67467
-151485 -61964
-151506 -62127
-152892 -55545
-153052 -55400
-141188 -62140
-141180 -62417
-146229 -51520
-145827 -51690
-145827 -51690
-145654 -51498
-140893 -63664
-141063 -63862
-145654 -51498
-145408 -51403
-141063 -63862
-141137 -63966
-141137 -63966
-141357 -64235
-145738 -62957
-145747 -63098
-145747 -63098
-145624 -63262
-145624 -63262
-145487 -63283
-145487 -63283
-145249 -63406
-144921 -62670
-144883 -63004
-144883 -63004
-144881 -63012
-144881 -63012
-144869 -63076
-145453 -68932
-145352 -68690
-144869 -63076
-144822 -63200
-144822 -63200
-144715 -63220
-144715 -63220
-144434 -63506
-153207 -62945
-153366 -63033
-153366 -63033
-153285 -63242
-153285 -63242
-153145 -63452
-153145 -63452
-153397 -63410
-153397 -63410
-153490 -63345
-153490 -63345
-153662 -63181
-157971 -52734
-157800 -52829
-143613 -55800
-143393 -55910
-149404 -52335
-149902 -52237
-157800 -52829
-157621 -52870
-143393 -55910
-143189 -56013
-157621 -52870
-157363 -52973
-153009 -51837
-153228 -52351
-143448 -55121
-143189 -56013
-152377 -57060
-152163 -57297
-143867 -52139
-144036 -52315
-147935 -51989
-147971 -52280
-152163 -57297
-151972 -57340
-144036 -52315
-144157 -52300
-147971 -52280
-148105 -52542
-151972 -57340
-151820 -57385
-144485 -54006
-144378 -54255
-148105 -52542
-148300 -52703
-144157 -52300
-144346 -52275
-151820 -57385
-151557 -57282
-144378 -54255
-144341 -54379
-148300 -52703
-148399 -52963
-151557 -57282
-151389 -57503
-150824 -52311
-149991 -52519
-141694 -54373
-141796 -54313
-151389 -57503
-151295 -57546
-149991 -52519
-149524 -52951
-141588 -54270
-141694 -54373
-151295 -57546
-151035 -57595
-144002 -56601
-143767 -56812
-143653 -54093
-143622 -54365
-149524 -52951
-149401 -52951
-151035 -57595
-150880 -57650
-143767 -56812
-143704 -56970
-148234 -53453
-148133 -53996
-149401 -52951
-148860 -52932
-150880 -57650
-150874 -57424
-143704 -56970
-143677 -57135
-148133 -53996
-148135 -54049
-150874 -57424
-150902 -57265
-147614 -57065
-147494 -57035
-148135 -54049
-148052 -54140
-146873 -64644
-147059 -64713
-147494 -57035
-147268 -57073
-148052 -54140
-147926 -54194
-147059 -64713
-147251 -64752
-147268 -57073
-146986 -56969
-147926 -54194
-147939 -54363
-153742 -58164
-153738 -57958
-146986 -56969
-146806 -57032
-146609 -56900
-146581 -57101
-150593 -53612
-150415 -53870
-141807 -56878
-142092 -57002
-153738 -57958
-153810 -57746
-146581 -57101
-146570 -57316
-146806 -57032
-146666 -56841
-148904 -55780
-148693 -55830
-150415 -53870
-150399 -54058
-142092 -57002
-142226 -56927
-153742 -58164
-153607 -57990
-146570 -57316
-146524 -57586
-148693 -55830
-148467 -55844
-150399 -54058
-150401 -54172
-142226 -56927
-142460 -56842
-153607 -57990
-153553 -57818
-146524 -57586
-146411 -57596
-148791 -56680
-148850 -56899
-148467 -55844
-148203 -55917
-150401 -54172
-150481 -54363
-153553 -57818
-153482 -57666
-148850 -56899
-149060 -57015
-148203 -55917
-147984 -55907
-140391 -54337
-140389 -54246
-144799 -64728
-144799 -64728
-153482 -57666
-153212 -57453
-147984 -55907
-147726 -55701
-140389 -54246
-140388 -54022
-144799 -64728
-144992 -64664
-153212 -57453
-152997 -57428
-140388 -54022
-140417 -53864
-159293 -56771
-159131 -56985
-159131 -56985
-158848 -56825
-144992 -64664
-145123 -64581
-152997 -57428
-152783 -57383
-140417 -53864
-140482 -53582
-158848 -56825
-158768 -56776
-145123 -64581
-145328 -64524
-152783 -57383
-152548 -57195
-140482 -53582
-140493 -53295
-153987 -67467
-153922 -67325
-152285 -67461
-152066 -67364
-151506 -62127
-151612 -62340
-153052 -55400
-153082 -55252
-141180 -62417
-141138 -62592
-152066 -67364
-151858 -67235
-153922 -67325
-153787 -67162
-153082 -55252
-153128 -55074
-141138 -62592
-141088 -62808
-142453 -61681
-142488 -61838
-155573 -66945
-155575 -66771
-157728 -67672
-157458 -67445
-151858 -67235
-151664 -67105
-146191 -62376
-146241 -62664
-153128 -55074
-153310 -54969
-142488 -61838
-142579 -61976
-142059 -61030
-142023 -61300
-142242 -60758
-142059 -61030
-157458 -67445
-157294 -67355
-155575 -66771
-155688 -66709
-151664 -67105
-151380 -66896
-146241 -62664
-146051 -62696
-153310 -54969
-153420 -54864
-142579 -61976
-142629 -62048
-142023 -61300
-142035 -61424
-140802 -60823
-140970 -60913
-159453 -53334
-159243 -53221
-157294 -67355
-157102 -67438
-155688 -66709
-155891 -66697
-159243 -53221
-158977 -53192
-145254 -65801
-144979 -65912
-146051 -62696
-145869 -62807
-153420 -54864
-153565 -54591
-142629 -62048
-142679 -62317
-142035 -61424
-142076 -61542
-140970 -60913
-141193 -60896
-155909 -68733
-155926 -68473
-157102 -67438
-157014 -67570
-155891 -66697
-155988 -66689
-156013 -66217
-155831 -66225
-158977 -53192
-158763 -53352
-144979 -65912
-144805 -65917
-150237 -62481
-150347 -62630
-153565 -54591
-153543 -54346
-142076 -61542
-142110 -61552
-141193 -60896
-141461 -60796
-155926 -68473
-155959 -68219
-157014 -67570
-156990 -67736
-155988 -66689
-156121 -66570
-155831 -66225
-155690 -66262
-158763 -53352
-158697 -53566
-144805 -65917
-144665 -65855
-150347 -62630
-150311 -62797
-153543 -54346
-153565 -54132
-142110 -61552
-142118 -61559
-141461 -60796
-141625 -60820
-155959 -68219
-156074 -68108
-156990 -67736
-156985 -67870
-156121 -66570
-156094 -66340
-155690 -66262
-155411 -66538
-158697 -53566
-158595 -53711
-144665 -65855
-144467 -65786
-151884 -62791
-151803 -62681
-145336 -54993
-145301 -55264
-145385 -51872
-145131 -51972
-142118 -61559
-142453 -61681
-156074 -68108
-155908 -67923
-156985 -67870
-157023 -68046
-155411 -66538
-155205 -66346
-156094 -66340
-156013 -66217
-158595 -53711
-158471 -53859
-151803 -62681
-151559 -62573
-145301 -55264
-145095 -55535
-145131 -51972
-144761 -52026
-141862 -60893
-142059 -61030
-147230 -68026
-147099 -67904
-148722 -66515
-148779 -66281
-151559 -62573
-151577 -62476
-145095 -55535
-144828 -55484
-144761 -52026
-144732 -52049
-157204 -60210
-156931 -60218
-147099 -67904
-146933 -67829
-148779 -66281
-148742 -65994
-154183 -65151
-154153 -65342
-144828 -55484
-144595 -55474
-144732 -52049
-144671 -52109
-154153 -65342
-154140 -65472
-156931 -60218
-156767 -60291
-146933 -67829
-146745 -67858
-153322 -67365
-153118 -67432
-148742 -65994
-148911 -65782
-144671 -52109
-144597 -52136
-140421 -58824
-140568 -59066
-159388 -68449
-159167 -68252
-156767 -60291
-156554 -60534
-159167 -68252
-158945 -68241
-153118 -67432
-152911 -67448
-154140 -65472
-153966 -65601
-153305 -53772
-152961 -53583
-143867 -52139
-143710 -52085
-140568 -59066
-140633 -59243
-156554 -60534
-156572 -60307
-158945 -68241
-158834 -68205
-147384 -67439
-147514 -67236
-153966 -65601
-154013 -65695
-147075 -55065
-146919 -55323
-152961 -53583
-152944 -53577
-143710 -52085
-143533 -51965
-140633 -59243
-140652 -59401
-156572 -60307
-156481 -60085
-146003 -68564
-145896 -68594
-147514 -67236
-147708 -67123
-154013 -65695
-153826 -65946
-146919 -55323
-146931 -55547
-152944 -53577
-152899 -53602
-143533 -51965
-143365 -51778
-156481 -60085
-156413 -59909
-145896 -68594
-145692 -68567
-147708 -67123
-147718 -67022
-146931 -55547
-146804 -55737
-152899 -53602
-152920 -53679
-152030 -51757
-151815 -51868
-159302 -60880
-159098 -60825
-156413 -59909
-156367 -59734
-159098 -60825
-159014 -60777
-145692 -68567
-145550 -68648
-147718 -67022
-147725 -66982
-149400 -61529
-149107 -61661
-154097 -56181
-154040 -55956
-146804 -55737
-146666 -55910
-152920 -53679
-152881 -53835
-151815 -51868
-151763 -52131
-156367 -59734
-156370 -59584
-159014 -60777
-158866 -60553
-145550 -68648
-145352 -68690
-147725 -66982
-147750 -66978
-149107 -61661
-148986 -61381
-146666 -55910
-146722 -56006
-152881 -53835
-152694 -53835
-155296 -65188
-155091 -65124
-156370 -59584
-156300 -59427
-145352 -68690
-145352 -68690
-147750 -66978
-147656 -66513
-150689 -60626
-150457 -60529
-146722 -56006
-146559 -55963
-152694 -53835
-152502 -53714
-150635 -52095
-150172 -52111
-155091 -65124
-154977 -65084
-156300 -59427
-156261 -59220
-145352 -68690
-145342 -67852
-147656 -66513
-147659 -66489
-150457 -60529
-150329 -60716
-146559 -55963
-146362 -55913
-152502 -53714
-152479 -53646
-150172 -52111
-150347 -51323
-154977 -65084
-154721 -65352
-156261 -59220
-156188 -59105
-158366 -68027
-158271 -67871
-147659 -66489
-147673 -66450
-150329 -60716
-150155 -60803
-146362 -55913
-146269 -55903
-152479 -53646
-152480 -53587
-150347 -51323
-150530 -51336
-141914 -62247
-142128 -62167
-154721 -65352
-154522 -65189
-156188 -59105
-156061 -59140
-158271 -67871
-158282 -67693
-147673 -66450
-147682 -66445
-150155 -60803
-150029 -60903
-146269 -55903
-146238 -55938
-152480 -53587
-152474 -53554
-150530 -51336
-150640 -51313
-147682 -66445
-148222 -66393
-154522 -65189
-154320 -65243
-156061 -59140
-155843 -59110
-158834 -68205
-158652 -68445
-158282 -67693
-158256 -67480
-150029 -60903
-149856 -61004
-146238 -55938
-146259 -56222
-152474 -53554
-152456 -53535
-150640 -51313
-150845 -51243
-155843 -59110
-155569 -58979
-158652 -68445
-158548 -68682
-158256 -67480
-158396 -67203
-148222 -66393
-148254 -66380
-146259 -56222
-146093 -56311
-152456 -53535
-152443 -53527
-144764 -64424
-144909 -64597
-142128 -62167
-142327 -62198
-144909 -64597
-144799 -64728
-142327 -62198
-142475 -62237
-145800 -64041
-146017 -64128
-146017 -64128
-146185 -64212
-142475 -62237
-142679 -62317
-146185 -64212
-146464 -64281
-146464 -64281
-146743 -64433
-146743 -64433
-146873 -64644
-158400 -51356
-158205 -51443
-141004 -61202
-141015 -61427
-158205 -51443
-158015 -51484
-158015 -51484
-157842 -51531
-148104 -64605
-148252 -64570
-157842 -51531
-157618 -51620
-148252 -64570
-148503 -64636
-157618 -51620
-157484 -51420
-141015 -61427
-141138 -61707
-157484 -51420
-157399 -51300
-156571 -64251
-156446 -64329
-157399 -51300
-157283 -51077
-156446 -64329
-156270 -64610
-158768 -56776
-158633 -56777
-158352 -55870
-158141 -55855
-152548 -57195
-152377 -57060
-152443 -53527
-151768 -53330
-140493 -53295
-140498 -53218
-158633 -56777
-158400 -56758
-158141 -55855
-157922 -55638
-144467 -65786
-144240 -65810
-152880 -59358
-152721 -59346
-143920 -53840
-144163 -53830
-140498 -53218
-140607 -53153
-157922 -55638
-157750 -55536
-144240 -65810
-144116 -65853
-152721 -59346
-152558 -59307
-151763 -52131
-151454 -52006
-140607 -53153
-140638 -52907
-157750 -55536
-157564 -55492
-144116 -65853
-143838 -65919
-152558 -59307
-152364 -59376
-143693 -57599
-143927 -57590
-151454 -52006
-151198 -52139
-140638 -52907
-140624 -52647
-157564 -55492
-157394 -55370
-152364 -59376
-152225 -59348
-143927 -57590
-144065 -57540
-151198 -52139
-150824 -52311
-150635 -52095
-148860 -52932
-140624 -52647
-140543 -52374
-157394 -55370
-157248 -55377
-152225 -59348
-151954 -59276
-144490 -58058
-144592 -58336
-144065 -57540
-144238 -57452
-150797 -51908
-150813 -52203
-140543 -52374
-140527 -52204
-157248 -55377
-157162 -55526
-151954 -59276
-151723 -59278
-144592 -58336
-144750 -58502
-144238 -57452
-144461 -57265
-150813 -52203
-150824 -52311
-141167 -61829
-141170 -62024
-157162 -55526
-157189 -55776
-151723 -59278
-151579 -59175
-144750 -58502
-144754 -58770
-144754 -58770
-144643 -58926
-152973 -58706
-152945 -58900
-147935 -51989
-148056 -52075
-144643 -58926
-144553 -59101
-152945 -58900
-152903 -59049
-148056 -52075
-148247 -52125
-157486 -59057
-157308 -59098
-152903 -59049
-152920 -59243
-148247 -52125
-148434 -52269
-157185 -57495
-157284 -57602
-157308 -59098
-157276 -59078
-152920 -59243
-152880 -59358
-148434 -52269
-148602 -52202
-157276 -59078
-157267 -59066
-155615 -57602
-155588 -57434
-155746 -65884
-155750 -65906
-157267 -59066
-157246 -59065
-155588 -57434
-155573 -57296
-157246 -59065
-157236 -59057
-155573 -57296
-155581 -57050
-141887 -54118
-141796 -54313
-157236 -59057
-157226 -58669
-155581 -57050
-155845 -56983
-144346 -52275
-144597 -52136
-155845 -56983
-155898 -56847
-157226 -58669
-156732 -58107
-155367 -58637
-155355 -58368
-153219 -53338
-153264 -53090
-144310 -51296
-144135 -51974
-155355 -58368
-155490 -58270
-156732 -58107
-156743 -58095
-155898 -56847
-155856 -56621
-155917 -54301
-156076 -54270
-153264 -53090
-153226 -52828
-144135 -51974
-144140 -51973
-155490 -58270
-155740 -58036
-156743 -58095
-156733 -58081
-155856 -56621
-155862 -56332
-156076 -54270
-156359 -54287
-153226 -52828
-153270 -52585
-144140 -51973
-144160 -51973
-155782 -65705
-155746 -65884
-155367 -58637
-155287 -58583
-156733 -58081
-156715 -57998
-155862 -56332
-155787 -56063
-156359 -54287
-156601 -54137
-153270 -52585
-153228 -52351
-144160 -51973
-144184 -52012
-156715 -57998
-156700 -57911
-155787 -56063
-155729 -55801
-156601 -54137
-156697 -53917
-152552 -52700
-152566 -52959
-144184 -52012
-144209 -52135
-143556 -53333
-143776 -53449
-143699 -58621
-143506 -58507
-143776 -53449
-143804 -53632
-152566 -52959
-152684 -53011
-144209 -52135
-144346 -52275
-143804 -53632
-143920 -53840
-152684 -53011
-152841 -53104
-144848 -56892
-145050 -56933
