-250249 -15971
-250126 -15795
-255587 -15641
-255328 -15701
-241006 -12792
-240893 -12856
-235138 -9519
-234982 -9405
-231720 -8153
-231490 -8065
-250126 -15795
-250350 -15737
-255328 -15701
-255166 -15561
-240893 -12856
-240905 -12984
-234982 -9405
-234966 -9162
-231490 -8065
-231334 -7937
-250350 -15737
-250431 -15469
-255166 -15561
-255058 -15402
-240905 -12984
-241008 -13184
-234966 -9162
-235223 -8905
-231334 -7937
-231312 -7646
-252154 2013
-252165 247
-255058 -15402
-254970 -15129
-241008 -13184
-241146 -13314
-233221 -11304
-233487 -11173
-231312 -7646
-231158 -7567
-254970 -15129
-254763 -14979
-241146 -13314
-241152 -13411
-233487 -11173
-233759 -11058
-231158 -7567
-231006 -7672
-254763 -14979
-254590 -15075
-241152 -13411
-241100 -13648
-233759 -11058
-233904 -11002
-231006 -7672
-230818 -7850
-250431 -15469
-250550 -15506
-254590 -15075
-254359 -15000
-252165 247
-251946 140
-241100 -13648
-241094 -13899
-233904 -11002
-234010 -11275
-230818 -7850
-230636 -7862
-250550 -15506
-250747 -15538
-254359 -15000
-254276 -15075
-251946 140
-251814 -114
-241094 -13899
-241234 -13993
-234010 -11275
-234170 -11498
-230636 -7862
-230439 -7781
-250747 -15538
-250985 -15647
-254276 -15075
-254085 -15022
-251814 -114
-251789 -306
-241234 -13993
-241121 -14202
-234170 -11498
-234186 -11691
-250985 -15647
-251268 -15737
-254085 -15022
-253924 -14900
-251789 -306
-251634 -419
-241121 -14202
-241183 -14354
-234186 -11691
-234242 -11886
-251268 -15737
-251533 -15584
-253924 -14900
-253727 -15018
-251634 -419
-251486 -475
-241183 -14354
-241342 -14283
-234242 -11886
-234344 -12036
-251533 -15584
-251672 -15470
-253727 -15018
-253548 -14885
-251486 -475
-251323 -425
-241342 -14283
-241480 -14226
-234344 -12036
-234474 -12193
-251672 -15470
-251836 -15358
-253548 -14885
-253327 -14948
-251323 -425
-251118 -382
-241480 -14226
-241694 -14138
-234474 -12193
-234699 -12419
-253327 -14948
-253195 -15041
-250694 -13278
-250662 -13151
-251118 -382
-250941 -618
-252165 247
-252165 -75
-241694 -14138
-241861 -13972
-234699 -12419
-234898 -12474
-241861 -13972
-241882 -14151
-253195 -15041
-253123 -14985
-250662 -13151
-250542 -12932
-250941 -618
-250749 -663
-252165 -75
-252161 -110
-234898 -12474
-235060 -12543
-241882 -14151
-241815 -14294
-250542 -12932
-250417 -12894
-243916 -10697
-244959 -10706
-250749 -663
-250572 -794
-253123 -14985
-253024 -15241
-252161 -110
-252155 -378
-235060 -12543
-235350 -12624
-250417 -12894
-250215 -12894
-244959 -10706
-244986 -10722
-253024 -15241
-253004 -15451
-250572 -794
-250578 -1073
-252155 -378
-252148 -446
-241815 -14294
-241575 -14534
-235350 -12624
-235568 -12894
-250215 -12894
-250211 -12655
-244986 -10722
-245084 -10709
-253004 -15451
-252799 -15566
-250578 -1073
-250468 -1202
-252148 -446
-252133 -733
-241575 -14534
-241446 -14680
-235568 -12894
-235808 -12891
-250211 -12655
-249931 -12559
-245084 -10709
-245224 -10633
-250468 -1202
-250354 -1216
-252799 -15566
-252610 -15626
-252133 -733
-251963 -905
-241446 -14680
-241411 -14833
-235808 -12891
-235922 -13028
-249931 -12559
-249738 -12423
-245224 -10633
-245372 -10661
-250354 -1216
-250154 -1336
-252610 -15626
-252487 -15435
-251963 -905
-251772 -1102
-241411 -14833
-241305 -14953
-235922 -13028
-236175 -13051
-249738 -12423
-249559 -12212
-245372 -10661
-245518 -10662
-250154 -1336
-249914 -1441
-251772 -1102
-251639 -1246
-241305 -14953
-241115 -15089
-236175 -13051
-236369 -13292
-249559 -12212
-249313 -12238
-245518 -10662
-245678 -10498
-249914 -1441
-249672 -1717
-251639 -1246
-251440 -1244
-241115 -15089
-240889 -15222
-236369 -13292
-236545 -13456
-249313 -12238
-249083 -11973
-245678 -10498
-245801 -10418
-249672 -1717
-249461 -1835
-251440 -1244
-251299 -1393
-240889 -15222
-240942 -15462
-236545 -13456
-236605 -13706
-249083 -11973
-248829 -11837
-245801 -10418
-246058 -10376
-249461 -1835
-249282 -1869
-251299 -1393
-251142 -1477
-236605 -13706
-236868 -13898
-233354 -15383
-233167 -15133
-239555 -9968
-239360 -9870
-239534 -7316
-239489 -7151
-235784 -6473
-235620 -6248
-238025 -143
-238018 89
-232263 -8557
-232296 -8371
-231440 -8617
-231660 -8550
-239360 -9870
-239266 -9688
-239489 -7151
-239224 -6953
-235620 -6248
-235374 -6331
-238018 89
-238143 248
-233167 -15133
-232952 -14850
-231660 -8550
-231790 -8434
-232296 -8371
-232019 -8280
-239266 -9688
-239062 -9738
-239224 -6953
-239121 -7047
-235374 -6331
-235118 -6401
-238143 248
-238256 394
-232952 -14850
-232728 -14830
-231790 -8434
-231720 -8153
-232019 -8280
-231900 -8223
-239062 -9738
-238892 -9783
-239121 -7047
-238985 -7250
-238256 394
-238504 411
-232728 -14830
-232475 -14573
-231900 -8223
-231720 -8153
-238892 -9783
-238648 -9713
-238985 -7250
-238840 -7486
-238504 411
-238691 490
-232475 -14573
-232377 -14292
-238648 -9713
-238729 -9630
-241712 -9426
-241856 -9565
-238840 -7486
-238675 -7323
-238691 490
-238830 606
-232377 -14292
-232170 -14285
-241856 -9565
-242012 -9547
-238729 -9630
-238924 -9544
-238675 -7323
-238488 -7294
-238830 606
-239066 743
-232170 -14285
-232012 -14356
-242012 -9547
-242113 -9397
-238924 -9544
-238845 -9390
-238488 -7294
-238329 -7221
-239066 743
-238851 988
-232012 -14356
-231810 -14317
-242113 -9397
-242246 -9151
-243536 -5442
-243430 -5608
-238845 -9390
-238948 -9165
-238329 -7221
-238212 -7387
-238851 988
-238706 1193
-231810 -14317
-231545 -14273
-242246 -9151
-242246 -10379
-243430 -5608
-243411 -5780
-238948 -9165
-239038 -8956
-238212 -7387
-238105 -7440
-238706 1193
-238675 1361
-231545 -14273
-231350 -14124
-242246 -10379
-242273 -10384
-243411 -5780
-243300 -5843
-239038 -8956
-239054 -8890
-238105 -7440
-237893 -7492
-238675 1361
-238710 1631
-231350 -14124
-231169 -13979
-242273 -10384
-242369 -10320
-243300 -5843
-243126 -5924
-239054 -8890
-239076 -8610
-237893 -7492
-237603 -7720
-231169 -13979
-230978 -13849
-242369 -10320
-242463 -10364
-243126 -5924
-242959 -5947
-239076 -8610
-239110 -8530
-230978 -13849
-230846 -13586
-242463 -10364
-242695 -10399
-242959 -5947
-242811 -5907
-239110 -8530
-239325 -8577
-230846 -13586
-230656 -13333
-242695 -10399
-242840 -10347
-242811 -5907
-242587 -5990
-239325 -8577
-239608 -8614
-242840 -10347
-243058 -10375
-242587 -5990
-242313 -5802
-239608 -8614
-239822 -8571
-243058 -10375
-243312 -10537
-242313 -5802
-242150 -5820
-239822 -8571
-239907 -8621
-235118 -6401
-234967 -6419
-243312 -10537
-243452 -10542
-242150 -5820
-241972 -5791
-250606 -8784
-250544 -8781
-239907 -8621
-239898 -8878
-234967 -6419
-234725 -6433
-243452 -10542
-243651 -10417
-250544 -8781
-250417 -8792
-241972 -5791
-241795 -5787
-239898 -8878
-239822 -9062
-234725 -6433
-234636 -6651
-243651 -10417
-243916 -10697
-250417 -8792
-250222 -8817
-239822 -9062
-239802 -9251
-234636 -6651
-234640 -6804
-241795 -5787
-241670 -5725
-250222 -8817
-249974 -8941
-239802 -9251
-239817 -9521
-234640 -6804
-234657 -6972
-241670 -5725
-241377 -5693
-249974 -8941
-249889 -9106
-239817 -9521
-240099 -9715
-234657 -6972
-234396 -7095
-241377 -5693
-241102 -5726
-249889 -9106
-249750 -9112
-240099 -9715
-240327 -9784
-234396 -7095
-234148 -7031
-241102 -5726
-240816 -5781
-249750 -9112
-249593 -9259
-240327 -9784
-240479 -9665
-234148 -7031
-233950 -6810
-240816 -5781
-240668 -5787
-249282 -1869
-249050 -1884
-236868 -13898
-236906 -14030
-241712 -9426
-241970 -9230
-234965 -5344
-235077 -5378
-241970 -9230
-242012 -9021
-249050 -1884
-248863 -1917
-236906 -14030
-237078 -14247
-235077 -5378
-235152 -5636
-242012 -9021
-242057 -8861
-248863 -1917
-248695 -1837
-237078 -14247
-237087 -14475
-235152 -5636
-235232 -5811
-242057 -8861
-241908 -8723
-248695 -1837
-248515 -1810
-237087 -14475
-237024 -14647
-235232 -5811
-235284 -5939
-241908 -8723
-241837 -8563
-248515 -1810
-248283 -1740
-237024 -14647
-237131 -14877
-235284 -5939
-235312 -6174
-232800 -11760
-232549 -11879
-241837 -8563
-241981 -8346
-248283 -1740
-248109 -1765
-237270 -15452
-237419 -15459
-235312 -6174
-235118 -6401
-232549 -11879
-232324 -11955
-241981 -8346
-242164 -8253
-248109 -1765
-247922 -1857
-250694 -13278
-250795 -13515
-232324 -11955
-232280 -11996
-242164 -8253
-242112 -8043
-247922 -1857
-247715 -1944
-250795 -13515
-250832 -13676
-232280 -11996
-232072 -12283
-242112 -8043
-242312 -7822
-247715 -1944
-247557 -2000
-250832 -13676
-250596 -13576
-232072 -12283
-231885 -12562
-247557 -2000
-247307 -2070
-250596 -13576
-250311 -13434
-231885 -12562
-231674 -12737
-250311 -13434
-250078 -13393
-247307 -2070
-247158 -2275
-231674 -12737
-231549 -12796
-250078 -13393
-249921 -13656
-247158 -2275
-247016 -2489
-231549 -12796
-231425 -12870
-249921 -13656
-249851 -13769
-247016 -2489
-246855 -2653
-231425 -12870
-231235 -13014
-249851 -13769
-249838 -13956
-246855 -2653
-246643 -2732
-231235 -13014
-231119 -13113
-249838 -13956
-249862 -14118
-246643 -2732
-246471 -2737
-237131 -14877
-237248 -15103
-231119 -13113
-230982 -13209
-249862 -14118
-249935 -14333
-246471 -2737
-246325 -2731
-237248 -15103
-237322 -15300
-230982 -13209
-230795 -13301
-249935 -14333
-250144 -14487
-246325 -2731
-246067 -2603
-237322 -15300
-237270 -15452
-230795 -13301
-230656 -13333
-250144 -14487
-250322 -14625
-246067 -2603
-245840 -2494
-237270 -15452
-237140 -15308
-237131 -14877
-237261 -14649
-250322 -14625
-250273 -14834
-245840 -2494
-245683 -2424
-237140 -15308
-236941 -15206
-237261 -14649
-237395 -14462
-250273 -14834
-250027 -14849
-245683 -2424
-245391 -2432
-236941 -15206
-236817 -15196
-237395 -14462
-237410 -14278
-250027 -14849
-249902 -14924
-245391 -2432
-245378 -3595
-236817 -15196
-236588 -15084
-237410 -14278
-237530 -14049
-249902 -14924
-250067 -15103
-245378 -3595
-245376 -5339
-236588 -15084
-236401 -14971
-237530 -14049
-237550 -13889
-250067 -15103
-250215 -15276
-245376 -5339
-245310 -5362
-236401 -14971
-236274 -14883
-237550 -13889
-237537 -13655
-250215 -15276
-250431 -15469
-245310 -5362
-245156 -5389
-236274 -14883
-236079 -14824
-237537 -13655
-237416 -13505
-243536 -5442
-243354 -5274
-251142 -1477
-250869 -1687
-240479 -9665
-240663 -9645
-233950 -6810
-233796 -6792
-240668 -5787
-240509 -5751
-243354 -5274
-243085 -5178
-250869 -1687
-250598 -1847
-240663 -9645
-240908 -9687
-233796 -6792
-233799 -7036
-240509 -5751
-240352 -5789
-243085 -5178
-243030 -5067
-250598 -1847
-250571 -1992
-240908 -9687
-241121 -9808
-233799 -7036
-233823 -7171
-240352 -5789
-240173 -5852
-243030 -5067
-242972 -4855
-250571 -1992
-250539 -2182
-241121 -9808
-241362 -9680
-233823 -7171
-233728 -7360
-240173 -5852
-239936 -5738
-242972 -4855
-242717 -4719
-250539 -2182
-250505 -2463
-241362 -9680
-241447 -9445
-233728 -7360
-233590 -7559
-239936 -5738
-239751 -5600
-242717 -4719
-242558 -4616
-250505 -2463
-250630 -2732
-241447 -9445
-241712 -9426
-233590 -7559
-233487 -7473
-239751 -5600
-239552 -5521
-242558 -4616
-242353 -4547
-250630 -2732
-250500 -2885
-234964 -8554
-234776 -8553
-233487 -7473
-233289 -7463
-239552 -5521
-239350 -5450
-230656 -13333
-230380 -13334
-242353 -4547
-242087 -4373
-250500 -2885
-250420 -3054
-234776 -8553
-234775 -8378
-233289 -7463
-232997 -7265
-239350 -5450
-239185 -5309
-242087 -4373
-241878 -4257
-250420 -3054
-250282 -3189
-234775 -8378
-234774 -8224
-239185 -5309
-238991 -5289
-232997 -7265
-232889 -7333
-241878 -4257
-241607 -4076
-250282 -3189
-250173 -3415
-234774 -8224
-234639 -8344
-238991 -5289
-238926 -5555
-232889 -7333
-232875 -7406
-250173 -3415
-249914 -3643
-234639 -8344
-234478 -8486
-238926 -5555
-238781 -5648
-241607 -4076
-241469 -4101
-232875 -7406
-232948 -7630
-242312 -7822
-242424 -7979
-249914 -3643
-249958 -3742
-234478 -8486
-234430 -8642
-238781 -5648
-238614 -5546
-241469 -4101
-241299 -4197
-232948 -7630
-232922 -7786
-242424 -7979
-242457 -8167
-249958 -3742
-249940 -3861
-234430 -8642
-234334 -8783
-238614 -5546
-238468 -5370
-241299 -4197
-241047 -4138
-232922 -7786
-232786 -7970
-247075 -11610
-246824 -11446
-242457 -8167
-242678 -8298
-249940 -3861
-249827 -4043
-234334 -8783
-234203 -9024
-238468 -5370
-238292 -5299
-241047 -4138
-240894 -3940
-232786 -7970
-232580 -8010
-246824 -11446
-246643 -11437
-242678 -8298
-242873 -8415
-249827 -4043
-249890 -4226
-234203 -9024
-234048 -9195
-238292 -5299
-238045 -5149
-240894 -3940
-241021 -3692
-232580 -8010
-232453 -8050
-246643 -11437
-246457 -11384
-242873 -8415
-243044 -8510
-249890 -4226
-249949 -4470
-234048 -9195
-233952 -9346
-238045 -5149
-237785 -5102
-241021 -3692
-240780 -3511
-232453 -8050
-232274 -8072
-246457 -11384
-246327 -11233
-243044 -8510
-243210 -8613
-249949 -4470
-249905 -4559
-233952 -9346
-233994 -9582
-237785 -5102
-237604 -5088
-240780 -3511
-240632 -3486
-232274 -8072
-232063 -7866
-246327 -11233
-246189 -11169
-243210 -8613
-243231 -8742
-249905 -4559
-249872 -4801
-233994 -9582
-233987 -9728
-240632 -3486
-240474 -3554
-232063 -7866
-231841 -7970
-246189 -11169
-245991 -11135
-243231 -8742
-243256 -8908
-249872 -4801
-249962 -5033
-233987 -9728
-233825 -9792
-240474 -3554
-240266 -3416
-231841 -7970
-231720 -8153
-245991 -11135
-245801 -11190
-243256 -8908
-243471 -8976
-249962 -5033
-250019 -5323
-233825 -9792
-233535 -9876
-240266 -3416
-240218 -3134
-245801 -11190
-245653 -11168
-243471 -8976
-243501 -9181
-250019 -5323
-250031 -5477
-233535 -9876
-233542 -10066
-240218 -3134
-240138 -2915
-230438 -13077
-230656 -12875
-245653 -11168
-245451 -11043
-243501 -9181
-243578 -9293
-250031 -5477
-250030 -5512
-233542 -10066
-233635 -10303
-240138 -2915
-240192 -2841
-230656 -12875
-230786 -12729
-245451 -11043
-245168 -11247
-243578 -9293
-243745 -9400
-250030 -5512
-250322 -7201
-233635 -10303
-233480 -10499
-240192 -2841
-240114 -2666
-230786 -12729
-230922 -12505
-245168 -11247
-245047 -11227
-243745 -9400
-243847 -9566
-250322 -7201
-250606 -8784
-233480 -10499
-233326 -10666
-240114 -2666
-240178 -2520
-230922 -12505
-230891 -12280
-248829 -11837
-248642 -11888
-246058 -10376
-246180 -10266
-249593 -9259
-249473 -9408
-248642 -11888
-248525 -11727
-246180 -10266
-246456 -10262
-249473 -9408
-249325 -9351
-248525 -11727
-248348 -11640
-246456 -10262
-246624 -10243
-249325 -9351
-249175 -9368
-251836 -15358
-251795 -15178
-237603 -7720
-237418 -7831
-248348 -11640
-248129 -11561
-246624 -10243
-246786 -10235
-249175 -9368
-249059 -9513
-251795 -15178
-251765 -15178
-237418 -7831
-237363 -8100
-248129 -11561
-247937 -11549
-246786 -10235
-247063 -10097
-249059 -9513
-249017 -9741
-251765 -15178
-251617 -14401
-237363 -8100
-237209 -8293
-247937 -11549
-247723 -11441
-247063 -10097
-247329 -9840
-249017 -9741
-248838 -9928
-251617 -14401
-251414 -13270
-237209 -8293
-237037 -8094
-247723 -11441
-247445 -11408
-248838 -9928
-248671 -10147
-237037 -8094
-236899 -8156
-230524 -364
-230811 -493
-247445 -11408
-247284 -11624
-248671 -10147
-248480 -10054
-236899 -8156
-236721 -8119
-230811 -493
-230745 -677
-247284 -11624
-247075 -11610
-248480 -10054
-248273 -10136
-236721 -8119
-236467 -8174
-230745 -677
-230739 -869
-248273 -10136
-248101 -10075
-250606 -8784
-250962 -10801
-236467 -8174
-236337 -8115
-230739 -869
-230810 -1050
-248101 -10075
-247936 -10068
-250962 -10801
-251414 -13270
-236337 -8115
-236136 -8087
-230810 -1050
-231092 -1177
-248499 -16287
-248497 -16107
-248497 -16107
-248503 -16015
-247936 -10068
-247765 -10046
-236136 -8087
-236250 -8278
-231092 -1177
-231238 -1216
-248503 -16015
-248502 -15882
-247765 -10046
-247547 -9999
-236250 -8278
-236141 -8357
-231238 -1216
-231527 -1195
-248502 -15882
-248482 -15722
-247047 -13290
-246848 -13148
-247547 -9999
-247329 -9840
-236141 -8357
-236204 -8579
-231527 -1195
-231725 -1214
-248482 -15722
-248191 -15574
-246848 -13148
-246723 -13276
-236204 -8579
-235955 -8494
-231725 -1214
-231966 -1251
-248191 -15574
-248188 -15334
-246723 -13276
-246532 -13467
-235955 -8494
-235784 -8563
-231966 -1251
-232088 -1341
-248188 -15334
-248195 -15093
-246532 -13467
-246295 -13576
-235784 -8563
-235711 -8579
-232088 -1341
-232292 -1398
-248195 -15093
-248088 -14813
-246295 -13576
-246122 -13392
-235711 -8579
-235528 -8567
-232292 -1398
-232479 -1485
-248088 -14813
-247967 -14653
-246122 -13392
-245849 -13346
-235528 -8567
-235334 -8490
-232479 -1485
-232766 -1528
-247967 -14653
-247814 -14490
-245849 -13346
-245644 -13353
-235334 -8490
-235099 -8402
-232766 -1528
-232960 -1643
-247814 -14490
-247771 -14316
-245644 -13353
-245453 -13573
-235099 -8402
-234964 -8554
-232960 -1643
-233078 -1649
-247771 -14316
-247731 -14140
-245453 -13573
-245248 -13557
-233078 -1649
-233109 -1641
-247731 -14140
-247819 -13994
-245248 -13557
-244999 -13496
-233109 -1641
-233391 -1864
-247819 -13994
-247778 -13745
-244999 -13496
-244922 -13267
-233391 -1864
-233365 -2153
-245047 -11227
-244857 -11353
-245156 -5389
-244864 -5318
-240942 -15462
-240911 -15563
-237416 -13505
-237544 -13226
-244857 -11353
-244637 -11376
-244864 -5318
-244702 -5346
-240911 -15563
-240790 -15761
-237544 -13226
-237571 -13111
-244637 -11376
-244562 -11525
-244702 -5346
-244501 -5464
-240790 -15761
-240824 -16043
-237571 -13111
-237558 -12907
-244562 -11525
-244512 -11682
-244501 -5464
-244272 -5361
-240824 -16043
-240825 -16100
-237558 -12907
-237547 -12691
-244512 -11682
-244564 -11927
-244272 -5361
-244080 -5351
-240825 -16100
-240821 -16130
-237547 -12691
-237443 -12513
-244564 -11927
-244592 -11985
-244080 -5351
-243843 -5490
-251414 -13270
-251265 -13356
-240821 -16130
-241270 -16228
-237443 -12513
-237315 -12303
-244592 -11985
-244201 -12003
-243843 -5490
-243759 -5499
-251265 -13356
-251039 -13366
-237315 -12303
-237268 -12154
-243916 -10697
-243945 -10756
-243759 -5499
-243536 -5442
-251039 -13366
-250911 -13394
-237268 -12154
-237135 -11930
-241369 -16173
-241633 -16149
-243945 -10756
-243998 -11030
-250911 -13394
-250694 -13278
-241633 -16149
-241863 -16140
-237419 -15459
-237600 -15468
-237135 -11930
-237020 -11762
-241863 -16140
-242028 -16117
-243998 -11030
-244038 -11261
-237600 -15468
-240942 -15462
-237020 -11762
-236922 -11515
-242028 -16117
-242171 -16028
-244038 -11261
-244098 -11420
-236922 -11515
-236727 -11392
-239738 -11304
-239901 -11324
-242171 -16028
-242373 -16287
-244098 -11420
-244114 -11511
-236727 -11392
-236643 -11168
-239901 -11324
-240047 -11361
-244114 -11511
-244198 -11785
-240047 -11361
-240232 -11361
-236643 -11168
-236564 -11007
-244198 -11785
-244201 -12003
-240232 -11361
-240400 -11362
-236564 -11007
-236440 -10800
-234964 -8554
-235153 -8508
-257845 -16224
-257594 -16131
-257594 -16131
-257433 -16045
-240400 -11362
-240623 -11298
-236440 -10800
-236266 -10550
-235223 -8905
-235435 -8848
-235153 -8508
-235276 -8521
-257433 -16045
-257171 -16057
-240623 -11298
-240912 -11546
-236266 -10550
-236164 -10368
-235435 -8848
-235621 -9058
-235276 -8521
-235351 -8669
-257171 -16057
-256892 -15960
-240912 -11546
-240963 -11801
-236164 -10368
-235965 -10392
-235621 -9058
-235864 -9329
-235351 -8669
-235223 -8905
-256892 -15960
-256705 -15984
-240963 -11801
-241139 -11987
-235965 -10392
-235757 -10295
-235864 -9329
-235960 -9435
-256705 -15984
-256599 -15796
-241139 -11987
-241241 -12195
-235757 -10295
-235534 -10343
-235960 -9435
-236212 -9584
-256599 -15796
-256380 -15767
-241241 -12195
-241324 -12295
-235534 -10343
-235339 -10236
-236212 -9584
-236471 -9525
-256380 -15767
-256200 -15805
-241324 -12295
-241323 -12323
-235339 -10236
-235218 -10083
-236471 -9525
-236569 -9402
-256200 -15805
-255992 -15844
-241323 -12323
-241314 -12607
-235218 -10083
-235270 -9921
-236569 -9402
-236568 -9230
-255992 -15844
-255780 -15823
-241314 -12607
-241192 -12774
-235270 -9921
-235376 -9673
-236568 -9230
-236755 -8961
-247047 -13290
-247075 -11610
-255780 -15823
-255587 -15641
-241192 -12774
-241006 -12792
-235376 -9673
-235138 -9519
-236755 -8961
-236880 -9230
-250485 -16216
-250249 -15971
-243847 -9566
-243944 -9771
-236079 -14824
-235900 -14758
-233326 -10666
-233318 -10802
-240178 -2520
-239984 -2379
-233365 -2153
-233333 -2267
-230891 -12280
-230685 -12094
-243944 -9771
-244138 -9818
-235900 -14758
-235711 -14613
-233318 -10802
-233156 -11044
-239984 -2379
-239754 -2257
-233333 -2267
-233325 -2467
-230685 -12094
-230861 -11858
-244138 -9818
-244324 -9729
-235711 -14613
-235554 -14536
-233325 -2467
-233253 -2749
-239754 -2257
-239528 -2150
-233156 -11044
-233221 -11304
-230861 -11858
-231124 -11650
-244324 -9729
-244537 -9675
-235554 -14536
-235395 -14473
-239528 -2150
-239365 -2015
-233253 -2749
-233336 -2993
-231124 -11650
-231307 -11447
-244537 -9675
-244738 -9649
-235395 -14473
-235252 -14366
-233336 -2993
-233429 -3263
-239365 -2015
-239125 -2137
-231307 -11447
-231353 -11317
-244738 -9649
-244883 -9530
-235252 -14366
-235075 -14277
-233429 -3263
-233487 -3409
-239125 -2137
-239021 -2157
-231353 -11317
-231373 -11130
-244883 -9530
-245009 -9349
-235075 -14277
-234851 -14200
-233487 -3409
-233530 -3601
-239021 -2157
-238800 -2080
-231373 -11130
-231567 -11096
-245009 -9349
-245248 -9171
-234851 -14200
-234671 -14097
-238800 -2080
-238619 -1934
-231567 -11096
-231702 -10842
-245248 -9171
-245439 -9224
-234671 -14097
-234439 -13845
-238619 -1934
-238381 -1754
-231702 -10842
-231921 -10658
-245439 -9224
-245595 -9242
-242312 -7822
-242122 -7915
-234439 -13845
-234211 -13667
-238381 -1754
-238147 -1749
-231921 -10658
-231978 -10511
-245595 -9242
-245805 -9120
-242122 -7915
-241947 -8059
-234211 -13667
-234119 -13479
-238147 -1749
-238056 -1602
-231978 -10511
-231998 -10279
-245805 -9120
-245969 -9195
-241947 -8059
-241742 -8102
-251836 -15358
-252005 -15595
-234119 -13479
-234096 -13270
-237604 -5088
-237390 -5084
-238056 -1602
-237950 -1483
-231998 -10279
-232180 -10000
-245969 -9195
-246059 -9401
-252005 -15595
-252227 -15587
-234096 -13270
-233968 -13004
-241742 -8102
-241598 -8140
-237390 -5084
-237216 -5156
-237950 -1483
-237839 -1275
-232180 -10000
-232006 -9890
-246059 -9401
-246281 -9420
-252227 -15587
-252487 -15435
-252487 -15435
-252521 -15712
-233968 -13004
-233888 -12712
-241598 -8140
-241427 -8175
-237216 -5156
-237096 -5296
-237839 -1275
-237602 -1207
-232006 -9890
-231815 -9812
-246281 -9420
-246463 -9376
-252521 -15712
-252490 -15772
-233888 -12712
-234038 -12532
-241427 -8175
-241316 -8112
-237096 -5296
-236979 -5295
-237602 -1207
-237366 -1198
-231815 -9812
-231656 -9791
-246463 -9376
-246628 -9367
-252490 -15772
-252477 -16010
-234038 -12532
-233824 -12551
-241316 -8112
-241029 -8092
-236979 -5295
-236779 -5396
-237366 -1198
-237205 -1130
-231656 -9791
-231596 -9653
-234500 -16305
-234401 -16132
-246628 -9367
-246811 -9523
-252477 -16010
-252458 -16175
-234401 -16132
-234117 -15968
-233824 -12551
-233652 -12337
-239738 -11304
-239739 -11162
-241029 -8092
-240820 -8022
-236779 -5396
-236564 -5388
-237205 -1130
-237231 -887
-231596 -9653
-231695 -9569
-246811 -9523
-246967 -9532
-234117 -15968
-234057 -15858
-233652 -12337
-233478 -12168
-239739 -11162
-239788 -10929
-240820 -8022
-240571 -7921
-236564 -5388
-236350 -5490
-237231 -887
-237258 -766
-231695 -9569
-231903 -9528
-246967 -9532
-247131 -9736
-234057 -15858
-234054 -15702
-233478 -12168
-233325 -11987
-239788 -10929
-239761 -10695
-240571 -7921
-240342 -7737
-236350 -5490
-236301 -5672
-237258 -766
-237533 -683
-231903 -9528
-231902 -9398
-247131 -9736
-247329 -9840
-234054 -15702
-234010 -15516
-233325 -11987
-233183 -11879
-239761 -10695
-239788 -10483
-240342 -7737
-240196 -7790
-236301 -5672
-236306 -5889
-237533 -683
-237780 -862
-231902 -9398
-231936 -9212
-230560 -9399
-230687 -9188
-234010 -15516
-233830 -15452
-239788 -10483
-239630 -10366
-240196 -7790
-239939 -7749
-236306 -5889
-236079 -5984
-237780 -862
-237892 -618
-233183 -11879
-233055 -11836
-231936 -9212
-232072 -9079
-230687 -9188
-230745 -8929
-233830 -15452
-233674 -15440
-239630 -10366
-239662 -10158
-239939 -7749
-239665 -7615
-236079 -5984
-235888 -6110
-237892 -618
-237914 -432
-233055 -11836
-232800 -11760
-232072 -9079
-232089 -8887
-230745 -8929
-230936 -8785
-233674 -15440
-233537 -15440
-239662 -10158
-239701 -10008
-239665 -7615
-239544 -7476
-235888 -6110
-235891 -6361
-237914 -432
-237940 -259
-232089 -8887
-232169 -8747
-230936 -8785
-231197 -8756
-233537 -15440
-233354 -15383
-239701 -10008
-239555 -9968
-239544 -7476
-239534 -7316
-235891 -6361
-235784 -6473
-237940 -259
-238025 -143
-232169 -8747
-232263 -8557
-231197 -8756
-231440 -8617
-247778 -13745
-247778 -13535
-244922 -13267
-244923 -13038
-237419 -15459
-237668 -15711
-236880 -9230
-236907 -9329
-247778 -13535
-247574 -13488
-244923 -13038
-244860 -12928
-237668 -15711
-237790 -15825
-236907 -9329
-237106 -9411
-247574 -13488
-247480 -13318
-244860 -12928
-244938 -12777
-237790 -15825
-237931 -15836
-237106 -9411
-237222 -9384
-247480 -13318
-247298 -13324
-244938 -12777
-244952 -12649
-237931 -15836
-238122 -15907
-237222 -9384
-237437 -9459
-247298 -13324
-247047 -13290
-244952 -12649
-244904 -12473
-238122 -15907
-238199 -16031
-237437 -9459
-237577 -9650
-232800 -11760
-232969 -11587
-244904 -12473
-245050 -12309
-238199 -16031
-238368 -16232
-237577 -9650
-237709 -9774
-232969 -11587
-233221 -11304
-245050 -12309
-244898 -12300
-237709 -9774
-237839 -9925
-244898 -12300
-244669 -12352
-237839 -9925
-237921 -10122
-244669 -12352
-244452 -12299
-237921 -10122
-238015 -10252
-244452 -12299
-244321 -12261
-238015 -10252
-238095 -10443
-244321 -12261
-244201 -12003
-238095 -10443
-238303 -10724
-238303 -10724
-238319 -10865
-238319 -10865
-238350 -11052
-233530 -3601
-233747 -3670
-238350 -11052
-238492 -11228
-233747 -3670
-233955 -3797
-238492 -11228
-238662 -11312
-233955 -3797
-233901 -4052
-238662 -11312
-238794 -11382
-233901 -4052
-234030 -4217
-238794 -11382
-238996 -11300
-234030 -4217
-234126 -4405
-238996 -11300
-239155 -11317
-234126 -4405
-234156 -4621
-239155 -11317
-239336 -11335
-234156 -4621
-234254 -4776
-239336 -11335
-239481 -11341
-234254 -4776
-234164 -5026
-239481 -11341
-239738 -11304
-234164 -5026
-234291 -5243
-237603 -7720
-237604 -5088
-234291 -5243
-234507 -5249
-234507 -5249
-234772 -5335
-234772 -5335
-234965 -5344
