-179354 -47537
-179372 -47756
-179372 -47756
-179458 -47980
-179458 -47980
-179500 -48200
-178817 -35981
-179018 -35913
-179500 -48200
-179671 -48436
-179018 -35913
-179182 -35779
-179671 -48436
-179923 -48559
-179182 -35779
-179281 -35646
-177935 -34201
-178083 -33985
-179281 -35646
-179515 -35696
-178083 -33985
-178169 -33934
-168571 -49839
-168542 -49656
-179515 -35696
-179728 -35616
-178169 -33934
-178430 -33802
-168542 -49656
-168438 -49412
-179728 -35616
-179874 -35499
-178430 -33802
-178462 -33673
-168438 -49412
-168458 -49188
-172217 -51603
-172446 -51250
-179874 -35499
-180000 -35272
-172446 -51250
-172436 -51012
-168458 -49188
-168663 -49014
-168975 -50770
-169100 -50994
-168334 -49768
-168571 -49839
-168474 -35891
-168662 -35881
-169100 -50994
-169124 -51191
-168662 -35881
-168823 -35916
-169456 -35251
-169608 -35428
-183033 -35282
-181801 -35365
-169124 -51191
-168982 -51391
-168823 -35916
-169006 -35977
-190359 -46800
-190178 -46569
-181801 -35365
-180808 -35427
-190178 -46569
-190169 -46391
-180808 -35427
-180746 -35288
-190169 -46391
-190124 -46254
-180746 -35288
-180702 -35120
-190124 -46254
-190232 -46159
-187879 -39374
-187896 -39215
-180702 -35120
-180541 -34840
-170149 -50315
-170309 -50192
-190232 -46159
-190421 -46020
-187896 -39215
-187880 -38968
-180541 -34840
-180440 -34596
-170309 -50192
-170387 -50115
-190421 -46020
-190451 -45829
-187880 -38968
-187833 -38755
-180440 -34596
-180333 -34387
-170387 -50115
-170322 -49867
-190451 -45829
-190561 -45652
-187833 -38755
-187888 -38552
-170322 -49867
-170422 -49628
-180333 -34387
-180378 -34110
-174105 -35095
-174114 -34902
-190561 -45652
-190528 -45375
-187888 -38552
-187925 -38362
-170422 -49628
-170243 -49472
-180378 -34110
-180275 -33882
-176399 -34983
-176566 -35005
-175204 -46801
-175062 -46974
-187925 -38362
-187856 -38168
-176566 -35005
-176789 -35018
-180275 -33882
-180191 -33663
-170243 -49472
-170289 -49443
-175062 -46974
-174939 -47186
-187856 -38168
-187923 -37897
-176789 -35018
-177015 -35067
-170289 -49443
-170322 -49159
-174939 -47186
-174895 -47442
-187923 -37897
-187845 -37758
-177015 -35067
-177162 -35005
-170322 -49159
-170276 -48964
-174895 -47442
-174951 -47671
-174738 -33656
-174809 -33766
-177162 -35005
-177361 -34946
-170276 -48964
-170184 -48808
-174951 -47671
-174880 -47932
-174809 -33766
-174881 -34056
-163800 -47403
-163557 -47368
-176212 -35911
-176202 -35718
-167811 -45322
-167605 -45304
-176202 -35718
-176268 -35642
-167605 -45304
-167401 -45263
-171425 -41211
-171351 -40956
-171815 -39423
-171793 -39565
-176268 -35642
-176346 -35490
-171351 -40956
-171415 -40765
-171793 -39565
-171713 -39738
-171415 -40765
-171633 -40792
-171713 -39738
-171827 -40017
-177018 -42262
-176986 -42056
-185029 -39685
-185289 -39704
-177832 -35856
-177589 -35994
-171633 -40792
-171638 -40584
-171827 -40017
-171942 -40153
-176986 -42056
-176844 -41968
-185289 -39704
-185418 -39725
-177589 -35994
-177403 -36164
-171638 -40584
-171758 -40622
-171942 -40153
-172092 -40357
-176844 -41968
-176612 -41781
-185418 -39725
-185646 -39609
-177403 -36164
-177157 -36266
-171758 -40622
-171966 -40564
-176612 -41781
-176405 -41761
-185646 -39609
-185894 -39581
-170673 -40563
-170919 -40662
-169180 -36000
-169350 -36098
-176405 -41761
-176288 -41742
-185894 -39581
-186121 -39486
-172436 -51012
-172246 -50999
-170919 -40662
-171150 -40929
-169350 -36098
-169542 -36260
-176288 -41742
-176065 -41600
-182410 -41692
-182644 -41450
-186121 -39486
-186240 -39431
-171150 -40929
-171425 -41211
-169929 -36075
-169700 -36143
-182644 -41450
-182670 -41256
-186240 -39431
-186482 -39395
-169700 -36143
-169542 -36260
-176404 -43064
-176549 -43247
-182670 -41256
-182617 -41088
-186482 -39395
-186682 -39409
-169542 -36260
-169542 -36260
-176549 -43247
-176719 -43516
-182617 -41088
-182574 -40914
-186682 -39409
-186776 -39443
-172506 -50401
-172517 -50545
-168141 -45305
-168311 -45174
-176719 -43516
-176927 -43453
-182574 -40914
-182514 -40717
-186776 -39443
-187028 -39600
-194926 -42077
-195069 -41988
-172517 -50545
-172431 -50695
-168311 -45174
-168504 -45025
-176927 -43453
-177091 -43602
-188000 -39715
-188025 -39547
-172431 -50695
-172474 -50821
-168504 -45025
-168634 -44920
-177091 -43602
-177284 -43708
-188025 -39547
-187879 -39374
-172474 -50821
-172436 -51012
-168634 -44920
-168806 -44793
-163800 -44536
-163605 -44520
-177284 -43708
-177492 -43748
-172246 -50999
-171954 -50754
-168806 -44793
-169005 -44558
-166815 -42538
-166914 -42783
-163605 -44520
-163350 -44571
-177492 -43748
-177692 -43738
-171954 -50754
-171770 -50711
-166914 -42783
-166764 -42830
-163350 -44571
-163216 -44645
-195082 -40677
-194908 -40755
-177692 -43738
-177821 -43730
-194908 -40755
-195057 -40923
-171770 -50711
-171608 -50661
-166764 -42830
-166625 -42788
-163216 -44645
-163005 -44732
-179276 -39588
-179028 -39823
-171608 -50661
-171325 -50585
-166625 -42788
-166456 -42848
-163005 -44732
-162837 -44744
-179028 -39823
-178805 -39994
-171325 -50585
-171143 -50400
-166456 -42848
-166354 -42947
-174124 -36228
-174002 -36087
-162837 -44744
-162639 -44555
-195036 -41103
-194887 -41260
-178805 -39994
-178582 -40143
-194887 -41260
-194637 -41436
-167401 -45263
-167198 -45277
-166354 -42947
-166491 -43010
-171000 -39665
-170792 -39678
-174002 -36087
-174108 -35862
-162639 -44555
-162468 -44355
-178582 -40143
-178294 -40242
-194637 -41436
-194593 -41592
-167198 -45277
-167024 -45285
-166491 -43010
-166697 -43022
-170792 -39678
-170627 -39626
-174108 -35862
-174120 -35660
-162468 -44355
-162265 -44400
-178294 -40242
-178146 -40251
-194593 -41592
-194416 -41695
-167024 -45285
-166757 -45127
-166697 -43022
-166943 -43214
-170627 -39626
-170397 -39618
-174120 -35660
-173996 -35386
-162265 -44400
-162198 -44350
-182485 -38422
-182346 -38462
-171520 -36963
-171249 -36898
-160283 -44307
-160257 -44289
-163747 -37093
-163548 -37293
-182346 -38462
-182171 -38378
-160257 -44289
-160169 -44296
-163548 -37293
-163546 -37453
-163546 -37453
-163516 -37728
-160169 -44296
-160054 -44299
-163516 -37728
-163609 -38002
-160054 -44299
-159879 -44250
-163609 -38002
-163569 -38234
-159879 -44250
-159665 -44267
-179147 -37850
-178968 -37907
-163569 -38234
-163499 -38318
-159665 -44267
-159488 -44297
-178968 -37907
-178821 -37982
-178821 -37982
-178694 -38036
-178694 -38036
-178507 -38052
-178507 -38052
-178363 -38239
-178363 -38239
-178304 -38445
-168499 -37732
-168384 -37801
-178304 -38445
-178074 -38540
-177185 -37801
-176921 -37682
-165406 -36930
-165175 -36861
-159488 -44297
-159286 -44168
-178074 -38540
-178218 -38747
-176921 -37682
-176802 -37714
-165175 -36861
-165041 -36929
-176802 -37714
-176588 -37692
-176588 -37692
-176633 -37974
-165041 -36929
-164846 -36958
-176633 -37974
-176656 -38056
-164846 -36958
-164613 -36730
-176656 -38056
-176596 -38151
-164613 -36730
-164602 -36556
-176596 -38151
-176672 -38335
-176672 -38335
-176486 -38407
-176486 -38407
-176454 -38495
-175806 -42393
-175653 -42572
-176454 -38495
-176343 -38747
-175937 -38241
-176179 -38341
-175653 -42572
-175559 -42732
-176179 -38341
-176265 -38466
-175559 -42732
-175401 -42980
-176265 -38466
-176343 -38747
-175401 -42980
-175550 -43213
-175550 -43213
-175610 -43908
-182202 -47939
-182110 -47651
-178146 -40251
-177991 -40225
-177361 -34946
-177512 -34708
-170184 -48808
-170118 -48575
-173996 -35386
-174105 -35095
-174881 -34056
-174828 -34098
-163557 -47368
-163404 -47383
-179108 -50992
-179052 -50833
-182110 -47651
-182165 -47450
-177512 -34708
-177724 -34447
-170118 -48575
-170088 -48410
-174828 -34098
-174821 -34178
-163404 -47383
-163178 -47337
-179052 -50833
-179081 -50688
-176241 -48043
-176013 -48303
-182165 -47450
-182155 -47315
-177724 -34447
-177935 -34201
-170149 -50315
-170080 -50108
-174821 -34178
-174919 -34410
-163178 -47337
-162921 -47274
-176013 -48303
-175801 -48519
-182155 -47315
-182135 -47149
-170080 -50108
-170089 -49998
-174919 -34410
-175209 -34609
-162921 -47274
-162718 -47252
-182135 -47149
-182150 -46995
-170089 -49998
-169912 -49900
-175209 -34609
-175308 -34569
-162718 -47252
-162478 -47156
-182150 -46995
-182003 -46808
-175308 -34569
-175382 -34522
-162478 -47156
-162295 -47075
-182003 -46808
-181896 -46602
-175382 -34522
-175426 -34500
-162295 -47075
-162194 -47059
-181896 -46602
-181850 -46441
-175426 -34500
-175441 -34507
-162194 -47059
-162000 -46988
-181850 -46441
-181838 -46298
-175441 -34507
-175463 -34501
-174880 -47932
-174879 -47930
-173410 -47876
-173231 -47851
-175463 -34501
-175944 -34499
-174879 -47930
-174800 -47755
-173231 -47851
-173080 -47799
-194782 -34458
-192917 -34599
-173080 -47799
-172916 -47785
-174800 -47755
-174787 -47620
-172916 -47785
-172694 -47920
-174787 -47620
-174707 -47464
-167102 -46163
-166918 -46432
-172694 -47920
-172546 -47859
-174707 -47464
-174630 -47263
-166918 -46432
-166930 -46621
-173597 -39562
-173365 -39840
-172546 -47859
-172388 -47951
-166930 -46621
-166874 -46760
-173365 -39840
-173207 -40079
-172388 -47951
-172266 -47933
-166874 -46760
-166589 -46688
-173207 -40079
-173044 -40160
-172266 -47933
-172113 -47953
-166589 -46688
-166471 -46657
-173044 -40160
-172764 -40220
-162335 -33708
-162754 -34198
-172113 -47953
-172085 -47980
-166471 -46657
-166277 -46619
-172764 -40220
-172608 -40145
-162754 -34198
-163174 -34838
-172085 -47980
-172079 -47996
-166277 -46619
-166009 -46503
-172608 -40145
-172473 -39919
-165773 -47912
-165368 -47888
-163174 -34838
-163182 -34880
-168334 -49768
-168051 -49748
-172079 -47996
-172081 -48000
-172473 -39919
-172481 -39878
-165368 -47888
-165363 -47874
-163182 -34880
-163213 -35026
-168051 -49748
-167789 -49748
-172081 -48000
-171643 -48483
-172481 -39878
-172384 -39573
-165363 -47874
-165313 -47860
-163213 -35026
-163182 -35129
-167789 -49748
-167582 -49691
-171643 -48483
-171538 -48268
-172384 -39573
-172376 -39501
-165313 -47860
-165226 -47820
-163182 -35129
-162922 -35347
-179354 -51329
-179443 -51106
-179443 -51106
-179352 -50907
-167582 -49691
-167401 -49725
-171538 -48268
-171449 -48159
-172376 -39501
-172241 -39432
-165226 -47820
-164976 -47712
-162922 -35347
-162740 -35322
-179352 -50907
-179529 -50777
-171449 -48159
-171538 -48032
-172241 -39432
-172016 -39347
-164976 -47712
-164749 -47658
-162740 -35322
-162584 -35301
-160200 -49166
-160453 -49224
-186962 -38366
-186580 -38626
-194416 -41695
-194221 -41526
-175610 -43908
-175810 -44138
-162198 -44350
-162152 -44341
-175810 -44138
-175811 -44200
-186580 -38626
-185400 -38784
-194221 -41526
-193981 -41439
-169402 -43024
-169667 -43006
-162152 -44341
-162112 -44360
-175811 -44200
-175840 -44248
-185400 -38784
-183828 -39085
-193981 -41439
-193872 -41272
-169667 -43006
-169662 -43211
-162112 -44360
-162000 -44330
-175840 -44248
-176079 -44263
-183828 -39085
-183831 -39116
-193872 -41272
-193796 -41052
-162000 -44330
-161736 -44245
-183600 -45951
-183575 -45807
-176401 -44723
-176150 -44623
-176079 -44263
-176304 -44154
-183831 -39116
-183922 -39159
-193796 -41052
-193674 -40803
-183575 -45807
-183320 -45646
-176150 -44623
-176120 -44464
-185400 -44216
-185211 -44197
-183922 -39159
-184051 -39245
-193674 -40803
-193598 -40571
-183320 -45646
-183361 -45498
-176120 -44464
-176079 -44263
-185211 -44197
-185080 -44206
-184051 -39245
-184273 -39301
-193598 -40571
-193508 -40451
-183361 -45498
-183460 -45211
-185080 -44206
-184929 -44254
-179093 -43636
-178986 -43831
-184273 -39301
-184380 -39407
-193508 -40451
-193330 -40269
-183460 -45211
-183460 -44986
-185031 -44032
-184929 -44254
-178986 -43831
-178834 -43877
-184380 -39407
-184547 -39547
-193330 -40269
-193114 -40138
-183460 -44986
-183553 -44796
-178834 -43877
-178701 -44093
-182410 -41692
-180870 -41401
-187200 -41165
-187286 -40975
-184547 -39547
-184777 -39541
-160405 -43687
-160671 -43821
-183553 -44796
-183564 -44616
-178701 -44093
-178602 -44191
-180870 -41401
-178839 -41003
-187286 -40975
-187308 -40765
-184777 -39541
-185029 -39685
-160671 -43821
-160860 -43862
-161506 -39186
-161695 -39306
-178602 -44191
-178523 -44376
-182569 -42325
-182492 -42530
-187308 -40765
-187419 -40607
-160860 -43862
-161113 -44022
-161695 -39306
-161905 -39208
-178523 -44376
-178510 -44604
-182492 -42530
-182469 -42691
-187419 -40607
-187607 -40435
-172306 -43203
-172270 -43400
-161113 -44022
-161348 -44052
-178510 -44604
-178409 -44707
-182469 -42691
-182297 -42806
-172270 -43400
-171960 -43337
-161348 -44052
-161427 -44113
-163800 -42368
-163561 -42410
-178409 -44707
-178409 -44707
-182297 -42806
-182399 -42955
-171960 -43337
-171956 -43340
-161427 -44113
-161471 -44138
-163561 -42410
-163379 -42344
-182399 -42955
-182463 -43206
-171956 -43340
-171936 -43417
-161471 -44138
-161736 -44245
-163379 -42344
-163279 -42268
-187600 -43324
-187701 -43559
-171936 -43417
-171957 -43515
-163279 -42268
-163092 -42260
-187701 -43559
-187727 -43657
-171957 -43515
-172077 -43751
-163092 -42260
-162965 -42325
-187727 -43657
-187811 -43860
-162965 -42325
-162749 -42455
-187811 -43860
-187695 -44097
-162749 -42455
-162528 -42678
-187695 -44097
-187440 -44241
-171000 -42655
-170744 -42378
-169745 -44354
-169789 -44515
-170744 -42378
-170840 -42165
-169789 -44515
-169892 -44689
-170840 -42165
-170785 -41986
-172803 -40515
-173023 -40602
-169124 -44521
-169374 -44528
-170785 -41986
-170813 -41830
-173023 -40602
-173308 -40680
-166757 -45127
-166482 -45077
-166482 -45077
-166348 -45021
-183595 -36800
-183839 -36900
-166348 -45021
-166152 -44939
-183839 -36900
-183944 -36956
-183944 -36956
-184145 -36910
-166521 -45169
-166369 -45195
-166369 -45195
-166263 -45211
-194403 -35804
-194555 -35976
-166263 -45211
-165988 -45202
-194555 -35976
-194652 -36113
-165988 -45202
-165703 -45112
-194652 -36113
-194806 -36337
-165703 -45112
-165551 -44962
-159169 -38211
-159349 -38248
-194806 -36337
-194921 -36612
-168150 -38563
-168147 -38722
-165551 -44962
-165276 -44810
-159349 -38248
-159639 -37978
-194921 -36612
-194941 -36786
-165276 -44810
-165064 -44685
-165064 -44685
-164812 -44692
-194941 -36786
-194926 -36819
-194926 -36819
-194912 -36815
-166300 -36658
-166104 -36743
-164812 -44692
-164648 -44687
-194912 -36815
-194305 -37019
-164648 -44687
-164368 -44599
-166104 -36743
-165970 -36766
-194305 -37019
-194349 -37019
-164368 -44599
-164206 -44581
-165970 -36766
-165782 -36653
-194349 -37019
-194515 -37031
-164206 -44581
-164074 -44585
-165782 -36653
-165665 -36840
-194515 -37031
-194678 -36916
-164074 -44585
-163800 -44536
-165665 -36840
-165406 -36930
-180512 -44624
-180677 -44845
-194678 -36916
-194811 -36873
-165406 -36930
-165378 -36684
-180677 -44845
-180788 -45006
-194811 -36873
-195034 -36892
-165378 -36684
-165257 -36561
-183496 -51404
-183372 -51156
-183372 -51156
-183285 -50970
-180788 -45006
-180694 -45230
-186962 -38366
-186753 -38366
-165257 -36561
-165141 -36316
-183285 -50970
-183027 -50777
-186753 -38366
-186610 -38415
-165141 -36316
-165149 -36145
-179529 -50777
-179570 -50607
-176082 -34972
-176184 -34985
-171538 -48032
-171563 -47829
-160453 -49224
-160539 -49324
-164749 -47658
-164565 -47605
-162584 -35301
-162333 -35294
-179570 -50607
-179564 -50401
-176184 -34985
-176399 -34983
-171563 -47829
-171593 -47569
-160539 -49324
-160776 -49421
-164565 -47605
-164318 -47517
-162333 -35294
-162249 -35302
-187028 -39600
-187209 -39665
-171593 -47569
-171578 -47421
-160776 -49421
-160986 -49533
-164318 -47517
-164166 -47468
-162249 -35302
-161967 -35312
-187209 -39665
-187411 -39651
-171578 -47421
-171522 -47262
-160986 -49533
-161261 -49774
-164166 -47468
-163998 -47495
-161967 -35312
-161730 -35286
-187411 -39651
-187652 -39555
-167401 -49725
-167276 -49717
-171522 -47262
-171423 -47176
-163998 -47495
-163800 -47403
-187652 -39555
-187879 -39374
-167276 -49717
-167038 -49574
-173326 -47346
-173400 -47636
-171423 -47176
-171245 -47337
-159209 -48340
-159343 -48523
-167038 -49574
-166751 -49387
-173400 -47636
-173410 -47876
-171245 -47337
-171034 -47482
-159343 -48523
-159389 -48685
-159272 -46334
-159330 -46563
-175971 -50160
-176174 -50149
-167399 -50906
-167307 -50874
-166751 -49387
-166659 -49320
-171034 -47482
-170907 -47611
-159389 -48685
-159476 -48812
-159330 -46563
-159323 -46732
-176174 -50149
-176293 -50055
-167307 -50874
-167210 -50821
-166659 -49320
-166447 -49348
-170907 -47611
-170822 -47717
-167400 -35575
-167598 -35492
-160757 -41071
-160943 -41032
-159476 -48812
-159634 -48928
-176293 -50055
-176485 -50003
-167210 -50821
-167100 -50567
-170822 -47717
-170611 -47744
-173637 -46181
-173477 -46472
-167598 -35492
-167774 -35634
-160943 -41032
-161138 -41107
-159634 -48928
-159824 -48983
-179081 -50688
-178886 -50611
-176485 -50003
-176765 -50190
-173477 -46472
-173331 -46691
-167774 -35634
-168009 -35679
-161059 -44673
-161022 -44864
-161138 -41107
-161336 -40992
-159824 -48983
-160017 -49058
-178886 -50611
-178769 -50786
-176765 -50190
-176800 -50172
-173331 -46691
-173334 -46853
-168009 -35679
-168232 -35730
-172225 -35566
-172093 -35665
-161022 -44864
-160989 -45012
-161336 -40992
-161461 -40922
-160017 -49058
-160200 -49166
-178769 -50786
-178534 -50854
-176800 -50172
-176798 -50105
-173334 -46853
-173347 -47010
-168232 -35730
-168474 -35891
-172093 -35665
-171806 -35791
-160989 -45012
-160866 -45177
-161461 -40922
-161663 -40869
-175971 -50160
-176143 -50444
-176798 -50105
-176904 -49897
-174630 -47263
-174504 -47432
-173347 -47010
-173261 -47166
-171806 -35791
-171543 -35919
-160866 -45177
-160797 -45236
-161663 -40869
-161915 -40877
-176143 -50444
-176282 -50520
-179794 -50091
-179667 -50037
-174504 -47432
-174500 -47602
-173261 -47166
-173326 -47346
-171543 -35919
-171266 -35933
-160797 -45236
-160712 -45243
-160186 -41051
-160473 -41060
-176282 -50520
-176449 -50455
-179667 -50037
-179455 -50084
-174500 -47602
-174389 -47851
-171266 -35933
-171044 -35945
-160712 -45243
-160663 -45254
-160473 -41060
-160757 -41071
-176449 -50455
-176678 -50456
-179455 -50084
-179345 -50185
-174389 -47851
-174265 -47762
-171044 -35945
-170935 -35933
-160663 -45254
-160650 -45257
-170644 -51284
-170802 -51083
-176678 -50456
-176880 -50465
-170802 -51083
-170784 -50979
-166447 -49348
-166465 -49477
-175325 -49099
-175179 -49118
-174265 -47762
-174087 -47673
-170935 -35933
-170696 -36131
-160650 -45257
-160478 -46730
-176880 -50465
-177052 -50512
-170784 -50979
-170540 -50889
-166465 -49477
-166613 -49670
-175314 -49092
-175325 -49099
-174087 -47673
-173843 -47578
-170696 -36131
-170446 -36148
-177052 -50512
-177046 -50711
-170540 -50889
-170303 -50961
-166613 -49670
-166482 -49798
-173843 -47578
-173609 -47424
-171815 -39423
-171586 -39509
-170446 -36148
-170226 -36187
-177046 -50711
-177036 -50869
-179218 -48435
-178985 -48314
-170303 -50961
-170111 -50924
-166482 -49798
-166452 -49893
-173609 -47424
-173326 -47346
-171586 -39509
-171337 -39573
-170226 -36187
-170122 -36159
-166126 -51343
-166052 -51238
-178985 -48314
-178747 -48090
-170111 -50924
-169979 -50919
-175606 -49959
-175442 -50212
-166452 -49893
-166563 -50180
-171337 -39573
-171174 -39595
-170122 -36159
-169929 -36075
-166052 -51238
-165788 -51136
-178747 -48090
-178525 -47898
-169979 -50919
-169765 -50878
-175442 -50212
-175437 -50322
-166563 -50180
-165598 -49969
-171174 -39595
-171000 -39665
-178525 -47898
-178400 -47809
-169765 -50878
-169611 -50748
-175437 -50322
-175398 -50565
-165598 -49969
-163800 -49565
-169374 -44528
-169573 -44501
-170813 -41830
-170722 -41637
-173308 -40680
-173540 -40592
-172016 -39347
-171875 -39267
-165149 -36145
-165089 -36000
-177991 -40225
-177769 -40047
-169573 -44501
-169739 -44564
-172801 -42490
-172619 -42649
-170722 -41637
-170909 -41399
-173540 -40592
-173698 -40636
-177769 -40047
-177611 -39976
-169739 -44564
-169892 -44689
-172619 -42649
-172354 -42741
-173698 -40636
-173931 -40659
-177611 -39976
-177459 -39991
-172354 -42741
-172279 -42933
-173931 -40659
-174060 -40639
-177459 -39991
-177317 -40013
-172279 -42933
-172306 -43203
-174060 -40639
-174219 -40593
-177317 -40013
-177162 -39981
-174219 -40593
-174432 -40549
-177162 -39981
-177025 -39805
-179093 -43636
-177821 -43730
-169750 -42292
-169873 -42472
-177862 -42339
-177703 -42525
-166165 -44999
-166177 -45102
-169873 -42472
-169954 -42641
-177703 -42525
-177598 -42647
-176065 -41600
-176279 -41420
-185404 -36456
-185243 -36463
-166177 -45102
-166325 -45108
-174097 -42626
-174110 -42473
-177598 -42647
-177431 -42857
-176279 -41420
-176431 -41250
-185243 -36463
-185044 -36623
-166325 -45108
-166521 -45169
-174110 -42473
-174164 -42300
-177431 -42857
-177350 -42969
-176431 -41250
-176599 -41096
-185044 -36623
-184914 -36727
-174164 -42300
-174161 -42015
-159488 -44297
-159468 -44321
-177350 -42969
-177149 -43153
-176599 -41096
-176781 -41039
-184914 -36727
-184683 -36906
-174161 -42015
-174314 -41792
-159468 -44321
-159596 -44511
-176304 -44154
-176244 -43808
-177149 -43153
-177436 -43245
-176065 -41600
-175941 -41370
-184683 -36906
-184423 -36813
-174314 -41792
-174399 -41581
-159596 -44511
-159373 -45509
-176244 -43808
-176243 -43739
-177436 -43245
-177615 -43490
-175941 -41370
-175752 -41264
-184423 -36813
-184145 -36910
-174399 -41581
-174456 -41401
-159373 -45509
-159044 -45868
-176243 -43739
-176211 -43699
-177615 -43490
-177821 -43730
-182514 -40717
-185432 -40144
-175752 -41264
-175606 -41136
-176211 -43699
-176154 -43596
-189893 -41928
-189652 -42028
-182514 -40717
-182397 -40557
-175606 -41136
-175558 -40937
-176154 -43596
-176269 -43409
-189652 -42028
-189520 -42033
-182397 -40557
-182381 -40330
-175558 -40937
-175328 -40985
-176269 -43409
-176308 -43155
-189520 -42033
-189257 -42103
-182381 -40330
-182381 -40118
-175328 -40985
-175173 -40968
-172057 -36598
-171919 -36636
-176308 -43155
-176353 -42989
-189257 -42103
-189000 -42077
-182381 -40118
-182292 -39961
-175173 -40968
-175009 -40984
-171919 -36636
-171727 -36704
-177704 -45119
-177530 -44989
-182292 -39961
-182218 -39674
-192769 -42972
-193028 -43057
-167782 -45835
-167851 -45630
-175009 -40984
-174847 -41022
-171727 -36704
-171474 -36780
-177530 -44989
-177380 -44787
-182218 -39674
-182267 -39391
-193028 -43057
-193042 -43172
-167851 -45630
-167980 -45502
-171474 -36780
-171249 -36898
-177380 -44787
-177283 -44598
-182267 -39391
-182219 -39118
-193042 -43172
-193309 -43374
-167980 -45502
-168141 -45305
-171249 -36898
-171256 -36609
-161736 -44245
-161244 -44677
-193309 -43374
-193405 -43398
-177283 -44598
-177263 -44366
-182219 -39118
-182126 -38839
-171256 -36609
-171001 -36637
-161244 -44677
-161059 -44673
-186610 -38415
-186555 -38506
-186555 -38506
-186559 -38558
-186559 -38558
-186525 -38568
-175700 -37763
-175786 -38025
-186525 -38568
-186541 -38596
-175786 -38025
-175937 -38241
-186541 -38596
-186541 -38612
-186541 -38612
-184877 -38690
-184877 -38690
-184892 -38506
-175548 -37607
-175700 -37763
-184892 -38506
-184935 -38328
-176793 -36535
-176609 -36726
-184935 -38328
-184769 -38092
-176609 -36726
-176509 -36878
-182768 -51447
-182825 -51230
-182825 -51230
-182887 -51074
-184769 -38092
-184549 -37801
-176509 -36878
-176449 -36996
-182887 -51074
-182983 -50923
-176449 -36996
-176362 -37112
-182983 -50923
-183027 -50777
-176362 -37112
-176318 -37341
-187845 -37758
-187883 -37475
-187883 -37475
-187813 -37368
-187813 -37368
-187797 -37163
-169198 -47235
-168940 -47114
-187797 -37163
-187662 -36974
-168940 -47114
-168675 -47041
-187662 -36974
-187505 -36762
-174600 -46804
-174640 -46985
-187505 -36762
-187535 -36621
-174640 -46985
-174630 -47263
-187535 -36621
-187428 -36349
-178420 -51237
-178201 -51378
-176343 -38747
-176388 -39035
-178400 -47809
-178200 -47734
-182126 -38839
-182075 -38589
-175398 -50565
-175371 -50705
-163800 -49565
-161999 -49159
-178416 -51120
-178201 -51234
-182075 -38589
-182171 -38378
-175371 -50705
-175402 -50858
-170088 -48410
-169858 -48388
-161999 -49159
-160229 -48754
-178201 -51234
-178133 -51384
-180516 -50851
-180531 -50646
-180827 -46292
-180658 -46414
-169858 -48388
-169655 -48380
-160229 -48754
-160209 -48724
-180658 -46414
-180538 -46449
-180531 -50646
-180569 -50416
-175801 -48519
-175630 -48581
-170611 -47744
-170487 -47908
-160209 -48724
-160232 -48595
-185284 -49022
-185539 -48983
-180538 -46449
-180350 -46470
-175630 -48581
-175507 -48787
-170487 -47908
-170390 -48089
-160232 -48595
-160147 -48340
-185539 -48983
-185778 -48997
-180350 -46470
-180203 -46512
-175507 -48787
-175421 -48892
-170390 -48089
-170292 -48274
-160147 -48340
-159905 -48331
-159217 -33968
-160200 -33510
-185778 -48997
-185963 -49120
-180203 -46512
-180031 -46552
-175421 -48892
-175314 -49092
-170292 -48274
-170088 -48410
-159905 -48331
-159761 -48281
-185963 -49120
-186185 -49220
-186633 -48407
-186409 -48336
-180031 -46552
-179877 -46620
-177832 -35856
-178532 -34456
-175314 -49092
-175164 -48904
-159761 -48281
-159591 -48226
-186185 -49220
-186434 -49360
-186409 -48336
-186197 -48316
-179877 -46620
-179672 -46705
-174044 -49904
-173942 -50177
-175164 -48904
-175043 -48724
-186434 -49360
-186679 -49515
-186197 -48316
-185928 -48181
-175043 -48724
-174856 -48491
-174114 -34902
-173957 -35118
-160255 -33672
-160278 -33741
-186679 -49515
-186819 -49600
-185928 -48181
-185721 -48079
-174856 -48491
-174816 -48201
-173957 -35118
-173780 -35057
-160278 -33741
-160316 -33782
-186819 -49600
-187037 -49538
-191151 -49084
-191100 -48854
-185721 -48079
-185521 -48158
-167402 -41941
-167604 -41962
-173780 -35057
-173703 -35118
-160316 -33782
-160334 -33785
-187037 -49538
-187215 -49586
-191100 -48854
-191069 -48629
-185521 -48158
-185422 -48262
-167604 -41962
-167736 -41971
-175698 -36180
-175697 -36168
-173703 -35118
-173703 -35177
-160334 -33785
-160333 -33800
-187215 -49586
-187301 -49586
-191069 -48629
-191043 -48402
-185422 -48262
-185167 -48336
-175325 -49099
-175476 -49244
-167736 -41971
-167910 -41997
-175697 -36168
-175472 -35880
-173703 -35177
-173709 -35185
-160333 -33800
-161007 -33402
-187301 -49586
-187335 -49545
-191043 -48402
-190894 -48176
-185167 -48336
-184974 -48417
-175476 -49244
-175632 -49349
-167910 -41997
-168093 -42103
-175472 -35880
-175402 -35665
-173709 -35185
-173638 -35505
-164845 -34133
-164857 -34026
-161007 -33402
-161360 -34130
-187335 -49545
-187342 -49528
-184974 -48417
-184840 -48222
-190894 -48176
-190755 -47924
-175632 -49349
-175689 -49554
-174447 -40684
-174432 -40549
-175402 -35665
-175126 -35636
-173638 -35505
-173467 -35661
-162335 -33708
-162000 -33836
-187342 -49528
-187349 -49521
-184840 -48222
-184727 -48043
-190755 -47924
-190628 -47631
-175944 -34499
-175870 -34387
-194416 -41695
-194639 -41828
-175689 -49554
-175608 -49676
-173467 -35661
-173613 -35816
-175126 -35636
-175048 -35520
-162000 -33836
-161360 -34130
-160007 -51374
-160152 -51243
-187349 -49521
-188704 -49200
-184727 -48043
-184582 -47891
-175870 -34387
-175767 -34202
-194639 -41828
-194926 -42077
-175608 -49676
-175900 -49881
-175048 -35520
-175110 -35324
-172422 -35178
-172608 -35277
-160152 -51243
-159949 -51006
-175900 -49881
-175971 -50160
-188704 -49200
-191151 -49084
-184582 -47891
-184570 -47679
-175110 -35324
-175278 -35092
-172608 -35277
-172638 -35262
-175767 -34202
-175679 -33949
-159949 -51006
-159712 -50720
-184570 -47679
-184278 -47546
-173410 -47876
-173391 -48146
-172638 -35262
-173164 -35609
-175278 -35092
-175511 -35119
-175679 -33949
-175527 -33863
-184278 -47546
-184229 -47350
-173391 -48146
-173327 -48374
-173164 -35609
-173157 -35645
-175511 -35119
-175718 -35061
-175527 -33863
-175518 -33670
-192438 -51353
-192244 -51143
-184229 -47350
-184091 -47138
-192244 -51143
-192135 -50932
-173327 -48374
-173490 -48458
-173157 -35645
-173193 -35690
-175718 -35061
-176001 -35141
-184091 -47138
-184018 -46951
-176082 -34972
-175928 -34843
-192135 -50932
-192102 -50739
-173490 -48458
-173287 -48696
-173193 -35690
-173349 -35774
-182202 -47939
-182327 -48102
-184018 -46951
-183999 -46786
-192102 -50739
-192079 -50593
-173287 -48696
-173188 -48744
-173349 -35774
-173613 -35816
-177263 -44366
-177167 -44219
-193405 -43398
-193634 -43623
-170080 -39601
-169895 -39740
-172215 -37422
-172199 -37601
-177167 -44219
-177102 -44046
-193634 -43623
-193798 -43844
-169895 -39740
-169687 -39929
-172199 -37601
-172177 -37767
-160405 -43687
-160957 -43706
-177102 -44046
-176974 -44047
-193798 -43844
-193905 -43987
-169687 -39929
-169453 -40080
-172177 -37767
-172284 -38024
-160957 -43706
-160959 -43681
-176974 -44047
-176762 -44077
-193905 -43987
-194116 -43964
-169453 -40080
-169200 -40181
-172284 -38024
-172164 -38304
-160959 -43681
-160993 -43642
-176762 -44077
-176619 -43836
-189000 -42077
-188717 -42209
-194116 -43964
-194306 -43990
-172164 -38304
-172029 -38546
-160993 -43642
-161071 -43607
-176619 -43836
-176486 -44036
-188717 -42209
-188549 -42195
-194306 -43990
-194399 -44120
-172029 -38546
-172162 -38714
-161059 -44673
-160982 -44476
-161071 -43607
-161257 -43504
-176486 -44036
-176304 -44154
-188549 -42195
-188304 -42375
-172162 -38714
-172040 -38876
-160982 -44476
-160758 -44354
-161257 -43504
-161467 -43526
-188304 -42375
-188098 -42581
-172040 -38876
-171951 -39061
-160758 -44354
-160553 -44325
-161467 -43526
-161637 -43345
-188098 -42581
-187860 -42336
-171951 -39061
-171875 -39267
-160553 -44325
-160433 -44275
-161637 -43345
-161746 -43224
-187860 -42336
-187749 -42290
-191242 -39004
-190988 -39220
-160433 -44275
-160218 -44014
-187749 -42290
-187526 -42352
-190988 -39220
-190800 -39246
-187526 -42352
-187313 -42436
-160720 -38439
-160810 -38502
-187313 -42436
-187157 -42343
-160810 -38502
-160797 -38731
-187157 -42343
-187148 -42283
-160797 -38731
-160971 -38743
-165570 -51339
-165788 -51136
-187148 -42283
-187141 -42217
-160971 -38743
-161130 -38889
-178409 -44707
-178259 -44849
-187141 -42217
-186344 -42174
-161130 -38889
-161325 -39138
-178259 -44849
-178084 -44883
-186344 -42174
-186058 -42192
-161325 -39138
-161506 -39186
-178084 -44883
-177945 -44972
-186058 -42192
-185939 -42155
-177945 -44972
-177704 -45119
-185939 -42155
-185734 -42088
-185432 -40144
-185268 -39890
-185734 -42088
-185734 -42067
-190948 -41355
-190809 -41525
-185268 -39890
-185029 -39685
-185734 -42067
-185414 -42046
-173368 -37649
-172969 -37735
-185414 -42046
-185400 -42040
-172969 -37735
-172933 -37706
-180694 -45230
-180556 -45406
-172933 -37706
-172773 -37639
-180556 -45406
-180367 -45401
-172773 -37639
-172641 -37555
-160765 -42297
-160766 -42321
-161905 -39208
-162000 -39187
-159198 -39866
-159329 -40131
-183999 -46786
-183772 -46553
-183772 -46553
-183620 -46280
-175471 -38651
-175937 -38241
-183620 -46280
-183640 -46057
-183640 -46057
-183600 -45951
-159591 -48226
-159392 -48280
-159392 -48280
-159209 -48340
-176641 -46249
-176605 -46470
-181268 -51667
-180516 -50851
-176605 -46470
-176453 -46488
-176453 -46488
-176367 -46589
-196607 -34328
-194782 -34458
-176367 -46589
-176327 -46613
-176327 -46613
-176311 -46634
-178993 -33660
-178532 -34456
-176311 -46634
-176311 -46645
-176311 -46645
-175966 -46148
-167724 -46615
-167288 -46642
-191242 -39004
-191153 -38796
-167288 -46642
-167253 -46548
-161360 -34130
-161205 -34200
-161205 -34200
-160852 -34373
-182327 -48102
-182407 -48236
-192079 -50593
-192047 -50441
-173188 -48744
-173195 -48846
-170397 -39618
-170218 -39541
-163140 -35967
-163387 -35977
-182407 -48236
-182451 -48395
-192047 -50441
-191956 -50312
-173195 -48846
-173229 -49058
-170218 -39541
-170080 -39601
-163387 -35977
-163484 -35678
-182451 -48395
-182610 -48586
-191956 -50312
-191820 -50066
-163484 -35678
-163500 -35680
-182610 -48586
-182753 -48737
-191820 -50066
-191713 -49881
-163500 -35680
-163529 -35661
-191713 -49881
-191697 -49682
-182753 -48737
-182773 -48971
-184974 -48417
-185099 -48613
-163529 -35661
-163587 -35600
-182773 -48971
-182837 -49140
-185099 -48613
-185141 -48791
-189430 -34854
-188118 -34947
-191697 -49682
-191504 -49441
-163587 -35600
-163692 -35430
-182837 -49140
-182893 -49288
-185141 -48791
-185246 -48748
-191504 -49441
-191339 -49280
-163692 -35430
-163899 -35300
-182893 -49288
-183030 -49362
-191339 -49280
-191151 -49084
-185246 -48748
-185284 -49022
-178200 -47734
-177980 -47691
-162000 -39187
-162285 -39021
-163899 -35300
-164125 -35191
-183030 -49362
-183085 -49648
-177980 -47691
-177729 -47787
-185071 -34202
-184858 -34470
-162285 -39021
-162426 -39025
-164125 -35191
-164407 -35293
-183085 -49648
-183083 -49792
-184858 -34470
-184741 -34739
-162426 -39025
-162616 -39007
-164407 -35293
-164506 -35408
-183083 -49792
-183043 -50052
-179672 -46705
-178200 -47534
-184741 -34739
-184626 -34915
-162616 -39007
-162788 -38969
-164506 -35408
-164724 -35286
-183043 -50052
-183104 -50244
-178200 -47534
-177729 -47787
-184626 -34915
-184541 -34632
-167938 -43152
-167684 -42867
-162788 -38969
-162948 -38857
-164724 -35286
-164962 -35197
-183104 -50244
-183056 -50402
-177729 -47787
-177654 -47562
-184541 -34632
-184474 -34431
-167684 -42867
-167543 -42657
-162948 -38857
-163185 -38719
-162700 -36510
-162568 -36462
-183056 -50402
-183045 -50549
-177654 -47562
-177674 -47369
-190800 -39246
-190594 -39402
-184474 -34431
-184234 -34295
-167543 -42657
-167401 -42396
-163185 -38719
-163329 -38442
-183045 -50549
-183027 -50777
-176362 -49471
-176590 -49525
-177674 -47369
-177659 -47213
-190594 -39402
-190509 -39601
-184234 -34295
-184049 -34314
-163329 -38442
-163497 -38319
-176590 -49525
-176763 -49541
-177659 -47213
-177584 -47003
-184049 -34314
-183879 -34057
-193639 -35235
-193838 -35331
-169180 -50695
-168975 -50770
-176763 -49541
-176867 -49454
-177584 -47003
-177470 -46849
-183879 -34057
-183859 -34008
-193838 -35331
-193985 -35429
-168975 -50770
-168718 -50528
-169655 -48380
-169498 -48529
-161506 -39186
-161573 -38708
-176867 -49454
-176857 -49251
-177470 -46849
-177373 -46631
-183859 -34008
-183812 -33717
-193985 -35429
-194209 -35553
-168718 -50528
-168636 -50374
-169498 -48529
-169228 -48751
-161573 -38708
-161901 -38390
-178468 -49560
-178325 -49368
-177373 -46631
-177253 -46381
-194209 -35553
-194403 -35804
-168636 -50374
-168610 -50257
-169228 -48751
-169053 -48809
-161901 -38390
-162000 -38386
-178325 -49368
-178135 -49257
-179866 -49329
-179721 -49522
-168610 -50257
-168626 -50054
-169053 -48809
-168910 -48936
-162000 -38386
-162583 -38156
-177402 -51191
-177634 -51334
-179721 -49522
-179786 -49723
-178135 -49257
-178008 -49210
-168626 -50054
-168571 -49839
-168910 -48936
-168663 -49014
-162583 -38156
-162941 -38123
-179786 -49723
-179864 -49901
-178008 -49210
-177826 -49290
-168171 -48186
-168297 -48337
-160478 -46730
-160404 -46775
-162941 -38123
-163497 -38319
-179864 -49901
-179794 -50091
-177826 -49290
-177682 -49354
-169611 -50748
-169378 -50531
-173942 -50177
-173713 -50251
-168297 -48337
-168368 -48526
-160404 -46775
-160390 -46781
-177682 -49354
-177608 -49355
-169378 -50531
-169180 -50695
-173713 -50251
-173570 -50468
-168368 -48526
-168386 -48701
-160390 -46781
-160200 -46903
-180367 -45401
-180176 -45523
-160766 -42321
-159905 -43366
-159329 -40131
-159382 -40190
-180176 -45523
-179987 -45518
-193114 -40138
-192835 -39922
-172077 -43751
-172237 -43969
-159905 -43366
-159893 -43413
-159382 -40190
-159665 -40422
-179987 -45518
-179860 -45529
-192835 -39922
-192673 -39947
-172237 -43969
-172308 -43961
-159893 -43413
-159775 -43397
-159665 -40422
-159800 -40584
-179860 -45529
-179665 -45607
-192673 -39947
-192399 -39795
-159775 -43397
-159647 -43397
-159800 -40584
-159911 -40720
-179665 -45607
-179471 -45642
-180512 -44624
-180383 -44371
-192399 -39795
-192114 -39677
-174100 -44064
-174098 -43970
-159647 -43397
-159476 -43658
-159911 -40720
-159938 -40756
-179471 -45642
-179241 -45741
-180383 -44371
-180471 -44124
-192114 -39677
-191941 -39448
-174098 -43970
-174067 -43929
-159938 -40756
-159965 -40784
-180471 -44124
-180374 -44011
-174067 -43929
-174068 -43897
-159965 -40784
-160186 -41051
-180374 -44011
-180303 -43866
-174068 -43897
-173205 -43673
-167401 -42396
-167208 -42327
-168935 -41050
-168914 -40927
-165914 -41849
-166174 -41842
-159205 -43631
-159476 -43658
-180303 -43866
-180273 -43650
-173205 -43673
-173207 -43513
-167208 -42327
-167068 -42364
-166174 -41842
-166303 -41836
-180273 -43650
-180151 -43504
-167068 -42364
-166815 -42538
-166303 -41836
-166452 -41730
-180151 -43504
-180096 -43432
-166452 -41730
-166607 -41693
-165914 -41849
-166135 -41947
-180096 -43432
-180055 -43423
-166607 -41693
-166881 -41699
-166135 -41947
-166295 -41948
-180055 -43423
-180043 -43475
-176781 -41039
-177055 -40784
-166295 -41948
-166521 -41835
-166881 -41699
-167036 -41819
-180043 -43475
-180033 -43484
-177055 -40784
-177224 -40775
-166521 -41835
-166624 -41858
-167036 -41819
-167194 -41905
-180033 -43484
-179093 -43636
-177224 -40775
-177370 -40738
-167194 -41905
-167402 -41941
-166624 -41858
-166674 -42020
-186017 -44576
-185748 -44363
-177370 -40738
-177472 -40636
-166674 -42020
-166784 -42253
-190658 -51234
-190168 -51237
-185748 -44363
-185597 -44299
-177472 -40636
-177673 -40438
-166784 -42253
-166883 -42332
-190168 -51237
-190143 -51252
-185597 -44299
-185400 -44216
-190809 -41525
-190662 -41752
-177673 -40438
-177796 -40322
-166883 -42332
-166815 -42538
-190143 -51252
-190081 -51231
-183564 -44616
-183433 -44424
-190662 -41752
-190378 -41733
-177796 -40322
-177991 -40225
-170527 -37084
-170529 -37258
-190081 -51231
-189958 -51204
-183433 -44424
-183447 -44237
-190378 -41733
-190092 -41838
-189958 -51204
-189731 -51178
-183447 -44237
-183333 -44049
-190092 -41838
-189893 -41928
-168384 -37801
-168335 -37984
-189731 -51178
-189557 -51073
-187341 -45036
-187357 -44859
-183333 -44049
-183166 -43785
-168335 -37984
-168303 -38269
-189557 -51073
-189390 -51140
-187357 -44859
-187415 -44653
-183166 -43785
-183044 -43632
-174847 -41022
-174752 -40979
-168303 -38269
-168145 -38365
-189390 -51140
-189106 -51066
-187415 -44653
-187428 -44426
-183044 -43632
-183023 -43483
-185400 -42040
-185182 -41870
-168145 -38365
-168150 -38563
-177608 -49355
-177540 -49292
-172641 -37555
-172488 -37436
-177540 -49292
-177517 -49303
-172488 -37436
-172318 -37215
-177517 -49303
-177508 -49306
-168974 -36662
-168804 -36849
-177508 -49306
-177707 -48847
-168804 -36849
-168768 -37124
-168768 -37124
-168730 -37314
-168730 -37314
-168751 -37431
-168751 -37431
-168734 -37633
-168734 -37633
-168499 -37732
-179309 -49335
-179146 -49412
-179146 -49412
-178855 -49481
-178855 -49481
-178716 -49449
-178716 -49449
-178468 -49560
-170595 -47665
-170467 -47695
-170467 -47695
-170275 -47699
-170275 -47699
-170160 -47689
-170611 -47744
-170595 -47665
-166689 -46620
-166644 -46445
-166644 -46445
-166543 -46193
-166543 -46193
-166613 -46014
-176588 -37692
-176505 -37459
-166613 -46014
-166556 -45844
-176505 -37459
-176318 -37341
-166556 -45844
-166651 -45682
-166651 -45682
-166557 -45518
-166557 -45518
-166586 -45347
-175801 -48519
-175802 -48714
-166586 -45347
-166521 -45169
-175802 -48714
-175968 -48931
-166009 -46503
-166194 -46499
-185182 -41870
-185071 -41669
-173570 -50468
-173457 -50602
-169912 -49900
-169863 -50013
-168386 -48701
-168510 -48930
-171966 -40564
-172092 -40357
-160852 -34373
-160839 -34369
-160200 -46903
-159661 -47207
-185071 -41669
-184824 -41836
-173457 -50602
-173372 -50789
-169863 -50013
-169865 -50237
-168510 -48930
-168663 -49014
-170673 -40563
-170513 -40400
-160839 -34369
-160801 -34418
-159323 -46732
-159513 -46926
-184824 -41836
-184624 -42003
-173372 -50789
-173259 -50932
-169865 -50237
-169752 -50451
-170513 -40400
-170329 -40167
-164845 -34133
-164659 -34305
-159513 -46926
-159661 -47207
-184624 -42003
-184722 -42178
-173259 -50932
-173073 -51119
-169752 -50451
-169712 -50574
-170329 -40167
-170393 -39958
-164659 -34305
-164486 -34411
-184722 -42178
-184856 -42207
-173073 -51119
-172797 -51364
-169712 -50574
-169611 -50748
-170393 -39958
-170386 -39842
-164486 -34411
-164301 -34314
-184856 -42207
-184917 -42383
-167223 -46997
-167436 -46836
-170386 -39842
-170397 -39618
-164301 -34314
-164060 -34248
-184917 -42383
-184915 -42507
-167436 -46836
-167652 -46938
-164060 -34248
-163852 -34138
-180516 -50851
-180427 -51041
-178498 -41403
-178478 -41263
-167652 -46938
-167908 -47033
-163852 -34138
-163845 -34080
-180427 -51041
-180396 -51210
-178478 -41263
-178507 -41088
-167908 -47033
-168178 -47175
-175471 -38651
-175345 -38693
-174114 -34902
-174245 -34693
-163845 -34080
-163857 -34009
-180396 -51210
-180221 -51270
-178507 -41088
-178649 -40970
-168178 -47175
-168370 -47123
-175345 -38693
-175172 -38709
-174245 -34693
-174246 -34575
-163857 -34009
-163802 -34006
-178649 -40970
-178839 -41003
-168370 -47123
-168486 -47102
-175172 -38709
-175030 -38749
-174246 -34575
-174150 -34354
-163802 -34006
-163335 -34007
-168486 -47102
-168675 -47041
-175030 -38749
-174947 -38716
-174150 -34354
-174134 -34246
-163335 -34007
-163728 -33173
-190509 -39601
-190387 -39799
-174947 -38716
-174702 -38869
-174134 -34246
-174140 -34047
-190387 -39799
-190124 -39990
-174702 -38869
-174534 -38813
-174140 -34047
-174148 -33954
-161261 -49774
-161071 -49925
-177707 -48847
-177514 -48839
-190124 -39990
-189982 -39805
-174892 -48214
-175051 -48260
-174534 -38813
-174329 -38731
-174148 -33954
-174085 -33810
-161071 -49925
-160899 -50097
-177514 -48839
-177285 -48910
-189982 -39805
-189736 -39799
-175051 -48260
-175228 -48195
-169049 -41401
-169009 -41231
-174329 -38731
-174243 -38729
-174085 -33810
-174120 -33634
-160899 -50097
-160880 -50125
-177285 -48910
-177073 -48911
-189736 -39799
-189567 -39881
-175228 -48195
-175500 -48049
-169009 -41231
-168935 -41050
-174243 -38729
-174240 -38918
-160880 -50125
-160315 -50401
-168254 -51300
-168217 -51180
-177073 -48911
-176903 -48885
-187016 -41401
-187200 -41165
-189567 -39881
-189407 -39863
-168217 -51180
-168110 -50992
-175500 -48049
-175733 -47997
-174240 -38918
-174285 -39122
-160315 -50401
-160194 -50459
-176903 -48885
-176702 -48800
-189407 -39863
-189115 -39918
-168110 -50992
-167896 -50898
-175733 -47997
-175666 -47720
-174285 -39122
-174448 -39340
-160194 -50459
-160084 -50538
-187341 -45036
-187407 -45244
-189115 -39918
-188824 -39876
-167896 -50898
-167678 -50787
-175666 -47720
-175875 -47589
-173443 -41765
-173382 -41951
-174448 -39340
-174645 -39433
-161730 -35286
-161998 -35657
-160084 -50538
-160062 -50583
-187407 -45244
-187474 -45478
-188824 -39876
-188688 -39870
-167678 -50787
-167399 -50906
-173382 -41951
-173301 -42147
-174645 -39433
-174808 -39714
-161998 -35657
-162568 -36462
-160062 -50583
-160035 -50590
-187474 -45478
-187591 -45632
-188688 -39870
-188586 -39798
-173301 -42147
-173089 -42313
-174808 -39714
-174768 -39823
-160035 -50590
-160036 -50603
-187591 -45632
-187625 -45798
-188586 -39798
-188380 -39783
-173089 -42313
-172930 -42432
-174768 -39823
-174696 -40024
-160036 -50603
-160018 -50607
-188380 -39783
-188233 -39765
-187625 -45798
-187629 -45937
-172930 -42432
-172801 -42490
-174696 -40024
-174612 -40273
-160018 -50607
-159712 -50720
-187428 -44426
-187440 -44241
-183023 -43483
-182941 -43294
-174523 -40907
-174752 -40979
-182941 -43294
-183012 -43209
-178839 -41003
-178991 -40820
-183012 -43209
-182955 -42995
-178991 -40820
-179064 -40579
-166924 -43553
-167197 -43579
-182955 -42995
-182871 -42776
-179064 -40579
-179154 -40348
-167197 -43579
-167400 -43589
-182871 -42776
-182881 -42564
-179154 -40348
-179159 -40186
-182881 -42564
-182714 -42461
-179159 -40186
-179280 -40012
-182714 -42461
-182569 -42325
-179280 -40012
-179351 -39765
-179351 -39765
-179276 -39588
-173637 -46181
-173745 -46174
-173745 -46174
-174003 -46151
-174003 -46151
-174209 -46103
-179241 -45741
-179034 -45600
-174209 -46103
-174339 -46051
-179034 -45600
-178856 -45446
-174339 -46051
-174512 -45786
-178856 -45446
-178615 -45402
-177025 -39805
-176904 -39996
-174512 -45786
-174691 -45693
-169402 -43024
-169227 -42992
-169954 -42641
-170193 -42685
-178615 -45402
-178478 -45276
-182365 -45001
-182408 -45290
-176904 -39996
-176755 -40016
-169227 -42992
-169076 -42979
-170193 -42685
-170421 -42795
-182408 -45290
-182523 -45446
-178478 -45276
-178348 -45143
-186990 -44100
-186850 -44295
-176755 -40016
-176587 -40075
-178218 -38747
-178336 -38920
-169076 -42979
-168961 -43054
-170421 -42795
-170630 -42997
-182523 -45446
-182327 -45543
-178348 -45143
-178351 -44977
-186850 -44295
-186634 -44317
-186340 -41400
-186472 -41633
-176587 -40075
-176377 -40041
-178336 -38920
-178455 -39063
-168961 -43054
-168766 -43127
-170630 -42997
-170910 -43070
-182327 -45543
-182290 -45774
-178351 -44977
-178409 -44707
-186634 -44317
-186384 -44463
-186472 -41633
-186601 -41856
-176377 -40041
-176171 -39989
-178455 -39063
-178636 -39293
-168766 -43127
-168651 -43386
-182290 -45774
-182277 -45991
-186384 -44463
-186212 -44530
-186601 -41856
-186851 -41827
-176171 -39989
-175911 -39982
-178636 -39293
-178820 -39303
-168651 -43386
-168704 -43557
-171431 -37238
-171520 -36963
-182277 -45991
-182187 -46109
-186212 -44530
-186017 -44576
-186851 -41827
-186940 -41566
-175911 -39982
-175741 -40031
-178820 -39303
-178968 -39288
-182187 -46109
-182161 -46147
-186940 -41566
-187016 -41401
-178968 -39288
-179149 -39262
-175741 -40031
-175563 -40070
-182161 -46147
-181914 -46236
-182269 -44537
-182245 -44716
-179149 -39262
-179203 -39409
-175563 -40070
-175430 -40113
-166194 -46499
-166428 -46585
-178532 -34456
-178817 -34341
-166428 -46585
-166689 -46620
-167401 -38858
-167159 -38656
-178817 -34341
-178877 -34428
-167159 -38656
-167091 -38764
-178877 -34428
-179160 -34549
-167724 -46615
-167849 -46331
-167091 -38764
-166801 -38684
-167400 -36734
-167273 -36758
-179160 -34549
-179282 -34801
-167849 -46331
-167735 -46096
-166801 -38684
-166625 -38955
-167273 -36758
-167059 -36762
-173539 -33668
-173502 -33885
-179282 -34801
-179530 -34852
-167059 -36762
-166857 -36757
-173502 -33885
-173462 -33983
-164602 -36556
-164539 -36668
-159250 -50124
-159464 -50218
-179530 -34852
-179645 -34851
-166857 -36757
-166581 -36747
-173462 -33983
-173409 -33997
-164539 -36668
-164510 -36948
-159464 -50218
-159616 -50427
-179645 -34851
-179874 -34816
-166581 -36747
-166300 -36658
-173409 -33997
-173387 -34027
-164510 -36948
-164596 -37115
-159616 -50427
-159712 -50720
-179345 -50185
-179265 -50459
-179874 -34816
-179980 -34825
-173387 -34027
-172802 -33775
-164596 -37115
-164703 -37266
-179265 -50459
-179144 -50521
-168508 -36576
-168337 -36554
-172802 -33775
-172457 -33623
-164703 -37266
-164974 -37445
-179144 -50521
-179081 -50688
-168337 -36554
-168109 -36573
-164974 -37445
-165112 -37579
-164857 -34026
-164927 -33827
-168109 -36573
-167871 -36769
-165112 -37579
-165404 -37805
-164927 -33827
-165209 -33638
-167253 -46548
-167410 -46444
-167871 -36769
-167647 -36769
-165404 -37805
-165691 -37978
-167410 -46444
-167596 -46353
-167647 -36769
-167400 -36734
-165691 -37978
-165813 -38135
-181684 -48830
-181578 -48779
-167596 -46353
-167735 -46096
-165813 -38135
-166002 -38225
-181578 -48779
-181377 -48878
-191279 -34722
-189430 -34854
-166002 -38225
-166249 -38250
-181377 -48878
-181269 -48789
-175928 -34843
-176154 -34768
-166249 -38250
-166358 -38338
-169608 -35428
-169689 -35578
-181269 -48789
-181083 -48778
-176154 -34768
-176285 -34592
-166358 -38338
-166290 -38521
-174124 -36228
-174185 -36293
-169689 -35578
-169813 -35779
-181083 -48778
-180916 -48769
-176285 -34592
-176500 -34519
-167253 -46548
-167102 -46163
-166290 -38521
-166572 -38698
-174185 -36293
-174267 -36521
-169813 -35779
-169892 -35897
-176500 -34519
-176742 -34464
-166493 -50602
-166649 -50501
-166572 -38698
-166625 -38955
-174267 -36521
-174288 -36802
-169892 -35897
-169929 -36075
-176742 -34464
-176897 -34437
-166649 -50501
-166796 -50493
-174288 -36802
-174244 -37042
-176897 -34437
-177115 -34202
-166796 -50493
-166945 -50502
-174244 -37042
-174265 -37308
-175928 -34843
-175883 -34667
-166945 -50502
-167100 -50567
-174265 -37308
-174150 -37457
-175883 -34667
-175944 -34499
-166493 -50602
-166381 -50400
-174150 -37457
-173922 -37481
-172149 -36069
-172261 -35825
-175968 -48931
-176153 -49215
-187629 -45937
-187612 -46087
-188233 -39765
-188000 -39715
-179203 -39409
-179276 -39588
-175430 -40113
-175364 -40072
-176153 -49215
-176362 -49471
-187612 -46087
-187642 -46259
-175364 -40072
-175356 -40074
-187642 -46259
-187707 -46437
-175356 -40074
-175043 -40625
-165840 -41828
-165611 -41843
-159591 -48226
-159737 -48229
-187707 -46437
-187682 -46588
-175043 -40625
-174965 -40593
-165611 -41843
-165442 -41871
-159737 -48229
-159913 -48186
-187682 -46588
-187690 -46794
-174456 -41401
-174463 -41247
-174965 -40593
-174853 -40713
-165442 -41871
-165175 -41937
-159913 -48186
-160200 -48134
-178416 -51120
-178420 -51237
-187690 -46794
-187694 -46878
-166943 -43214
-166961 -43414
-174463 -41247
-174523 -41088
-174853 -40713
-174752 -40979
-165175 -41937
-164968 -42053
-160801 -34418
-160778 -34476
-191151 -49084
-191170 -49188
-187694 -46878
-187696 -47097
-166961 -43414
-166924 -43553
-174523 -41088
-174523 -40907
-164968 -42053
-164726 -42175
-160778 -34476
-161304 -34844
-191170 -49188
-191210 -49440
-174985 -41400
-174891 -41228
-164726 -42175
-164456 -42302
-161304 -34844
-161375 -34752
-191210 -49440
-191018 -49687
-174891 -41228
-174847 -41022
-162000 -46988
-161854 -46938
-164456 -42302
-164265 -42446
-161375 -34752
-161417 -34760
-191018 -49687
-190945 -49868
-161854 -46938
-161703 -46880
-164265 -42446
-164069 -42426
-161417 -34760
-161448 -34831
-190945 -49868
-190884 -50106
-167618 -40948
-167618 -40947
-161703 -46880
-161540 -46837
-164069 -42426
-163800 -42368
-161448 -34831
-161477 -35046
-190884 -50106
-190832 -50284
-175806 -42393
-175807 -42390
-185432 -40144
-185341 -40358
-167618 -40947
-167854 -40704
-161540 -46837
-161336 -46786
-161477 -35046
-161730 -35286
-190832 -50284
-190776 -50439
-185341 -40358
-185372 -40523
-184694 -35181
-183033 -35282
-167854 -40704
-167801 -40523
-161336 -46786
-161121 -46864
-190776 -50439
-190897 -50592
-185372 -40523
-185531 -40653
-161121 -46864
-160967 -47061
-190897 -50592
-190942 -50778
-185531 -40653
-185789 -40904
-160967 -47061
-160622 -46768
-190942 -50778
-190849 -51003
-185789 -40904
-185883 -41122
-168914 -40927
-168878 -40813
-160622 -46768
-160632 -46732
-190849 -51003
-190658 -51234
-185883 -41122
-186087 -41259
-175606 -49959
-175673 -50622
-168878 -40813
-168607 -40582
-160632 -46732
-160643 -46700
-186087 -41259
-186340 -41400
-175673 -50622
-176430 -50730
-168607 -40582
-168369 -40390
-160643 -46700
-160609 -46674
-176430 -50730
-176693 -51543
-175807 -42390
-175712 -42280
-172631 -41400
-172536 -41225
-168369 -40390
-168274 -40306
-160609 -46674
-160478 -46730
-180000 -35272
-180055 -35105
-174816 -48201
-174892 -48214
-168675 -47041
-168604 -46923
-175712 -42280
-175486 -42194
-172536 -41225
-172381 -40979
-168274 -40306
-168208 -40322
-180055 -35105
-179980 -34825
-168604 -46923
-168547 -46849
-175486 -42194
-175452 -42074
-172381 -40979
-172138 -40784
-168208 -40322
-168170 -40323
-163499 -38318
-163497 -38319
-168547 -46849
-168546 -46813
-175452 -42074
-175394 -41838
-172138 -40784
-171966 -40564
-168170 -40323
-168149 -40325
-168546 -46813
-168521 -46804
-175394 -41838
-175294 -41561
-168149 -40325
-167801 -40523
-179866 -49329
-179727 -49274
-168521 -46804
-168517 -46799
-173207 -43513
-173415 -43373
-175294 -41561
-175172 -41460
-181914 -46236
-181838 -46298
-182245 -44716
-182243 -44838
-174612 -40273
-174432 -40549
-168147 -38722
-167974 -38905
-181838 -46298
-181799 -46251
-182243 -44838
-182365 -45001
-174432 -40549
-174283 -40376
-167974 -38905
-167846 -38939
-184663 -43334
-184583 -43490
-174283 -40376
-174106 -40281
-167846 -38939
-167671 -38915
-184583 -43490
-184712 -43644
-174106 -40281
-173949 -40097
-167671 -38915
-167401 -38858
-184712 -43644
-184803 -43847
-170910 -43070
-171193 -42842
-173949 -40097
-173947 -39929
-190473 -51509
-190658 -51234
-180694 -45230
-180857 -45427
-184803 -43847
-185031 -44032
-168597 -44363
-168829 -44466
-171193 -42842
-171000 -42655
-173947 -39929
-173873 -39798
-172318 -37215
-172273 -37021
-180857 -45427
-180972 -45638
-168829 -44466
-169005 -44558
-173873 -39798
-173597 -39562
-172273 -37021
-172152 -36875
-165914 -41849
-166107 -41788
-160647 -35159
-160582 -35343
-180972 -45638
-181033 -45777
-169005 -44558
-169124 -44521
-172152 -36875
-172057 -36598
-168974 -36662
-168765 -36690
-166107 -41788
-166367 -41743
-160582 -35343
-160449 -35512
-181033 -45777
-181088 -45947
-174688 -45476
-174691 -45693
-166367 -41743
-166509 -41609
-168765 -36690
-168508 -36576
-160449 -35512
-160290 -35657
-181088 -45947
-181099 -46158
-166509 -41609
-166642 -41584
-160290 -35657
-160154 -35790
-181099 -46158
-180827 -46292
-166642 -41584
-166845 -41560
-160218 -44014
-160405 -43687
-160154 -35790
-160067 -35896
-166845 -41560
-167100 -41540
-160067 -35896
-160010 -35945
-159476 -43658
-160167 -43735
-174444 -45000
-174441 -44846
-167100 -41540
-167319 -41460
-160167 -43735
-160218 -44014
-160010 -35945
-160018 -35966
-174441 -44846
-174337 -44704
-167319 -41460
-167497 -41248
-160018 -35966
-160005 -35974
-176404 -43064
-176562 -42904
-174337 -44704
-174191 -44540
-167497 -41248
-167548 -41099
-167801 -40523
-167758 -40498
-160005 -35974
-159899 -36283
-176562 -42904
-176739 -42846
-174191 -44540
-174222 -44276
-167548 -41099
-167618 -40948
-172092 -40357
-172254 -40394
-159899 -36283
-159827 -36416
-176739 -42846
-176834 -42758
-174222 -44276
-174100 -44064
-172254 -40394
-172444 -40436
-165914 -41849
-165840 -41828
-159827 -36416
-159819 -36541
-176834 -42758
-176853 -42510
-173443 -41765
-173166 -41752
-172444 -40436
-172655 -40510
-166152 -44939
-166165 -44999
-159819 -36541
-159720 -36766
-176853 -42510
-177018 -42262
-173166 -41752
-172989 -41739
-172655 -40510
-172803 -40515
-159720 -36766
-159631 -36925
-176404 -43064
-176353 -42989
-168704 -43557
-168691 -43815
-172989 -41739
-172767 -41666
-159631 -36925
-159613 -37059
-168691 -43815
-168759 -43993
-172767 -41666
-172631 -41400
-159613 -37059
-159481 -37236
-183033 -35282
-182965 -35531
-168306 -43362
-168380 -43512
-159481 -37236
-159520 -37333
-182965 -35531
-182819 -35768
-168380 -43512
-168480 -43710
-159520 -37333
-159589 -37567
-182819 -35768
-182777 -35973
-168480 -43710
-168759 -43993
-166152 -44939
-166302 -44936
-159589 -37567
-159669 -37800
-177036 -50869
-176958 -51138
-182202 -47939
-182091 -48197
-168517 -46799
-167805 -46610
-173922 -37481
-173757 -37482
-176958 -51138
-177025 -51359
-182091 -48197
-181979 -48365
-167805 -46610
-167724 -46615
-173757 -37482
-173556 -37379
-176485 -50003
-176390 -49753
-181979 -48365
-181950 -48622
-173556 -37379
-173368 -37649
-176390 -49753
-176362 -49471
-181950 -48622
-181684 -48830
-179923 -48559
-180071 -48585
-167311 -35662
-167400 -35575
-180071 -48585
-180362 -48647
-167877 -33881
-167765 -34089
-180362 -48647
-180630 -48780
-167765 -34089
-167671 -34229
-180630 -48780
-180916 -48769
-167216 -46997
-166664 -47029
-167671 -34229
-167722 -34503
-176702 -48800
-176592 -48663
-175179 -49118
-175330 -49352
-167722 -34503
-167781 -34667
-166009 -46503
-166155 -46714
-176592 -48663
-176415 -48482
-175330 -49352
-175415 -49589
-167781 -34667
-167951 -34895
-166155 -46714
-166411 -46801
-176415 -48482
-176404 -48286
-175415 -49589
-175555 -49698
-170160 -47689
-169884 -47483
-166411 -46801
-166664 -47029
-167951 -34895
-167728 -35095
-176404 -48286
-176241 -48043
-175555 -49698
-175606 -49959
-179980 -34825
-179996 -34570
-169884 -47483
-169701 -47482
-167728 -35095
-167496 -35297
-179996 -34570
-179931 -34446
-169701 -47482
-169459 -47377
-167496 -35297
-167328 -35478
-186108 -51482
-186216 -51216
-186216 -51216
-186144 -50926
-179931 -34446
-180010 -34190
-169459 -47377
-169198 -47235
-167328 -35478
-167311 -35662
-186144 -50926
-186116 -50636
-180010 -34190
-179932 -34021
-170595 -47665
-170172 -45890
-186116 -50636
-186077 -50439
-179932 -34021
-179993 -33784
-170172 -45890
-170252 -44815
-186077 -50439
-185948 -50250
-179993 -33784
-179863 -33494
-185948 -50250
-185862 -50091
-185862 -50091
-185804 -49951
-185804 -49951
-185717 -49675
-185717 -49675
-185583 -49484
-167216 -46997
-167223 -46997
-185583 -49484
-185523 -49296
-185523 -49296
-185284 -49022
-175402 -50858
-175656 -50904
-179727 -49274
-179546 -49289
-166381 -50400
-166563 -50180
-166302 -44936
-166516 -44978
-173415 -43373
-173564 -43403
-175172 -41460
-174985 -41400
-173597 -39562
-173783 -39396
-172261 -35825
-172225 -35566
-179546 -49289
-179309 -49335
-166516 -44978
-166493 -44825
-173564 -43403
-173734 -43123
-173783 -39396
-173636 -39119
-177832 -35856
-177986 -36012
-166385 -48601
-166421 -48847
-166493 -44825
-166565 -44689
-173734 -43123
-174026 -42880
-173636 -39119
-173936 -38938
-170137 -33640
-170018 -33820
-177986 -36012
-178266 -35916
-166421 -48847
-166217 -48974
-166565 -44689
-166628 -44561
-174026 -42880
-174097 -42626
-173936 -38938
-173920 -38943
-170018 -33820
-169834 -33919
-178266 -35916
-178513 -35884
-166217 -48974
-166473 -49171
-174816 -48201
-174880 -47932
-166628 -44561
-166857 -44376
-172800 -43381
-173012 -43407
-173920 -38943
-173853 -38908
-169834 -33919
-169616 -34015
-178513 -35884
-178709 -36003
-166473 -49171
-166447 -49348
-166857 -44376
-166940 -44246
-173012 -43407
-173207 -43513
-169200 -40181
-168940 -40076
-173853 -38908
-173712 -38747
-169616 -34015
-169524 -34061
-178709 -36003
-178817 -35981
-166940 -44246
-166937 -44078
-168940 -40076
-168732 -40020
-173712 -38747
-173582 -38593
-169524 -34061
-169531 -34184
-166937 -44078
-166977 -43825
-168732 -40020
-168637 -39952
-173582 -38593
-173368 -38454
-169531 -34184
-169518 -34395
-194926 -42077
-195085 -42346
-167914 -47638
-168061 -47846
-166977 -43825
-166924 -43553
-168637 -39952
-168417 -39950
-173368 -38454
-173515 -38379
-169518 -34395
-169437 -34641
-180916 -48769
-180917 -48860
-168061 -47846
-168147 -47972
-168417 -39950
-168336 -39966
-173515 -38379
-173672 -38251
-169437 -34641
-169542 -34879
-180917 -48860
-180850 -49076
-168147 -47972
-168171 -48186
-168336 -39966
-168307 -40010
-173672 -38251
-173793 -38201
-169542 -34879
-169511 -35080
-180850 -49076
-180654 -49133
-167100 -50567
-167367 -50409
-168171 -48186
-166978 -48177
-168307 -40010
-168240 -40048
-173793 -38201
-173852 -38166
-169511 -35080
-169456 -35251
-180654 -49133
-180364 -49181
-167367 -50409
-167604 -50401
-166978 -48177
-166986 -48165
-174523 -40907
-174447 -40684
-168240 -40048
-168179 -40045
-173852 -38166
-173748 -37905
-161915 -40877
-162000 -40889
-180364 -49181
-180189 -49339
-192917 -34599
-193111 -34770
-166986 -48165
-166985 -48135
-168179 -40045
-168142 -40053
-162000 -50553
-161768 -50456
-162000 -40889
-163800 -41234
-180189 -49339
-180084 -49270
-193111 -34770
-193398 -34923
-166985 -48135
-166981 -48083
-168142 -40053
-167758 -40498
-173613 -35816
-173537 -35977
-161768 -50456
-161661 -50311
-163800 -41234
-165180 -41506
-180084 -49270
-179866 -49329
-193398 -34923
-193549 -34998
-166981 -48083
-166978 -48003
-167758 -40498
-167571 -40299
-173537 -35977
-173404 -36197
-161661 -50311
-161523 -50062
-165180 -41506
-165840 -41828
-193549 -34998
-193639 -35235
-166978 -48003
-167007 -47899
-167571 -40299
-167327 -40048
-173404 -36197
-173458 -36406
-161523 -50062
-161261 -49774
-167007 -47899
-166980 -47654
-167327 -40048
-167447 -39878
-187428 -36349
-187646 -36160
-166980 -47654
-166963 -47607
-167447 -39878
-167347 -39664
-187646 -36160
-187745 -36024
-166963 -47607
-166954 -47601
-167347 -39664
-167209 -39533
-187745 -36024
-187949 -35937
-166954 -47601
-166952 -47581
-167209 -39533
-166974 -39423
-182595 -38327
-182485 -38422
-187949 -35937
-187993 -35714
-166952 -47581
-167047 -47285
-166974 -39423
-166845 -39317
-187993 -35714
-187998 -35552
-167047 -47285
-167080 -47235
-166845 -39317
-166642 -39278
-187998 -35552
-187932 -35467
-167080 -47235
-167216 -46997
-166642 -39278
-166687 -39109
-164962 -35197
-165014 -34915
-175656 -50904
-175915 -51042
-159669 -37800
-159639 -37978
-175915 -51042
-176031 -51242
-176400 -45673
-176363 -45477
-182463 -43206
-182470 -43361
-175700 -37763
-175862 -37881
-168974 -36662
-168974 -36662
-176031 -51242
-176225 -51326
-176363 -45477
-176342 -45260
-182470 -43361
-182415 -43541
-175862 -37881
-176018 -37956
-168974 -36662
-169134 -36552
-176342 -45260
-176396 -45026
-182415 -43541
-182412 -43694
-176018 -37956
-176176 -37790
-170909 -41399
-170926 -41207
-169134 -36552
-169331 -36441
-176396 -45026
-176343 -44923
-182412 -43694
-182443 -43876
-176176 -37790
-176315 -37645
-170926 -41207
-170869 -41041
-169331 -36441
-169542 -36260
-176343 -44923
-176401 -44723
-182443 -43876
-182326 -44121
-176315 -37645
-176269 -37540
-170869 -41041
-170737 -40871
-167311 -35662
-167316 -35829
-181799 -46251
-181778 -46044
-182326 -44121
-182326 -44313
-176269 -37540
-176318 -37341
-194399 -44120
-194592 -44290
-170737 -40871
-170664 -40699
-167316 -35829
-167294 -35981
-181778 -46044
-181722 -45912
-182326 -44313
-182269 -44537
-194592 -44290
-194792 -44429
-170664 -40699
-170673 -40563
-175211 -36330
-175245 -36447
-167294 -35981
-167213 -36234
-181722 -45912
-181556 -45683
-194792 -44429
-194937 -44641
-170288 -37587
-170781 -37931
-175245 -36447
-175312 -36698
-167213 -36234
-167075 -36335
-181556 -45683
-181505 -45545
-194937 -44641
-195019 -44892
-170781 -37931
-170799 -37947
-175312 -36698
-175119 -36878
-167075 -36335
-166937 -36566
-181505 -45545
-181406 -45401
-170799 -37947
-170839 -37926
-175119 -36878
-174943 -37161
-166937 -36566
-166768 -36658
-160765 -42297
-160930 -42540
-181406 -45401
-181316 -45237
-172308 -43961
-172266 -43722
-170839 -37926
-170892 -37824
-174943 -37161
-175097 -37254
-166768 -36658
-166603 -36652
-160930 -42540
-161159 -42729
-181316 -45237
-181203 -45072
-172266 -43722
-172370 -43524
-170892 -37824
-170986 -37658
-175097 -37254
-175312 -37369
-166603 -36652
-166438 -36619
-161159 -42729
-161385 -42916
-181203 -45072
-180987 -44932
-172370 -43524
-172521 -43435
-170986 -37658
-171120 -37551
-175312 -37369
-175548 -37607
-166438 -36619
-166300 -36658
-161385 -42916
-161540 -43040
-180987 -44932
-180746 -44815
-172521 -43435
-172800 -43381
-171120 -37551
-171366 -37477
-180746 -44815
-180681 -44720
-169124 -44521
-169012 -44349
-171366 -37477
-171603 -37417
-173458 -36406
-173285 -36414
-180681 -44720
-180512 -44624
-169012 -44349
-168891 -44204
-173285 -36414
-173118 -36414
-176641 -46249
-176507 -45969
-168891 -44204
-168759 -43993
-173118 -36414
-172846 -36445
-176507 -45969
-176474 -45820
-172846 -36445
-172662 -36638
-176474 -45820
-176400 -45673
-172077 -43751
-171965 -43700
-172662 -36638
-172449 -36411
-171965 -43700
-171757 -43715
-172449 -36411
-172277 -36280
-171757 -43715
-171586 -43674
-169954 -42641
-169402 -43024
-170529 -37258
-170461 -37381
-172277 -36280
-172149 -36069
-171586 -43674
-171473 -43860
-170461 -37381
-170288 -37587
-171473 -43860
-171261 -43910
-170288 -37587
-168974 -36662
-182777 -35973
-182764 -35985
-187932 -35467
-187954 -35200
-182764 -35985
-182743 -35996
-187954 -35200
-188145 -35145
-182743 -35996
-182193 -36269
-188145 -35145
-188118 -34947
-177402 -51191
-177493 -50925
-182193 -36269
-182363 -36727
-175698 -36180
-175415 -36158
-177493 -50925
-177683 -50857
-182363 -36727
-182355 -36730
-175415 -36158
-175211 -36330
-177683 -50857
-177973 -50643
-182355 -36730
-182319 -36790
-175211 -36330
-175034 -36244
-162568 -36462
-162001 -36468
-177973 -50643
-177988 -50668
-182319 -36790
-182039 -37061
-175034 -36244
-174911 -36156
-162001 -36468
-161898 -36456
-160200 -48134
-160427 -47857
-177988 -50668
-178274 -50696
-182039 -37061
-182109 -37139
-174911 -36156
-174748 -36134
-160427 -47857
-160474 -47673
-161898 -36456
-161244 -37138
-178274 -50696
-178457 -50760
-182109 -37139
-182333 -37069
-174748 -36134
-174619 -36146
-160474 -47673
-160586 -47545
-161244 -37138
-161384 -37221
-178457 -50760
-178534 -50854
-182333 -37069
-182503 -37064
-174619 -36146
-174394 -36073
-160586 -47545
-160802 -47329
-161384 -37221
-161290 -37467
-177402 -51191
-177242 -50935
-182503 -37064
-182642 -37053
-174394 -36073
-174124 -36228
-160802 -47329
-160967 -47061
-161290 -37467
-161091 -37622
-177242 -50935
-177036 -50869
-182642 -37053
-182816 -36993
-161091 -37622
-161192 -37745
-182816 -36993
-182954 -36988
-174044 -49904
-174161 -49713
-161192 -37745
-161141 -37801
-182954 -36988
-183117 -36977
-194782 -34458
-194965 -34487
-174161 -49713
-174305 -49559
-161141 -37801
-160720 -38439
-183117 -36977
-183332 -36958
-174305 -49559
-174383 -49307
-160203 -38337
-160328 -38298
-183332 -36958
-183595 -36800
-174383 -49307
-174462 -49087
-160328 -38298
-160506 -38264
-174462 -49087
-174549 -49007
-160506 -38264
-160720 -38439
-174549 -49007
-174818 -48966
-174818 -48966
-174946 -49063
-174946 -49063
-175179 -49118
-173229 -49058
-173310 -49242
-187696 -47097
-187531 -47191
-173310 -49242
-173295 -49428
-187531 -47191
-187241 -47320
-173295 -49428
-173507 -49653
-173507 -49653
-173793 -49821
-187241 -47320
-186976 -47555
-167223 -46997
-167422 -47162
-166687 -39109
-166625 -38955
-165014 -34915
-164958 -34628
-167422 -47162
-167537 -47374
-164958 -34628
-164995 -34390
-179794 -50091
-179730 -50268
-167537 -47374
-167658 -47498
-164995 -34390
-164845 -34133
-159479 -41347
-159640 -41285
-179730 -50268
-179789 -50389
-167658 -47498
-167914 -47638
-159640 -41285
-159780 -41105
-179789 -50389
-179799 -50450
-190628 -47631
-190509 -47475
-188118 -34947
-187200 -35012
-159780 -41105
-159901 -40909
-179799 -50450
-179817 -50466
-190509 -47475
-190475 -47241
-187200 -35012
-184694 -35181
-159901 -40909
-160186 -41051
-179817 -50466
-179822 -50477
-190475 -47241
-190392 -47047
-184626 -34915
-184694 -35181
-167877 -33881
-168028 -33806
-179822 -50477
-180569 -50416
-190392 -47047
-190359 -46800
-172422 -35178
-172452 -34920
-168028 -33806
-168217 -33830
-172452 -34920
-172497 -34716
-168217 -33830
-168364 -33715
-175806 -42393
-175954 -42658
-172497 -34716
-172494 -34553
-175954 -42658
-176172 -42805
-172494 -34553
-172524 -34410
-176172 -42805
-176353 -42989
-172524 -34410
-172560 -34307
-161905 -39208
-161900 -39659
-191687 -40367
-191535 -40660
-172560 -34307
-172541 -34111
-161900 -39659
-161903 -39684
-191535 -40660
-191307 -40909
-172541 -34111
-172503 -34035
-161903 -39684
-161910 -39726
-191307 -40909
-191072 -41084
-190480 -36001
-190274 -35708
-172503 -34035
-172436 -33779
-161910 -39726
-161878 -39787
-191072 -41084
-190948 -41355
-190274 -35708
-190144 -35622
-172436 -33779
-172457 -33623
-161878 -39787
-161942 -39952
-190144 -35622
-189978 -35388
-161942 -39952
-161971 -40109
-189978 -35388
-189828 -35290
-167782 -45835
-167609 -45964
-161971 -40109
-161923 -40255
-189828 -35290
-189660 -35245
-192769 -42972
-192915 -42693
-167609 -45964
-167457 -46036
-161923 -40255
-161934 -40317
-181684 -48830
-181668 -48970
-189660 -35245
-189541 -35155
-192915 -42693
-192962 -42444
-167457 -46036
-167243 -46146
-161934 -40317
-161937 -40368
-159218 -41247
-159479 -41347
-181668 -48970
-181677 -49140
-189541 -35155
-189470 -35057
-192962 -42444
-192961 -42186
-167243 -46146
-167102 -46163
-161937 -40368
-161952 -40400
-181677 -49140
-181684 -49327
-189470 -35057
-189430 -34854
-192961 -42186
-192865 -41977
-174100 -44064
-173926 -44167
-167877 -33881
-167872 -33653
-161952 -40400
-161915 -40877
-181684 -49327
-181681 -49458
-192865 -41977
-192825 -41775
-173926 -44167
-173717 -44365
-181681 -49458
-181540 -49732
-192825 -41775
-192749 -41678
-173717 -44365
-173634 -44572
-177862 -42339
-177671 -42306
-177671 -42306
-177428 -42299
-177428 -42299
-177302 -42286
-177302 -42286
-177201 -42256
-177201 -42256
-177018 -42262
-177862 -42339
-178139 -42094
-178139 -42094
-178177 -41822
-171261 -43910
-171046 -43872
-178177 -41822
-178323 -41570
-171261 -43910
-170805 -43942
-171046 -43872
-170943 -43691
-178323 -41570
-178498 -41403
-170805 -43942
-170252 -44815
-170943 -43691
-170894 -43413
-172149 -36069
-172115 -36296
-170252 -44815
-170068 -44758
-170894 -43413
-170815 -43221
-172115 -36296
-172093 -36412
-170068 -44758
-169892 -44689
-170815 -43221
-170910 -43070
-172093 -36412
-172057 -36598
-176793 -36535
-176593 -36531
-180808 -35427
-180876 -35535
-176593 -36531
-176444 -36445
-180876 -35535
-180977 -35798
-174688 -45476
-174457 -45259
-171603 -37417
-171867 -37481
-176444 -36445
-176156 -36365
-180977 -35798
-181045 -35966
-174457 -45259
-174444 -45000
-171867 -37481
-172001 -37468
-173793 -49821
-174044 -49904
-175875 -47589
-176041 -47306
-169655 -48380
-169708 -48668
-176041 -47306
-175955 -47172
-169708 -48668
-169733 -48953
-175955 -47172
-175938 -46982
-169733 -48953
-169778 -49130
-175938 -46982
-175921 -46742
-169778 -49130
-169761 -49262
-175921 -46742
-175760 -46594
-169761 -49262
-169857 -49349
-169857 -49349
-169906 -49474
-175760 -46594
-175898 -46451
-175898 -46451
-175839 -46370
-169906 -49474
-169908 -49490
-172225 -35566
-172363 -35413
-175839 -46370
-175966 -46148
-169908 -49490
-169894 -49613
-172363 -35413
-172422 -35178
-165788 -51136
-166010 -51052
-169894 -49613
-169912 -49900
-166664 -47029
-166689 -47246
-166010 -51052
-166080 -50950
-178468 -49560
-178358 -49695
-176857 -49251
-176736 -49007
-177253 -46381
-177042 -46243
-166689 -47246
-166731 -47440
-166080 -50950
-166314 -50883
-178358 -49695
-178107 -49769
-176736 -49007
-176702 -48800
-177042 -46243
-176905 -46103
-166314 -50883
-166493 -50602
-166731 -47440
-166730 -47610
-178107 -49769
-177852 -49693
-176905 -46103
-176641 -46249
-166730 -47610
-166684 -47759
-177852 -49693
-177601 -49555
-166684 -47759
-166634 -47975
-159262 -47498
-159377 -47326
-178534 -50854
-178416 -51120
-177601 -49555
-177503 -49604
-166634 -47975
-166553 -48052
-160801 -34418
-160636 -34485
-159377 -47326
-159661 -47207
-177503 -49604
-177446 -49638
-166553 -48052
-166337 -47952
-160636 -34485
-160684 -34632
-159323 -46732
-159046 -46802
-177446 -49638
-177414 -49653
-166337 -47952
-166064 -47845
-160684 -34632
-160639 -34849
-177414 -49653
-177406 -49665
-166064 -47845
-165912 -47778
-160639 -34849
-160653 -35034
-177406 -49665
-177409 -49673
-165912 -47778
-165773 -47912
-160653 -35034
-160647 -35159
-177409 -49673
-176904 -49897
-176241 -48043
-176035 -47820
-158548 -34508
-159504 -34989
-176904 -49897
-176980 -49702
-176035 -47820
-175875 -47589
-159504 -34989
-159533 -34987
-176980 -49702
-177038 -49531
-177543 -46151
-177253 -46381
-159533 -34987
-159546 -34997
-177038 -49531
-176857 -49251
-159546 -34997
-159704 -35015
-159704 -35015
-159846 -34979
-181540 -49732
-181350 -49860
-186976 -47555
-186929 -47716
-187607 -40435
-187613 -40155
-192749 -41678
-192572 -41411
-181350 -49860
-181342 -50035
-186929 -47716
-186883 -47894
-187613 -40155
-187812 -40016
-192572 -41411
-192382 -41175
-192382 -41175
-192089 -40951
-181342 -50035
-181219 -50299
-186883 -47894
-186871 -48106
-182569 -42325
-182527 -42157
-187812 -40016
-187900 -39872
-181219 -50299
-181134 -50348
-186871 -48106
-186800 -48213
-182527 -42157
-182382 -42005
-187900 -39872
-188000 -39715
-192089 -40951
-191937 -40741
-181134 -50348
-181085 -50349
-186800 -48213
-186859 -48466
-182382 -42005
-182368 -41783
-191937 -40741
-191809 -40620
-181085 -50349
-181068 -50365
-186859 -48466
-186633 -48407
-182368 -41783
-182410 -41692
-191809 -40620
-191687 -40367
-181068 -50365
-181029 -50381
-165089 -36000
-165053 -35863
-181029 -50381
-180569 -50416
-192917 -34599
-191279 -34722
-169750 -42292
-169481 -42070
-165053 -35863
-165091 -35664
-179923 -48559
-179810 -48568
-191279 -34722
-191240 -34574
-169481 -42070
-169337 -41862
-165091 -35664
-165084 -35432
-179810 -48568
-179629 -48601
-191240 -34574
-191159 -34381
-169337 -41862
-169356 -41683
-165084 -35432
-164962 -35197
-179629 -48601
-179470 -48586
-191159 -34381
-190925 -34109
-169356 -41683
-169186 -41537
-169006 -35977
-169180 -36000
-179470 -48586
-179218 -48435
-190925 -34109
-190716 -34061
-169186 -41537
-169049 -41401
-168302 -41327
-168474 -41299
-190716 -34061
-190546 -34036
-168474 -41299
-168667 -41242
-160757 -41071
-160765 -42297
-190546 -34036
-190580 -33927
-168667 -41242
-168935 -41050
-190580 -33927
-190534 -33735
-167618 -40947
-167728 -41000
-190534 -33735
-190637 -33451
-167728 -41000
-167917 -41098
-167917 -41098
-168073 -41223
-168073 -41223
-168302 -41327
-176388 -39035
-176067 -39038
-176067 -39038
-176020 -39041
-179564 -50401
-179345 -50185
-176020 -39041
-175966 -39113
-175966 -39113
-175933 -39225
-173229 -49058
-173123 -49267
-175933 -39225
-175874 -39478
-173123 -49267
-173013 -49427
-176156 -36365
-175990 -36259
-181045 -35966
-181088 -36126
-173634 -44572
-173763 -44809
-173748 -37905
-173747 -37804
-172001 -37468
-172215 -37422
-175990 -36259
-175698 -36180
-181088 -36126
-181275 -36277
-173763 -44809
-173624 -44972
-173747 -37804
-173603 -37754
-187428 -36349
-187200 -36313
-181275 -36277
-181359 -36397
-173624 -44972
-173843 -45225
-173603 -37754
-173368 -37649
-179147 -37850
-178948 -37853
-181359 -36397
-181400 -36629
-187200 -36313
-186979 -36349
-173843 -45225
-173777 -45479
-164602 -36556
-164364 -36476
-178948 -37853
-178747 -37860
-181400 -36629
-181387 -36839
-186979 -36349
-186686 -36375
-173777 -45479
-173680 -45639
-164364 -36476
-164220 -36405
-178747 -37860
-178609 -37824
-181387 -36839
-181443 -36960
-186686 -36375
-186423 -36400
-173680 -45639
-173727 -45889
-164220 -36405
-164051 -36478
-169180 -50695
-169377 -50769
-178609 -37824
-178427 -37715
-181443 -36960
-181491 -37121
-186423 -36400
-186260 -36295
-173727 -45889
-173606 -45918
-164051 -36478
-164023 -36748
-186260 -36295
-186042 -36278
-181491 -37121
-181504 -37275
-178427 -37715
-178197 -37726
-169377 -50769
-169544 -51038
-173606 -45918
-173637 -46181
-164023 -36748
-163893 -36852
-181504 -37275
-181721 -37565
-186042 -36278
-185768 -36489
-169544 -51038
-169693 -51214
-168306 -43362
-168083 -43286
-163893 -36852
-163747 -37093
-177704 -45119
-177697 -45226
-181721 -37565
-181750 -37778
-185768 -36489
-185602 -36517
-169693 -51214
-169830 -51459
-168083 -43286
-167938 -43152
-162700 -36510
-163108 -36801
-185602 -36517
-185404 -36456
-177697 -45226
-177612 -45430
-181750 -37778
-181851 -37881
-168093 -42103
-168313 -42274
-163108 -36801
-163457 -36897
-177612 -45430
-177633 -45673
-181851 -37881
-181927 -38170
-177157 -36266
-176967 -36400
-168313 -42274
-168437 -42544
-163457 -36897
-163747 -37093
-177633 -45673
-177655 -45911
-181927 -38170
-182171 -38378
-176967 -36400
-176793 -36535
-168437 -42544
-168364 -42733
-177655 -45911
-177543 -46151
-182171 -38378
-181799 -38331
-168364 -42733
-168331 -42883
-181799 -38331
-179782 -38056
-168331 -42883
-168270 -43116
-174105 -35095
-173861 -35234
-179782 -38056
-179147 -37850
-168270 -43116
-168306 -43362
-171001 -36637
-170820 -36582
-173861 -35234
-173848 -35372
-184915 -42507
-184815 -42687
-170820 -36582
-170718 -36844
-173848 -35372
-173830 -35586
-184815 -42687
-184741 -42931
-170718 -36844
-170606 -36883
-173830 -35586
-173825 -35695
-175966 -46148
-175930 -46096
-184741 -42931
-184775 -43064
-170606 -36883
-170527 -37084
-173825 -35695
-173780 -35919
-184775 -43064
-184663 -43334
-173780 -35919
-173729 -36005
-188098 -42581
-188056 -42785
-173729 -36005
-173688 -36209
-188056 -42785
-187828 -42999
-173688 -36209
-173596 -36449
-187828 -42999
-187704 -43126
-186962 -38366
-187086 -38122
-173596 -36449
-173458 -36406
-187704 -43126
-187600 -43324
-187086 -38122
-187045 -37976
-162700 -36510
-163140 -35967
-189106 -51066
-188941 -51087
-173942 -50177
-174093 -50311
-173013 -49427
-172870 -49684
-159846 -34979
-160055 -34979
-188941 -51087
-188731 -51036
-174093 -50311
-174372 -50480
-172870 -49684
-172636 -49897
-160055 -34979
-160203 -35037
-188731 -51036
-188559 -51233
-174372 -50480
-174581 -50704
-172636 -49897
-172653 -50134
-160203 -35037
-160349 -35075
-188559 -51233
-188513 -51488
-174581 -50704
-174787 -50863
-172653 -50134
-172506 -50401
-160349 -35075
-160477 -35117
-174787 -50863
-174947 -51055
-167604 -50401
-167737 -50205
-160477 -35117
-160647 -35159
-167737 -50205
-167975 -50124
-174947 -51055
-175059 -51050
-175059 -51050
-175274 -50974
-167975 -50124
-168171 -49999
-165773 -47912
-165914 -47994
-175930 -46096
-175754 -46238
-175274 -50974
-175402 -50858
-168171 -49999
-168334 -49768
-165914 -47994
-166081 -48150
-171143 -50400
-171092 -50346
-175754 -46238
-175551 -46444
-166081 -48150
-166289 -48205
-195025 -37595
-194784 -37629
-176001 -35141
-176082 -34972
-194784 -37629
-194519 -37793
-171092 -50346
-171054 -50292
-166289 -48205
-166471 -48341
-175551 -46444
-175439 -46688
-194519 -37793
-194404 -37823
-171054 -50292
-171018 -50255
-166471 -48341
-166385 -48601
-175439 -46688
-175204 -46801
-194404 -37823
-194131 -38029
-171018 -50255
-170149 -50315
-194131 -38029
-194121 -38036
-194121 -38036
-193892 -38024
-193892 -38024
-193766 -37966
-193766 -37966
-193640 -37940
-174691 -45693
-174734 -45903
-193640 -37940
-193448 -37942
-174734 -45903
-174698 -46001
-177157 -36266
-176930 -36254
-193448 -37942
-193159 -37860
-174698 -46001
-174663 -46202
-185351 -33514
-185317 -33727
-176930 -36254
-176720 -36089
-185317 -33727
-185237 -33966
-193159 -37860
-192898 -37960
-174663 -46202
-174742 -46416
-176720 -36089
-176537 -36161
-185237 -33966
-185071 -34202
-192898 -37960
-192599 -38065
-174742 -46416
-174828 -46553
-192599 -38065
-191939 -38317
-179672 -46705
-179432 -47356
-176537 -36161
-176485 -36227
-177115 -34202
-177235 -34098
-174828 -46553
-174600 -46804
-179432 -47356
-179436 -47389
-176485 -36227
-176400 -36133
-177235 -34098
-177346 -33892
-191939 -38317
-191255 -38782
-179436 -47389
-179402 -47413
-191255 -38782
-191153 -38796
-176400 -36133
-176203 -35929
-177346 -33892
-177365 -33694
-179402 -47413
-179354 -47537
-191153 -38796
-191099 -38551
-176203 -35929
-176212 -35911
-175874 -39478
-175703 -39285
-167400 -43589
-167558 -43718
-167558 -43718
-167698 -43887
-174447 -40684
-174256 -40916
-175703 -39285
-175673 -39215
-167698 -43887
-167826 -44039
-174256 -40916
-174110 -41071
-175673 -39215
-175660 -39117
-163217 -51283
-163011 -51141
-167826 -44039
-168032 -44164
-169750 -42292
-169694 -42158
-174110 -41071
-173972 -41318
-175660 -39117
-175718 -39042
-163011 -51141
-162803 -51004
-176346 -35490
-176185 -35275
-168032 -44164
-168241 -44128
-169694 -42158
-169746 -41951
-173972 -41318
-173684 -41607
-175718 -39042
-175715 -39033
-162803 -51004
-162705 -50875
-161540 -43040
-161746 -43224
-176185 -35275
-176001 -35141
-192769 -42972
-192585 -42999
-168241 -44128
-168398 -44219
-169746 -41951
-169720 -41851
-173684 -41607
-173443 -41765
-175715 -39033
-175471 -38651
-162705 -50875
-162464 -50804
-192585 -42999
-192403 -43125
-168398 -44219
-168597 -44363
-169720 -41851
-169722 -41827
-162464 -50804
-162291 -50693
-162528 -42678
-162287 -42725
-192403 -43125
-192184 -43293
-169722 -41827
-169732 -41824
-162291 -50693
-162000 -50553
-162287 -42725
-162068 -42916
-178420 -51237
-178524 -51454
-192184 -43293
-192094 -43501
-169732 -41824
-169496 -41518
-162068 -42916
-161904 -43133
-192094 -43501
-191884 -43780
-191687 -40367
-191687 -40367
-191941 -39448
-191793 -39268
-169496 -41518
-169520 -41392
-161904 -43133
-161746 -43224
-191884 -43780
-191918 -43995
-191941 -39448
-191870 -39689
-191793 -39268
-191655 -39136
-169520 -41392
-169513 -41173
-177025 -39805
-176804 -39601
-191918 -43995
-191743 -44022
-191870 -39689
-191823 -39896
-191655 -39136
-191406 -39090
-169662 -43211
-169568 -43386
-169513 -41173
-169432 -40884
-176804 -39601
-176634 -39362
-191743 -44022
-191514 -44153
-191823 -39896
-191670 -40141
-191406 -39090
-191242 -39004
-169568 -43386
-169470 -43552
-169432 -40884
-169233 -40930
-176634 -39362
-176420 -39288
-191514 -44153
-191325 -44412
-191670 -40141
-191687 -40367
-169470 -43552
-169589 -43657
-169233 -40930
-169058 -40946
-191325 -44412
-191208 -44613
-176420 -39288
-176388 -39035
-169589 -43657
-169829 -43622
-169058 -40946
-168914 -40927
-179111 -51300
-179062 -51231
-179062 -51231
-179108 -50992
-191208 -44613
-191112 -44861
-169829 -43622
-169817 -43828
-191112 -44861
-190991 -44911
-169817 -43828
-169769 -43924
-190991 -44911
-190830 -45092
-169769 -43924
-169749 -44128
-190830 -45092
-190676 -45220
-169749 -44128
-169745 -44354
-190676 -45220
-190528 -45375
-187440 -44241
-187310 -44196
-171875 -39267
-171815 -39423
-190528 -45375
-189003 -45218
-187310 -44196
-187151 -44299
-189003 -45218
-187341 -45036
-187151 -44299
-186990 -44100
-168141 -45305
-168036 -45302
-160218 -44014
-160311 -44308
-168036 -45302
-167811 -45322
-160311 -44308
-160283 -44307
-191099 -38551
-191140 -38458
-187045 -37976
-187308 -37938
-191140 -38458
-190981 -38180
-187308 -37938
-187347 -37952
-174688 -45476
-174853 -45405
-190981 -38180
-191113 -38019
-187347 -37952
-187403 -37975
-174853 -45405
-174941 -45343
-191113 -38019
-191102 -37901
-187403 -37975
-187656 -37955
-174941 -45343
-175153 -45361
-187656 -37955
-187845 -37758
-191102 -37901
-191061 -37714
-175153 -45361
-175263 -45336
-178197 -37726
-178023 -37610
-191061 -37714
-191029 -37594
-175263 -45336
-175434 -45537
-178023 -37610
-177856 -37611
-191029 -37594
-190993 -37412
-175434 -45537
-175604 -45635
-183564 -44616
-183801 -44705
-177856 -37611
-177607 -37692
-190993 -37412
-190815 -37133
-175604 -45635
-175719 -45786
-183801 -44705
-184032 -44724
-177607 -37692
-177387 -37761
-190815 -37133
-190677 -36934
-175719 -45786
-175736 -46008
-184032 -44724
-184136 -44688
-177387 -37761
-177185 -37801
-190677 -36934
-190694 -36833
-175736 -46008
-175930 -46096
-184136 -44688
-184334 -44545
-190694 -36833
-190717 -36626
-167735 -46096
-167782 -45835
-159639 -37978
-159812 -38163
-184334 -44545
-184563 -44430
-190717 -36626
-190767 -36377
-159812 -38163
-159940 -38204
-184563 -44430
-184735 -44384
-190767 -36377
-190744 -36216
-159940 -38204
-160203 -38337
-184735 -44384
-184929 -44254
-190744 -36216
-190480 -36001
-184877 -38690
-183598 -38745
-183598 -38745
-183577 -38782
-183577 -38782
-183491 -38779
-183491 -38779
-183352 -38693
-183352 -38693
-183216 -38568
-183216 -38568
-182965 -38456
-184549 -37801
-184591 -37700
-182965 -38456
-182891 -38361
-184591 -37700
-184716 -37496
-182891 -38361
-182760 -38331
-184716 -37496
-184505 -37255
-172318 -37215
-172215 -37422
-182760 -38331
-182595 -38327
-184505 -37255
-184406 -37025
-171603 -37417
-171431 -37238
-184406 -37025
-184145 -36910
