-245968 -25792
-245809 -25828
-244796 -17279
-244774 -17431
-255242 -27606
-255116 -27461
-260241 -31391
-260120 -31232
-260153 -29417
-260060 -29645
-236496 -26047
-236594 -25993
-239860 -23551
-239683 -23647
-231990 -31148
-231738 -31326
-245809 -25828
-245526 -25711
-244774 -17431
-244776 -17603
-255116 -27461
-254909 -27468
-236594 -25993
-236846 -26158
-239683 -23647
-239558 -23641
-231738 -31326
-231596 -31527
-245526 -25711
-245268 -25788
-244776 -17603
-244809 -17764
-254909 -27468
-254684 -27344
-236846 -26158
-237067 -26182
-239558 -23641
-239311 -23651
-231596 -31527
-231817 -31625
-245268 -25788
-245005 -25629
-244809 -17764
-244930 -17899
-254684 -27344
-254472 -27391
-237067 -26182
-237294 -26192
-239311 -23651
-239144 -23793
-231817 -31625
-232051 -31735
-245005 -25629
-244772 -25741
-244930 -17899
-244957 -18180
-254472 -27391
-254269 -27286
-237294 -26192
-237433 -26235
-239144 -23793
-239003 -23885
-232051 -31735
-232269 -31876
-244772 -25741
-244637 -25737
-244957 -18180
-245146 -18228
-254269 -27286
-254160 -27176
-237433 -26235
-237600 -26312
-239003 -23885
-239022 -23952
-232269 -31876
-232312 -32131
-244637 -25737
-244470 -25778
-245146 -18228
-245207 -18313
-251136 -30478
-250379 -30886
-254160 -27176
-253945 -27178
-237600 -26312
-237873 -26361
-239022 -23952
-239110 -24074
-232312 -32131
-232482 -32357
-244470 -25778
-244374 -26013
-245207 -18313
-245409 -18556
-251998 -32185
-251741 -32268
-253945 -27178
-253766 -27057
-237873 -26361
-238130 -26420
-239110 -24074
-239258 -24257
-258214 -33789
-258176 -33521
-244374 -26013
-244220 -26107
-245409 -18556
-245482 -18711
-251741 -32268
-251474 -32191
-253766 -27057
-253558 -27016
-258176 -33521
-257946 -33232
-241406 -30617
-241019 -30489
-238130 -26420
-238349 -26316
-239258 -24257
-239524 -24257
-244220 -26107
-244082 -26102
-245482 -18711
-245502 -18949
-251474 -32191
-251256 -31924
-253558 -27016
-253335 -26947
-257946 -33232
-257819 -32976
-241019 -30489
-240998 -30471
-238349 -26316
-238612 -26301
-239524 -24257
-239724 -24276
-244082 -26102
-243911 -26140
-245502 -18949
-245552 -19142
-251256 -31924
-251184 -31807
-253335 -26947
-253076 -26750
-257819 -32976
-257773 -32748
-240998 -30471
-240944 -30392
-238612 -26301
-238849 -26157
-239724 -24276
-239883 -24332
-243911 -26140
-243701 -26285
-245552 -19142
-245595 -19352
-251184 -31807
-251158 -31627
-253076 -26750
-252854 -26570
-257773 -32748
-257734 -32469
-260060 -29645
-260091 -29740
-240944 -30392
-240889 -30265
-238849 -26157
-238947 -26143
-239883 -24332
-240152 -24458
-243701 -26285
-243556 -26483
-245595 -19352
-245561 -19487
-251158 -31627
-250961 -31452
-252854 -26570
-252562 -26372
-257734 -32469
-257640 -32315
-260091 -29740
-260120 -29864
-240889 -30265
-240912 -30030
-238947 -26143
-239171 -26130
-240152 -24458
-240315 -24436
-243556 -26483
-243403 -26678
-245561 -19487
-245536 -19650
-250961 -31452
-250697 -31377
-252562 -26372
-252280 -26186
-257640 -32315
-257517 -32108
-260120 -29864
-260186 -30066
-240912 -30030
-240917 -29765
-239171 -26130
-239427 -26150
-240315 -24436
-240513 -24521
-245015 -33810
-244891 -33649
-244891 -33649
-244736 -33683
-243403 -26678
-243209 -26438
-245536 -19650
-245786 -19810
-250697 -31377
-250545 -31177
-252280 -26186
-252144 -26014
-260186 -30066
-260241 -30307
-240917 -29765
-240707 -29524
-239427 -26150
-239697 -25942
-240513 -24521
-240637 -24499
-244736 -33683
-244582 -33613
-250545 -31177
-250379 -30886
-243209 -26438
-243054 -26290
-245786 -19810
-245666 -20094
-252144 -26014
-252129 -25822
-260241 -30307
-260221 -30480
-240707 -29524
-240749 -29371
-239697 -25942
-239920 -26103
-240637 -24499
-240837 -24451
-243054 -26290
-243000 -26089
-245666 -20094
-245789 -20373
-251998 -32185
-252193 -32284
-252129 -25822
-251972 -26024
-260221 -30480
-260171 -30696
-240749 -29371
-240764 -29190
-239920 -26103
-240053 -25930
-240837 -24451
-241041 -24428
-245789 -20373
-245621 -20496
-252193 -32284
-252477 -32305
-251972 -26024
-251886 -26189
-260171 -30696
-260107 -30986
-240764 -29190
-240723 -29016
-240053 -25930
-240295 -25803
-241041 -24428
-241173 -24336
-245621 -20496
-245697 -20726
-252477 -32305
-252635 -32433
-251886 -26189
-251698 -26248
-260107 -30986
-260112 -31091
-240723 -29016
-240768 -28796
-240295 -25803
-240565 -25707
-241173 -24336
-241438 -24402
-245697 -20726
-245595 -21015
-252635 -32433
-252787 -32515
-251698 -26248
-251638 -26158
-260112 -31091
-260120 -31232
-240768 -28796
-240700 -28616
-240565 -25707
-240790 -25621
-241438 -24402
-241649 -24398
-245595 -21015
-245555 -21304
-252787 -32515
-253072 -32368
-251638 -26158
-251603 -26060
-254057 -23523
-253929 -23625
-240700 -28616
-240639 -28438
-240790 -25621
-240907 -25427
-241649 -24398
-241783 -24445
-245555 -21304
-245836 -21303
-253072 -32368
-253339 -32339
-251603 -26060
-251569 -25956
-254057 -23523
-254158 -23764
-240639 -28438
-240596 -28165
-240907 -25427
-241141 -25246
-241783 -24445
-241943 -24576
-241943 -24576
-242132 -24562
-245836 -21303
-245908 -21545
-253339 -32339
-253506 -32619
-251569 -25956
-251536 -25908
-254158 -23764
-254351 -23741
-240596 -28165
-240342 -28018
-241141 -25246
-241293 -25092
-242132 -24562
-242337 -24572
-245908 -21545
-245898 -21782
-253804 -32777
-254018 -32989
-253506 -32619
-253624 -32763
-251536 -25908
-251513 -25891
-265275 -27981
-265262 -28231
-240342 -28018
-240173 -27845
-241293 -25092
-241585 -25044
-253929 -23625
-253704 -23665
-252048 -21303
-252033 -21147
-252592 -17670
-252566 -17957
-260914 -17745
-260709 -17631
-240611 -18691
-240782 -18785
-232944 -32362
-233138 -32473
-232659 -20591
-232538 -20501
-253704 -23665
-253505 -23761
-252033 -21147
-251961 -20928
-252566 -17957
-252650 -18214
-260709 -17631
-260586 -17539
-240782 -18785
-240932 -18931
-233138 -32473
-233276 -32347
-232538 -20501
-232330 -20481
-253505 -23761
-253296 -23922
-251961 -20928
-251709 -20679
-252650 -18214
-252751 -18398
-260586 -17539
-260482 -17298
-240932 -18931
-241033 -19198
-233276 -32347
-233569 -32489
-232330 -20481
-232106 -20384
-253296 -23922
-253064 -23795
-251709 -20679
-251662 -20448
-252751 -18398
-252936 -18626
-260482 -17298
-260352 -17199
-233569 -32489
-233728 -32750
-241033 -19198
-241097 -19353
-232106 -20384
-232026 -20160
-253064 -23795
-252897 -23797
-251662 -20448
-251697 -20248
-252936 -18626
-253104 -18846
-260352 -17199
-260145 -17212
-233728 -32750
-233780 -32933
-241097 -19353
-241048 -19510
-232026 -20160
-231919 -19985
-252897 -23797
-252665 -23796
-251697 -20248
-251567 -20173
-253104 -18846
-253173 -18995
-260145 -17212
-259970 -17124
-233780 -32933
-233753 -33065
-231919 -19985
-231806 -19940
-245460 -33244
-247443 -32400
-252665 -23796
-252544 -23794
-251567 -20173
-251587 -19912
-253173 -18995
-253232 -19174
-259970 -17124
-259808 -17044
-233753 -33065
-233738 -33241
-231806 -19940
-231664 -19844
-247443 -32400
-248389 -31942
-252544 -23794
-252330 -23874
-251587 -19912
-251534 -19655
-253232 -19174
-253331 -19416
-259808 -17044
-259656 -17003
-233738 -33241
-233832 -33403
-231664 -19844
-231473 -19729
-252330 -23874
-252171 -23631
-251534 -19655
-251643 -19451
-253331 -19416
-253448 -19660
-259656 -17003
-259423 -16751
-233832 -33403
-234025 -33607
-231473 -19729
-231181 -19673
-252171 -23631
-251961 -23640
-253448 -19660
-253620 -19950
-251643 -19451
-251701 -19296
-259462 -31703
-259188 -31672
-259423 -16751
-259247 -16696
-234025 -33607
-234191 -33847
-231181 -19673
-231042 -19561
-251961 -23640
-251756 -23690
-253620 -19950
-253653 -20137
-251701 -19296
-251461 -19231
-259188 -31672
-259088 -31599
-259247 -16696
-259114 -16588
-231042 -19561
-230890 -19536
-251756 -23690
-251616 -23572
-253653 -20137
-253658 -20296
-251461 -19231
-251283 -19236
-259088 -31599
-258892 -31661
-230890 -19536
-230742 -19483
-251616 -23572
-251339 -23648
-253658 -20296
-253683 -20477
-251283 -19236
-251228 -19093
-258892 -31661
-258745 -31736
-230742 -19483
-230694 -19318
-251339 -23648
-251263 -23537
-253683 -20477
-253750 -20629
-251228 -19093
-251072 -18954
-258745 -31736
-258525 -31788
-230694 -19318
-230547 -19072
-234707 -33722
-234750 -33514
-251263 -23537
-251266 -23305
-253750 -20629
-253853 -20913
-251072 -18954
-250921 -18929
-258525 -31788
-258285 -31545
-234750 -33514
-234835 -33355
-251266 -23305
-251164 -23180
-250274 -25859
-250166 -25930
-253853 -20913
-254032 -21191
-250921 -18929
-250759 -18859
-258285 -31545
-258101 -31425
-234835 -33355
-235021 -33372
-243607 -21756
-243606 -21946
-251164 -23180
-250979 -23136
-254032 -21191
-254174 -21404
-250759 -18859
-250470 -18758
-235021 -33372
-235182 -33483
-243606 -21946
-243566 -22211
-250470 -18758
-250438 -18887
-250979 -23136
-250816 -23137
-254174 -21404
-254266 -21650
-235182 -33483
-235364 -33597
-243566 -22211
-243453 -22491
-250438 -18887
-250318 -18787
-250816 -23137
-250623 -23166
-254266 -21650
-254138 -21935
-262323 -27104
-261567 -27449
-235364 -33597
-235499 -33549
-243453 -22491
-243613 -22544
-250318 -18787
-250287 -18570
-250623 -23166
-250485 -23273
-254138 -21935
-254130 -22195
-261567 -27449
-259820 -27851
-235499 -33549
-235617 -33793
-250485 -23273
-250230 -23054
-243613 -22544
-243712 -22716
-250287 -18570
-250122 -18465
-254130 -22195
-254215 -22482
-259382 -25569
-259380 -25979
-240470 -18566
-240611 -18691
-250230 -23054
-250151 -22999
-243712 -22716
-243914 -22978
-250122 -18465
-250025 -18259
-254215 -22482
-254464 -22697
-259380 -25979
-259362 -26045
-250151 -22999
-249925 -22897
-243914 -22978
-243939 -23060
-250025 -18259
-249917 -18060
-254464 -22697
-254648 -22920
-259362 -26045
-259464 -26102
-249925 -22897
-249820 -22880
-249917 -18060
-249899 -17868
-243939 -23060
-244005 -23276
-254648 -22920
-254915 -23158
-259464 -26102
-259737 -26267
-257721 -32058
-257517 -32108
-257774 -31182
-257613 -31189
-258281 -24913
-258428 -24868
-232684 -23140
-232549 -22900
-257613 -31189
-257552 -31441
-258428 -24868
-258454 -25098
-232549 -22900
-232330 -22663
-258454 -25098
-258540 -25167
-232330 -22663
-232296 -22567
-258540 -25167
-258823 -25184
-265275 -27981
-265498 -27835
-232296 -22567
-232253 -22347
-258823 -25184
-259059 -25232
-265498 -27835
-265734 -27798
-232253 -22347
-232027 -22070
-259059 -25232
-259123 -25333
-263985 -30517
-263638 -30444
-265734 -27798
-265834 -27641
-232027 -22070
-231891 -21952
-259123 -25333
-259382 -25569
-263638 -30444
-263460 -30455
-265834 -27641
-265992 -27543
-231891 -21952
-231794 -21947
-263460 -30455
-263297 -30442
-265992 -27543
-266224 -27310
-231794 -21947
-231799 -21402
-263297 -30442
-263111 -30483
-266224 -27310
-266191 -27050
-231799 -21402
-231797 -21335
-263111 -30483
-262948 -30584
-266191 -27050
-266121 -26872
-231797 -21335
-231649 -21349
-262948 -30584
-262764 -30445
-266121 -26872
-266201 -26662
-231649 -21349
-231504 -21523
-246722 -33848
-246529 -33689
-246529 -33689
-246245 -33569
-254351 -23741
-254525 -23890
-257517 -32108
-257323 -31951
-262764 -30445
-262557 -30242
-266201 -26662
-266233 -26445
-231504 -21523
-231613 -21647
-246245 -33569
-246093 -33472
-254525 -23890
-254723 -23933
-257323 -31951
-257081 -31950
-262557 -30242
-262551 -30015
-266233 -26445
-266091 -26549
-231613 -21647
-231603 -21827
-246093 -33472
-245937 -33453
-254723 -23933
-255003 -24189
-257081 -31950
-256865 -31942
-262551 -30015
-262591 -29862
-266091 -26549
-265880 -26467
-231603 -21827
-231491 -21899
-245937 -33453
-245756 -33347
-255003 -24189
-255293 -24194
-256865 -31942
-256722 -31888
-257826 -31895
-257721 -32058
-262591 -29862
-262626 -29775
-265076 -29008
-264958 -28916
-265880 -26467
-265634 -26426
-231491 -21899
-231365 -22105
-245756 -33347
-245548 -33255
-255293 -24194
-255510 -23942
-262626 -29775
-262596 -29551
-264958 -28916
-264720 -29045
-265634 -26426
-265491 -26439
-231365 -22105
-231290 -22237
-245548 -33255
-245460 -33244
-255510 -23942
-255685 -23951
-262596 -29551
-262321 -29386
-264720 -29045
-264578 -29057
-265491 -26439
-265335 -26230
-231290 -22237
-231317 -22479
-255685 -23951
-255895 -23966
-262321 -29386
-262094 -29249
-263985 -30517
-263996 -30701
-264578 -29057
-264372 -28858
-265335 -26230
-265483 -25957
-231317 -22479
-231314 -22511
-255895 -23966
-256115 -24141
-262094 -29249
-262037 -29515
-263996 -30701
-264036 -30932
-264372 -28858
-264154 -28759
-265483 -25957
-265600 -25744
-231314 -22511
-230336 -22827
-256115 -24141
-256314 -24217
-262037 -29515
-261890 -29557
-264036 -30932
-263924 -31040
-264154 -28759
-263979 -28752
-265600 -25744
-265467 -25715
-256314 -24217
-256471 -24211
-261890 -29557
-261732 -29559
-262108 -27670
-262491 -27579
-263924 -31040
-263827 -31200
-263979 -28752
-263854 -28734
-256471 -24211
-256654 -24142
-261732 -29559
-261526 -29483
-262491 -27579
-262530 -27604
-263827 -31200
-263581 -31246
-263854 -28734
-263679 -28567
-256654 -24142
-256834 -24051
-261526 -29483
-261501 -29453
-262530 -27604
-262602 -27666
-263581 -31246
-263398 -31321
-263679 -28567
-263493 -28448
-261501 -29453
-261205 -29468
-262602 -27666
-262850 -27604
-263398 -31321
-263233 -31604
-263493 -28448
-263272 -28439
-242337 -24572
-242549 -24595
-243607 -21756
-245898 -21782
-254018 -32989
-254184 -33201
-253624 -32763
-253804 -32777
-253800 -29200
-253329 -29304
-251513 -25891
-250274 -25859
-265262 -28231
-265483 -28339
-240173 -27845
-239949 -27713
-241585 -25044
-241853 -25063
-241853 -25063
-242114 -25212
-242549 -24595
-242650 -24749
-254184 -33201
-254307 -33452
-253329 -29304
-251136 -30478
-265483 -28339
-265489 -28568
-265467 -25715
-265422 -25568
-265467 -25715
-265570 -25482
-239949 -27713
-239854 -27540
-250166 -25930
-250106 -26107
-242114 -25212
-242298 -25270
-242650 -24749
-242716 -24836
-254307 -33452
-254274 -33588
-265489 -28568
-265281 -28698
-265422 -25568
-265369 -25385
-265570 -25482
-265414 -25280
-239854 -27540
-239677 -27510
-250106 -26107
-250166 -26260
-242298 -25270
-242494 -25525
-242716 -24836
-242708 -24871
-254274 -33588
-254331 -33808
-265281 -28698
-265140 -28811
-265369 -25385
-265242 -25154
-265414 -25280
-265454 -25168
-239677 -27510
-239493 -27456
-230521 -31324
-230739 -31421
-250166 -26260
-250229 -26522
-242494 -25525
-242693 -25745
-242708 -24871
-242800 -25200
-262874 -32086
-262726 -32236
-265140 -28811
-265076 -29008
-265242 -25154
-265222 -25021
-265454 -25168
-265474 -24900
-239493 -27456
-239414 -27453
-230739 -31421
-230874 -31671
-250229 -26522
-250286 -26798
-242693 -25745
-242965 -25816
-242800 -25200
-242965 -25816
-262726 -32236
-262573 -32364
-265222 -25021
-264932 -24968
-265474 -24900
-265344 -24622
-239414 -27453
-239304 -27295
-230874 -31671
-230957 -31806
-250286 -26798
-250300 -26941
-262573 -32364
-262608 -32523
-264932 -24968
-264725 -24991
-265344 -24622
-265198 -24502
-239304 -27295
-239064 -27256
-241048 -19510
-241140 -19710
-230957 -31806
-230944 -32000
-250300 -26941
-250376 -27105
-262608 -32523
-262600 -32733
-264725 -24991
-264461 -24942
-265198 -24502
-265035 -24288
-239064 -27256
-238950 -26971
-241140 -19710
-241316 -19850
-230944 -32000
-230908 -32201
-250376 -27105
-250409 -27279
-252074 -21528
-252048 -21303
-262600 -32733
-262731 -32960
-264461 -24942
-264338 -25025
-265035 -24288
-264813 -24194
-238950 -26971
-239174 -27015
-241316 -19850
-241513 -20022
-230908 -32201
-230999 -32249
-250409 -27279
-250513 -27457
-251998 -32185
-251714 -32404
-262731 -32960
-262785 -33087
-264338 -25025
-264122 -25019
-264813 -24194
-264592 -24018
-239174 -27015
-239358 -27058
-241513 -20022
-241625 -20116
-230999 -32249
-231238 -32371
-250513 -27457
-250501 -27692
-251714 -32404
-251696 -32403
-262785 -33087
-263022 -33219
-264122 -25019
-263841 -24984
-264592 -24018
-264397 -23965
-239358 -27058
-239605 -26956
-241625 -20116
-241855 -20293
-231238 -32371
-231441 -32376
-250501 -27692
-250649 -27907
-241855 -20293
-241939 -20470
-251696 -32403
-251428 -32555
-263022 -33219
-263188 -33508
-263841 -24984
-263735 -24913
-264397 -23965
-264169 -23849
-239605 -26956
-239887 -26860
-231441 -32376
-231525 -32221
-241939 -20470
-242002 -20700
-251428 -32555
-251397 -32579
-250649 -27907
-250906 -28026
-263188 -33508
-263391 -33677
-263735 -24913
-263493 -24905
-264169 -23849
-264013 -23734
-239887 -26860
-240108 -26681
-231525 -32221
-231709 -32191
-242002 -20700
-242153 -20946
-251397 -32579
-251252 -32729
-250906 -28026
-251159 -28262
-263391 -33677
-263556 -33861
-263493 -24905
-263327 -24985
-264013 -23734
-263835 -23713
-240108 -26681
-240376 -26446
-237240 -19572
-237215 -19418
-231709 -32191
-231958 -32285
-242153 -20946
-242280 -21053
-251252 -32729
-251438 -32960
-251159 -28262
-251273 -28406
-253254 -22644
-253339 -22490
-263327 -24985
-263131 -25160
-263835 -23713
-263637 -23679
-240376 -26446
-240509 -26329
-237215 -19418
-237116 -19215
-231958 -32285
-232038 -32319
-242280 -21053
-242546 -20930
-251438 -32960
-251668 -33183
-251273 -28406
-251239 -28584
-253339 -22490
-253434 -22271
-263131 -25160
-262971 -25230
-263637 -23679
-263537 -23604
-240509 -26329
-240666 -26245
-237116 -19215
-236892 -19076
-232038 -32319
-232261 -32322
-242546 -20930
-242487 -21159
-251668 -33183
-251713 -33277
-251239 -28584
-251250 -28772
-253434 -22271
-253530 -22034
-262971 -25230
-262834 -25301
-263537 -23604
-263299 -23340
-240666 -26245
-240854 -26137
-236892 -19076
-236710 -19089
-232261 -32322
-232482 -32357
-242487 -21159
-242729 -21312
-251713 -33277
-252000 -33321
-251250 -28772
-251288 -28975
-253530 -22034
-253418 -21916
-262834 -25301
-262644 -25271
-263299 -23340
-263223 -23182
-240854 -26137
-240992 -26088
-234139 -25462
-233189 -25470
-236710 -19089
-236518 -19109
-242729 -21312
-242847 -21203
-251288 -28975
-251181 -29265
-253418 -21916
-253289 -21716
-262644 -25271
-262458 -25191
-263223 -23182
-263249 -23002
-240992 -26088
-241017 -25948
-236518 -19109
-236427 -19036
-233189 -25470
-232473 -25471
-242847 -21203
-243000 -21211
-251181 -29265
-251209 -29430
-253289 -21716
-253106 -21641
-262458 -25191
-262261 -25198
-263249 -23002
-263326 -22821
-241017 -25948
-241051 -25768
-236427 -19036
-236441 -18939
-232473 -25471
-232485 -25524
-243000 -21211
-243160 -21284
-251209 -29430
-251139 -29476
-253106 -21641
-253142 -21420
-262261 -25198
-262000 -25078
-263326 -22821
-263396 -22645
-241051 -25768
-241310 -25516
-236441 -18939
-236523 -18738
-232485 -25524
-232483 -25613
-243160 -21284
-243260 -21573
-251139 -29476
-251102 -29727
-253142 -21420
-253086 -21208
-262000 -25078
-261806 -24869
-263396 -22645
-263493 -22521
-241310 -25516
-241463 -25229
-236523 -18738
-236484 -18622
-232483 -25613
-232485 -25839
-243260 -21573
-243465 -21424
-251102 -29727
-251095 -29864
-253086 -21208
-252968 -20987
-261806 -24869
-261619 -24896
-263493 -22521
-263579 -22331
-241463 -25229
-241700 -25381
-237240 -19572
-237502 -19454
-236484 -18622
-236320 -18426
-232485 -25839
-232403 -26061
-251095 -29864
-251108 -30064
-243465 -21424
-243736 -21462
-252968 -20987
-252930 -20706
-261619 -24896
-261639 -25052
-263579 -22331
-263708 -22066
-241700 -25381
-241987 -25446
-237502 -19454
-237711 -19519
-236320 -18426
-236507 -18280
-232403 -26061
-232417 -26319
-249899 -17868
-249693 -17933
-254915 -23158
-255019 -23298
-253254 -22644
-253402 -22833
-259737 -26267
-259781 -26410
-249693 -17933
-249553 -17687
-255019 -23298
-255245 -23360
-253402 -22833
-253635 -22968
-259781 -26410
-259731 -26597
-249553 -17687
-249434 -17502
-255245 -23360
-255525 -23464
-253635 -22968
-253891 -23217
-259731 -26597
-259730 -26828
-249963 -31110
-250379 -30886
-249434 -17502
-249250 -17321
-253891 -23217
-254004 -23317
-256722 -31888
-256461 -31816
-259820 -27851
-259200 -28004
-259730 -26828
-259806 -27012
-255525 -23464
-255789 -23573
-249250 -17321
-249027 -17235
-254004 -23317
-254057 -23523
-256461 -31816
-256214 -31617
-259200 -28004
-257433 -28371
-259806 -27012
-259837 -27243
-255789 -23573
-255941 -23772
-241406 -30617
-242688 -30626
-242688 -30626
-242699 -30656
-249027 -17235
-248960 -17013
-254351 -23741
-254326 -24527
-256214 -31617
-255951 -31573
-259837 -27243
-259803 -27444
-255941 -23772
-256151 -23818
-242699 -30656
-242740 -30765
-248960 -17013
-248775 -16875
-255094 -30600
-254966 -30333
-254326 -24527
-254343 -24552
-255951 -31573
-255715 -31434
-259803 -27444
-259806 -27571
-256151 -23818
-256324 -23832
-242740 -30765
-242855 -30788
-248775 -16875
-248715 -16700
-254966 -30333
-254877 -30164
-254343 -24552
-254390 -24595
-255715 -31434
-255575 -31239
-259806 -27571
-259820 -27851
-256324 -23832
-256468 -23819
-242855 -30788
-243096 -30877
-248715 -16700
-248634 -16548
-254877 -30164
-254828 -30122
-254390 -24595
-254493 -24791
-255575 -31239
-255354 -30967
-256468 -23819
-256664 -24015
-243096 -30877
-243275 -30703
-248634 -16548
-248499 -16287
-255354 -30967
-255256 -30773
-254828 -30122
-254816 -30124
-254493 -24791
-254547 -24968
-256664 -24015
-256834 -24051
-243275 -30703
-243565 -30535
-248499 -16287
-248497 -16107
-255256 -30773
-255094 -30600
-254816 -30124
-254805 -30139
-254547 -24968
-254561 -25108
-243565 -30535
-243777 -30383
-254805 -30139
-254114 -29643
-254561 -25108
-254590 -25286
-234139 -25462
-234303 -25561
-243777 -30383
-244012 -30287
-254114 -29643
-254032 -29571
-254590 -25286
-254660 -25415
-234303 -25561
-234459 -25707
-244012 -30287
-244208 -30132
-254032 -29571
-254052 -29449
-254660 -25415
-254792 -25639
-234459 -25707
-234614 -25797
-244208 -30132
-244444 -30071
-254052 -29449
-254030 -29321
-254792 -25639
-254930 -25763
-257552 -31441
-257687 -31572
-234614 -25797
-234772 -25851
-244444 -30071
-244552 -29837
-254030 -29321
-254070 -29144
-254930 -25763
-255140 -25936
-257687 -31572
-257789 -31734
-234772 -25851
-234907 -25895
-244552 -29837
-244692 -29637
-255140 -25936
-255333 -26087
-234907 -25895
-235070 -26042
-244692 -29637
-244906 -29450
-245898 -21782
-246140 -21992
-255333 -26087
-255460 -26120
-235070 -26042
-235286 -26081
-244906 -29450
-245178 -29273
-246140 -21992
-246305 -22115
-255460 -26120
-255630 -26251
-235286 -26081
-235505 -26199
-245178 -29273
-245430 -29211
-246305 -22115
-246446 -22204
-255630 -26251
-255763 -26448
-235505 -26199
-235723 -26151
-245430 -29211
-245642 -29101
-246446 -22204
-246727 -22290
-255763 -26448
-255907 -26725
-235723 -26151
-235828 -26121
-245642 -29101
-245775 -29103
-246727 -22290
-246979 -22510
-255907 -26725
-256151 -26927
-235828 -26121
-236078 -26064
-245775 -29103
-245938 -29099
-246979 -22510
-247206 -22668
-256151 -26927
-256258 -27100
-236078 -26064
-236289 -26129
-245938 -29099
-246118 -29093
-247206 -22668
-247196 -22935
-256258 -27100
-256426 -27236
-236289 -26129
-236496 -26047
-237240 -19572
-237086 -19717
-250166 -25930
-250034 -25725
-244005 -23276
-244008 -23360
-249820 -22880
-249599 -22900
-252930 -20706
-252976 -20427
-261205 -29468
-261179 -29472
-262850 -27604
-263017 -27565
-263233 -31604
-263089 -31829
-263272 -28439
-263086 -28372
-250034 -25725
-249960 -25510
-244008 -23360
-243926 -23431
-252976 -20427
-252912 -20226
-263089 -31829
-262874 -32086
-261179 -29472
-261090 -29561
-263086 -28372
-262902 -28297
-263017 -27565
-263179 -27509
-249960 -25510
-249775 -25284
-243926 -23431
-243647 -23608
-252912 -20226
-252852 -20026
-261090 -29561
-260946 -29638
-262902 -28297
-262752 -28283
-263179 -27509
-263439 -27519
-249775 -25284
-249565 -25254
-243647 -23608
-243523 -23627
-252852 -20026
-252724 -19875
-260946 -29638
-260789 -29649
-262752 -28283
-262557 -28302
-263439 -27519
-263492 -27569
-249565 -25254
-249406 -25223
-243523 -23627
-243327 -23576
-252724 -19875
-252699 -19690
-260789 -29649
-260508 -29685
-262557 -28302
-262286 -28466
-263492 -27569
-263487 -27588
-249406 -25223
-249249 -25173
-243327 -23576
-243171 -23545
-252699 -19690
-252651 -19434
-260508 -29685
-260232 -29550
-259114 -16588
-258954 -16420
-262286 -28466
-262077 -28431
-263487 -27588
-263882 -27561
-251322 -33888
-251111 -33704
-240821 -16130
-241270 -16228
-249249 -25173
-249056 -25000
-243171 -23545
-242994 -23513
-251111 -33704
-251087 -33552
-252651 -19434
-252675 -19284
-260232 -29550
-260060 -29645
-258954 -16420
-258786 -16321
-262077 -28431
-261919 -28324
-263882 -27561
-263895 -27569
-241270 -16228
-241369 -16173
-249056 -25000
-248865 -25230
-242994 -23513
-242831 -23406
-251087 -33552
-250963 -33410
-252675 -19284
-252568 -19093
-258786 -16321
-258696 -16273
-262874 -32086
-262663 -31837
-261919 -28324
-261747 -28236
-263895 -27569
-264116 -27709
-241369 -16173
-241633 -16149
-248865 -25230
-248691 -25352
-242831 -23406
-242681 -23414
-250963 -33410
-250776 -33222
-252568 -19093
-252560 -18884
-258696 -16273
-258438 -16167
-262663 -31837
-262490 -31789
-261747 -28236
-261490 -28132
-264116 -27709
-264372 -27668
-265467 -25715
-262323 -27104
-248389 -31942
-249963 -31110
-248691 -25352
-248461 -25302
-242681 -23414
-242445 -23237
-250776 -33222
-250515 -33113
-252560 -18884
-252382 -18638
-258438 -16167
-258260 -16190
-262490 -31789
-262354 -31805
-261490 -28132
-261489 -28088
-262108 -27670
-262021 -27422
-264372 -27668
-264660 -27710
-250515 -33113
-250414 -33046
-248461 -25302
-248385 -25408
-242445 -23237
-242304 -23126
-252382 -18638
-252330 -18480
-258260 -16190
-258113 -16223
-262354 -31805
-262200 -31658
-261489 -28088
-261469 -27938
-262021 -27422
-262141 -27381
-264660 -27710
-264733 -27757
-250414 -33046
-250190 -33078
-248385 -25408
-248175 -25491
-242304 -23126
-242082 -23091
-252330 -18480
-252111 -18264
-258113 -16223
-257956 -16183
-262200 -31658
-262165 -31651
-261469 -27938
-261508 -27654
-262141 -27381
-262323 -27104
-264733 -27757
-264979 -27816
-242171 -16028
-242373 -16287
-250190 -33078
-250075 -33005
-248175 -25491
-247936 -25583
-242082 -23091
-241997 -22875
-242373 -16287
-242609 -16312
-252111 -18264
-251845 -18040
-257956 -16183
-257845 -16224
-262165 -31651
-262144 -31618
-261508 -27654
-261538 -27639
-264979 -27816
-265205 -27826
-250075 -33005
-249865 -32886
-247936 -25583
-247784 -25584
-241997 -22875
-241765 -22818
-242609 -16312
-242858 -16233
-251845 -18040
-251828 -17870
-257845 -16224
-257594 -16131
-262144 -31618
-261811 -31212
-261538 -27639
-261555 -27691
-265205 -27826
-265275 -27981
-249865 -32886
-249603 -32624
-247784 -25584
-247559 -25589
-242858 -16233
-242954 -16293
-251828 -17870
-251897 -17745
-257433 -28371
-257400 -28406
-261811 -31212
-261671 -31447
-261555 -27691
-261848 -27805
-241765 -22818
-241612 -22796
-249603 -32624
-249492 -32627
-247559 -25589
-247369 -25623
-242954 -16293
-243157 -16337
-251897 -17745
-251806 -17532
-257400 -28406
-256464 -28621
-261671 -31447
-261552 -31523
-261848 -27805
-262108 -27670
-241612 -22796
-241427 -22880
-249492 -32627
-249208 -32521
-247369 -25623
-247162 -25573
-243157 -16337
-243434 -16517
-251806 -17532
-251639 -17271
-256464 -28621
-256394 -28423
-261552 -31523
-261325 -31556
-241427 -22880
-241239 -22986
-249208 -32521
-248972 -32344
-247162 -25573
-246903 -25860
-243434 -16517
-243651 -16487
-251639 -17271
-251529 -16995
-256394 -28423
-256238 -28305
-259820 -27851
-259844 -28063
-261325 -31556
-261208 -31543
-241239 -22986
-241049 -22999
-248972 -32344
-248687 -32244
-246903 -25860
-246721 -26088
-243651 -16487
-243856 -16656
-251529 -16995
-251394 -16947
-256238 -28305
-256126 -28152
-259844 -28063
-259842 -28199
-261208 -31543
-261019 -31586
-241049 -22999
-240834 -23040
-248687 -32244
-248467 -32047
-246721 -26088
-246560 -25916
-243856 -16656
-243964 -16764
-251394 -16947
-251203 -16794
-259842 -28199
-259884 -28376
-256126 -28152
-256003 -27991
-261019 -31586
-260908 -31551
-240834 -23040
-240630 -23135
-248467 -32047
-248389 -31942
-246560 -25916
-246420 -25784
-243964 -16764
-244236 -16975
-251203 -16794
-251019 -16588
-260908 -31551
-260715 -31542
-259884 -28376
-260042 -28654
-256003 -27991
-255891 -27794
-240630 -23135
-240459 -23312
-246420 -25784
-246279 -25812
-244236 -16975
-244428 -17216
-251019 -16588
-250750 -16478
-260715 -31542
-260581 -31565
-260042 -28654
-260131 -28873
-255891 -27794
-255698 -27694
-240459 -23312
-240282 -23408
-246279 -25812
-246126 -25841
-244428 -17216
-244639 -17173
-250750 -16478
-250485 -16216
-260581 -31565
-260368 -31585
-260131 -28873
-260137 -29133
-255698 -27694
-255477 -27616
-240282 -23408
-240083 -23500
-244639 -17173
-244796 -17279
-250485 -16216
-250249 -15971
-246126 -25841
-245968 -25792
-260368 -31585
-260241 -31391
-260137 -29133
-260153 -29417
-255477 -27616
-255242 -27606
-240083 -23500
-239860 -23551
-246118 -29093
-246321 -29014
-247196 -22935
-247407 -23108
-243736 -21462
-243690 -21688
-251108 -30064
-251090 -30264
-261639 -25052
-261660 -25265
-263708 -22066
-263632 -21864
-237711 -19519
-237937 -19448
-236507 -18280
-236399 -18115
-232417 -26319
-232341 -26495
-246321 -29014
-246510 -29021
-247407 -23108
-247624 -23023
-243690 -21688
-243607 -21756
-251090 -30264
-251136 -30478
-261660 -25265
-261519 -25468
-263632 -21864
-263582 -21670
-241406 -30617
-241450 -30824
-237937 -19448
-238058 -19377
-236399 -18115
-236207 -18033
-232341 -26495
-232353 -26664
-246510 -29021
-246633 -29015
-247624 -23023
-247762 -23127
-259462 -31703
-259525 -31815
-261519 -25468
-261381 -25598
-263582 -21670
-263461 -21492
-241450 -30824
-241552 -30931
-238058 -19377
-238148 -19357
-236207 -18033
-236075 -17857
-232353 -26664
-232202 -26830
-246633 -29015
-246874 -29120
-247762 -23127
-247943 -23128
-259525 -31815
-259630 -31891
-261381 -25598
-261248 -25608
-263461 -21492
-263423 -21325
-241552 -30931
-241635 -31174
-238148 -19357
-238416 -19295
-236075 -17857
-236084 -17641
-232202 -26830
-232235 -27108
-246874 -29120
-247056 -29058
-247943 -23128
-248102 -22899
-259630 -31891
-259856 -32056
-261248 -25608
-261016 -25661
-263423 -21325
-263363 -21129
-241635 -31174
-241727 -31412
-238416 -19295
-238625 -19286
-236084 -17641
-235930 -17438
-232235 -27108
-232096 -27264
-247056 -29058
-247194 -29036
-248102 -22899
-248351 -22895
-259856 -32056
-259601 -32140
-261016 -25661
-260731 -25621
-263363 -21129
-263221 -21015
-241727 -31412
-241633 -31551
-238625 -19286
-238784 -19378
-235930 -17438
-235762 -17253
-232096 -27264
-231921 -27399
-247194 -29036
-247380 -29093
-248351 -22895
-248499 -23026
-259601 -32140
-259473 -32191
-260731 -25621
-260555 -25831
-263221 -21015
-263029 -20840
-241633 -31551
-241504 -31723
-238784 -19378
-238999 -19490
-235762 -17253
-235665 -17143
-231921 -27399
-231896 -27601
-247380 -29093
-247638 -29182
-248499 -23026
-248648 -22961
-259473 -32191
-259419 -32437
-260555 -25831
-260334 -25938
-263029 -20840
-262812 -20548
-241504 -31723
-241553 -31919
-238999 -19490
-239203 -19563
-235665 -17143
-235633 -16956
-231896 -27601
-231846 -27743
-247638 -29182
-247860 -29375
-248648 -22961
-248873 -23002
-259419 -32437
-259314 -32627
-260334 -25938
-260160 -25869
-262812 -20548
-262681 -20292
-241553 -31919
-241509 -32138
-239203 -19563
-239380 -19559
-235633 -16956
-235517 -16798
-231846 -27743
-231946 -27969
-247860 -29375
-247937 -29585
-248873 -23002
-249019 -23072
-259314 -32627
-259412 -32873
-260160 -25869
-259914 -25752
-262681 -20292
-262649 -20054
-241509 -32138
-241702 -32298
-239380 -19559
-239585 -19482
-235517 -16798
-235309 -16595
-231946 -27969
-231975 -28200
-247937 -29585
-247876 -29851
-249019 -23072
-249219 -23027
-259412 -32873
-259464 -33122
-259914 -25752
-259646 -25671
-262649 -20054
-262664 -19822
-241702 -32298
-241862 -32431
-239585 -19482
-239631 -19416
-235309 -16595
-235204 -16604
-231975 -28200
-232008 -28409
-241862 -32431
-241947 -32612
-247876 -29851
-247976 -30131
-249219 -23027
-249241 -22746
-259464 -33122
-259503 -33331
-259646 -25671
-259382 -25569
-262664 -19822
-262612 -19625
-239631 -19416
-239726 -19695
-235204 -16604
-234997 -16651
-232008 -28409
-231906 -28659
-241947 -32612
-242128 -32807
-247976 -30131
-248085 -30251
-249241 -22746
-249419 -22620
-259503 -33331
-259588 -33473
-262612 -19625
-262543 -19458
-239726 -19695
-239910 -19872
-234997 -16651
-234865 -16589
-231906 -28659
-231881 -28792
-242128 -32807
-242245 -33032
-248085 -30251
-248132 -30460
-249419 -22620
-249599 -22900
-259588 -33473
-259771 -33733
-262543 -19458
-262451 -19270
-239910 -19872
-240138 -20014
-234865 -16589
-234664 -16435
-231881 -28792
-231837 -28990
-242245 -33032
-242240 -33160
-248132 -30460
-248296 -30690
-258088 -24780
-258281 -24913
-262451 -19270
-262330 -19076
-240138 -20014
-240408 -19993
-234664 -16435
-234500 -16305
-231837 -28990
-231820 -29179
-242240 -33160
-242245 -33326
-248296 -30690
-248450 -30862
-262330 -19076
-262307 -18862
-240408 -19993
-240608 -19894
-234500 -16305
-234401 -16132
-231820 -29179
-231844 -29317
-242245 -33326
-242257 -33597
-248450 -30862
-248728 -30769
-262307 -18862
-262356 -18638
-240608 -19894
-240850 -19788
-231844 -29317
-231891 -29580
-252477 -16010
-252458 -16175
-242257 -33597
-242207 -33775
-248728 -30769
-248999 -30905
-252458 -16175
-252445 -16203
-262356 -18638
-262281 -18515
-240850 -19788
-241048 -19510
-231891 -29580
-232077 -29758
-248999 -30905
-249260 -30980
-252445 -16203
-252936 -16744
-262281 -18515
-262073 -18413
-232077 -29758
-232233 -30033
-249260 -30980
-249543 -31051
-252000 -33321
-252150 -33433
-252936 -16744
-252865 -16824
-262073 -18413
-261841 -18230
-232233 -30033
-232252 -30322
-249543 -31051
-249819 -31019
-252150 -33433
-252399 -33430
-252865 -16824
-252715 -17076
-261841 -18230
-261641 -18196
-232252 -30322
-232341 -30549
-232803 -23383
-232684 -23140
-232811 -20766
-232659 -20591
-249819 -31019
-249963 -31110
-252399 -33430
-252690 -33392
-252715 -17076
-252593 -17199
-261641 -18196
-261398 -18133
-232482 -32357
-232598 -32458
-232341 -30549
-232169 -30753
-242374 -34541
-244582 -33613
-252690 -33392
-252928 -33539
-252593 -17199
-252511 -17397
-258101 -31425
-257911 -31313
-261398 -18133
-261139 -17861
-232598 -32458
-232835 -32429
-232169 -30753
-232147 -30991
-252928 -33539
-253066 -33709
-252511 -17397
-252592 -17670
-257911 -31313
-257774 -31182
-261139 -17861
-260914 -17745
-232835 -32429
-232944 -32362
-232147 -30991
-231990 -31148
-250274 -25859
-250267 -25639
-241987 -25446
-242191 -25542
-256426 -27236
-256613 -27416
-237086 -19717
-236925 -19789
-250267 -25639
-250321 -25433
-242191 -25542
-242322 -25681
-256613 -27416
-256898 -27608
-236925 -19789
-236651 -19591
-242322 -25681
-242434 -25798
-250321 -25433
-250116 -25282
-256898 -27608
-257137 -27824
-236651 -19591
-236555 -19850
-242434 -25798
-242434 -26015
-250116 -25282
-249944 -25078
-257137 -27824
-257268 -28055
-236555 -19850
-236451 -19984
-242434 -26015
-242438 -26175
-249944 -25078
-249763 -24831
-257268 -28055
-257316 -28244
-236451 -19984
-236160 -20062
-242438 -26175
-242706 -26219
-249763 -24831
-249742 -24690
-257316 -28244
-257433 -28371
-236160 -20062
-235965 -20271
-238199 -16031
-238368 -16232
-242706 -26219
-242857 -26184
-249742 -24690
-249734 -24397
-234139 -25462
-233941 -25321
-235965 -20271
-235776 -20354
-238368 -16232
-238341 -16455
-242857 -26184
-243000 -26089
-249734 -24397
-249649 -24146
-233941 -25321
-234027 -25066
-235776 -20354
-235567 -20421
-238341 -16455
-238314 -16639
-249649 -24146
-249606 -23996
-234027 -25066
-233934 -24804
-235567 -20421
-235369 -20296
-238314 -16639
-238482 -16860
-249606 -23996
-249607 -23898
-233934 -24804
-233967 -24695
-235369 -20296
-235210 -20434
-238482 -16860
-238481 -17010
-244582 -33613
-245460 -33244
-249607 -23898
-249607 -23868
-260120 -31232
-259985 -31334
-233967 -24695
-234016 -24501
-235210 -20434
-235041 -20488
-238481 -17010
-238569 -17208
-249607 -23868
-249602 -23839
-259985 -31334
-259773 -31393
-234016 -24501
-233978 -24425
-235041 -20488
-234884 -20635
-238569 -17208
-238774 -17267
-249602 -23839
-249599 -22900
-259773 -31393
-259731 -31595
-256464 -28621
-255694 -28800
-233978 -24425
-233871 -24289
-234884 -20635
-234707 -20643
-238774 -17267
-238934 -17379
-259731 -31595
-259462 -31703
-255694 -28800
-254070 -29144
-233871 -24289
-233777 -24102
-234707 -20643
-234486 -20508
-238934 -17379
-239050 -17452
-256834 -24051
-256922 -24194
-233777 -24102
-233634 -24158
-234486 -20508
-234353 -20589
-239050 -17452
-239231 -17591
-256922 -24194
-257005 -24366
-265076 -29008
-264921 -29295
-233634 -24158
-233584 -24296
-234353 -20589
-234220 -20714
-239231 -17591
-239503 -17822
-242965 -25816
-243000 -26089
-253254 -22644
-252971 -22574
-257005 -24366
-257201 -24518
-264921 -29295
-264896 -29550
-233584 -24296
-233442 -24274
-234220 -20714
-233992 -20679
-239503 -17822
-239626 -18001
-252971 -22574
-252694 -22423
-257201 -24518
-257384 -24645
-264896 -29550
-264796 -29691
-233442 -24274
-233225 -24244
-233992 -20679
-233859 -20682
-239626 -18001
-239718 -18190
-252694 -22423
-252444 -22141
-257384 -24645
-257537 -24810
-264796 -29691
-264709 -29935
-233859 -20682
-233663 -20732
-239718 -18190
-239851 -18307
-233225 -24244
-233069 -24054
-252444 -22141
-252456 -21964
-257537 -24810
-257700 -24942
-264709 -29935
-264560 -30159
-233663 -20732
-233479 -20823
-239851 -18307
-240024 -18232
-233069 -24054
-233050 -23915
-252456 -21964
-252404 -21820
-257700 -24942
-257841 -25080
-264560 -30159
-264403 -30264
-233479 -20823
-233224 -20875
-240024 -18232
-240204 -18208
-233050 -23915
-232883 -23711
-252404 -21820
-252216 -21654
-257841 -25080
-257881 -24948
-264403 -30264
-264176 -30487
-240204 -18208
-240393 -18368
-232883 -23711
-232839 -23550
-233224 -20875
-232978 -20871
-252216 -21654
-252074 -21528
-257789 -31734
-257826 -31895
-257881 -24948
-258088 -24780
-264176 -30487
-263985 -30517
-240393 -18368
-240470 -18566
-232839 -23550
-232803 -23383
-232978 -20871
-232811 -20766
-254070 -29144
-253800 -29200
