-245588 -39274
-245639 -39418
-249772 -37955
-249644 -37956
-259200 -35995
-258554 -36001
-237790 -35224
-237597 -35259
-245639 -39418
-245786 -39552
-249644 -37956
-249500 -37993
-258554 -36001
-258544 -34538
-236488 -35326
-236323 -35276
-245786 -39552
-245953 -39599
-249500 -37993
-249281 -37966
-258544 -34538
-258568 -34521
-236323 -35276
-236150 -35378
-249281 -37966
-249046 -38053
-258568 -34521
-258511 -34406
-236150 -35378
-235927 -35239
-249046 -38053
-248756 -38094
-258511 -34406
-258474 -34227
-234983 -39408
-234982 -39321
-235927 -35239
-235800 -35023
-249913 -37759
-250123 -38205
-249824 -37751
-249913 -37759
-258474 -34227
-258298 -34015
-234982 -39321
-234967 -39222
-250123 -38205
-250106 -38218
-258298 -34015
-258214 -33789
-234967 -39222
-235095 -39027
-250106 -38218
-250067 -38198
-258214 -33789
-258176 -33521
-235095 -39027
-235319 -38865
-250067 -38198
-249944 -38123
-252001 -39467
-252179 -39526
-235319 -38865
-235257 -38675
-252179 -39526
-252354 -39579
-235257 -38675
-235257 -38413
-252354 -39579
-252511 -39707
-235257 -38413
-235351 -38327
-244950 -34201
-244895 -34009
-252511 -39707
-252636 -39740
-235351 -38327
-235497 -38234
-244895 -34009
-245015 -33810
-252636 -39740
-252859 -39778
-235497 -38234
-235429 -38090
-245015 -33810
-244891 -33649
-252859 -39778
-252990 -39811
-235429 -38090
-235494 -37800
-252990 -39811
-253162 -39839
-253162 -39839
-253433 -39766
-253433 -39766
-253585 -39676
-253585 -39676
-253726 -39496
-249913 -37759
-250073 -37773
-253726 -39496
-253853 -39414
-250073 -37773
-250208 -37943
-253853 -39414
-253883 -39376
-235371 -37544
-235214 -37724
-231351 -36000
-231299 -36149
-250208 -37943
-250333 -38230
-249439 -37430
-249598 -37564
-253883 -39376
-253909 -39365
-235214 -37724
-235088 -37925
-231299 -36149
-231271 -36375
-250333 -38230
-250484 -38294
-249598 -37564
-249824 -37751
-241873 -37225
-241712 -37165
-253909 -39365
-254236 -39599
-235088 -37925
-234925 -37989
-231271 -36375
-231198 -36664
-250484 -38294
-250657 -38428
-248400 -37622
-249290 -37622
-254236 -39599
-254235 -38548
-234925 -37989
-234739 -38028
-235197 -35798
-234914 -35860
-231198 -36664
-231131 -36814
-249290 -37622
-249290 -37634
-250657 -38428
-250811 -38617
-253169 -33955
-252937 -33897
-234914 -35860
-234745 -35863
-231131 -36814
-231108 -37021
-241576 -34873
-241682 -34828
-241712 -37165
-241516 -37029
-241516 -37029
-241287 -36929
-241287 -36929
-241093 -36691
-235197 -35798
-235158 -35918
-235158 -35918
-235150 -36002
-241682 -34828
-241872 -34895
-241872 -34895
-241980 -35073
-235150 -36002
-235172 -36237
-234025 -33607
-234191 -33847
-241980 -35073
-242130 -35212
-235172 -36237
-235086 -36443
-234191 -33847
-234331 -33900
-242130 -35212
-242325 -35452
-254235 -38548
-254236 -37308
-235086 -36443
-235102 -36569
-234331 -33900
-234512 -34007
-242325 -35452
-242482 -35624
-235102 -36569
-235042 -36751
-234512 -34007
-234707 -33722
-242482 -35624
-242716 -35722
-235042 -36751
-235140 -36998
-234707 -33722
-234750 -33514
-242716 -35722
-242819 -35933
-235140 -36998
-235238 -37145
-242819 -35933
-243000 -36100
-235238 -37145
-235409 -37347
-235409 -37347
-235371 -37544
-230866 -42709
-230808 -42562
-247122 -39325
-246944 -39550
-230808 -42562
-230650 -42368
-246944 -39550
-246795 -39495
-230650 -42368
-230488 -42284
-246795 -39495
-246705 -39255
-233113 -43768
-233312 -43537
-235499 -33549
-235617 -33793
-246705 -39255
-246601 -39148
-233312 -43537
-233319 -43443
-235617 -33793
-235569 -34013
-233319 -43443
-233439 -43232
-235569 -34013
-235697 -34079
-233439 -43232
-233699 -43301
-235697 -34079
-235811 -34036
-243402 -37087
-243199 -37034
-233699 -43301
-233850 -43185
-235811 -34036
-235998 -33920
-249290 -37634
-249336 -37644
-243085 -36242
-243158 -36281
-231430 -43201
-231279 -43099
-249336 -37644
-249442 -37695
-243158 -36281
-243297 -36249
-231279 -43099
-231168 -42911
-249442 -37695
-249528 -37707
-243297 -36249
-243561 -36057
-231168 -42911
-230991 -42895
-249528 -37707
-249610 -37732
-243561 -36057
-243580 -36049
-230991 -42895
-230866 -42709
-249610 -37732
-249824 -37751
-243580 -36049
-243857 -36042
-244180 -35291
-244342 -35138
-260472 -34186
-260228 -34397
-243857 -36042
-244024 -36057
-260228 -34397
-260151 -34614
-244024 -36057
-243979 -36153
-260151 -34614
-260086 -34756
-243979 -36153
-243913 -36311
-247001 -34333
-246950 -34186
-260086 -34756
-260153 -35033
-243913 -36311
-243913 -36455
-246950 -34186
-246777 -33996
-260153 -35033
-260019 -35144
-246777 -33996
-246722 -33848
-260019 -35144
-259776 -35398
-235097 -41400
-235146 -41210
-246722 -33848
-246529 -33689
-254236 -36295
-254236 -35369
-259776 -35398
-259716 -35579
-235146 -41210
-235193 -40927
-254236 -35369
-254207 -35298
-259716 -35579
-259830 -35729
-242374 -34541
-242375 -34714
-254207 -35298
-254156 -35288
-242375 -34714
-242408 -34880
-254156 -35288
-254117 -35242
-242408 -34880
-242471 -35117
-254117 -35242
-253971 -35182
-235494 -37800
-235371 -37544
-244799 -35478
-244535 -35472
-242471 -35117
-242670 -35305
-253971 -35182
-253930 -35039
-244535 -35472
-244338 -35427
-242670 -35305
-242788 -35441
-253930 -35039
-254017 -34796
-242788 -35441
-242808 -35655
-244338 -35427
-244180 -35291
-247001 -34333
-246800 -34217
-254235 -38548
-253966 -38492
-254017 -34796
-254120 -34555
-253966 -38492
-253768 -38590
-242808 -35655
-243036 -35484
-246800 -34217
-246596 -34320
-254120 -34555
-254026 -34465
-244178 -36939
-244254 -36984
-253768 -38590
-253529 -38608
-254026 -34465
-253939 -34263
-234000 -43175
-234148 -43058
-230981 -45052
-230700 -45001
-244254 -36984
-244272 -37028
-253529 -38608
-253400 -38599
-253939 -34263
-253875 -34048
-234148 -43058
-234092 -42797
-241776 -35938
-241779 -36001
-230700 -45001
-230483 -45031
-245827 -37457
-246074 -37637
-244272 -37028
-244237 -37011
-253400 -38599
-253241 -38556
-253875 -34048
-253905 -33981
-234092 -42797
-234233 -42759
-241779 -36001
-241774 -36379
-246074 -37637
-246292 -37769
-244237 -37011
-244236 -37022
-253241 -38556
-252993 -38507
-253905 -33981
-254107 -33988
-234233 -42759
-234214 -42495
-241774 -36379
-241401 -36383
-246292 -37769
-246297 -36601
-244236 -37022
-244254 -37039
-243505 -35485
-243701 -35512
-252993 -38507
-252784 -38472
-254107 -33988
-254367 -34266
-235193 -40927
-235217 -40725
-234739 -38028
-234496 -37942
-241401 -36383
-241337 -36332
-250811 -38617
-250988 -38643
-252937 -33897
-252747 -33981
-234745 -35863
-234653 -35928
-231108 -37021
-231192 -37169
-252747 -33981
-252634 -34008
-234653 -35928
-234617 -35951
-241576 -34873
-241651 -35001
-231192 -37169
-231115 -37325
-243494 -37308
-243699 -37194
-252634 -34008
-252459 -34155
-234617 -35951
-234601 -35986
-241651 -35001
-241531 -35190
-231115 -37325
-230895 -37588
-243699 -37194
-243848 -37012
-252459 -34155
-252263 -34199
-234601 -35986
-234598 -36000
-241531 -35190
-241462 -35350
-230895 -37588
-230708 -37668
-254274 -33588
-254331 -33808
-243848 -37012
-244019 -36807
-250971 -39509
-251172 -39346
-254331 -33808
-254421 -33844
-234598 -36000
-231351 -36000
-241462 -35350
-241479 -35531
-230708 -37668
-230546 -37692
-244019 -36807
-244178 -36939
-251172 -39346
-251359 -39354
-254421 -33844
-254630 -33907
-241479 -35531
-241539 -35605
-231351 -36000
-228947 -36000
-243494 -37308
-243402 -37087
-251359 -39354
-251495 -39357
-254630 -33907
-254881 -34075
-241539 -35605
-241586 -35684
-251495 -39357
-251700 -39352
-254236 -37308
-254236 -36295
-254881 -34075
-255076 -34051
-241586 -35684
-241776 -35938
-251700 -39352
-251835 -39341
-252854 -37200
-252715 -36939
-255076 -34051
-255224 -34151
-251835 -39341
-252001 -39467
-252715 -36939
-252557 -36757
-255224 -34151
-255387 -34335
-232005 -39006
-231791 -38787
-249921 -39337
-250115 -39426
-252557 -36757
-252381 -36509
-255387 -34335
-255571 -34493
-231791 -38787
-231562 -38730
-250115 -39426
-250348 -39422
-252381 -36509
-252206 -36503
-255571 -34493
-255751 -34644
-231562 -38730
-231380 -38719
-250348 -39422
-250611 -39437
-252206 -36503
-252073 -36334
-255751 -34644
-255777 -34826
-231380 -38719
-231199 -38736
-250611 -39437
-250829 -39455
-252073 -36334
-252125 -36212
-255777 -34826
-255986 -35060
-231199 -38736
-230948 -39008
-263391 -33677
-263556 -33861
-250829 -39455
-250971 -39509
-252125 -36212
-252159 -36000
-255986 -35060
-255988 -35137
-263556 -33861
-263550 -33884
-232773 -38737
-232618 -38873
-248892 -39504
-249174 -39445
-255988 -35137
-256024 -35394
-263550 -33884
-261786 -33878
-232618 -38873
-232386 -38862
-249174 -39445
-249431 -39403
-252159 -36000
-252160 -35760
-261786 -33878
-261779 -33883
-232386 -38862
-232203 -38957
-249431 -39403
-249684 -39400
-252160 -35760
-252145 -35620
-261779 -33883
-261766 -33927
-232203 -38957
-232005 -39006
-249684 -39400
-249921 -39337
-252145 -35620
-252104 -35411
-261766 -33927
-261715 -33963
-241093 -36691
-240828 -36425
-252104 -35411
-251929 -35253
-261715 -33963
-261638 -33980
-251929 -35253
-251925 -35106
-261638 -33980
-261371 -34032
-251925 -35106
-251888 -34953
-261371 -34032
-261127 -34111
-251888 -34953
-251789 -34787
-261127 -34111
-261017 -34148
-244810 -38336
-244961 -38409
-251789 -34787
-251755 -34632
-261017 -34148
-260817 -34129
-243199 -37034
-243000 -36861
-233850 -43185
-234000 -43175
-235998 -33920
-236199 -33919
-236199 -33919
-236320 -33984
-236320 -33984
-236451 -34080
-236451 -34080
-236504 -34226
-242371 -34542
-241682 -34828
-236504 -34226
-236603 -34411
-236603 -34411
-236894 -34482
-253066 -33709
-253169 -33955
-236894 -34482
-237046 -34287
-237046 -34287
-237284 -34140
-237284 -34140
-237491 -33886
-237491 -33886
-237694 -33842
-237694 -33842
-237842 -33903
-237842 -33903
-237962 -33889
-247494 -39678
-247650 -39567
-243913 -36455
-243741 -36666
-237962 -33889
-238154 -33913
-247650 -39567
-247894 -39619
-246600 -36918
-246845 -37003
-243741 -36666
-243583 -36929
-238154 -33913
-238363 -33934
-247894 -39619
-248142 -39646
-246845 -37003
-246970 -37077
-243583 -36929
-243402 -37087
-239830 -35617
-239610 -35570
-238363 -33934
-238621 -33955
-248142 -39646
-248248 -39574
-246970 -37077
-247213 -37186
-239610 -35570
-239400 -35579
-238621 -33955
-238870 -33899
-248248 -39574
-248454 -39600
-247213 -37186
-247483 -37449
-250988 -38643
-250901 -38934
-238870 -33899
-239045 -33954
-243315 -37836
-243557 -37735
-247483 -37449
-247709 -37493
-250901 -38934
-250805 -39028
-239045 -33954
-239011 -34142
-247494 -39678
-247343 -39514
-243557 -37735
-243741 -37561
-247709 -37493
-247808 -37563
-250805 -39028
-250717 -39052
-234970 -39600
-234983 -39408
-239011 -34142
-239162 -34371
-248454 -39600
-248633 -39520
-247343 -39514
-247122 -39325
-247808 -37563
-247852 -37594
-243741 -37561
-243494 -37308
-250717 -39052
-250565 -39091
-239162 -34371
-239380 -34565
-248633 -39520
-248892 -39504
-250565 -39091
-250389 -39138
-243315 -37836
-243135 -37757
-247852 -37594
-247849 -37615
-235122 -35614
-235197 -35798
-239380 -34565
-239494 -34704
-250389 -39138
-250185 -39219
-245179 -38578
-245180 -38764
-243135 -37757
-242986 -37700
-247849 -37615
-247849 -37625
-239494 -34704
-239660 -34791
-250185 -39219
-249921 -39337
-245180 -38764
-245399 -39011
-242986 -37700
-242757 -37565
-247849 -37625
-248400 -37622
-239400 -35579
-239256 -35549
-239660 -34791
-239817 -34825
-247913 -38988
-247914 -39007
-245399 -39011
-245588 -39274
-242757 -37565
-242687 -37455
-239256 -35549
-239123 -35613
-239817 -34825
-240064 -34972
-244961 -38409
-245179 -38578
-244254 -37039
-244608 -37040
-246297 -36601
-246313 -36614
-252784 -38472
-252676 -38548
-251755 -34632
-251749 -34460
-254367 -34266
-254627 -34434
-235217 -40725
-235299 -40504
-234496 -37942
-234333 -37900
-241337 -36332
-241151 -36319
-244608 -37040
-244774 -37143
-246313 -36614
-246364 -36682
-252676 -38548
-252724 -38818
-251749 -34460
-251545 -34317
-254627 -34434
-254770 -34579
-235299 -40504
-235277 -40373
-234333 -37900
-234141 -37882
-241151 -36319
-240982 -36381
-244774 -37143
-244946 -37398
-246364 -36682
-246491 -36688
-252724 -38818
-252735 -38924
-254770 -34579
-254972 -34707
-251545 -34317
-251516 -34214
-235277 -40373
-235158 -40280
-234141 -37882
-233985 -37863
-240982 -36381
-240828 -36425
-246491 -36688
-246600 -36918
-252735 -38924
-252763 -39003
-254972 -34707
-255231 -34920
-251516 -34214
-251494 -33940
-235158 -40280
-235210 -39995
-233985 -37863
-233784 -37865
-239830 -35617
-239966 -35769
-243315 -37836
-243491 -38127
-252763 -39003
-252774 -39028
-255231 -34920
-255499 -35111
-251494 -33940
-251322 -33888
-235210 -39995
-235004 -39854
-233784 -37865
-233690 -37947
-239966 -35769
-240099 -35896
-243491 -38127
-243609 -38198
-247001 -34333
-246991 -34437
-252774 -39028
-252796 -39084
-251322 -33888
-251111 -33704
-255499 -35111
-255688 -35316
-235004 -39854
-234970 -39600
-233690 -37947
-233482 -37861
-240099 -35896
-240302 -35980
-243609 -38198
-243632 -38174
-246991 -34437
-247246 -34663
-252796 -39084
-250988 -38643
-255688 -35316
-255808 -35344
-233482 -37861
-233319 -37838
-240302 -35980
-240468 -36103
-243632 -38174
-243635 -38177
-247246 -34663
-247262 -34908
-256024 -35394
-256189 -35553
-255808 -35344
-256024 -35394
-233319 -37838
-233216 -37718
-240468 -36103
-240617 -36299
-243635 -38177
-243748 -38548
-247262 -34908
-247251 -35155
-253048 -35024
-253198 -35241
-256189 -35553
-256255 -35704
-240617 -36299
-240828 -36425
-233216 -37718
-233183 -37720
-245953 -39599
-246101 -39623
-243748 -38548
-243770 -38548
-253198 -35241
-253342 -35450
-256255 -35704
-256519 -35900
-233183 -37720
-233089 -37642
-246101 -39623
-246262 -39790
-243770 -38548
-243879 -38508
-244342 -35138
-244452 -34923
-253342 -35450
-253547 -35652
-256519 -35900
-256769 -35952
-233089 -37642
-233076 -37637
-243879 -38508
-244171 -38354
-246262 -39790
-246536 -39781
-244452 -34923
-244460 -34847
-253547 -35652
-253727 -35856
-256769 -35952
-256879 -35958
-233076 -37637
-232773 -38737
-246536 -39781
-246743 -39942
-244171 -38354
-244353 -38303
-244460 -34847
-244485 -34821
-253727 -35856
-253900 -36011
-256879 -35958
-256912 -35948
-246743 -39942
-246757 -39997
-244353 -38303
-244490 -38334
-244485 -34821
-244790 -34687
-253900 -36011
-254071 -36091
-256912 -35948
-256930 -35964
-246757 -39997
-247378 -40120
-244490 -38334
-244636 -38341
-244790 -34687
-244811 -34683
-246596 -34320
-246325 -34403
-254071 -36091
-254236 -36295
-256930 -35964
-256952 -36003
-247378 -40120
-247362 -40088
-244636 -38341
-244810 -38336
-244811 -34683
-245086 -34574
-246325 -34403
-246362 -34571
-256952 -36003
-258554 -36001
-247362 -40088
-247465 -39933
-245086 -34574
-245156 -34544
-246362 -34571
-246385 -34708
-232200 -44517
-231913 -44775
-247465 -39933
-247494 -39678
-245156 -34544
-245158 -34384
-231913 -44775
-231655 -44855
-248063 -38098
-247803 -38012
-245158 -34384
-244950 -34201
-231655 -44855
-231474 -44966
-247803 -38012
-247672 -38020
-231474 -44966
-231189 -44863
-247672 -38020
-247419 -38012
-259830 -35729
-259769 -35889
-231189 -44863
-230981 -45052
-247419 -38012
-247220 -38009
-259769 -35889
-259852 -35947
-247220 -38009
-247120 -38053
-252867 -37238
-252854 -37200
-259852 -35947
-259852 -35999
-247120 -38053
-247049 -38250
-259852 -35999
-259200 -35995
-243701 -35512
-243816 -35425
-242371 -34542
-242374 -34541
-260817 -34129
-260656 -34126
-240064 -34972
-240209 -35121
-232538 -43975
-232723 -43927
-243816 -35425
-243790 -35313
-260656 -34126
-260472 -34186
-240209 -35121
-240501 -35331
-232723 -43927
-232900 -43881
-243790 -35313
-244024 -35081
-237089 -35261
-236878 -35123
-232900 -43881
-232939 -43601
-244024 -35081
-244180 -35291
-236878 -35123
-236796 -35049
-232939 -43601
-233113 -43768
-236796 -35049
-236684 -35212
-232538 -43975
-232356 -43925
-243000 -36861
-242899 -36748
-236684 -35212
-236472 -35099
-232356 -43925
-232200 -43905
-242899 -36748
-242796 -36592
-243036 -35484
-243194 -35196
-236472 -35099
-236488 -35326
-242796 -36592
-242746 -36425
-243194 -35196
-243338 -35138
-242746 -36425
-242734 -36345
-243338 -35138
-243324 -35306
-247049 -38250
-247268 -38270
-242734 -36345
-242448 -36223
-243324 -35306
-243505 -35485
-247268 -38270
-247430 -38322
-242448 -36223
-242347 -36218
-247430 -38322
-247591 -38397
-242347 -36218
-242272 -36223
-252263 -34199
-252377 -34343
-247591 -38397
-247707 -38542
-242272 -36223
-242132 -36123
-252377 -34343
-252648 -34548
-247707 -38542
-247834 -38690
-242132 -36123
-241898 -36002
-252648 -34548
-252859 -34822
-237597 -35259
-237349 -35161
-259588 -33473
-259771 -33733
-247834 -38690
-247838 -38838
-241898 -36002
-241776 -35938
-252859 -34822
-253048 -35024
-259771 -33733
-259858 -33838
-237349 -35161
-237089 -35261
-247838 -38838
-247913 -38988
-259858 -33838
-260090 -33909
-232200 -43905
-231986 -43769
-260090 -33909
-260182 -33943
-231986 -43769
-231837 -43602
-260182 -33943
-260472 -34186
-231837 -43602
-231664 -43328
-242257 -33597
-242207 -33775
-246385 -34708
-246349 -34851
-242207 -33775
-242249 -34049
-232538 -43975
-232376 -44072
-231664 -43328
-231430 -43201
-246349 -34851
-246309 -34974
-242249 -34049
-242243 -34273
-232376 -44072
-232221 -44019
-248756 -38094
-248562 -38107
-246309 -34974
-246286 -35155
-242243 -34273
-242371 -34542
-238628 -35440
-238461 -35339
-240501 -35331
-241576 -34873
-232221 -44019
-232197 -44102
-242374 -34541
-244582 -33613
-248562 -38107
-248354 -38082
-246286 -35155
-246270 -35291
-238461 -35339
-238219 -35255
-232197 -44102
-232182 -44319
-248354 -38082
-248063 -38098
-246270 -35291
-246112 -35207
-238219 -35255
-237963 -35300
-232182 -44319
-232200 -44517
-249944 -38123
-249772 -37955
-246112 -35207
-245848 -35307
-237963 -35300
-237790 -35224
-247914 -39007
-247937 -39055
-244946 -37398
-245116 -37319
-239123 -35613
-238888 -35509
-247937 -39055
-247329 -39057
-245116 -37319
-245374 -37346
-238888 -35509
-238628 -35440
-247329 -39057
-247277 -39022
-245374 -37346
-245550 -37352
-247277 -39022
-247146 -39003
-245550 -37352
-245827 -37457
-247146 -39003
-246952 -38864
-242687 -37455
-242477 -37416
-247265 -35631
-247551 -35860
-247251 -35155
-247143 -35409
-246952 -38864
-246865 -38873
-242477 -37416
-242370 -37221
-247551 -35860
-247728 -35920
-247143 -35409
-247265 -35631
-245848 -35307
-245592 -35552
-246601 -39148
-246445 -38929
-246865 -38873
-246900 -39134
-242370 -37221
-242139 -37189
-247728 -35920
-247913 -35953
-245592 -35552
-245356 -35748
-246900 -39134
-247122 -39325
-246445 -38929
-246358 -38708
-242139 -37189
-241873 -37225
-247913 -35953
-248000 -36063
-245356 -35748
-245235 -35771
-234214 -42495
-234238 -42362
-246358 -38708
-246337 -38575
-248000 -36063
-248092 -36262
-245235 -35771
-245041 -35621
-234238 -42362
-234305 -42163
-246337 -38575
-246066 -38454
-248092 -36262
-248206 -36360
-245041 -35621
-244799 -35478
-234305 -42163
-234384 -42150
-246066 -38454
-245951 -38429
-248206 -36360
-248400 -36489
-234384 -42150
-234657 -42197
-245951 -38429
-245766 -38385
-254236 -37308
-252892 -37447
-234657 -42197
-234638 -42320
-245766 -38385
-245747 -38391
-252892 -37447
-252892 -37443
-234638 -42320
-234771 -42278
-245747 -38391
-245457 -38525
-244810 -38336
-244742 -38133
-252892 -37443
-252922 -37428
-234771 -42278
-234936 -42144
-245457 -38525
-245179 -38578
-244742 -38133
-244919 -37888
-252922 -37428
-252867 -37238
-234936 -42144
-234781 -41922
-240501 -35331
-239830 -35617
-244919 -37888
-244965 -37731
-234781 -41922
-234839 -41700
-235800 -35023
-235604 -34807
-230948 -39008
-230794 -39107
-244965 -37731
-245068 -37533
-248400 -36489
-248580 -36756
-234839 -41700
-234768 -41489
-235604 -34807
-235349 -34917
-230794 -39107
-230516 -39120
-245068 -37533
-244946 -37398
-248580 -36756
-248864 -36995
-234768 -41489
-234973 -41439
-235349 -34917
-235179 -35207
-248864 -36995
-249022 -37077
-234973 -41439
-235097 -41400
-235179 -35207
-235041 -35409
-249022 -37077
-249168 -37207
-235041 -35409
-235122 -35614
-249168 -37207
-249439 -37430
-243000 -36100
-243085 -36242
